{"/home/manu/Documents/Lead Developer Java Angular/projet5/projet5-mdd/front/src/app/app.component.ts": {"path":"/home/manu/Documents/Lead Developer Java Angular/projet5/projet5-mdd/front/src/app/app.component.ts","statementMap":{"0":{"start":{"line":10,"column":6},"end":{"line":6,"column":25}},"1":{"start":{"line":11,"column":19},"end":{"line":11,"column":null}},"2":{"start":{"line":10,"column":13},"end":{"line":6,"column":25}},"3":{"start":{"line":10,"column":13},"end":{"line":10,"column":null}},"4":{"start":{"line":10,"column":25},"end":{"line":1,"column":null}},"5":{"start":{"line":10,"column":13},"end":{"line":8,"column":null}}},"fnMap":{"0":{"name":"template","decl":{"start":{"line":10,"column":25},"end":{"line":10,"column":null}},"loc":{"start":{"line":10,"column":25},"end":{"line":6,"column":24}},"line":10}},"branchMap":{"0":{"loc":{"start":{"line":10,"column":13},"end":{"line":10,"column":25}},"type":"binary-expr","locations":[{"start":{"line":10,"column":13},"end":{"line":10,"column":25}},{"start":{"line":10,"column":13},"end":{"line":10,"column":25}}],"line":10},"1":{"loc":{"start":{"line":10,"column":25},"end":{"line":1,"column":null}},"type":"if","locations":[{"start":{"line":10,"column":25},"end":{"line":1,"column":null}},{"start":{},"end":{}}],"line":10},"2":{"loc":{"start":{"line":10,"column":13},"end":{"line":8,"column":null}},"type":"binary-expr","locations":[{"start":{"line":10,"column":13},"end":{"line":10,"column":25}},{"start":{"line":10,"column":13},"end":{"line":10,"column":25}},{"start":{"line":10,"column":13},"end":{"line":8,"column":null}}],"line":10},"3":{"loc":{"start":{"line":10,"column":13},"end":{"line":10,"column":null}},"type":"binary-expr","locations":[{"start":{"line":10,"column":13},"end":{"line":10,"column":25}},{"start":{"line":10,"column":13},"end":{"line":10,"column":25}},{"start":{"line":10,"column":13},"end":{"line":10,"column":null}}],"line":10}},"s":{"0":1,"1":1,"2":1,"3":1,"4":2,"5":1},"f":{"0":1},"b":{"0":[2,2],"1":[2,0],"2":[1,1,1],"3":[1,1,1]},"meta":{"lastBranch":4,"lastFunction":1,"lastStatement":6,"seen":{"s:10:6:6:25":0,"s:11:19:11:Infinity":1,"s:10:13:6:25":2,"s:10:13:10:Infinity":3,"b:10:13:10:25:10:13:10:25":0,"f:10:25:10:Infinity":0,"b:10:25:1:Infinity:undefined:undefined:undefined:undefined":1,"s:10:25:1:Infinity":4,"s:10:13:8:Infinity":5,"b:10:13:10:25:10:13:10:25:10:13:8:Infinity":2,"b:10:13:10:25:10:13:10:25:10:13:10:Infinity":3},"fnNames":{}}}
,"/home/manu/Documents/Lead Developer Java Angular/projet5/projet5-mdd/front/src/app/app.routes.ts": {"path":"/home/manu/Documents/Lead Developer Java Angular/projet5/projet5-mdd/front/src/app/app.routes.ts","statementMap":{"0":{"start":{"line":14,"column":30},"end":{"line":24,"column":null}}},"fnMap":{},"branchMap":{},"s":{"0":2},"f":{},"b":{},"meta":{"lastBranch":0,"lastFunction":0,"lastStatement":1,"seen":{"s:14:30:24:Infinity":0},"fnNames":{}}}
,"/home/manu/Documents/Lead Developer Java Angular/projet5/projet5-mdd/front/src/app/auth/auth.guard.ts": {"path":"/home/manu/Documents/Lead Developer Java Angular/projet5/projet5-mdd/front/src/app/auth/auth.guard.ts","statementMap":{"0":{"start":{"line":6,"column":40},"end":{"line":13,"column":null}},"1":{"start":{"line":7,"column":25},"end":{"line":7,"column":null}},"2":{"start":{"line":8,"column":17},"end":{"line":8,"column":null}},"3":{"start":{"line":10,"column":2},"end":{"line":12,"column":null}},"4":{"start":{"line":12,"column":35},"end":{"line":12,"column":86}}},"fnMap":{"0":{"name":"(anonymous_0)","decl":{"start":{"line":6,"column":40},"end":{"line":6,"column":46}},"loc":{"start":{"line":6,"column":46},"end":{"line":13,"column":null}},"line":6},"1":{"name":"(anonymous_1)","decl":{"start":{"line":12,"column":14},"end":{"line":12,"column":15}},"loc":{"start":{"line":12,"column":35},"end":{"line":12,"column":86}},"line":12}},"branchMap":{"0":{"loc":{"start":{"line":12,"column":35},"end":{"line":12,"column":86}},"type":"binary-expr","locations":[{"start":{"line":12,"column":35},"end":{"line":12,"column":54}},{"start":{"line":12,"column":54},"end":{"line":12,"column":86}}],"line":12}},"s":{"0":2,"1":0,"2":0,"3":0,"4":0},"f":{"0":0,"1":0},"b":{"0":[0,0]},"meta":{"lastBranch":1,"lastFunction":2,"lastStatement":5,"seen":{"s:6:40:13:Infinity":0,"f:6:40:6:46":0,"s:7:25:7:Infinity":1,"s:8:17:8:Infinity":2,"s:10:2:12:Infinity":3,"f:12:14:12:15":1,"s:12:35:12:86":4,"b:12:35:12:54:12:54:12:86":0},"fnNames":{}}}
,"/home/manu/Documents/Lead Developer Java Angular/projet5/projet5-mdd/front/src/app/auth/authentication.service.ts": {"path":"/home/manu/Documents/Lead Developer Java Angular/projet5/projet5-mdd/front/src/app/auth/authentication.service.ts","statementMap":{"0":{"start":{"line":17,"column":6},"end":{"line":17,"column":null}},"1":{"start":{"line":18,"column":26},"end":{"line":18,"column":null}},"2":{"start":{"line":17,"column":13},"end":{"line":17,"column":null}},"3":{"start":{"line":21,"column":4},"end":{"line":22,"column":null}},"4":{"start":{"line":22,"column":22},"end":{"line":22,"column":74}},"5":{"start":{"line":27,"column":4},"end":{"line":28,"column":null}},"6":{"start":{"line":28,"column":22},"end":{"line":28,"column":73}},"7":{"start":{"line":33,"column":4},"end":{"line":33,"column":null}},"8":{"start":{"line":33,"column":49},"end":{"line":33,"column":95}},"9":{"start":{"line":37,"column":4},"end":{"line":37,"column":null}},"10":{"start":{"line":17,"column":13},"end":{"line":16,"column":null}}},"fnMap":{"0":{"name":"login","decl":{"start":{"line":20,"column":2},"end":{"line":20,"column":8}},"loc":{"start":{"line":20,"column":56},"end":{"line":24,"column":null}},"line":20},"1":{"name":"(anonymous_1)","decl":{"start":{"line":22,"column":16},"end":{"line":22,"column":22}},"loc":{"start":{"line":22,"column":22},"end":{"line":22,"column":74}},"line":22},"2":{"name":"register","decl":{"start":{"line":26,"column":2},"end":{"line":26,"column":11}},"loc":{"start":{"line":26,"column":58},"end":{"line":30,"column":null}},"line":26},"3":{"name":"(anonymous_3)","decl":{"start":{"line":28,"column":16},"end":{"line":28,"column":22}},"loc":{"start":{"line":28,"column":22},"end":{"line":28,"column":73}},"line":28},"4":{"name":"logout","decl":{"start":{"line":32,"column":2},"end":{"line":32,"column":28}},"loc":{"start":{"line":32,"column":28},"end":{"line":34,"column":null}},"line":32},"5":{"name":"(anonymous_5)","decl":{"start":{"line":33,"column":43},"end":{"line":33,"column":49}},"loc":{"start":{"line":33,"column":49},"end":{"line":33,"column":95}},"line":33},"6":{"name":"csrfToken","decl":{"start":{"line":36,"column":10},"end":{"line":36,"column":39}},"loc":{"start":{"line":36,"column":39},"end":{"line":38,"column":null}},"line":36}},"branchMap":{"0":{"loc":{"start":{"line":17,"column":13},"end":{"line":17,"column":34}},"type":"binary-expr","locations":[{"start":{"line":17,"column":13},"end":{"line":17,"column":34}},{"start":{"line":17,"column":13},"end":{"line":17,"column":34}}],"line":17},"1":{"loc":{"start":{"line":17,"column":13},"end":{"line":16,"column":null}},"type":"binary-expr","locations":[{"start":{"line":17,"column":13},"end":{"line":17,"column":34}},{"start":{"line":17,"column":13},"end":{"line":17,"column":34}},{"start":{"line":17,"column":13},"end":{"line":16,"column":null}}],"line":17}},"s":{"0":14,"1":37,"2":23,"3":1,"4":1,"5":1,"6":1,"7":1,"8":1,"9":3,"10":14},"f":{"0":1,"1":1,"2":1,"3":1,"4":1,"5":1,"6":3},"b":{"0":[23,23],"1":[14,14,14]},"meta":{"lastBranch":2,"lastFunction":7,"lastStatement":11,"seen":{"s:17:6:17:Infinity":0,"s:18:26:18:Infinity":1,"s:17:13:17:Infinity":2,"f:20:2:20:8":0,"s:21:4:22:Infinity":3,"f:22:16:22:22":1,"s:22:22:22:74":4,"f:26:2:26:11":2,"s:27:4:28:Infinity":5,"f:28:16:28:22":3,"s:28:22:28:73":6,"f:32:2:32:28":4,"s:33:4:33:Infinity":7,"f:33:43:33:49":5,"s:33:49:33:95":8,"f:36:10:36:39":6,"s:37:4:37:Infinity":9,"b:17:13:17:34:17:13:17:34":0,"s:17:13:16:Infinity":10,"b:17:13:17:34:17:13:17:34:17:13:16:Infinity":1},"fnNames":{}}}
,"/home/manu/Documents/Lead Developer Java Angular/projet5/projet5-mdd/front/src/app/auth/session-expiration.interceptor.ts": {"path":"/home/manu/Documents/Lead Developer Java Angular/projet5/projet5-mdd/front/src/app/auth/session-expiration.interceptor.ts","statementMap":{"0":{"start":{"line":7,"column":63},"end":{"line":21,"column":null}},"1":{"start":{"line":8,"column":17},"end":{"line":8,"column":null}},"2":{"start":{"line":9,"column":25},"end":{"line":9,"column":null}},"3":{"start":{"line":11,"column":2},"end":{"line":20,"column":null}},"4":{"start":{"line":13,"column":6},"end":{"line":16,"column":null}},"5":{"start":{"line":14,"column":8},"end":{"line":14,"column":null}},"6":{"start":{"line":15,"column":8},"end":{"line":15,"column":null}},"7":{"start":{"line":18,"column":6},"end":{"line":18,"column":null}},"8":{"start":{"line":18,"column":30},"end":{"line":18,"column":35}},"9":{"start":{"line":24,"column":2},"end":{"line":24,"column":null}}},"fnMap":{"0":{"name":"(anonymous_0)","decl":{"start":{"line":7,"column":63},"end":{"line":7,"column":64}},"loc":{"start":{"line":7,"column":82},"end":{"line":21,"column":null}},"line":7},"1":{"name":"(anonymous_1)","decl":{"start":{"line":12,"column":15},"end":{"line":12,"column":16}},"loc":{"start":{"line":12,"column":45},"end":{"line":19,"column":5}},"line":12},"2":{"name":"(anonymous_2)","decl":{"start":{"line":18,"column":24},"end":{"line":18,"column":30}},"loc":{"start":{"line":18,"column":30},"end":{"line":18,"column":35}},"line":18},"3":{"name":"isProtectedApiRequest","decl":{"start":{"line":23,"column":9},"end":{"line":23,"column":31}},"loc":{"start":{"line":23,"column":53},"end":{"line":25,"column":null}},"line":23}},"branchMap":{"0":{"loc":{"start":{"line":13,"column":6},"end":{"line":16,"column":null}},"type":"if","locations":[{"start":{"line":13,"column":6},"end":{"line":16,"column":null}},{"start":{},"end":{}}],"line":13},"1":{"loc":{"start":{"line":13,"column":10},"end":{"line":13,"column":70}},"type":"binary-expr","locations":[{"start":{"line":13,"column":10},"end":{"line":13,"column":34}},{"start":{"line":13,"column":34},"end":{"line":13,"column":70}}],"line":13},"2":{"loc":{"start":{"line":24,"column":9},"end":{"line":24,"column":null}},"type":"binary-expr","locations":[{"start":{"line":24,"column":9},"end":{"line":24,"column":42}},{"start":{"line":24,"column":42},"end":{"line":24,"column":null}}],"line":24}},"s":{"0":1,"1":2,"2":2,"3":2,"4":2,"5":1,"6":1,"7":2,"8":2,"9":2},"f":{"0":2,"1":2,"2":2,"3":2},"b":{"0":[1,1],"1":[2,2],"2":[2,1]},"meta":{"lastBranch":3,"lastFunction":4,"lastStatement":10,"seen":{"s:7:63:21:Infinity":0,"f:7:63:7:64":0,"s:8:17:8:Infinity":1,"s:9:25:9:Infinity":2,"s:11:2:20:Infinity":3,"f:12:15:12:16":1,"b:13:6:16:Infinity:undefined:undefined:undefined:undefined":0,"s:13:6:16:Infinity":4,"b:13:10:13:34:13:34:13:70":1,"s:14:8:14:Infinity":5,"s:15:8:15:Infinity":6,"s:18:6:18:Infinity":7,"f:18:24:18:30":2,"s:18:30:18:35":8,"f:23:9:23:31":3,"s:24:2:24:Infinity":9,"b:24:9:24:42:24:42:24:Infinity":2},"fnNames":{}}}
,"/home/manu/Documents/Lead Developer Java Angular/projet5/projet5-mdd/front/src/app/auth/session.service.ts": {"path":"/home/manu/Documents/Lead Developer Java Angular/projet5/projet5-mdd/front/src/app/auth/session.service.ts","statementMap":{"0":{"start":{"line":13,"column":6},"end":{"line":13,"column":null}},"1":{"start":{"line":14,"column":26},"end":{"line":14,"column":null}},"2":{"start":{"line":16,"column":25},"end":{"line":16,"column":null}},"3":{"start":{"line":13,"column":13},"end":{"line":13,"column":null}},"4":{"start":{"line":19,"column":4},"end":{"line":29,"column":null}},"5":{"start":{"line":20,"column":20},"end":{"line":20,"column":46}},"6":{"start":{"line":21,"column":16},"end":{"line":21,"column":20}},"7":{"start":{"line":23,"column":8},"end":{"line":26,"column":null}},"8":{"start":{"line":24,"column":10},"end":{"line":24,"column":null}},"9":{"start":{"line":25,"column":10},"end":{"line":25,"column":null}},"10":{"start":{"line":28,"column":8},"end":{"line":28,"column":null}},"11":{"start":{"line":28,"column":32},"end":{"line":28,"column":37}},"12":{"start":{"line":34,"column":4},"end":{"line":45,"column":null}},"13":{"start":{"line":36,"column":28},"end":{"line":36,"column":null}},"14":{"start":{"line":38,"column":8},"end":{"line":44,"column":null}},"15":{"start":{"line":39,"column":10},"end":{"line":43,"column":null}},"16":{"start":{"line":50,"column":4},"end":{"line":50,"column":null}},"17":{"start":{"line":13,"column":13},"end":{"line":12,"column":null}}},"fnMap":{"0":{"name":"restoreSession","decl":{"start":{"line":18,"column":2},"end":{"line":18,"column":39}},"loc":{"start":{"line":18,"column":39},"end":{"line":31,"column":null}},"line":18},"1":{"name":"(anonymous_1)","decl":{"start":{"line":20,"column":10},"end":{"line":20,"column":11}},"loc":{"start":{"line":20,"column":20},"end":{"line":20,"column":46}},"line":20},"2":{"name":"(anonymous_2)","decl":{"start":{"line":21,"column":10},"end":{"line":21,"column":16}},"loc":{"start":{"line":21,"column":16},"end":{"line":21,"column":20}},"line":21},"3":{"name":"(anonymous_3)","decl":{"start":{"line":22,"column":17},"end":{"line":22,"column":18}},"loc":{"start":{"line":22,"column":46},"end":{"line":29,"column":7}},"line":22},"4":{"name":"(anonymous_4)","decl":{"start":{"line":28,"column":26},"end":{"line":28,"column":32}},"loc":{"start":{"line":28,"column":32},"end":{"line":28,"column":37}},"line":28},"5":{"name":"updateCurrentUser","decl":{"start":{"line":33,"column":2},"end":{"line":33,"column":20}},"loc":{"start":{"line":33,"column":72},"end":{"line":47,"column":null}},"line":33},"6":{"name":"(anonymous_6)","decl":{"start":{"line":35,"column":10},"end":{"line":35,"column":15}},"loc":{"start":{"line":35,"column":15},"end":{"line":45,"column":7}},"line":35},"7":{"name":"clearSession","decl":{"start":{"line":49,"column":2},"end":{"line":49,"column":22}},"loc":{"start":{"line":49,"column":22},"end":{"line":51,"column":null}},"line":49}},"branchMap":{"0":{"loc":{"start":{"line":23,"column":8},"end":{"line":26,"column":null}},"type":"if","locations":[{"start":{"line":23,"column":8},"end":{"line":26,"column":null}},{"start":{},"end":{}}],"line":23},"1":{"loc":{"start":{"line":38,"column":8},"end":{"line":44,"column":null}},"type":"if","locations":[{"start":{"line":38,"column":8},"end":{"line":44,"column":null}},{"start":{},"end":{}}],"line":38},"2":{"loc":{"start":{"line":13,"column":13},"end":{"line":13,"column":27}},"type":"binary-expr","locations":[{"start":{"line":13,"column":13},"end":{"line":13,"column":27}},{"start":{"line":13,"column":13},"end":{"line":13,"column":27}}],"line":13},"3":{"loc":{"start":{"line":13,"column":13},"end":{"line":12,"column":null}},"type":"binary-expr","locations":[{"start":{"line":13,"column":13},"end":{"line":13,"column":27}},{"start":{"line":13,"column":13},"end":{"line":13,"column":27}},{"start":{"line":13,"column":13},"end":{"line":12,"column":null}}],"line":13}},"s":{"0":15,"1":55,"2":55,"3":40,"4":3,"5":2,"6":2,"7":1,"8":1,"9":1,"10":0,"11":0,"12":3,"13":2,"14":2,"15":2,"16":1,"17":15},"f":{"0":3,"1":2,"2":2,"3":1,"4":0,"5":3,"6":2,"7":1},"b":{"0":[1,0],"1":[2,0],"2":[40,40],"3":[15,15,15]},"meta":{"lastBranch":4,"lastFunction":8,"lastStatement":18,"seen":{"s:13:6:13:Infinity":0,"s:14:26:14:Infinity":1,"s:16:25:16:Infinity":2,"s:13:13:13:Infinity":3,"f:18:2:18:39":0,"s:19:4:29:Infinity":4,"f:20:10:20:11":1,"s:20:20:20:46":5,"f:21:10:21:16":2,"s:21:16:21:20":6,"f:22:17:22:18":3,"b:23:8:26:Infinity:undefined:undefined:undefined:undefined":0,"s:23:8:26:Infinity":7,"s:24:10:24:Infinity":8,"s:25:10:25:Infinity":9,"s:28:8:28:Infinity":10,"f:28:26:28:32":4,"s:28:32:28:37":11,"f:33:2:33:20":5,"s:34:4:45:Infinity":12,"f:35:10:35:15":6,"s:36:28:36:Infinity":13,"b:38:8:44:Infinity:undefined:undefined:undefined:undefined":1,"s:38:8:44:Infinity":14,"s:39:10:43:Infinity":15,"f:49:2:49:22":7,"s:50:4:50:Infinity":16,"b:13:13:13:27:13:13:13:27":2,"s:13:13:12:Infinity":17,"b:13:13:13:27:13:13:13:27:13:13:12:Infinity":3},"fnNames":{}}}
,"/home/manu/Documents/Lead Developer Java Angular/projet5/projet5-mdd/front/src/app/auth/unknown-route.guard.ts": {"path":"/home/manu/Documents/Lead Developer Java Angular/projet5/projet5-mdd/front/src/app/auth/unknown-route.guard.ts","statementMap":{"0":{"start":{"line":6,"column":48},"end":{"line":13,"column":null}},"1":{"start":{"line":7,"column":25},"end":{"line":7,"column":null}},"2":{"start":{"line":8,"column":17},"end":{"line":8,"column":null}},"3":{"start":{"line":10,"column":2},"end":{"line":12,"column":null}},"4":{"start":{"line":12,"column":35},"end":{"line":12,"column":81}}},"fnMap":{"0":{"name":"(anonymous_0)","decl":{"start":{"line":6,"column":48},"end":{"line":6,"column":54}},"loc":{"start":{"line":6,"column":54},"end":{"line":13,"column":null}},"line":6},"1":{"name":"(anonymous_1)","decl":{"start":{"line":12,"column":14},"end":{"line":12,"column":15}},"loc":{"start":{"line":12,"column":35},"end":{"line":12,"column":81}},"line":12}},"branchMap":{"0":{"loc":{"start":{"line":12,"column":35},"end":{"line":12,"column":81}},"type":"binary-expr","locations":[{"start":{"line":12,"column":35},"end":{"line":12,"column":54}},{"start":{"line":12,"column":54},"end":{"line":12,"column":81}}],"line":12}},"s":{"0":3,"1":2,"2":2,"3":2,"4":2},"f":{"0":2,"1":2},"b":{"0":[2,1]},"meta":{"lastBranch":1,"lastFunction":2,"lastStatement":5,"seen":{"s:6:48:13:Infinity":0,"f:6:48:6:54":0,"s:7:25:7:Infinity":1,"s:8:17:8:Infinity":2,"s:10:2:12:Infinity":3,"f:12:14:12:15":1,"s:12:35:12:81":4,"b:12:35:12:54:12:54:12:81":0},"fnNames":{}}}
,"/home/manu/Documents/Lead Developer Java Angular/projet5/projet5-mdd/front/src/app/auth/login/login.component.ts": {"path":"/home/manu/Documents/Lead Developer Java Angular/projet5/projet5-mdd/front/src/app/auth/login/login.component.ts","statementMap":{"0":{"start":{"line":31,"column":6},"end":{"line":26,"column":null}},"1":{"start":{"line":32,"column":43},"end":{"line":32,"column":null}},"2":{"start":{"line":33,"column":32},"end":{"line":33,"column":null}},"3":{"start":{"line":34,"column":28},"end":{"line":34,"column":null}},"4":{"start":{"line":36,"column":26},"end":{"line":36,"column":null}},"5":{"start":{"line":37,"column":22},"end":{"line":37,"column":null}},"6":{"start":{"line":39,"column":23},"end":{"line":45,"column":null}},"7":{"start":{"line":31,"column":13},"end":{"line":26,"column":null}},"8":{"start":{"line":48,"column":4},"end":{"line":51,"column":null}},"9":{"start":{"line":49,"column":6},"end":{"line":49,"column":null}},"10":{"start":{"line":50,"column":6},"end":{"line":50,"column":null}},"11":{"start":{"line":53,"column":4},"end":{"line":53,"column":null}},"12":{"start":{"line":54,"column":4},"end":{"line":54,"column":null}},"13":{"start":{"line":55,"column":4},"end":{"line":64,"column":null}},"14":{"start":{"line":59,"column":20},"end":{"line":59,"column":null}},"15":{"start":{"line":61,"column":10},"end":{"line":61,"column":null}},"16":{"start":{"line":62,"column":10},"end":{"line":62,"column":null}},"17":{"start":{"line":31,"column":13},"end":{"line":31,"column":null}},"18":{"start":{"line":31,"column":27},"end":{"line":67,"column":null}},"19":{"start":{"line":31,"column":13},"end":{"line":29,"column":null}}},"fnMap":{"0":{"name":"submit","decl":{"start":{"line":47,"column":2},"end":{"line":47,"column":16}},"loc":{"start":{"line":47,"column":16},"end":{"line":65,"column":null}},"line":47},"1":{"name":"(anonymous_1)","decl":{"start":{"line":59,"column":14},"end":{"line":59,"column":20}},"loc":{"start":{"line":59,"column":20},"end":{"line":59,"column":null}},"line":59},"2":{"name":"(anonymous_2)","decl":{"start":{"line":60,"column":15},"end":{"line":60,"column":16}},"loc":{"start":{"line":60,"column":44},"end":{"line":63,"column":null}},"line":60},"3":{"name":"template","decl":{"start":{"line":31,"column":27},"end":{"line":31,"column":null}},"loc":{"start":{"line":31,"column":27},"end":{"line":62,"column":null}},"line":31}},"branchMap":{"0":{"loc":{"start":{"line":48,"column":4},"end":{"line":51,"column":null}},"type":"if","locations":[{"start":{"line":48,"column":4},"end":{"line":51,"column":null}},{"start":{},"end":{}}],"line":48},"1":{"loc":{"start":{"line":48,"column":8},"end":{"line":48,"column":55}},"type":"binary-expr","locations":[{"start":{"line":48,"column":8},"end":{"line":48,"column":34}},{"start":{"line":48,"column":34},"end":{"line":48,"column":55}}],"line":48},"2":{"loc":{"start":{"line":31,"column":13},"end":{"line":31,"column":27}},"type":"binary-expr","locations":[{"start":{"line":31,"column":13},"end":{"line":31,"column":27}},{"start":{"line":31,"column":13},"end":{"line":31,"column":27}}],"line":31},"3":{"loc":{"start":{"line":31,"column":27},"end":{"line":67,"column":null}},"type":"if","locations":[{"start":{"line":31,"column":27},"end":{"line":67,"column":null}},{"start":{},"end":{}}],"line":31},"4":{"loc":{"start":{"line":31,"column":13},"end":{"line":29,"column":null}},"type":"binary-expr","locations":[{"start":{"line":31,"column":13},"end":{"line":31,"column":27}},{"start":{"line":31,"column":13},"end":{"line":31,"column":27}},{"start":{"line":31,"column":13},"end":{"line":29,"column":null}}],"line":31},"5":{"loc":{"start":{"line":31,"column":13},"end":{"line":31,"column":null}},"type":"binary-expr","locations":[{"start":{"line":31,"column":13},"end":{"line":31,"column":27}},{"start":{"line":31,"column":13},"end":{"line":31,"column":27}},{"start":{"line":31,"column":13},"end":{"line":31,"column":null}}],"line":31}},"s":{"0":3,"1":10,"2":10,"3":10,"4":10,"5":10,"6":10,"7":10,"8":2,"9":0,"10":0,"11":2,"12":2,"13":2,"14":1,"15":1,"16":1,"17":3,"18":26,"19":3},"f":{"0":2,"1":1,"2":1,"3":10},"b":{"0":[0,2],"1":[2,2],"2":[7,7],"3":[7,19],"4":[3,3,3],"5":[3,3,3]},"meta":{"lastBranch":6,"lastFunction":4,"lastStatement":20,"seen":{"s:31:6:26:Infinity":0,"s:32:43:32:Infinity":1,"s:33:32:33:Infinity":2,"s:34:28:34:Infinity":3,"s:36:26:36:Infinity":4,"s:37:22:37:Infinity":5,"s:39:23:45:Infinity":6,"s:31:13:26:Infinity":7,"f:47:2:47:16":0,"b:48:4:51:Infinity:undefined:undefined:undefined:undefined":0,"s:48:4:51:Infinity":8,"b:48:8:48:34:48:34:48:55":1,"s:49:6:49:Infinity":9,"s:50:6:50:Infinity":10,"s:53:4:53:Infinity":11,"s:54:4:54:Infinity":12,"s:55:4:64:Infinity":13,"f:59:14:59:20":1,"s:59:20:59:Infinity":14,"f:60:15:60:16":2,"s:61:10:61:Infinity":15,"s:62:10:62:Infinity":16,"s:31:13:31:Infinity":17,"b:31:13:31:27:31:13:31:27":2,"f:31:27:31:Infinity":3,"b:31:27:67:Infinity:undefined:undefined:undefined:undefined":3,"s:31:27:67:Infinity":18,"s:31:13:29:Infinity":19,"b:31:13:31:27:31:13:31:27:31:13:29:Infinity":4,"b:31:13:31:27:31:13:31:27:31:13:31:Infinity":5},"fnNames":{}}}
,"/home/manu/Documents/Lead Developer Java Angular/projet5/projet5-mdd/front/src/app/auth/register/register.component.ts": {"path":"/home/manu/Documents/Lead Developer Java Angular/projet5/projet5-mdd/front/src/app/auth/register/register.component.ts","statementMap":{"0":{"start":{"line":28,"column":6},"end":{"line":23,"column":null}},"1":{"start":{"line":29,"column":43},"end":{"line":29,"column":null}},"2":{"start":{"line":30,"column":32},"end":{"line":30,"column":null}},"3":{"start":{"line":31,"column":28},"end":{"line":31,"column":null}},"4":{"start":{"line":33,"column":26},"end":{"line":33,"column":null}},"5":{"start":{"line":34,"column":22},"end":{"line":34,"column":null}},"6":{"start":{"line":36,"column":26},"end":{"line":36,"column":null}},"7":{"start":{"line":28,"column":13},"end":{"line":23,"column":null}},"8":{"start":{"line":39,"column":4},"end":{"line":42,"column":null}},"9":{"start":{"line":40,"column":6},"end":{"line":40,"column":null}},"10":{"start":{"line":41,"column":6},"end":{"line":41,"column":null}},"11":{"start":{"line":44,"column":4},"end":{"line":44,"column":null}},"12":{"start":{"line":45,"column":4},"end":{"line":45,"column":null}},"13":{"start":{"line":46,"column":4},"end":{"line":55,"column":null}},"14":{"start":{"line":50,"column":20},"end":{"line":50,"column":null}},"15":{"start":{"line":52,"column":10},"end":{"line":52,"column":null}},"16":{"start":{"line":53,"column":10},"end":{"line":53,"column":null}},"17":{"start":{"line":28,"column":13},"end":{"line":28,"column":null}},"18":{"start":{"line":28,"column":30},"end":{"line":29,"column":null}},"19":{"start":{"line":28,"column":13},"end":{"line":26,"column":null}}},"fnMap":{"0":{"name":"submit","decl":{"start":{"line":38,"column":2},"end":{"line":38,"column":16}},"loc":{"start":{"line":38,"column":16},"end":{"line":56,"column":null}},"line":38},"1":{"name":"(anonymous_1)","decl":{"start":{"line":50,"column":14},"end":{"line":50,"column":20}},"loc":{"start":{"line":50,"column":20},"end":{"line":50,"column":null}},"line":50},"2":{"name":"(anonymous_2)","decl":{"start":{"line":51,"column":15},"end":{"line":51,"column":16}},"loc":{"start":{"line":51,"column":44},"end":{"line":54,"column":null}},"line":51},"3":{"name":"template","decl":{"start":{"line":28,"column":30},"end":{"line":28,"column":null}},"loc":{"start":{"line":28,"column":30},"end":{"line":24,"column":null}},"line":28}},"branchMap":{"0":{"loc":{"start":{"line":39,"column":4},"end":{"line":42,"column":null}},"type":"if","locations":[{"start":{"line":39,"column":4},"end":{"line":42,"column":null}},{"start":{},"end":{}}],"line":39},"1":{"loc":{"start":{"line":39,"column":8},"end":{"line":39,"column":58}},"type":"binary-expr","locations":[{"start":{"line":39,"column":8},"end":{"line":39,"column":37}},{"start":{"line":39,"column":37},"end":{"line":39,"column":58}}],"line":39},"2":{"loc":{"start":{"line":28,"column":13},"end":{"line":28,"column":30}},"type":"binary-expr","locations":[{"start":{"line":28,"column":13},"end":{"line":28,"column":30}},{"start":{"line":28,"column":13},"end":{"line":28,"column":30}}],"line":28},"3":{"loc":{"start":{"line":28,"column":30},"end":{"line":29,"column":null}},"type":"if","locations":[{"start":{"line":28,"column":30},"end":{"line":29,"column":null}},{"start":{},"end":{}}],"line":28},"4":{"loc":{"start":{"line":28,"column":13},"end":{"line":26,"column":null}},"type":"binary-expr","locations":[{"start":{"line":28,"column":13},"end":{"line":28,"column":30}},{"start":{"line":28,"column":13},"end":{"line":28,"column":30}},{"start":{"line":28,"column":13},"end":{"line":26,"column":null}}],"line":28},"5":{"loc":{"start":{"line":28,"column":13},"end":{"line":28,"column":null}},"type":"binary-expr","locations":[{"start":{"line":28,"column":13},"end":{"line":28,"column":30}},{"start":{"line":28,"column":13},"end":{"line":28,"column":30}},{"start":{"line":28,"column":13},"end":{"line":28,"column":null}}],"line":28}},"s":{"0":3,"1":11,"2":11,"3":11,"4":11,"5":11,"6":11,"7":11,"8":2,"9":0,"10":0,"11":2,"12":2,"13":2,"14":1,"15":1,"16":1,"17":3,"18":21,"19":3},"f":{"0":2,"1":1,"2":1,"3":11},"b":{"0":[0,2],"1":[2,2],"2":[8,8],"3":[8,13],"4":[3,3,3],"5":[3,3,3]},"meta":{"lastBranch":6,"lastFunction":4,"lastStatement":20,"seen":{"s:28:6:23:Infinity":0,"s:29:43:29:Infinity":1,"s:30:32:30:Infinity":2,"s:31:28:31:Infinity":3,"s:33:26:33:Infinity":4,"s:34:22:34:Infinity":5,"s:36:26:36:Infinity":6,"s:28:13:23:Infinity":7,"f:38:2:38:16":0,"b:39:4:42:Infinity:undefined:undefined:undefined:undefined":0,"s:39:4:42:Infinity":8,"b:39:8:39:37:39:37:39:58":1,"s:40:6:40:Infinity":9,"s:41:6:41:Infinity":10,"s:44:4:44:Infinity":11,"s:45:4:45:Infinity":12,"s:46:4:55:Infinity":13,"f:50:14:50:20":1,"s:50:20:50:Infinity":14,"f:51:15:51:16":2,"s:52:10:52:Infinity":15,"s:53:10:53:Infinity":16,"s:28:13:28:Infinity":17,"b:28:13:28:30:28:13:28:30":2,"f:28:30:28:Infinity":3,"b:28:30:29:Infinity:undefined:undefined:undefined:undefined":3,"s:28:30:29:Infinity":18,"s:28:13:26:Infinity":19,"b:28:13:28:30:28:13:28:30:28:13:26:Infinity":4,"b:28:13:28:30:28:13:28:30:28:13:28:Infinity":5},"fnNames":{}}}
,"/home/manu/Documents/Lead Developer Java Angular/projet5/projet5-mdd/front/src/app/home/home.component.ts": {"path":"/home/manu/Documents/Lead Developer Java Angular/projet5/projet5-mdd/front/src/app/home/home.component.ts","statementMap":{"0":{"start":{"line":11,"column":6},"end":{"line":7,"column":40}},"1":{"start":{"line":11,"column":13},"end":{"line":7,"column":40}},"2":{"start":{"line":11,"column":13},"end":{"line":11,"column":null}},"3":{"start":{"line":11,"column":26},"end":{"line":21,"column":null}},"4":{"start":{"line":11,"column":13},"end":{"line":9,"column":null}}},"fnMap":{"0":{"name":"template","decl":{"start":{"line":11,"column":26},"end":{"line":11,"column":null}},"loc":{"start":{"line":11,"column":26},"end":{"line":7,"column":29}},"line":11}},"branchMap":{"0":{"loc":{"start":{"line":11,"column":13},"end":{"line":11,"column":26}},"type":"binary-expr","locations":[{"start":{"line":11,"column":13},"end":{"line":11,"column":26}},{"start":{"line":11,"column":13},"end":{"line":11,"column":26}}],"line":11},"1":{"loc":{"start":{"line":11,"column":26},"end":{"line":21,"column":null}},"type":"if","locations":[{"start":{"line":11,"column":26},"end":{"line":21,"column":null}},{"start":{},"end":{}}],"line":11},"2":{"loc":{"start":{"line":11,"column":13},"end":{"line":9,"column":null}},"type":"binary-expr","locations":[{"start":{"line":11,"column":13},"end":{"line":11,"column":26}},{"start":{"line":11,"column":13},"end":{"line":11,"column":26}},{"start":{"line":11,"column":13},"end":{"line":9,"column":null}}],"line":11},"3":{"loc":{"start":{"line":11,"column":13},"end":{"line":11,"column":null}},"type":"binary-expr","locations":[{"start":{"line":11,"column":13},"end":{"line":11,"column":26}},{"start":{"line":11,"column":13},"end":{"line":11,"column":26}},{"start":{"line":11,"column":13},"end":{"line":11,"column":null}}],"line":11}},"s":{"0":3,"1":3,"2":3,"3":1,"4":3},"f":{"0":3},"b":{"0":[1,1],"1":[1,0],"2":[3,3,3],"3":[3,3,3]},"meta":{"lastBranch":4,"lastFunction":1,"lastStatement":5,"seen":{"s:11:6:7:40":0,"s:11:13:7:40":1,"s:11:13:11:Infinity":2,"b:11:13:11:26:11:13:11:26":0,"f:11:26:11:Infinity":0,"b:11:26:21:Infinity:undefined:undefined:undefined:undefined":1,"s:11:26:21:Infinity":3,"s:11:13:9:Infinity":4,"b:11:13:11:26:11:13:11:26:11:13:9:Infinity":2,"b:11:13:11:26:11:13:11:26:11:13:11:Infinity":3},"fnNames":{}}}
,"/home/manu/Documents/Lead Developer Java Angular/projet5/projet5-mdd/front/src/app/not-found/not-found.component.ts": {"path":"/home/manu/Documents/Lead Developer Java Angular/projet5/projet5-mdd/front/src/app/not-found/not-found.component.ts","statementMap":{"0":{"start":{"line":11,"column":6},"end":{"line":7,"column":40}},"1":{"start":{"line":11,"column":13},"end":{"line":7,"column":40}},"2":{"start":{"line":11,"column":13},"end":{"line":11,"column":null}},"3":{"start":{"line":11,"column":30},"end":{"line":13,"column":null}},"4":{"start":{"line":11,"column":13},"end":{"line":9,"column":null}}},"fnMap":{"0":{"name":"template","decl":{"start":{"line":11,"column":30},"end":{"line":11,"column":null}},"loc":{"start":{"line":11,"column":30},"end":{"line":7,"column":29}},"line":11}},"branchMap":{"0":{"loc":{"start":{"line":11,"column":13},"end":{"line":11,"column":30}},"type":"binary-expr","locations":[{"start":{"line":11,"column":13},"end":{"line":11,"column":30}},{"start":{"line":11,"column":13},"end":{"line":11,"column":30}}],"line":11},"1":{"loc":{"start":{"line":11,"column":30},"end":{"line":13,"column":null}},"type":"if","locations":[{"start":{"line":11,"column":30},"end":{"line":13,"column":null}},{"start":{},"end":{}}],"line":11},"2":{"loc":{"start":{"line":11,"column":13},"end":{"line":9,"column":null}},"type":"binary-expr","locations":[{"start":{"line":11,"column":13},"end":{"line":11,"column":30}},{"start":{"line":11,"column":13},"end":{"line":11,"column":30}},{"start":{"line":11,"column":13},"end":{"line":9,"column":null}}],"line":11},"3":{"loc":{"start":{"line":11,"column":13},"end":{"line":11,"column":null}},"type":"binary-expr","locations":[{"start":{"line":11,"column":13},"end":{"line":11,"column":30}},{"start":{"line":11,"column":13},"end":{"line":11,"column":30}},{"start":{"line":11,"column":13},"end":{"line":11,"column":null}}],"line":11}},"s":{"0":3,"1":3,"2":3,"3":2,"4":3},"f":{"0":3},"b":{"0":[1,1],"1":[1,1],"2":[3,3,3],"3":[3,3,3]},"meta":{"lastBranch":4,"lastFunction":1,"lastStatement":5,"seen":{"s:11:6:7:40":0,"s:11:13:7:40":1,"s:11:13:11:Infinity":2,"b:11:13:11:30:11:13:11:30":0,"f:11:30:11:Infinity":0,"b:11:30:13:Infinity:undefined:undefined:undefined:undefined":1,"s:11:30:13:Infinity":3,"s:11:13:9:Infinity":4,"b:11:13:11:30:11:13:11:30:11:13:9:Infinity":2,"b:11:13:11:30:11:13:11:30:11:13:11:Infinity":3},"fnNames":{}}}
,"/home/manu/Documents/Lead Developer Java Angular/projet5/projet5-mdd/front/src/app/post/post.service.ts": {"path":"/home/manu/Documents/Lead Developer Java Angular/projet5/projet5-mdd/front/src/app/post/post.service.ts","statementMap":{"0":{"start":{"line":19,"column":6},"end":{"line":19,"column":null}},"1":{"start":{"line":20,"column":26},"end":{"line":20,"column":null}},"2":{"start":{"line":19,"column":13},"end":{"line":19,"column":null}},"3":{"start":{"line":23,"column":4},"end":{"line":23,"column":null}},"4":{"start":{"line":27,"column":4},"end":{"line":27,"column":null}},"5":{"start":{"line":31,"column":4},"end":{"line":31,"column":null}},"6":{"start":{"line":35,"column":4},"end":{"line":35,"column":null}},"7":{"start":{"line":19,"column":13},"end":{"line":18,"column":null}}},"fnMap":{"0":{"name":"getPosts","decl":{"start":{"line":22,"column":2},"end":{"line":22,"column":11}},"loc":{"start":{"line":22,"column":55},"end":{"line":24,"column":null}},"line":22},"1":{"name":"getPost","decl":{"start":{"line":26,"column":2},"end":{"line":26,"column":10}},"loc":{"start":{"line":26,"column":49},"end":{"line":28,"column":null}},"line":26},"2":{"name":"createComment","decl":{"start":{"line":30,"column":2},"end":{"line":30,"column":16}},"loc":{"start":{"line":30,"column":80},"end":{"line":32,"column":null}},"line":30},"3":{"name":"createPost","decl":{"start":{"line":34,"column":2},"end":{"line":34,"column":13}},"loc":{"start":{"line":34,"column":58},"end":{"line":36,"column":null}},"line":34}},"branchMap":{"0":{"loc":{"start":{"line":19,"column":13},"end":{"line":19,"column":24}},"type":"binary-expr","locations":[{"start":{"line":19,"column":13},"end":{"line":19,"column":24}},{"start":{"line":19,"column":13},"end":{"line":19,"column":24}}],"line":19},"1":{"loc":{"start":{"line":19,"column":13},"end":{"line":18,"column":null}},"type":"binary-expr","locations":[{"start":{"line":19,"column":13},"end":{"line":19,"column":24}},{"start":{"line":19,"column":13},"end":{"line":19,"column":24}},{"start":{"line":19,"column":13},"end":{"line":18,"column":null}}],"line":19}},"s":{"0":7,"1":11,"2":4,"3":1,"4":1,"5":1,"6":1,"7":7},"f":{"0":1,"1":1,"2":1,"3":1},"b":{"0":[4,4],"1":[7,7,7]},"meta":{"lastBranch":2,"lastFunction":4,"lastStatement":8,"seen":{"s:19:6:19:Infinity":0,"s:20:26:20:Infinity":1,"s:19:13:19:Infinity":2,"f:22:2:22:11":0,"s:23:4:23:Infinity":3,"f:26:2:26:10":1,"s:27:4:27:Infinity":4,"f:30:2:30:16":2,"s:31:4:31:Infinity":5,"f:34:2:34:13":3,"s:35:4:35:Infinity":6,"b:19:13:19:24:19:13:19:24":0,"s:19:13:18:Infinity":7,"b:19:13:19:24:19:13:19:24:19:13:18:Infinity":1},"fnNames":{}}}
,"/home/manu/Documents/Lead Developer Java Angular/projet5/projet5-mdd/front/src/app/post/post-comments/post-comments.component.ts": {"path":"/home/manu/Documents/Lead Developer Java Angular/projet5/projet5-mdd/front/src/app/post/post-comments/post-comments.component.ts","statementMap":{"0":{"start":{"line":20,"column":6},"end":{"line":16,"column":32}},"1":{"start":{"line":21,"column":32},"end":{"line":21,"column":null}},"2":{"start":{"line":22,"column":33},"end":{"line":22,"column":null}},"3":{"start":{"line":24,"column":22},"end":{"line":24,"column":null}},"4":{"start":{"line":25,"column":20},"end":{"line":25,"column":null}},"5":{"start":{"line":26,"column":28},"end":{"line":26,"column":39}},"6":{"start":{"line":28,"column":25},"end":{"line":30,"column":null}},"7":{"start":{"line":20,"column":13},"end":{"line":16,"column":32}},"8":{"start":{"line":33,"column":4},"end":{"line":36,"column":null}},"9":{"start":{"line":34,"column":6},"end":{"line":34,"column":null}},"10":{"start":{"line":35,"column":6},"end":{"line":35,"column":null}},"11":{"start":{"line":38,"column":4},"end":{"line":44,"column":null}},"12":{"start":{"line":42,"column":8},"end":{"line":42,"column":null}},"13":{"start":{"line":43,"column":8},"end":{"line":43,"column":null}},"14":{"start":{"line":20,"column":13},"end":{"line":20,"column":null}},"15":{"start":{"line":20,"column":34},"end":{"line":53,"column":null}},"16":{"start":{"line":20,"column":13},"end":{"line":18,"column":null}}},"fnMap":{"0":{"name":"send","decl":{"start":{"line":32,"column":2},"end":{"line":32,"column":14}},"loc":{"start":{"line":32,"column":14},"end":{"line":45,"column":null}},"line":32},"1":{"name":"(anonymous_1)","decl":{"start":{"line":41,"column":17},"end":{"line":41,"column":22}},"loc":{"start":{"line":41,"column":22},"end":{"line":44,"column":7}},"line":41},"2":{"name":"template","decl":{"start":{"line":20,"column":34},"end":{"line":20,"column":null}},"loc":{"start":{"line":20,"column":34},"end":{"line":16,"column":31}},"line":20}},"branchMap":{"0":{"loc":{"start":{"line":33,"column":4},"end":{"line":36,"column":null}},"type":"if","locations":[{"start":{"line":33,"column":4},"end":{"line":36,"column":null}},{"start":{},"end":{}}],"line":33},"1":{"loc":{"start":{"line":20,"column":13},"end":{"line":20,"column":34}},"type":"binary-expr","locations":[{"start":{"line":20,"column":13},"end":{"line":20,"column":34}},{"start":{"line":20,"column":13},"end":{"line":20,"column":34}}],"line":20},"2":{"loc":{"start":{"line":20,"column":34},"end":{"line":53,"column":null}},"type":"if","locations":[{"start":{"line":20,"column":34},"end":{"line":53,"column":null}},{"start":{},"end":{}}],"line":20},"3":{"loc":{"start":{"line":20,"column":13},"end":{"line":18,"column":null}},"type":"binary-expr","locations":[{"start":{"line":20,"column":13},"end":{"line":20,"column":34}},{"start":{"line":20,"column":13},"end":{"line":20,"column":34}},{"start":{"line":20,"column":13},"end":{"line":18,"column":null}}],"line":20},"4":{"loc":{"start":{"line":20,"column":13},"end":{"line":20,"column":null}},"type":"binary-expr","locations":[{"start":{"line":20,"column":13},"end":{"line":20,"column":34}},{"start":{"line":20,"column":13},"end":{"line":20,"column":34}},{"start":{"line":20,"column":13},"end":{"line":20,"column":null}}],"line":20}},"s":{"0":4,"1":7,"2":7,"3":7,"4":7,"5":7,"6":7,"7":7,"8":1,"9":0,"10":0,"11":1,"12":1,"13":1,"14":4,"15":7,"16":4},"f":{"0":1,"1":1,"2":7},"b":{"0":[0,1],"1":[3,3],"2":[3,4],"3":[4,4,4],"4":[4,4,4]},"meta":{"lastBranch":5,"lastFunction":3,"lastStatement":17,"seen":{"s:20:6:16:32":0,"s:21:32:21:Infinity":1,"s:22:33:22:Infinity":2,"s:24:22:24:Infinity":3,"s:25:20:25:Infinity":4,"s:26:28:26:39":5,"s:28:25:30:Infinity":6,"s:20:13:16:32":7,"f:32:2:32:14":0,"b:33:4:36:Infinity:undefined:undefined:undefined:undefined":0,"s:33:4:36:Infinity":8,"s:34:6:34:Infinity":9,"s:35:6:35:Infinity":10,"s:38:4:44:Infinity":11,"f:41:17:41:22":1,"s:42:8:42:Infinity":12,"s:43:8:43:Infinity":13,"s:20:13:20:Infinity":14,"b:20:13:20:34:20:13:20:34":1,"f:20:34:20:Infinity":2,"b:20:34:53:Infinity:undefined:undefined:undefined:undefined":2,"s:20:34:53:Infinity":15,"s:20:13:18:Infinity":16,"b:20:13:20:34:20:13:20:34:20:13:18:Infinity":3,"b:20:13:20:34:20:13:20:34:20:13:20:Infinity":4},"fnNames":{}}}
,"/home/manu/Documents/Lead Developer Java Angular/projet5/projet5-mdd/front/src/app/post/post-create/post-create.component.ts": {"path":"/home/manu/Documents/Lead Developer Java Angular/projet5/projet5-mdd/front/src/app/post/post-create/post-create.component.ts","statementMap":{"0":{"start":{"line":18,"column":6},"end":{"line":14,"column":23}},"1":{"start":{"line":19,"column":32},"end":{"line":19,"column":null}},"2":{"start":{"line":20,"column":33},"end":{"line":20,"column":null}},"3":{"start":{"line":21,"column":28},"end":{"line":21,"column":null}},"4":{"start":{"line":22,"column":34},"end":{"line":22,"column":null}},"5":{"start":{"line":24,"column":21},"end":{"line":24,"column":null}},"6":{"start":{"line":25,"column":22},"end":{"line":29,"column":null}},"7":{"start":{"line":30,"column":24},"end":{"line":30,"column":null}},"8":{"start":{"line":18,"column":13},"end":{"line":14,"column":23}},"9":{"start":{"line":33,"column":4},"end":{"line":36,"column":null}},"10":{"start":{"line":34,"column":6},"end":{"line":34,"column":null}},"11":{"start":{"line":35,"column":6},"end":{"line":35,"column":null}},"12":{"start":{"line":38,"column":4},"end":{"line":40,"column":null}},"13":{"start":{"line":39,"column":6},"end":{"line":39,"column":null}},"14":{"start":{"line":42,"column":40},"end":{"line":42,"column":null}},"15":{"start":{"line":43,"column":4},"end":{"line":43,"column":null}},"16":{"start":{"line":44,"column":4},"end":{"line":50,"column":null}},"17":{"start":{"line":48,"column":20},"end":{"line":48,"column":null}},"18":{"start":{"line":49,"column":21},"end":{"line":49,"column":null}},"19":{"start":{"line":18,"column":13},"end":{"line":18,"column":null}},"20":{"start":{"line":18,"column":32},"end":{"line":62,"column":null}},"21":{"start":{"line":18,"column":13},"end":{"line":16,"column":null}}},"fnMap":{"0":{"name":"create","decl":{"start":{"line":32,"column":2},"end":{"line":32,"column":16}},"loc":{"start":{"line":32,"column":16},"end":{"line":51,"column":null}},"line":32},"1":{"name":"(anonymous_1)","decl":{"start":{"line":48,"column":14},"end":{"line":48,"column":20}},"loc":{"start":{"line":48,"column":20},"end":{"line":48,"column":null}},"line":48},"2":{"name":"(anonymous_2)","decl":{"start":{"line":49,"column":15},"end":{"line":49,"column":21}},"loc":{"start":{"line":49,"column":21},"end":{"line":49,"column":null}},"line":49},"3":{"name":"template","decl":{"start":{"line":18,"column":32},"end":{"line":18,"column":null}},"loc":{"start":{"line":18,"column":32},"end":{"line":14,"column":44}},"line":18}},"branchMap":{"0":{"loc":{"start":{"line":33,"column":4},"end":{"line":36,"column":null}},"type":"if","locations":[{"start":{"line":33,"column":4},"end":{"line":36,"column":null}},{"start":{},"end":{}}],"line":33},"1":{"loc":{"start":{"line":38,"column":4},"end":{"line":40,"column":null}},"type":"if","locations":[{"start":{"line":38,"column":4},"end":{"line":40,"column":null}},{"start":{},"end":{}}],"line":38},"2":{"loc":{"start":{"line":18,"column":13},"end":{"line":18,"column":32}},"type":"binary-expr","locations":[{"start":{"line":18,"column":13},"end":{"line":18,"column":32}},{"start":{"line":18,"column":13},"end":{"line":18,"column":32}}],"line":18},"3":{"loc":{"start":{"line":18,"column":32},"end":{"line":62,"column":null}},"type":"if","locations":[{"start":{"line":18,"column":32},"end":{"line":62,"column":null}},{"start":{},"end":{}}],"line":18},"4":{"loc":{"start":{"line":18,"column":13},"end":{"line":16,"column":null}},"type":"binary-expr","locations":[{"start":{"line":18,"column":13},"end":{"line":18,"column":32}},{"start":{"line":18,"column":13},"end":{"line":18,"column":32}},{"start":{"line":18,"column":13},"end":{"line":16,"column":null}}],"line":18},"5":{"loc":{"start":{"line":18,"column":13},"end":{"line":18,"column":null}},"type":"binary-expr","locations":[{"start":{"line":18,"column":13},"end":{"line":18,"column":32}},{"start":{"line":18,"column":13},"end":{"line":18,"column":32}},{"start":{"line":18,"column":13},"end":{"line":18,"column":null}}],"line":18}},"s":{"0":3,"1":6,"2":6,"3":6,"4":6,"5":6,"6":6,"7":6,"8":6,"9":1,"10":0,"11":0,"12":1,"13":0,"14":1,"15":1,"16":1,"17":1,"18":0,"19":3,"20":10,"21":3},"f":{"0":1,"1":1,"2":0,"3":6},"b":{"0":[0,1],"1":[0,1],"2":[3,3],"3":[3,7],"4":[3,3,3],"5":[3,3,3]},"meta":{"lastBranch":6,"lastFunction":4,"lastStatement":22,"seen":{"s:18:6:14:23":0,"s:19:32:19:Infinity":1,"s:20:33:20:Infinity":2,"s:21:28:21:Infinity":3,"s:22:34:22:Infinity":4,"s:24:21:24:Infinity":5,"s:25:22:29:Infinity":6,"s:30:24:30:Infinity":7,"s:18:13:14:23":8,"f:32:2:32:16":0,"b:33:4:36:Infinity:undefined:undefined:undefined:undefined":0,"s:33:4:36:Infinity":9,"s:34:6:34:Infinity":10,"s:35:6:35:Infinity":11,"b:38:4:40:Infinity:undefined:undefined:undefined:undefined":1,"s:38:4:40:Infinity":12,"s:39:6:39:Infinity":13,"s:42:40:42:Infinity":14,"s:43:4:43:Infinity":15,"s:44:4:50:Infinity":16,"f:48:14:48:20":1,"s:48:20:48:Infinity":17,"f:49:15:49:21":2,"s:49:21:49:Infinity":18,"s:18:13:18:Infinity":19,"b:18:13:18:32:18:13:18:32":2,"f:18:32:18:Infinity":3,"b:18:32:62:Infinity:undefined:undefined:undefined:undefined":3,"s:18:32:62:Infinity":20,"s:18:13:16:Infinity":21,"b:18:13:18:32:18:13:18:32:18:13:16:Infinity":4,"b:18:13:18:32:18:13:18:32:18:13:18:Infinity":5},"fnNames":{}}}
,"/home/manu/Documents/Lead Developer Java Angular/projet5/projet5-mdd/front/src/app/post/post-detail/post-detail.component.ts": {"path":"/home/manu/Documents/Lead Developer Java Angular/projet5/projet5-mdd/front/src/app/post/post-detail/post-detail.component.ts","statementMap":{"0":{"start":{"line":29,"column":6},"end":{"line":21,"column":null}},"1":{"start":{"line":30,"column":27},"end":{"line":30,"column":null}},"2":{"start":{"line":31,"column":33},"end":{"line":31,"column":null}},"3":{"start":{"line":32,"column":30},"end":{"line":32,"column":null}},"4":{"start":{"line":34,"column":24},"end":{"line":52,"column":null}},"5":{"start":{"line":29,"column":13},"end":{"line":21,"column":null}},"6":{"start":{"line":35,"column":20},"end":{"line":35,"column":48}},"7":{"start":{"line":37,"column":6},"end":{"line":50,"column":null}},"8":{"start":{"line":40,"column":10},"end":{"line":48,"column":null}},"9":{"start":{"line":41,"column":27},"end":{"line":41,"column":73}},"10":{"start":{"line":43,"column":14},"end":{"line":46,"column":null}},"11":{"start":{"line":56,"column":4},"end":{"line":56,"column":null}},"12":{"start":{"line":29,"column":13},"end":{"line":29,"column":null}},"13":{"start":{"line":29,"column":32},"end":{"line":52,"column":null}},"14":{"start":{"line":29,"column":13},"end":{"line":27,"column":null}}},"fnMap":{"0":{"name":"(anonymous_0)","decl":{"start":{"line":35,"column":8},"end":{"line":35,"column":9}},"loc":{"start":{"line":35,"column":20},"end":{"line":35,"column":48}},"line":35},"1":{"name":"(anonymous_1)","decl":{"start":{"line":36,"column":14},"end":{"line":36,"column":15}},"loc":{"start":{"line":37,"column":6},"end":{"line":50,"column":null}},"line":37},"2":{"name":"(anonymous_2)","decl":{"start":{"line":39,"column":18},"end":{"line":39,"column":null}},"loc":{"start":{"line":40,"column":10},"end":{"line":48,"column":null}},"line":40},"3":{"name":"(anonymous_3)","decl":{"start":{"line":41,"column":16},"end":{"line":41,"column":17}},"loc":{"start":{"line":41,"column":27},"end":{"line":41,"column":73}},"line":41},"4":{"name":"(anonymous_4)","decl":{"start":{"line":42,"column":23},"end":{"line":42,"column":24}},"loc":{"start":{"line":43,"column":14},"end":{"line":46,"column":null}},"line":43},"5":{"name":"reloadPost","decl":{"start":{"line":55,"column":2},"end":{"line":55,"column":20}},"loc":{"start":{"line":55,"column":20},"end":{"line":57,"column":null}},"line":55},"6":{"name":"template","decl":{"start":{"line":29,"column":32},"end":{"line":29,"column":null}},"loc":{"start":{"line":29,"column":32},"end":{"line":4,"column":null}},"line":29}},"branchMap":{"0":{"loc":{"start":{"line":44,"column":16},"end":{"line":46,"column":39}},"type":"cond-expr","locations":[{"start":{"line":45,"column":20},"end":{"line":45,"column":null}},{"start":{"line":46,"column":20},"end":{"line":46,"column":39}}],"line":44},"1":{"loc":{"start":{"line":44,"column":16},"end":{"line":44,"column":null}},"type":"binary-expr","locations":[{"start":{"line":44,"column":16},"end":{"line":44,"column":54}},{"start":{"line":44,"column":54},"end":{"line":44,"column":null}}],"line":44},"2":{"loc":{"start":{"line":29,"column":13},"end":{"line":29,"column":32}},"type":"binary-expr","locations":[{"start":{"line":29,"column":13},"end":{"line":29,"column":32}},{"start":{"line":29,"column":13},"end":{"line":29,"column":32}}],"line":29},"3":{"loc":{"start":{"line":29,"column":32},"end":{"line":52,"column":null}},"type":"if","locations":[{"start":{"line":29,"column":32},"end":{"line":52,"column":null}},{"start":{},"end":{}}],"line":29},"4":{"loc":{"start":{"line":29,"column":13},"end":{"line":27,"column":null}},"type":"binary-expr","locations":[{"start":{"line":29,"column":13},"end":{"line":29,"column":32}},{"start":{"line":29,"column":13},"end":{"line":29,"column":32}},{"start":{"line":29,"column":13},"end":{"line":27,"column":null}}],"line":29},"5":{"loc":{"start":{"line":29,"column":13},"end":{"line":29,"column":null}},"type":"binary-expr","locations":[{"start":{"line":29,"column":13},"end":{"line":29,"column":32}},{"start":{"line":29,"column":13},"end":{"line":29,"column":32}},{"start":{"line":29,"column":13},"end":{"line":29,"column":null}}],"line":29}},"s":{"0":3,"1":5,"2":5,"3":5,"4":5,"5":5,"6":2,"7":2,"8":3,"9":1,"10":1,"11":1,"12":3,"13":5,"14":3},"f":{"0":2,"1":2,"2":3,"3":1,"4":1,"5":1,"6":5},"b":{"0":[1,0],"1":[1,1],"2":[2,2],"3":[2,3],"4":[3,3,3],"5":[3,3,3]},"meta":{"lastBranch":6,"lastFunction":7,"lastStatement":15,"seen":{"s:29:6:21:Infinity":0,"s:30:27:30:Infinity":1,"s:31:33:31:Infinity":2,"s:32:30:32:Infinity":3,"s:34:24:52:Infinity":4,"s:29:13:21:Infinity":5,"f:35:8:35:9":0,"s:35:20:35:48":6,"f:36:14:36:15":1,"s:37:6:50:Infinity":7,"f:39:18:39:Infinity":2,"s:40:10:48:Infinity":8,"f:41:16:41:17":3,"s:41:27:41:73":9,"f:42:23:42:24":4,"s:43:14:46:Infinity":10,"b:45:20:45:Infinity:46:20:46:39":0,"b:44:16:44:54:44:54:44:Infinity":1,"f:55:2:55:20":5,"s:56:4:56:Infinity":11,"s:29:13:29:Infinity":12,"b:29:13:29:32:29:13:29:32":2,"f:29:32:29:Infinity":6,"b:29:32:52:Infinity:undefined:undefined:undefined:undefined":3,"s:29:32:52:Infinity":13,"s:29:13:27:Infinity":14,"b:29:13:29:32:29:13:29:32:29:13:27:Infinity":4,"b:29:13:29:32:29:13:29:32:29:13:29:Infinity":5},"fnNames":{}}}
,"/home/manu/Documents/Lead Developer Java Angular/projet5/projet5-mdd/front/src/app/post/posts-list/posts-list.component.ts": {"path":"/home/manu/Documents/Lead Developer Java Angular/projet5/projet5-mdd/front/src/app/post/posts-list/posts-list.component.ts","statementMap":{"0":{"start":{"line":23,"column":6},"end":{"line":13,"column":null}},"1":{"start":{"line":24,"column":33},"end":{"line":24,"column":null}},"2":{"start":{"line":26,"column":27},"end":{"line":26,"column":null}},"3":{"start":{"line":27,"column":20},"end":{"line":27,"column":null}},"4":{"start":{"line":23,"column":13},"end":{"line":13,"column":null}},"5":{"start":{"line":27,"column":35},"end":{"line":27,"column":null}},"6":{"start":{"line":30,"column":4},"end":{"line":30,"column":null}},"7":{"start":{"line":30,"column":41},"end":{"line":30,"column":74}},"8":{"start":{"line":23,"column":13},"end":{"line":23,"column":null}},"9":{"start":{"line":23,"column":31},"end":{"line":57,"column":null}},"10":{"start":{"line":23,"column":13},"end":{"line":21,"column":null}}},"fnMap":{"0":{"name":"(anonymous_0)","decl":{"start":{"line":27,"column":29},"end":{"line":27,"column":35}},"loc":{"start":{"line":27,"column":35},"end":{"line":27,"column":null}},"line":27},"1":{"name":"toggleSort","decl":{"start":{"line":29,"column":2},"end":{"line":29,"column":20}},"loc":{"start":{"line":29,"column":20},"end":{"line":31,"column":null}},"line":29},"2":{"name":"(anonymous_2)","decl":{"start":{"line":30,"column":30},"end":{"line":30,"column":31}},"loc":{"start":{"line":30,"column":41},"end":{"line":30,"column":74}},"line":30},"3":{"name":"template","decl":{"start":{"line":23,"column":31},"end":{"line":23,"column":null}},"loc":{"start":{"line":23,"column":31},"end":{"line":29,"column":null}},"line":23}},"branchMap":{"0":{"loc":{"start":{"line":30,"column":41},"end":{"line":30,"column":74}},"type":"cond-expr","locations":[{"start":{"line":30,"column":59},"end":{"line":30,"column":67}},{"start":{"line":30,"column":67},"end":{"line":30,"column":74}}],"line":30},"1":{"loc":{"start":{"line":23,"column":13},"end":{"line":23,"column":31}},"type":"binary-expr","locations":[{"start":{"line":23,"column":13},"end":{"line":23,"column":31}},{"start":{"line":23,"column":13},"end":{"line":23,"column":31}}],"line":23},"2":{"loc":{"start":{"line":23,"column":31},"end":{"line":57,"column":null}},"type":"if","locations":[{"start":{"line":23,"column":31},"end":{"line":57,"column":null}},{"start":{},"end":{}}],"line":23},"3":{"loc":{"start":{"line":23,"column":13},"end":{"line":21,"column":null}},"type":"binary-expr","locations":[{"start":{"line":23,"column":13},"end":{"line":23,"column":31}},{"start":{"line":23,"column":13},"end":{"line":23,"column":31}},{"start":{"line":23,"column":13},"end":{"line":21,"column":null}}],"line":23},"4":{"loc":{"start":{"line":23,"column":13},"end":{"line":23,"column":null}},"type":"binary-expr","locations":[{"start":{"line":23,"column":13},"end":{"line":23,"column":31}},{"start":{"line":23,"column":13},"end":{"line":23,"column":31}},{"start":{"line":23,"column":13},"end":{"line":23,"column":null}}],"line":23}},"s":{"0":3,"1":7,"2":7,"3":7,"4":7,"5":5,"6":1,"7":1,"8":3,"9":9,"10":3},"f":{"0":5,"1":1,"2":1,"3":7},"b":{"0":[1,0],"1":[4,4],"2":[4,5],"3":[3,3,3],"4":[3,3,3]},"meta":{"lastBranch":5,"lastFunction":4,"lastStatement":11,"seen":{"s:23:6:13:Infinity":0,"s:24:33:24:Infinity":1,"s:26:27:26:Infinity":2,"s:27:20:27:Infinity":3,"s:23:13:13:Infinity":4,"f:27:29:27:35":0,"s:27:35:27:Infinity":5,"f:29:2:29:20":1,"s:30:4:30:Infinity":6,"f:30:30:30:31":2,"s:30:41:30:74":7,"b:30:59:30:67:30:67:30:74":0,"s:23:13:23:Infinity":8,"b:23:13:23:31:23:13:23:31":1,"f:23:31:23:Infinity":3,"b:23:31:57:Infinity:undefined:undefined:undefined:undefined":2,"s:23:31:57:Infinity":9,"s:23:13:21:Infinity":10,"b:23:13:23:31:23:13:23:31:23:13:21:Infinity":3,"b:23:13:23:31:23:13:23:31:23:13:23:Infinity":4},"fnNames":{}}}
,"/home/manu/Documents/Lead Developer Java Angular/projet5/projet5-mdd/front/src/app/shared/account-fields/account-fields.component.ts": {"path":"/home/manu/Documents/Lead Developer Java Angular/projet5/projet5-mdd/front/src/app/shared/account-fields/account-fields.component.ts","statementMap":{"0":{"start":{"line":16,"column":6},"end":{"line":12,"column":97}},"1":{"start":{"line":17,"column":18},"end":{"line":17,"column":null}},"2":{"start":{"line":18,"column":31},"end":{"line":18,"column":null}},"3":{"start":{"line":20,"column":35},"end":{"line":20,"column":null}},"4":{"start":{"line":16,"column":13},"end":{"line":12,"column":97}},"5":{"start":{"line":16,"column":13},"end":{"line":16,"column":null}},"6":{"start":{"line":16,"column":35},"end":{"line":64,"column":null}},"7":{"start":{"line":16,"column":13},"end":{"line":14,"column":null}}},"fnMap":{"0":{"name":"template","decl":{"start":{"line":16,"column":35},"end":{"line":16,"column":null}},"loc":{"start":{"line":16,"column":35},"end":{"line":12,"column":23}},"line":16}},"branchMap":{"0":{"loc":{"start":{"line":16,"column":13},"end":{"line":16,"column":35}},"type":"binary-expr","locations":[{"start":{"line":16,"column":13},"end":{"line":16,"column":35}},{"start":{"line":16,"column":13},"end":{"line":16,"column":35}}],"line":16},"1":{"loc":{"start":{"line":16,"column":35},"end":{"line":64,"column":null}},"type":"if","locations":[{"start":{"line":16,"column":35},"end":{"line":64,"column":null}},{"start":{},"end":{}}],"line":16},"2":{"loc":{"start":{"line":16,"column":13},"end":{"line":14,"column":null}},"type":"binary-expr","locations":[{"start":{"line":16,"column":13},"end":{"line":16,"column":35}},{"start":{"line":16,"column":13},"end":{"line":16,"column":35}},{"start":{"line":16,"column":13},"end":{"line":14,"column":null}}],"line":16},"3":{"loc":{"start":{"line":16,"column":13},"end":{"line":16,"column":null}},"type":"binary-expr","locations":[{"start":{"line":16,"column":13},"end":{"line":16,"column":35}},{"start":{"line":16,"column":13},"end":{"line":16,"column":35}},{"start":{"line":16,"column":13},"end":{"line":16,"column":null}}],"line":16}},"s":{"0":5,"1":23,"2":23,"3":23,"4":23,"5":5,"6":83,"7":5},"f":{"0":23},"b":{"0":[18,18],"1":[18,65],"2":[5,5,5],"3":[5,5,5]},"meta":{"lastBranch":4,"lastFunction":1,"lastStatement":8,"seen":{"s:16:6:12:97":0,"s:17:18:17:Infinity":1,"s:18:31:18:Infinity":2,"s:20:35:20:Infinity":3,"s:16:13:12:97":4,"s:16:13:16:Infinity":5,"b:16:13:16:35:16:13:16:35":0,"f:16:35:16:Infinity":0,"b:16:35:64:Infinity:undefined:undefined:undefined:undefined":1,"s:16:35:64:Infinity":6,"s:16:13:14:Infinity":7,"b:16:13:16:35:16:13:16:35:16:13:14:Infinity":2,"b:16:13:16:35:16:13:16:35:16:13:16:Infinity":3},"fnNames":{}}}
,"/home/manu/Documents/Lead Developer Java Angular/projet5/projet5-mdd/front/src/app/shared/account-fields/account-form.ts": {"path":"/home/manu/Documents/Lead Developer Java Angular/projet5/projet5-mdd/front/src/app/shared/account-fields/account-form.ts","statementMap":{"0":{"start":{"line":26,"column":2},"end":{"line":44,"column":null}}},"fnMap":{"0":{"name":"createAccountForm","decl":{"start":{"line":21,"column":16},"end":{"line":21,"column":34}},"loc":{"start":{"line":25,"column":42},"end":{"line":45,"column":null}},"line":25}},"branchMap":{"0":{"loc":{"start":{"line":22,"column":2},"end":{"line":22,"column":null}},"type":"default-arg","locations":[{"start":{"line":22,"column":13},"end":{"line":22,"column":null}}],"line":22},"1":{"loc":{"start":{"line":23,"column":2},"end":{"line":23,"column":null}},"type":"default-arg","locations":[{"start":{"line":23,"column":10},"end":{"line":23,"column":null}}],"line":23},"2":{"loc":{"start":{"line":38,"column":12},"end":{"line":38,"column":null}},"type":"cond-expr","locations":[{"start":{"line":38,"column":31},"end":{"line":38,"column":55}},{"start":{"line":38,"column":55},"end":{"line":38,"column":null}}],"line":38},"3":{"loc":{"start":{"line":41,"column":8},"end":{"line":41,"column":null}},"type":"cond-expr","locations":[{"start":{"line":41,"column":27},"end":{"line":41,"column":57}},{"start":{"line":41,"column":57},"end":{"line":41,"column":null}}],"line":41}},"s":{"0":20},"f":{"0":20},"b":{"0":[20],"1":[20],"2":[11,9],"3":[11,9]},"meta":{"lastBranch":4,"lastFunction":1,"lastStatement":1,"seen":{"f:21:16:21:34":0,"b:22:13:22:Infinity":0,"b:23:10:23:Infinity":1,"s:26:2:44:Infinity":0,"b:38:31:38:55:38:55:38:Infinity":2,"b:41:27:41:57:41:57:41:Infinity":3},"fnNames":{}}}
,"/home/manu/Documents/Lead Developer Java Angular/projet5/projet5-mdd/front/src/app/shared/api-error/api-error.component.ts": {"path":"/home/manu/Documents/Lead Developer Java Angular/projet5/projet5-mdd/front/src/app/shared/api-error/api-error.component.ts","statementMap":{"0":{"start":{"line":9,"column":6},"end":{"line":1,"column":83}},"1":{"start":{"line":10,"column":19},"end":{"line":10,"column":null}},"2":{"start":{"line":9,"column":13},"end":{"line":1,"column":83}},"3":{"start":{"line":9,"column":13},"end":{"line":9,"column":null}},"4":{"start":{"line":9,"column":30},"end":{"line":1,"column":null}},"5":{"start":{"line":9,"column":13},"end":{"line":7,"column":null}}},"fnMap":{"0":{"name":"template","decl":{"start":{"line":9,"column":30},"end":{"line":9,"column":null}},"loc":{"start":{"line":9,"column":30},"end":{"line":1,"column":83}},"line":9}},"branchMap":{"0":{"loc":{"start":{"line":9,"column":13},"end":{"line":9,"column":30}},"type":"binary-expr","locations":[{"start":{"line":9,"column":13},"end":{"line":9,"column":30}},{"start":{"line":9,"column":13},"end":{"line":9,"column":30}}],"line":9},"1":{"loc":{"start":{"line":9,"column":30},"end":{"line":1,"column":null}},"type":"if","locations":[{"start":{"line":9,"column":30},"end":{"line":1,"column":null}},{"start":{},"end":{}}],"line":9},"2":{"loc":{"start":{"line":9,"column":13},"end":{"line":7,"column":null}},"type":"binary-expr","locations":[{"start":{"line":9,"column":13},"end":{"line":9,"column":30}},{"start":{"line":9,"column":13},"end":{"line":9,"column":30}},{"start":{"line":9,"column":13},"end":{"line":7,"column":null}}],"line":9},"3":{"loc":{"start":{"line":9,"column":13},"end":{"line":9,"column":null}},"type":"binary-expr","locations":[{"start":{"line":9,"column":13},"end":{"line":9,"column":30}},{"start":{"line":9,"column":13},"end":{"line":9,"column":30}},{"start":{"line":9,"column":13},"end":{"line":9,"column":null}}],"line":9}},"s":{"0":6,"1":10,"2":10,"3":6,"4":8,"5":6},"f":{"0":10},"b":{"0":[4,4],"1":[4,4],"2":[6,6,6],"3":[6,6,6]},"meta":{"lastBranch":4,"lastFunction":1,"lastStatement":6,"seen":{"s:9:6:1:83":0,"s:10:19:10:Infinity":1,"s:9:13:1:83":2,"s:9:13:9:Infinity":3,"b:9:13:9:30:9:13:9:30":0,"f:9:30:9:Infinity":0,"b:9:30:1:Infinity:undefined:undefined:undefined:undefined":1,"s:9:30:1:Infinity":4,"s:9:13:7:Infinity":5,"b:9:13:9:30:9:13:9:30:9:13:7:Infinity":2,"b:9:13:9:30:9:13:9:30:9:13:9:Infinity":3},"fnNames":{}}}
,"/home/manu/Documents/Lead Developer Java Angular/projet5/projet5-mdd/front/src/app/shared/api-error/api-error.ts": {"path":"/home/manu/Documents/Lead Developer Java Angular/projet5/projet5-mdd/front/src/app/shared/api-error/api-error.ts","statementMap":{"0":{"start":{"line":13,"column":19},"end":{"line":13,"column":null}},"1":{"start":{"line":15,"column":2},"end":{"line":17,"column":null}},"2":{"start":{"line":21,"column":2},"end":{"line":23,"column":null}},"3":{"start":{"line":22,"column":4},"end":{"line":22,"column":null}},"4":{"start":{"line":25,"column":22},"end":{"line":25,"column":null}},"5":{"start":{"line":26,"column":2},"end":{"line":26,"column":null}},"6":{"start":{"line":30,"column":2},"end":{"line":30,"column":null}},"7":{"start":{"line":34,"column":2},"end":{"line":34,"column":null}}},"fnMap":{"0":{"name":"toApiError","decl":{"start":{"line":12,"column":16},"end":{"line":12,"column":27}},"loc":{"start":{"line":12,"column":63},"end":{"line":18,"column":null}},"line":12},"1":{"name":"parseApiErrorResponse","decl":{"start":{"line":20,"column":9},"end":{"line":20,"column":31}},"loc":{"start":{"line":20,"column":72},"end":{"line":27,"column":null}},"line":20},"2":{"name":"messageFor","decl":{"start":{"line":29,"column":9},"end":{"line":29,"column":20}},"loc":{"start":{"line":29,"column":49},"end":{"line":31,"column":null}},"line":29},"3":{"name":"isKnownMessageCode","decl":{"start":{"line":33,"column":9},"end":{"line":33,"column":28}},"loc":{"start":{"line":33,"column":92},"end":{"line":35,"column":null}},"line":33}},"branchMap":{"0":{"loc":{"start":{"line":16,"column":13},"end":{"line":16,"column":null}},"type":"cond-expr","locations":[{"start":{"line":16,"column":33},"end":{"line":16,"column":60}},{"start":{"line":16,"column":60},"end":{"line":16,"column":null}}],"line":16},"1":{"loc":{"start":{"line":21,"column":2},"end":{"line":23,"column":null}},"type":"if","locations":[{"start":{"line":21,"column":2},"end":{"line":23,"column":null}},{"start":{},"end":{}}],"line":21},"2":{"loc":{"start":{"line":21,"column":6},"end":{"line":21,"column":80}},"type":"binary-expr","locations":[{"start":{"line":21,"column":6},"end":{"line":21,"column":35}},{"start":{"line":21,"column":35},"end":{"line":21,"column":53}},{"start":{"line":21,"column":53},"end":{"line":21,"column":80}}],"line":21},"3":{"loc":{"start":{"line":26,"column":9},"end":{"line":26,"column":null}},"type":"cond-expr","locations":[{"start":{"line":26,"column":43},"end":{"line":26,"column":61}},{"start":{"line":26,"column":61},"end":{"line":26,"column":null}}],"line":26},"4":{"loc":{"start":{"line":30,"column":9},"end":{"line":30,"column":null}},"type":"cond-expr","locations":[{"start":{"line":30,"column":43},"end":{"line":30,"column":72}},{"start":{"line":30,"column":72},"end":{"line":30,"column":null}}],"line":30},"5":{"loc":{"start":{"line":34,"column":9},"end":{"line":34,"column":null}},"type":"binary-expr","locations":[{"start":{"line":34,"column":9},"end":{"line":34,"column":41}},{"start":{"line":34,"column":41},"end":{"line":34,"column":null}}],"line":34}},"s":{"0":6,"1":6,"2":6,"3":0,"4":6,"5":6,"6":6,"7":6},"f":{"0":6,"1":6,"2":6,"3":6},"b":{"0":[0,6],"1":[0,6],"2":[6,6,6],"3":[6,0],"4":[5,1],"5":[6,5]},"meta":{"lastBranch":6,"lastFunction":4,"lastStatement":8,"seen":{"f:12:16:12:27":0,"s:13:19:13:Infinity":0,"s:15:2:17:Infinity":1,"b:16:33:16:60:16:60:16:Infinity":0,"f:20:9:20:31":1,"b:21:2:23:Infinity:undefined:undefined:undefined:undefined":1,"s:21:2:23:Infinity":2,"b:21:6:21:35:21:35:21:53:21:53:21:80":2,"s:22:4:22:Infinity":3,"s:25:22:25:Infinity":4,"s:26:2:26:Infinity":5,"b:26:43:26:61:26:61:26:Infinity":3,"f:29:9:29:20":2,"s:30:2:30:Infinity":6,"b:30:43:30:72:30:72:30:Infinity":4,"f:33:9:33:28":3,"s:34:2:34:Infinity":7,"b:34:9:34:41:34:41:34:Infinity":5},"fnNames":{}}}
,"/home/manu/Documents/Lead Developer Java Angular/projet5/projet5-mdd/front/src/app/shared/back-button/back-button.component.ts": {"path":"/home/manu/Documents/Lead Developer Java Angular/projet5/projet5-mdd/front/src/app/shared/back-button/back-button.component.ts","statementMap":{"0":{"start":{"line":11,"column":6},"end":{"line":7,"column":34}},"1":{"start":{"line":12,"column":20},"end":{"line":12,"column":null}},"2":{"start":{"line":13,"column":19},"end":{"line":13,"column":null}},"3":{"start":{"line":11,"column":13},"end":{"line":7,"column":34}},"4":{"start":{"line":11,"column":13},"end":{"line":11,"column":null}},"5":{"start":{"line":11,"column":32},"end":{"line":7,"column":null}},"6":{"start":{"line":11,"column":13},"end":{"line":9,"column":null}}},"fnMap":{"0":{"name":"template","decl":{"start":{"line":11,"column":32},"end":{"line":11,"column":null}},"loc":{"start":{"line":11,"column":32},"end":{"line":7,"column":23}},"line":11}},"branchMap":{"0":{"loc":{"start":{"line":11,"column":13},"end":{"line":11,"column":32}},"type":"binary-expr","locations":[{"start":{"line":11,"column":13},"end":{"line":11,"column":32}},{"start":{"line":11,"column":13},"end":{"line":11,"column":32}}],"line":11},"1":{"loc":{"start":{"line":11,"column":32},"end":{"line":7,"column":null}},"type":"if","locations":[{"start":{"line":11,"column":32},"end":{"line":7,"column":null}},{"start":{},"end":{}}],"line":11},"2":{"loc":{"start":{"line":11,"column":13},"end":{"line":9,"column":null}},"type":"binary-expr","locations":[{"start":{"line":11,"column":13},"end":{"line":11,"column":32}},{"start":{"line":11,"column":13},"end":{"line":11,"column":32}},{"start":{"line":11,"column":13},"end":{"line":9,"column":null}}],"line":11},"3":{"loc":{"start":{"line":11,"column":13},"end":{"line":11,"column":null}},"type":"binary-expr","locations":[{"start":{"line":11,"column":13},"end":{"line":11,"column":32}},{"start":{"line":11,"column":13},"end":{"line":11,"column":32}},{"start":{"line":11,"column":13},"end":{"line":11,"column":null}}],"line":11}},"s":{"0":7,"1":28,"2":28,"3":28,"4":7,"5":42,"6":7},"f":{"0":28},"b":{"0":[21,21],"1":[21,21],"2":[7,7,7],"3":[7,7,7]},"meta":{"lastBranch":4,"lastFunction":1,"lastStatement":7,"seen":{"s:11:6:7:34":0,"s:12:20:12:Infinity":1,"s:13:19:13:Infinity":2,"s:11:13:7:34":3,"s:11:13:11:Infinity":4,"b:11:13:11:32:11:13:11:32":0,"f:11:32:11:Infinity":0,"b:11:32:7:Infinity:undefined:undefined:undefined:undefined":1,"s:11:32:7:Infinity":5,"s:11:13:9:Infinity":6,"b:11:13:11:32:11:13:11:32:11:13:9:Infinity":2,"b:11:13:11:32:11:13:11:32:11:13:11:Infinity":3},"fnNames":{}}}
,"/home/manu/Documents/Lead Developer Java Angular/projet5/projet5-mdd/front/src/app/shared/down-arrow-icon/down-arrow-icon.component.ts": {"path":"/home/manu/Documents/Lead Developer Java Angular/projet5/projet5-mdd/front/src/app/shared/down-arrow-icon/down-arrow-icon.component.ts","statementMap":{"0":{"start":{"line":16,"column":6},"end":{"line":11,"column":null}},"1":{"start":{"line":16,"column":13},"end":{"line":11,"column":null}},"2":{"start":{"line":16,"column":13},"end":{"line":16,"column":null}},"3":{"start":{"line":16,"column":35},"end":{"line":11,"column":null}},"4":{"start":{"line":6,"column":4},"end":{"line":6,"column":null}},"5":{"start":{"line":7,"column":6},"end":{"line":7,"column":null}},"6":{"start":{"line":11,"column":4},"end":{"line":11,"column":null}},"7":{"start":{"line":16,"column":13},"end":{"line":14,"column":null}}},"fnMap":{"0":{"name":"template","decl":{"start":{"line":16,"column":35},"end":{"line":16,"column":null}},"loc":{"start":{"line":16,"column":35},"end":{"line":11,"column":null}},"line":16}},"branchMap":{"0":{"loc":{"start":{"line":16,"column":13},"end":{"line":16,"column":35}},"type":"binary-expr","locations":[{"start":{"line":16,"column":13},"end":{"line":16,"column":35}},{"start":{"line":16,"column":13},"end":{"line":16,"column":35}}],"line":16},"1":{"loc":{"start":{"line":16,"column":35},"end":{"line":11,"column":null}},"type":"if","locations":[{"start":{"line":16,"column":35},"end":{"line":11,"column":null}},{"start":{},"end":{}}],"line":16},"2":{"loc":{"start":{"line":16,"column":13},"end":{"line":14,"column":null}},"type":"binary-expr","locations":[{"start":{"line":16,"column":13},"end":{"line":16,"column":35}},{"start":{"line":16,"column":13},"end":{"line":16,"column":35}},{"start":{"line":16,"column":13},"end":{"line":14,"column":null}}],"line":16},"3":{"loc":{"start":{"line":16,"column":13},"end":{"line":16,"column":null}},"type":"binary-expr","locations":[{"start":{"line":16,"column":13},"end":{"line":16,"column":35}},{"start":{"line":16,"column":13},"end":{"line":16,"column":35}},{"start":{"line":16,"column":13},"end":{"line":16,"column":null}}],"line":16}},"s":{"0":3,"1":3,"2":3,"3":8,"4":4,"5":4,"6":4,"7":3},"f":{"0":3},"b":{"0":[4,4],"1":[4,4],"2":[3,3,3],"3":[3,3,3]},"meta":{"lastBranch":4,"lastFunction":1,"lastStatement":8,"seen":{"s:16:6:11:Infinity":0,"s:16:13:11:Infinity":1,"s:16:13:16:Infinity":2,"b:16:13:16:35:16:13:16:35":0,"f:16:35:16:Infinity":0,"b:16:35:11:Infinity:undefined:undefined:undefined:undefined":1,"s:16:35:11:Infinity":3,"s:6:4:6:Infinity":4,"s:7:6:7:Infinity":5,"s:11:4:11:Infinity":6,"s:16:13:14:Infinity":7,"b:16:13:16:35:16:13:16:35:16:13:14:Infinity":2,"b:16:13:16:35:16:13:16:35:16:13:16:Infinity":3},"fnNames":{}}}
,"/home/manu/Documents/Lead Developer Java Angular/projet5/projet5-mdd/front/src/app/shared/form-validation-feedback/form-validation-feedback.component.ts": {"path":"/home/manu/Documents/Lead Developer Java Angular/projet5/projet5-mdd/front/src/app/shared/form-validation-feedback/form-validation-feedback.component.ts","statementMap":{"0":{"start":{"line":9,"column":6},"end":{"line":7,"column":null}},"1":{"start":{"line":10,"column":21},"end":{"line":10,"column":null}},"2":{"start":{"line":11,"column":24},"end":{"line":11,"column":null}},"3":{"start":{"line":12,"column":21},"end":{"line":12,"column":null}},"4":{"start":{"line":13,"column":21},"end":{"line":13,"column":null}},"5":{"start":{"line":15,"column":36},"end":{"line":23,"column":null}},"6":{"start":{"line":9,"column":13},"end":{"line":7,"column":null}},"7":{"start":{"line":16,"column":20},"end":{"line":16,"column":null}},"8":{"start":{"line":17,"column":29},"end":{"line":18,"column":null}},"9":{"start":{"line":18,"column":6},"end":{"line":18,"column":null}},"10":{"start":{"line":19,"column":4},"end":{"line":19,"column":null}},"11":{"start":{"line":21,"column":25},"end":{"line":21,"column":null}},"12":{"start":{"line":22,"column":4},"end":{"line":22,"column":null}},"13":{"start":{"line":22,"column":20},"end":{"line":22,"column":46}},"14":{"start":{"line":9,"column":13},"end":{"line":9,"column":null}},"15":{"start":{"line":9,"column":44},"end":{"line":8,"column":null}}},"fnMap":{"0":{"name":"(anonymous_0)","decl":{"start":{"line":15,"column":43},"end":{"line":15,"column":44}},"loc":{"start":{"line":15,"column":57},"end":{"line":23,"column":null}},"line":15},"1":{"name":"(anonymous_1)","decl":{"start":{"line":17,"column":29},"end":{"line":17,"column":null}},"loc":{"start":{"line":18,"column":6},"end":{"line":18,"column":null}},"line":18},"2":{"name":"(anonymous_2)","decl":{"start":{"line":22,"column":14},"end":{"line":22,"column":20}},"loc":{"start":{"line":22,"column":20},"end":{"line":22,"column":46}},"line":22},"3":{"name":"template","decl":{"start":{"line":9,"column":44},"end":{"line":9,"column":null}},"loc":{"start":{"line":9,"column":44},"end":{"line":7,"column":null}},"line":9}},"branchMap":{"0":{"loc":{"start":{"line":18,"column":23},"end":{"line":18,"column":76}},"type":"binary-expr","locations":[{"start":{"line":18,"column":23},"end":{"line":18,"column":43}},{"start":{"line":18,"column":43},"end":{"line":18,"column":60}},{"start":{"line":18,"column":60},"end":{"line":18,"column":76}}],"line":18},"1":{"loc":{"start":{"line":9,"column":13},"end":{"line":9,"column":44}},"type":"binary-expr","locations":[{"start":{"line":9,"column":13},"end":{"line":9,"column":44}},{"start":{"line":9,"column":13},"end":{"line":9,"column":44}}],"line":9},"2":{"loc":{"start":{"line":9,"column":44},"end":{"line":8,"column":null}},"type":"if","locations":[{"start":{"line":9,"column":44},"end":{"line":8,"column":null}},{"start":{},"end":{}}],"line":9},"3":{"loc":{"start":{"line":9,"column":13},"end":{"line":7,"column":null}},"type":"binary-expr","locations":[{"start":{"line":9,"column":13},"end":{"line":9,"column":44}},{"start":{"line":9,"column":13},"end":{"line":9,"column":44}},{"start":{"line":9,"column":13},"end":{"line":7,"column":null}}],"line":9},"4":{"loc":{"start":{"line":9,"column":13},"end":{"line":9,"column":null}},"type":"binary-expr","locations":[{"start":{"line":9,"column":13},"end":{"line":9,"column":44}},{"start":{"line":9,"column":13},"end":{"line":9,"column":44}},{"start":{"line":9,"column":13},"end":{"line":9,"column":null}}],"line":9}},"s":{"0":6,"1":61,"2":61,"3":61,"4":61,"5":61,"6":6,"7":55,"8":55,"9":112,"10":55,"11":55,"12":55,"13":55,"14":6,"15":117},"f":{"0":55,"1":112,"2":55,"3":61},"b":{"0":[112,49,26],"1":[55,55],"2":[55,62],"3":[6,6,6],"4":[6,6,6]},"meta":{"lastBranch":5,"lastFunction":4,"lastStatement":16,"seen":{"s:9:6:7:Infinity":0,"s:10:21:10:Infinity":1,"s:11:24:11:Infinity":2,"s:12:21:12:Infinity":3,"s:13:21:13:Infinity":4,"s:15:36:23:Infinity":5,"s:9:13:7:Infinity":6,"f:15:43:15:44":0,"s:16:20:16:Infinity":7,"s:17:29:18:Infinity":8,"f:17:29:17:Infinity":1,"s:18:6:18:Infinity":9,"b:18:23:18:43:18:43:18:60:18:60:18:76":0,"s:19:4:19:Infinity":10,"s:21:25:21:Infinity":11,"s:22:4:22:Infinity":12,"f:22:14:22:20":2,"s:22:20:22:46":13,"s:9:13:9:Infinity":14,"b:9:13:9:44:9:13:9:44":1,"f:9:44:9:Infinity":3,"b:9:44:8:Infinity:undefined:undefined:undefined:undefined":2,"s:9:44:8:Infinity":15,"b:9:13:9:44:9:13:9:44:9:13:7:Infinity":3,"b:9:13:9:44:9:13:9:44:9:13:9:Infinity":4},"fnNames":{}}}
,"/home/manu/Documents/Lead Developer Java Angular/projet5/projet5-mdd/front/src/app/shared/header/header.component.ts": {"path":"/home/manu/Documents/Lead Developer Java Angular/projet5/projet5-mdd/front/src/app/shared/header/header.component.ts","statementMap":{"0":{"start":{"line":14,"column":6},"end":{"line":10,"column":99}},"1":{"start":{"line":15,"column":36},"end":{"line":15,"column":null}},"2":{"start":{"line":17,"column":28},"end":{"line":17,"column":null}},"3":{"start":{"line":18,"column":25},"end":{"line":18,"column":null}},"4":{"start":{"line":19,"column":22},"end":{"line":19,"column":null}},"5":{"start":{"line":14,"column":13},"end":{"line":10,"column":99}},"6":{"start":{"line":19,"column":38},"end":{"line":19,"column":null}},"7":{"start":{"line":14,"column":13},"end":{"line":14,"column":null}},"8":{"start":{"line":14,"column":28},"end":{"line":16,"column":null}},"9":{"start":{"line":14,"column":13},"end":{"line":12,"column":null}}},"fnMap":{"0":{"name":"(anonymous_0)","decl":{"start":{"line":19,"column":31},"end":{"line":19,"column":38}},"loc":{"start":{"line":19,"column":38},"end":{"line":19,"column":null}},"line":19},"1":{"name":"template","decl":{"start":{"line":14,"column":28},"end":{"line":14,"column":null}},"loc":{"start":{"line":14,"column":28},"end":{"line":10,"column":24}},"line":14}},"branchMap":{"0":{"loc":{"start":{"line":19,"column":38},"end":{"line":19,"column":null}},"type":"cond-expr","locations":[{"start":{"line":19,"column":74},"end":{"line":19,"column":85}},{"start":{"line":19,"column":85},"end":{"line":19,"column":null}}],"line":19},"1":{"loc":{"start":{"line":14,"column":13},"end":{"line":14,"column":28}},"type":"binary-expr","locations":[{"start":{"line":14,"column":13},"end":{"line":14,"column":28}},{"start":{"line":14,"column":13},"end":{"line":14,"column":28}}],"line":14},"2":{"loc":{"start":{"line":14,"column":28},"end":{"line":16,"column":null}},"type":"if","locations":[{"start":{"line":14,"column":28},"end":{"line":16,"column":null}},{"start":{},"end":{}}],"line":14},"3":{"loc":{"start":{"line":14,"column":13},"end":{"line":12,"column":null}},"type":"binary-expr","locations":[{"start":{"line":14,"column":13},"end":{"line":14,"column":28}},{"start":{"line":14,"column":13},"end":{"line":14,"column":28}},{"start":{"line":14,"column":13},"end":{"line":12,"column":null}}],"line":14},"4":{"loc":{"start":{"line":14,"column":13},"end":{"line":14,"column":null}},"type":"binary-expr","locations":[{"start":{"line":14,"column":13},"end":{"line":14,"column":28}},{"start":{"line":14,"column":13},"end":{"line":14,"column":28}},{"start":{"line":14,"column":13},"end":{"line":14,"column":null}}],"line":14}},"s":{"0":11,"1":52,"2":52,"3":52,"4":52,"5":52,"6":42,"7":11,"8":83,"9":11},"f":{"0":42,"1":52},"b":{"0":[12,30],"1":[41,41],"2":[41,42],"3":[11,11,11],"4":[11,11,11]},"meta":{"lastBranch":5,"lastFunction":2,"lastStatement":10,"seen":{"s:14:6:10:99":0,"s:15:36:15:Infinity":1,"s:17:28:17:Infinity":2,"s:18:25:18:Infinity":3,"s:19:22:19:Infinity":4,"s:14:13:10:99":5,"f:19:31:19:38":0,"s:19:38:19:Infinity":6,"b:19:74:19:85:19:85:19:Infinity":0,"s:14:13:14:Infinity":7,"b:14:13:14:28:14:13:14:28":1,"f:14:28:14:Infinity":1,"b:14:28:16:Infinity:undefined:undefined:undefined:undefined":2,"s:14:28:16:Infinity":8,"s:14:13:12:Infinity":9,"b:14:13:14:28:14:13:14:28:14:13:12:Infinity":3,"b:14:13:14:28:14:13:14:28:14:13:14:Infinity":4},"fnNames":{}}}
,"/home/manu/Documents/Lead Developer Java Angular/projet5/projet5-mdd/front/src/app/shared/icons/burger-menu-icon/burger-menu-icon.component.ts": {"path":"/home/manu/Documents/Lead Developer Java Angular/projet5/projet5-mdd/front/src/app/shared/icons/burger-menu-icon/burger-menu-icon.component.ts","statementMap":{"0":{"start":{"line":9,"column":6},"end":{"line":7,"column":null}},"1":{"start":{"line":9,"column":13},"end":{"line":7,"column":null}},"2":{"start":{"line":9,"column":13},"end":{"line":9,"column":null}},"3":{"start":{"line":9,"column":36},"end":{"line":7,"column":null}}},"fnMap":{"0":{"name":"template","decl":{"start":{"line":9,"column":36},"end":{"line":9,"column":null}},"loc":{"start":{"line":9,"column":36},"end":{"line":7,"column":null}},"line":9}},"branchMap":{"0":{"loc":{"start":{"line":9,"column":13},"end":{"line":9,"column":36}},"type":"binary-expr","locations":[{"start":{"line":9,"column":13},"end":{"line":9,"column":36}},{"start":{"line":9,"column":13},"end":{"line":9,"column":36}}],"line":9},"1":{"loc":{"start":{"line":9,"column":36},"end":{"line":7,"column":null}},"type":"if","locations":[{"start":{"line":9,"column":36},"end":{"line":7,"column":null}},{"start":{},"end":{}}],"line":9},"2":{"loc":{"start":{"line":9,"column":13},"end":{"line":7,"column":null}},"type":"binary-expr","locations":[{"start":{"line":9,"column":13},"end":{"line":9,"column":36}},{"start":{"line":9,"column":13},"end":{"line":9,"column":36}},{"start":{"line":9,"column":13},"end":{"line":7,"column":null}}],"line":9},"3":{"loc":{"start":{"line":9,"column":13},"end":{"line":9,"column":null}},"type":"binary-expr","locations":[{"start":{"line":9,"column":13},"end":{"line":9,"column":36}},{"start":{"line":9,"column":13},"end":{"line":9,"column":36}},{"start":{"line":9,"column":13},"end":{"line":9,"column":null}}],"line":9}},"s":{"0":12,"1":12,"2":12,"3":58},"f":{"0":12},"b":{"0":[29,29],"1":[29,29],"2":[12,12,12],"3":[12,12,12]},"meta":{"lastBranch":4,"lastFunction":1,"lastStatement":4,"seen":{"s:9:6:7:Infinity
[...]
,"/home/manu/Documents/Lead Developer Java Angular/projet5/projet5-mdd/front/src/app/shared/navigation-links/navigation-links.component.ts": {"path":"/home/manu/Documents/Lead Developer Java Angular/projet5/projet5-mdd/front/src/app/shared/navigation-links/navigation-links.component.ts","statementMap":{"0":{"start":{"line":11,"column":6},"end":{"line":7,"column":63}},"1":{"start":{"line":12,"column":20},"end":{"line":12,"column":null}},"2":{"start":{"line":13,"column":33},"end":{"line":13,"column":44}},"3":{"start":{"line":11,"column":13},"end":{"line":7,"column":63}},"4":{"start":{"line":16,"column":4},"end":{"line":16,"column":null}},"5":{"start":{"line":11,"column":13},"end":{"line":11,"column":null}},"6":{"start":{"line":11,"column":37},"end":{"line":43,"column":null}},"7":{"start":{"line":11,"column":13},"end":{"line":9,"column":null}}},"fnMap":{"0":{"name":"onNavigationRequested","decl":{"start":{"line":15,"column":2},"end":{"line":15,"column":31}},"loc":{"start":{"line":15,"column":31},"end":{"line":17,"column":null}},"line":15},"1":{"name":"template","decl":{"start":{"line":11,"column":37},"end":{"line":11,"column":null}},"loc":{"start":{"line":11,"column":37},"end":{"line":7,"column":34}},"line":11}},"branchMap":{"0":{"loc":{"start":{"line":11,"column":13},"end":{"line":11,"column":37}},"type":"binary-expr","locations":[{"start":{"line":11,"column":13},"end":{"line":11,"column":37}},{"start":{"line":11,"column":13},"end":{"line":11,"column":37}}],"line":11},"1":{"loc":{"start":{"line":11,"column":37},"end":{"line":43,"column":null}},"type":"if","locations":[{"start":{"line":11,"column":37},"end":{"line":43,"column":null}},{"start":{},"end":{}}],"line":11},"2":{"loc":{"start":{"line":11,"column":13},"end":{"line":9,"column":null}},"type":"binary-expr","locations":[{"start":{"line":11,"column":13},"end":{"line":11,"column":37}},{"start":{"line":11,"column":13},"end":{"line":11,"column":37}},{"start":{"line":11,"column":13},"end":{"line":9,"column":null}}],"line":11},"3":{"loc":{"start":{"line":11,"column":13},"end":{"line":11,"column":null}},"type":"binary-expr","locations":[{"start":{"line":11,"column":13},"end":{"line":11,"column":37}},{"start":{"line":11,"column":13},"end":{"line":11,"column":37}},{"start":{"line":11,"column":13},"end":{"line":11,"column":null}}],"line":11}},"s":{"0":13,"1":44,"2":44,"3":44,"4":1,"5":13,"6":64,"7":13},"f":{"0":1,"1":44},"b":{"0":[31,31],"1":[31,33],"2":[13,13,13],"3":[13,13,13]},"meta":{"lastBranch":4,"lastFunction":2,"lastStatement":8,"seen":{"s:11:6:7:63":0,"s:12:20:12:Infinity":1,"s:13:33:13:44":2,"s:11:13:7:63":3,"f:15:2:15:31":0,"s:16:4:16:Infinity":4,"s:11:13:11:Infinity":5,"b:11:13:11:37:11:13:11:37":0,"f:11:37:11:Infinity":1,"b:11:37:43:Infinity:undefined:undefined:undefined:undefined":1,"s:11:37:43:Infinity":6,"s:11:13:9:Infinity":7,"b:11:13:11:37:11:13:11:37:11:13:9:Infinity":2,"b:11:13:11:37:11:13:11:37:11:13:11:Infinity":3},"fnNames":{}}}
,"/home/manu/Documents/Lead Developer Java Angular/projet5/projet5-mdd/front/src/app/shared/validators/password-complexity.validator.ts": {"path":"/home/manu/Documents/Lead Developer Java Angular/projet5/projet5-mdd/front/src/app/shared/validators/password-complexity.validator.ts","statementMap":{"0":{"start":{"line":3,"column":30},"end":{"line":3,"column":null}},"1":{"start":{"line":5,"column":37},"end":{"line":5,"column":null}},"2":{"start":{"line":7,"column":56},"end":{"line":12,"column":null}},"3":{"start":{"line":10,"column":2},"end":{"line":12,"column":null}},"4":{"start":{"line":10,"column":47},"end":{"line":10,"column":78}},"5":{"start":{"line":14,"column":64},"end":{"line":17,"column":null}},"6":{"start":{"line":17,"column":2},"end":{"line":17,"column":null}}},"fnMap":{"0":{"name":"(anonymous_0)","decl":{"start":{"line":7,"column":56},"end":{"line":7,"column":null}},"loc":{"start":{"line":10,"column":2},"end":{"line":12,"column":null}},"line":10},"1":{"name":"(anonymous_1)","decl":{"start":{"line":10,"column":30},"end":{"line":10,"column":31}},"loc":{"start":{"line":10,"column":47},"end":{"line":10,"column":78}},"line":10},"2":{"name":"(anonymous_2)","decl":{"start":{"line":14,"column":64},"end":{"line":14,"column":null}},"loc":{"start":{"line":17,"column":2},"end":{"line":17,"column":null}},"line":17}},"branchMap":{"0":{"loc":{"start":{"line":10,"column":2},"end":{"line":12,"column":null}},"type":"cond-expr","locations":[{"start":{"line":11,"column":6},"end":{"line":11,"column":null}},{"start":{"line":12,"column":6},"end":{"line":12,"column":null}}],"line":10},"1":{"loc":{"start":{"line":17,"column":2},"end":{"line":17,"column":null}},"type":"cond-expr","locations":[{"start":{"line":17,"column":31},"end":{"line":17,"column":38}},{"start":{"line":17,"column":38},"end":{"line":17,"column":null}}],"line":17}},"s":{"0":6,"1":6,"2":6,"3":57,"4":117,"5":6,"6":36},"f":{"0":57,"1":117,"2":36},"b":{"0":[13,44],"1":[34,2]},"meta":{"lastBranch":2,"lastFunction":3,"lastStatement":7,"seen":{"s:3:30:3:Infinity":0,"s:5:37:5:Infinity":1,"s:7:56:12:Infinity":2,"f:7:56:7:Infinity":0,"s:10:2:12:Infinity":3,"b:11:6:11:Infinity:12:6:12:Infinity":0,"f:10:30:10:31":1,"s:10:47:10:78":4,"s:14:64:17:Infinity":5,"f:14:64:14:Infinity":2,"s:17:2:17:Infinity":6,"b:17:31:17:38:17:38:17:Infinity":1},"fnNames":{}}}
,"/home/manu/Documents/Lead Developer Java Angular/projet5/projet5-mdd/front/src/app/topic/topic.service.ts": {"path":"/home/manu/Documents/Lead Developer Java Angular/projet5/projet5-mdd/front/src/app/topic/topic.service.ts","statementMap":{"0":{"start":{"line":7,"column":6},"end":{"line":7,"column":null}},"1":{"start":{"line":8,"column":26},"end":{"line":8,"column":null}},"2":{"start":{"line":7,"column":13},"end":{"line":7,"column":null}},"3":{"start":{"line":11,"column":4},"end":{"line":11,"column":null}},"4":{"start":{"line":15,"column":4},"end":{"line":15,"column":null}},"5":{"start":{"line":19,"column":4},"end":{"line":19,"column":null}},"6":{"start":{"line":7,"column":13},"end":{"line":6,"column":null}}},"fnMap":{"0":{"name":"getTopics","decl":{"start":{"line":10,"column":2},"end":{"line":10,"column":34}},"loc":{"start":{"line":10,"column":34},"end":{"line":12,"column":null}},"line":10},"1":{"name":"subscribe","decl":{"start":{"line":14,"column":2},"end":{"line":14,"column":12}},"loc":{"start":{"line":14,"column":46},"end":{"line":16,"column":null}},"line":14},"2":{"name":"unsubscribe","decl":{"start":{"line":18,"column":2},"end":{"line":18,"column":14}},"loc":{"start":{"line":18,"column":48},"end":{"line":20,"column":null}},"line":18}},"branchMap":{"0":{"loc":{"start":{"line":7,"column":13},"end":{"line":7,"column":25}},"type":"binary-expr","locations":[{"start":{"line":7,"column":13},"end":{"line":7,"column":25}},{"start":{"line":7,"column":13},"end":{"line":7,"column":25}}],"line":7},"1":{"loc":{"start":{"line":7,"column":13},"end":{"line":6,"column":null}},"type":"binary-expr","locations":[{"start":{"line":7,"column":13},"end":{"line":7,"column":25}},{"start":{"line":7,"column":13},"end":{"line":7,"column":25}},{"start":{"line":7,"column":13},"end":{"line":6,"column":null}}],"line":7}},"s":{"0":5,"1":16,"2":11,"3":13,"4":1,"5":1,"6":5},"f":{"0":13,"1":1,"2":1},"b":{"0":[11,11],"1":[5,5,5]},"meta":{"lastBranch":2,"lastFunction":3,"lastStatement":7,"seen":{"s:7:6:7:Infinity":0,"s:8:26:8:Infinity":1,"s:7:13:7:Infinity":2,"f:10:2:10:34":0,"s:11:4:11:Infinity":3,"f:14:2:14:12":1,"s:15:4:15:Infinity":4,"f:18:2:18:14":2,"s:19:4:19:Infinity":5,"b:7:13:7:25:7:13:7:25":0,"s:7:13:6:Infinity":6,"b:7:13:7:25:7:13:7:25:7:13:6:Infinity":1},"fnNames":{}}}
,"/home/manu/Documents/Lead Developer Java Angular/projet5/projet5-mdd/front/src/app/topic/topics-list/topics-list.component.ts": {"path":"/home/manu/Documents/Lead Developer Java Angular/projet5/projet5-mdd/front/src/app/topic/topics-list/topics-list.component.ts","statementMap":{"0":{"start":{"line":16,"column":6},"end":{"line":12,"column":23}},"1":{"start":{"line":17,"column":32},"end":{"line":17,"column":null}},"2":{"start":{"line":18,"column":34},"end":{"line":18,"column":null}},"3":{"start":{"line":19,"column":36},"end":{"line":19,"column":null}},"4":{"start":{"line":21,"column":21},"end":{"line":23,"column":null}},"5":{"start":{"line":16,"column":13},"end":{"line":12,"column":23}},"6":{"start":{"line":23,"column":20},"end":{"line":23,"column":49}},"7":{"start":{"line":27,"column":4},"end":{"line":34,"column":null}},"8":{"start":{"line":32,"column":10},"end":{"line":32,"column":null}},"9":{"start":{"line":16,"column":13},"end":{"line":16,"column":null}},"10":{"start":{"line":16,"column":32},"end":{"line":30,"column":null}},"11":{"start":{"line":16,"column":13},"end":{"line":14,"column":null}}},"fnMap":{"0":{"name":"(anonymous_0)","decl":{"start":{"line":23,"column":14},"end":{"line":23,"column":20}},"loc":{"start":{"line":23,"column":20},"end":{"line":23,"column":49}},"line":23},"1":{"name":"subscribe","decl":{"start":{"line":26,"column":2},"end":{"line":26,"column":12}},"loc":{"start":{"line":26,"column":31},"end":{"line":35,"column":null}},"line":26},"2":{"name":"(anonymous_2)","decl":{"start":{"line":31,"column":14},"end":{"line":31,"column":19}},"loc":{"start":{"line":31,"column":19},"end":{"line":33,"column":null}},"line":31},"3":{"name":"template","decl":{"start":{"line":16,"column":32},"end":{"line":16,"column":null}},"loc":{"start":{"line":16,"column":32},"end":{"line":12,"column":40}},"line":16}},"branchMap":{"0":{"loc":{"start":{"line":16,"column":13},"end":{"line":16,"column":32}},"type":"binary-expr","locations":[{"start":{"line":16,"column":13},"end":{"line":16,"column":32}},{"start":{"line":16,"column":13},"end":{"line":16,"column":32}}],"line":16},"1":{"loc":{"start":{"line":16,"column":32},"end":{"line":30,"column":null}},"type":"if","locations":[{"start":{"line":16,"column":32},"end":{"line":30,"column":null}},{"start":{},"end":{}}],"line":16},"2":{"loc":{"start":{"line":16,"column":13},"end":{"line":14,"column":null}},"type":"binary-expr","locations":[{"start":{"line":16,"column":13},"end":{"line":16,"column":32}},{"start":{"line":16,"column":13},"end":{"line":16,"column":32}},{"start":{"line":16,"column":13},"end":{"line":14,"column":null}}],"line":16},"3":{"loc":{"start":{"line":16,"column":13},"end":{"line":16,"column":null}},"type":"binary-expr","locations":[{"start":{"line":16,"column":13},"end":{"line":16,"column":32}},{"start":{"line":16,"column":13},"end":{"line":16,"column":32}},{"start":{"line":16,"column":13},"end":{"line":16,"column":null}}],"line":16}},"s":{"0":3,"1":6,"2":6,"3":6,"4":6,"5":6,"6":4,"7":1,"8":1,"9":3,"10":10,"11":3},"f":{"0":4,"1":1,"2":1,"3":6},"b":{"0":[3,3],"1":[3,7],"2":[3,3,3],"3":[3,3,3]},"meta":{"lastBranch":4,"lastFunction":4,"lastStatement":12,"seen":{"s:16:6:12:23":0,"s:17:32:17:Infinity":1,"s:18:34:18:Infinity":2,"s:19:36:19:Infinity":3,"s:21:21:23:Infinity":4,"s:16:13:12:23":5,"f:23:14:23:20":0,"s:23:20:23:49":6,"f:26:2:26:12":1,"s:27:4:34:Infinity":7,"f:31:14:31:19":2,"s:32:10:32:Infinity":8,"s:16:13:16:Infinity":9,"b:16:13:16:32:16:13:16:32":0,"f:16:32:16:Infinity":3,"b:16:32:30:Infinity:undefined:undefined:undefined:undefined":1,"s:16:32:30:Infinity":10,"s:16:13:14:Infinity":11,"b:16:13:16:32:16:13:16:32:16:13:14:Infinity":2,"b:16:13:16:32:16:13:16:32:16:13:16:Infinity":3},"fnNames":{}}}
,"/home/manu/Documents/Lead Developer Java Angular/projet5/projet5-mdd/front/src/app/user/profile/profile.component.ts": {"path":"/home/manu/Documents/Lead Developer Java Angular/projet5/projet5-mdd/front/src/app/user/profile/profile.component.ts","statementMap":{"0":{"start":{"line":29,"column":6},"end":{"line":19,"column":null}},"1":{"start":{"line":30,"column":32},"end":{"line":30,"column":null}},"2":{"start":{"line":31,"column":36},"end":{"line":31,"column":null}},"3":{"start":{"line":32,"column":34},"end":{"line":32,"column":null}},"4":{"start":{"line":33,"column":33},"end":{"line":33,"column":null}},"5":{"start":{"line":34,"column":36},"end":{"line":34,"column":null}},"6":{"start":{"line":35,"column":33},"end":{"line":37,"column":null}},"7":{"start":{"line":40,"column":21},"end":{"line":42,"column":null}},"8":{"start":{"line":45,"column":25},"end":{"line":49,"column":null}},"9":{"start":{"line":50,"column":26},"end":{"line":50,"column":null}},"10":{"start":{"line":51,"column":22},"end":{"line":51,"column":null}},"11":{"start":{"line":29,"column":13},"end":{"line":19,"column":null}},"12":{"start":{"line":42,"column":20},"end":{"line":42,"column":49}},"13":{"start":{"line":54,"column":4},"end":{"line":61,"column":null}},"14":{"start":{"line":59,"column":10},"end":{"line":59,"column":null}},"15":{"start":{"line":65,"column":42},"end":{"line":65,"column":null}},"16":{"start":{"line":67,"column":4},"end":{"line":70,"column":null}},"17":{"start":{"line":75,"column":4},"end":{"line":78,"column":null}},"18":{"start":{"line":76,"column":6},"end":{"line":76,"column":null}},"19":{"start":{"line":77,"column":6},"end":{"line":77,"column":null}},"20":{"start":{"line":80,"column":4},"end":{"line":82,"column":null}},"21":{"start":{"line":81,"column":6},"end":{"line":81,"column":null}},"22":{"start":{"line":84,"column":20},"end":{"line":84,"column":null}},"23":{"start":{"line":85,"column":4},"end":{"line":85,"column":null}},"24":{"start":{"line":86,"column":4},"end":{"line":86,"column":null}},"25":{"start":{"line":87,"column":4},"end":{"line":107,"column":null}},"26":{"start":{"line":92,"column":10},"end":{"line":94,"column":null}},"27":{"start":{"line":96,"column":10},"end":{"line":100,"column":null}},"28":{"start":{"line":101,"column":10},"end":{"line":101,"column":null}},"29":{"start":{"line":104,"column":10},"end":{"line":104,"column":null}},"30":{"start":{"line":105,"column":10},"end":{"line":105,"column":null}},"31":{"start":{"line":29,"column":13},"end":{"line":29,"column":null}},"32":{"start":{"line":29,"column":29},"end":{"line":49,"column":null}},"33":{"start":{"line":29,"column":13},"end":{"line":27,"column":null}}},"fnMap":{"0":{"name":"(anonymous_0)","decl":{"start":{"line":42,"column":14},"end":{"line":42,"column":20}},"loc":{"start":{"line":42,"column":20},"end":{"line":42,"column":49}},"line":42},"1":{"name":"unsubscribe","decl":{"start":{"line":53,"column":2},"end":{"line":53,"column":14}},"loc":{"start":{"line":53,"column":36},"end":{"line":62,"column":null}},"line":53},"2":{"name":"(anonymous_2)","decl":{"start":{"line":58,"column":14},"end":{"line":58,"column":19}},"loc":{"start":{"line":58,"column":19},"end":{"line":60,"column":null}},"line":58},"3":{"name":"hasChanges","decl":{"start":{"line":64,"column":2},"end":{"line":64,"column":23}},"loc":{"start":{"line":64,"column":23},"end":{"line":72,"column":null}},"line":64},"4":{"name":"save","decl":{"start":{"line":74,"column":2},"end":{"line":74,"column":14}},"loc":{"start":{"line":74,"column":14},"end":{"line":108,"column":null}},"line":74},"5":{"name":"(anonymous_5)","decl":{"start":{"line":91,"column":14},"end":{"line":91,"column":19}},"loc":{"start":{"line":91,"column":19},"end":{"line":102,"column":null}},"line":91},"6":{"name":"(anonymous_6)","decl":{"start":{"line":103,"column":15},"end":{"line":103,"column":16}},"loc":{"start":{"line":103,"column":44},"end":{"line":106,"column":null}},"line":103},"7":{"name":"template","decl":{"start":{"line":29,"column":29},"end":{"line":29,"column":null}},"loc":{"start":{"line":29,"column":29},"end":{"line":28,"column":null}},"line":29}},"branchMap":{"0":{"loc":{"start":{"line":68,"column":6},"end":{"line":70,"column":null}},"type":"binary-expr","locations":[{"start":{"line":68,"column":6},"end":{"line":68,"column":null}},{"start":{"line":69,"column":6},"end":{"line":69,"column":null}},{"start":{"line":70,"column":6},"end":{"line":70,"column":null}}],"line":68},"1":{"loc":{"start":{"line":75,"column":4},"end":{"line":78,"column":null}},"type":"if","locations":[{"start":{"line":75,"column":4},"end":{"line":78,"column":null}},{"start":{},"end":{}}],"line":75},"2":{"loc":{"start":{"line":75,"column":8},"end":{"line":75,"column":57}},"type":"binary-expr","locations":[{"start":{"line":75,"column":8},"end":{"line":75,"column":36}},{"start":{"line":75,"column":36},"end":{"line":75,"column":57}}],"line":75},"3":{"loc":{"start":{"line":80,"column":4},"end":{"line":82,"column":null}},"type":"if","locations":[{"start":{"line":80,"column":4},"end":{"line":82,"column":null}},{"start":{},"end":{}}],"line":80},"4":{"loc":{"start":{"line":29,"column":13},"end":{"line":29,"column":29}},"type":"binary-expr","locations":[{"start":{"line":29,"column":13},"end":{"line":29,"column":29}},{"start":{"line":29,"column":13},"end":{"line":29,"column":29}}],"line":29},"5":{"loc":{"start":{"line":29,"column":29},"end":{"line":49,"column":null}},"type":"if","locations":[{"start":{"line":29,"column":29},"end":{"line":49,"column":null}},{"start":{},"end":{}}],"line":29},"6":{"loc":{"start":{"line":29,"column":13},"end":{"line":27,"column":null}},"type":"binary-expr","locations":[{"start":{"line":29,"column":13},"end":{"line":29,"column":29}},{"start":{"line":29,"column":13},"end":{"line":29,"column":29}},{"start":{"line":29,"column":13},"end":{"line":27,"column":null}}],"line":29},"7":{"loc":{"start":{"line":29,"column":13},"end":{"line":29,"column":null}},"type":"binary-expr","locations":[{"start":{"line":29,"column":13},"end":{"line":29,"column":29}},{"start":{"line":29,"column":13},"end":{"line":29,"column":29}},{"start":{"line":29,"column":13},"end":{"line":29,"column":null}}],"line":29}},"s":{"0":3,"1":11,"2":11,"3":11,"4":11,"5":11,"6":11,"7":11,"8":11,"9":11,"10":11,"11":11,"12":9,"13":1,"14":1,"15":27,"16":27,"17":2,"18":0,"19":0,"20":2,"21":0,"22":2,"23":2,"24":2,"25":2,"26":1,"27":1,"28":1,"29":1,"30":1,"31":3,"32":33,"33":3},"f":{"0":9,"1":1,"2":1,"3":27,"4":2,"5":1,"6":1,"7":11},"b":{"0":[27,20,20],"1":[0,2],"2":[2,2],"3":[0,2],"4":[8,8],"5":[8,25],"6":[3,3,3],"7":[3,3,3]},"meta":{"lastBranch":8,"lastFunction":8,"lastStatement":34,"seen":{"s:29:6:19:Infinity":0,"s:30:32:30:Infinity":1,"s:31:36:31:Infinity":2,"s:32:34:32:Infinity":3,"s:33:33:33:Infinity":4,"s:34:36:34:Infinity":5,"s:35:33:37:Infinity":6,"s:40:21:42:Infinity":7,"s:45:25:49:Infinity":8,"s:50:26:50:Infinity":9,"s:51:22:51:Infinity":10,"s:29:13:19:Infinity":11,"f:42:14:42:20":0,"s:42:20:42:49":12,"f:53:2:53:14":1,"s:54:4:61:Infinity":13,"f:58:14:58:19":2,"s:59:10:59:Infinity":14,"f:64:2:64:23":3,"s:65:42:65:Infinity":15,"s:67:4:70:Infinity":16,"b:68:6:68:Infinity:69:6:69:Infinity:70:6:70:Infinity":0,"f:74:2:74:14":4,"b:75:4:78:Infinity:undefined:undefined:undefined:undefined":1,"s:75:4:78:Infinity":17,"b:75:8:75:36:75:36:75:57":2,"s:76:6:76:Infinity":18,"s:77:6:77:Infinity":19,"b:80:4:82:Infinity:undefined:undefined:undefined:undefined":3,"s:80:4:82:Infinity":20,"s:81:6:81:Infinity":21,"s:84:20:84:Infinity":22,"s:85:4:85:Infinity":23,"s:86:4:86:Infinity":24,"s:87:4:107:Infinity":25,"f:91:14:91:19":5,"s:92:10:94:Infinity":26,"s:96:10:100:Infinity":27,"s:101:10:101:Infinity":28,"f:103:15:103:16":6,"s:104:10:104:Infinity":29,"s:105:10:105:Infinity":30,"s:29:13:29:Infinity":31,"b:29:13:29:29:29:13:29:29":4,"f:29:29:29:Infinity":7,"b:29:29:49:Infinity:undefined:undefined:undefined:undefined":5,"s:29:29:49:Infinity":32,"s:29:13:27:Infinity":33,"b:29:13:29:29:29:13:29:29:29:13:27:Infinity":6,"b:29:13:29:29:29:13:29:29:29:13:29:Infinity":7},"fnNames":{}}}
}
