TN:
SF:src/app/app.component.ts
FN:10,template
FNF:1
FNH:1
FNDA:1,template
DA:10,2
DA:11,1
LF:2
LH:2
BRDA:10,0,0,2
BRDA:10,0,1,2
BRDA:10,1,0,2
BRDA:10,1,1,0
BRDA:10,2,0,1
BRDA:10,2,1,1
BRDA:10,2,2,1
BRDA:10,3,0,1
BRDA:10,3,1,1
BRDA:10,3,2,1
BRF:10
BRH:9
end_of_record
TN:
SF:src/app/app.routes.ts
FNF:0
FNH:0
DA:14,2
LF:1
LH:1
BRF:0
BRH:0
end_of_record
TN:
SF:src/app/auth/auth.guard.ts
FN:6,(anonymous_0)
FN:12,(anonymous_1)
FNF:2
FNH:0
FNDA:0,(anonymous_0)
FNDA:0,(anonymous_1)
DA:6,2
DA:7,0
DA:8,0
DA:10,0
DA:12,0
LF:5
LH:1
BRDA:12,0,0,0
BRDA:12,0,1,0
BRF:2
BRH:0
end_of_record
TN:
SF:src/app/auth/authentication.service.ts
FN:20,login
FN:22,(anonymous_1)
FN:26,register
FN:28,(anonymous_3)
FN:32,logout
FN:33,(anonymous_5)
FN:36,csrfToken
FNF:7
FNH:7
FNDA:1,login
FNDA:1,(anonymous_1)
FNDA:1,register
FNDA:1,(anonymous_3)
FNDA:1,logout
FNDA:1,(anonymous_5)
FNDA:3,csrfToken
DA:17,23
DA:18,36
DA:21,1
DA:22,1
DA:27,1
DA:28,1
DA:33,1
DA:37,3
LF:8
LH:8
BRDA:17,0,0,23
BRDA:17,0,1,23
BRDA:17,1,0,13
BRDA:17,1,1,13
BRDA:17,1,2,13
BRF:5
BRH:5
end_of_record
TN:
SF:src/app/auth/session-expiration.interceptor.ts
FN:7,(anonymous_0)
FN:12,(anonymous_1)
FN:18,(anonymous_2)
FN:23,isProtectedApiRequest
FNF:4
FNH:4
FNDA:2,(anonymous_0)
FNDA:2,(anonymous_1)
FNDA:2,(anonymous_2)
FNDA:2,isProtectedApiRequest
DA:7,1
DA:8,2
DA:9,2
DA:11,2
DA:13,2
DA:14,1
DA:15,1
DA:18,2
DA:24,2
LF:9
LH:9
BRDA:13,0,0,1
BRDA:13,0,1,1
BRDA:13,1,0,2
BRDA:13,1,1,2
BRDA:24,2,0,2
BRDA:24,2,1,1
BRF:6
BRH:6
end_of_record
TN:
SF:src/app/auth/session.service.ts
FN:18,restoreSession
FN:20,(anonymous_1)
FN:21,(anonymous_2)
FN:22,(anonymous_3)
FN:28,(anonymous_4)
FN:33,updateCurrentUser
FN:35,(anonymous_6)
FN:49,clearSession
FNF:8
FNH:7
FNDA:3,restoreSession
FNDA:2,(anonymous_1)
FNDA:2,(anonymous_2)
FNDA:1,(anonymous_3)
FNDA:0,(anonymous_4)
FNDA:3,updateCurrentUser
FNDA:2,(anonymous_6)
FNDA:1,clearSession
DA:13,40
DA:14,56
DA:16,56
DA:19,3
DA:20,2
DA:21,2
DA:23,1
DA:24,1
DA:25,1
DA:28,0
DA:34,3
DA:36,2
DA:38,2
DA:39,2
DA:50,1
LF:15
LH:14
BRDA:23,0,0,1
BRDA:23,0,1,0
BRDA:38,1,0,2
BRDA:38,1,1,0
BRDA:13,2,0,40
BRDA:13,2,1,40
BRDA:13,3,0,16
BRDA:13,3,1,16
BRDA:13,3,2,16
BRF:9
BRH:7
end_of_record
TN:
SF:src/app/auth/unknown-route.guard.ts
FN:6,(anonymous_0)
FN:12,(anonymous_1)
FNF:2
FNH:2
FNDA:2,(anonymous_0)
FNDA:2,(anonymous_1)
DA:6,3
DA:7,2
DA:8,2
DA:10,2
DA:12,2
LF:5
LH:5
BRDA:12,0,0,2
BRDA:12,0,1,1
BRF:2
BRH:2
end_of_record
TN:
SF:src/app/auth/login/login.component.ts
FN:47,submit
FN:59,(anonymous_1)
FN:60,(anonymous_2)
FN:31,template
FNF:4
FNH:4
FNDA:2,submit
FNDA:1,(anonymous_1)
FNDA:1,(anonymous_2)
FNDA:10,template
DA:31,26
DA:32,10
DA:33,10
DA:34,10
DA:36,10
DA:37,10
DA:39,10
DA:48,2
DA:49,0
DA:50,0
DA:53,2
DA:54,2
DA:55,2
DA:59,1
DA:61,1
DA:62,1
LF:16
LH:14
BRDA:48,0,0,0
BRDA:48,0,1,2
BRDA:48,1,0,2
BRDA:48,1,1,2
BRDA:31,2,0,7
BRDA:31,2,1,7
BRDA:31,3,0,7
BRDA:31,3,1,19
BRDA:31,4,0,3
BRDA:31,4,1,3
BRDA:31,4,2,3
BRDA:31,5,0,3
BRDA:31,5,1,3
BRDA:31,5,2,3
BRF:14
BRH:13
end_of_record
TN:
SF:src/app/auth/register/register.component.ts
FN:38,submit
FN:50,(anonymous_1)
FN:51,(anonymous_2)
FN:28,template
FNF:4
FNH:4
FNDA:2,submit
FNDA:1,(anonymous_1)
FNDA:1,(anonymous_2)
FNDA:11,template
DA:28,21
DA:29,11
DA:30,11
DA:31,11
DA:33,11
DA:34,11
DA:36,11
DA:39,2
DA:40,0
DA:41,0
DA:44,2
DA:45,2
DA:46,2
DA:50,1
DA:52,1
DA:53,1
LF:16
LH:14
BRDA:39,0,0,0
BRDA:39,0,1,2
BRDA:39,1,0,2
BRDA:39,1,1,2
BRDA:28,2,0,8
BRDA:28,2,1,8
BRDA:28,3,0,8
BRDA:28,3,1,13
BRDA:28,4,0,3
BRDA:28,4,1,3
BRDA:28,4,2,3
BRDA:28,5,0,3
BRDA:28,5,1,3
BRDA:28,5,2,3
BRF:14
BRH:13
end_of_record
TN:
SF:src/app/home/home.component.ts
FN:11,template
FNF:1
FNH:1
FNDA:3,template
DA:11,3
LF:1
LH:1
BRDA:11,0,0,1
BRDA:11,0,1,1
BRDA:11,1,0,1
BRDA:11,1,1,0
BRDA:11,2,0,3
BRDA:11,2,1,3
BRDA:11,2,2,3
BRDA:11,3,0,3
BRDA:11,3,1,3
BRDA:11,3,2,3
BRF:10
BRH:9
end_of_record
TN:
SF:src/app/not-found/not-found.component.ts
FN:11,template
FNF:1
FNH:1
FNDA:3,template
DA:11,3
LF:1
LH:1
BRDA:11,0,0,1
BRDA:11,0,1,1
BRDA:11,1,0,1
BRDA:11,1,1,1
BRDA:11,2,0,3
BRDA:11,2,1,3
BRDA:11,2,2,3
BRDA:11,3,0,3
BRDA:11,3,1,3
BRDA:11,3,2,3
BRF:10
BRH:10
end_of_record
TN:
SF:src/app/post/post.service.ts
FN:22,getPosts
FN:26,getPost
FN:30,createComment
FN:34,createPost
FNF:4
FNH:4
FNDA:1,getPosts
FNDA:1,getPost
FNDA:1,createComment
FNDA:1,createPost
DA:19,7
DA:20,11
DA:23,1
DA:27,1
DA:31,1
DA:35,1
LF:6
LH:6
BRDA:19,0,0,4
BRDA:19,0,1,4
BRDA:19,1,0,7
BRDA:19,1,1,7
BRDA:19,1,2,7
BRF:5
BRH:5
end_of_record
TN:
SF:src/app/post/post-comments/post-comments.component.ts
FN:32,send
FN:41,(anonymous_1)
FN:20,template
FNF:3
FNH:3
FNDA:1,send
FNDA:1,(anonymous_1)
FNDA:7,template
DA:20,7
DA:21,7
DA:22,7
DA:24,7
DA:25,7
DA:26,7
DA:28,7
DA:33,1
DA:34,0
DA:35,0
DA:38,1
DA:42,1
DA:43,1
LF:13
LH:11
BRDA:33,0,0,0
BRDA:33,0,1,1
BRDA:20,1,0,3
BRDA:20,1,1,3
BRDA:20,2,0,3
BRDA:20,2,1,4
BRDA:20,3,0,4
BRDA:20,3,1,4
BRDA:20,3,2,4
BRDA:20,4,0,4
BRDA:20,4,1,4
BRDA:20,4,2,4
BRF:12
BRH:11
end_of_record
TN:
SF:src/app/post/post-create/post-create.component.ts
FN:32,create
FN:48,(anonymous_1)
FN:49,(anonymous_2)
FN:18,template
FNF:4
FNH:3
FNDA:1,create
FNDA:1,(anonymous_1)
FNDA:0,(anonymous_2)
FNDA:6,template
DA:18,10
DA:19,6
DA:20,6
DA:21,6
DA:22,6
DA:24,6
DA:25,6
DA:30,6
DA:33,1
DA:34,0
DA:35,0
DA:38,1
DA:39,0
DA:42,1
DA:43,1
DA:44,1
DA:48,1
DA:49,0
LF:18
LH:14
BRDA:33,0,0,0
BRDA:33,0,1,1
BRDA:38,1,0,0
BRDA:38,1,1,1
BRDA:18,2,0,3
BRDA:18,2,1,3
BRDA:18,3,0,3
BRDA:18,3,1,7
BRDA:18,4,0,3
BRDA:18,4,1,3
BRDA:18,4,2,3
BRDA:18,5,0,3
BRDA:18,5,1,3
BRDA:18,5,2,3
BRF:14
BRH:12
end_of_record
TN:
SF:src/app/post/post-detail/post-detail.component.ts
FN:35,(anonymous_0)
FN:36,(anonymous_1)
FN:39,(anonymous_2)
FN:41,(anonymous_3)
FN:42,(anonymous_4)
FN:55,reloadPost
FN:29,template
FNF:7
FNH:7
FNDA:2,(anonymous_0)
FNDA:2,(anonymous_1)
FNDA:3,(anonymous_2)
FNDA:1,(anonymous_3)
FNDA:1,(anonymous_4)
FNDA:1,reloadPost
FNDA:5,template
DA:29,5
DA:30,5
DA:31,5
DA:32,5
DA:34,5
DA:35,2
DA:37,2
DA:40,3
DA:41,1
DA:43,1
DA:56,1
LF:11
LH:11
BRDA:44,0,0,1
BRDA:44,0,1,0
BRDA:44,1,0,1
BRDA:44,1,1,1
BRDA:29,2,0,2
BRDA:29,2,1,2
BRDA:29,3,0,2
BRDA:29,3,1,3
BRDA:29,4,0,3
BRDA:29,4,1,3
BRDA:29,4,2,3
BRDA:29,5,0,3
BRDA:29,5,1,3
BRDA:29,5,2,3
BRF:14
BRH:13
end_of_record
TN:
SF:src/app/post/posts-list/posts-list.component.ts
FN:27,(anonymous_0)
FN:29,toggleSort
FN:30,(anonymous_2)
FN:23,template
FNF:4
FNH:4
FNDA:5,(anonymous_0)
FNDA:1,toggleSort
FNDA:1,(anonymous_2)
FNDA:7,template
DA:23,9
DA:24,7
DA:26,7
DA:27,7
DA:30,1
LF:5
LH:5
BRDA:30,0,0,1
BRDA:30,0,1,0
BRDA:23,1,0,4
BRDA:23,1,1,4
BRDA:23,2,0,4
BRDA:23,2,1,5
BRDA:23,3,0,3
BRDA:23,3,1,3
BRDA:23,3,2,3
BRDA:23,4,0,3
BRDA:23,4,1,3
BRDA:23,4,2,3
BRF:12
BRH:11
end_of_record
TN:
SF:src/app/shared/account-fields/account-fields.component.ts
FN:16,template
FNF:1
FNH:1
FNDA:23,template
DA:16,83
DA:17,23
DA:18,23
DA:20,23
LF:4
LH:4
BRDA:16,0,0,18
BRDA:16,0,1,18
BRDA:16,1,0,18
BRDA:16,1,1,65
BRDA:16,2,0,5
BRDA:16,2,1,5
BRDA:16,2,2,5
BRDA:16,3,0,5
BRDA:16,3,1,5
BRDA:16,3,2,5
BRF:10
BRH:10
end_of_record
TN:
SF:src/app/shared/account-fields/account-form.ts
FN:21,createAccountForm
FNF:1
FNH:1
FNDA:20,createAccountForm
DA:26,20
LF:1
LH:1
BRDA:22,0,0,20
BRDA:23,1,0,20
BRDA:38,2,0,11
BRDA:38,2,1,9
BRDA:41,3,0,11
BRDA:41,3,1,9
BRF:6
BRH:6
end_of_record
TN:
SF:src/app/shared/api-error/api-error.component.ts
FN:9,template
FNF:1
FNH:1
FNDA:10,template
DA:9,10
DA:10,10
LF:2
LH:2
BRDA:9,0,0,4
BRDA:9,0,1,4
BRDA:9,1,0,4
BRDA:9,1,1,4
BRDA:9,2,0,6
BRDA:9,2,1,6
BRDA:9,2,2,6
BRDA:9,3,0,6
BRDA:9,3,1,6
BRDA:9,3,2,6
BRF:10
BRH:10
end_of_record
TN:
SF:src/app/shared/api-error/api-error.ts
FN:12,toApiError
FN:20,parseApiErrorResponse
FN:29,messageFor
FN:33,isKnownMessageCode
FNF:4
FNH:4
FNDA:6,toApiError
FNDA:6,parseApiErrorResponse
FNDA:6,messageFor
FNDA:6,isKnownMessageCode
DA:13,6
DA:15,6
DA:21,6
DA:22,0
DA:25,6
DA:26,6
DA:30,6
DA:34,6
LF:8
LH:7
BRDA:16,0,0,0
BRDA:16,0,1,6
BRDA:21,1,0,0
BRDA:21,1,1,6
BRDA:21,2,0,6
BRDA:21,2,1,6
BRDA:21,2,2,6
BRDA:26,3,0,6
BRDA:26,3,1,0
BRDA:30,4,0,5
BRDA:30,4,1,1
BRDA:34,5,0,6
BRDA:34,5,1,5
BRF:13
BRH:10
end_of_record
TN:
SF:src/app/shared/back-button/back-button.component.ts
FN:11,template
FNF:1
FNH:1
FNDA:28,template
DA:11,42
DA:12,28
DA:13,28
LF:3
LH:3
BRDA:11,0,0,21
BRDA:11,0,1,21
BRDA:11,1,0,21
BRDA:11,1,1,21
BRDA:11,2,0,7
BRDA:11,2,1,7
BRDA:11,2,2,7
BRDA:11,3,0,7
BRDA:11,3,1,7
BRDA:11,3,2,7
BRF:10
BRH:10
end_of_record
TN:
SF:src/app/shared/down-arrow-icon/down-arrow-icon.component.ts
FN:16,template
FNF:1
FNH:1
FNDA:3,template
DA:6,4
DA:7,4
DA:11,4
DA:16,8
LF:4
LH:4
BRDA:16,0,0,4
BRDA:16,0,1,4
BRDA:16,1,0,4
BRDA:16,1,1,4
BRDA:16,2,0,3
BRDA:16,2,1,3
BRDA:16,2,2,3
BRDA:16,3,0,3
BRDA:16,3,1,3
BRDA:16,3,2,3
BRF:10
BRH:10
end_of_record
TN:
SF:src/app/shared/form-validation-feedback/form-validation-feedback.component.ts
FN:15,(anonymous_0)
FN:17,(anonymous_1)
FN:22,(anonymous_2)
FN:9,template
FNF:4
FNH:4
FNDA:55,(anonymous_0)
FNDA:112,(anonymous_1)
FNDA:55,(anonymous_2)
FNDA:61,template
DA:9,117
DA:10,61
DA:11,61
DA:12,61
DA:13,61
DA:15,61
DA:16,55
DA:17,55
DA:18,112
DA:19,55
DA:21,55
DA:22,55
LF:12
LH:12
BRDA:18,0,0,112
BRDA:18,0,1,49
BRDA:18,0,2,26
BRDA:9,1,0,55
BRDA:9,1,1,55
BRDA:9,2,0,55
BRDA:9,2,1,62
BRDA:9,3,0,6
BRDA:9,3,1,6
BRDA:9,3,2,6
BRDA:9,4,0,6
BRDA:9,4,1,6
BRDA:9,4,2,6
BRF:13
BRH:13
end_of_record
TN:
SF:src/app/shared/header/header.component.ts
FN:19,(anonymous_0)
FN:14,template
FNF:2
FNH:2
FNDA:42,(anonymous_0)
FNDA:52,template
DA:14,83
DA:15,52
DA:17,52
DA:18,52
DA:19,52
LF:5
LH:5
BRDA:19,0,0,12
BRDA:19,0,1,30
BRDA:14,1,0,41
BRDA:14,1,1,41
BRDA:14,2,0,41
BRDA:14,2,1,42
BRDA:14,3,0,11
BRDA:14,3,1,11
BRDA:14,3,2,11
BRDA:14,4,0,11
BRDA:14,4,1,11
BRDA:14,4,2,11
BRF:12
BRH:12
end_of_record
TN:
SF:src/app/shared/icons/burger-menu-icon/burger-menu-icon.component.ts
FN:9,template
FNF:1
FNH:1
FNDA:12,template
DA:9,58
LF:1
LH:1
BRDA:9,0,0,29
BRDA:9,0,1,29
BRDA:9,1,0,29
BRDA:9,1,1,29
BRDA:9,2,0,12
BRDA:9,2,1,12
BRDA:9,2,2,12
BRDA:9,3,0,12
BRDA:9,3,1,12
BRDA:9,3,2,12
BRF:10
BRH:10
end_of_record
TN:
SF:src/app/shared/icons/profile-icon/profile-icon.component.ts
FN:9,template
FNF:1
FNH:1
FNDA:46,template
DA:9,65
DA:10,46
LF:2
LH:2
BRDA:9,0,0,32
BRDA:9,0,1,32
BRDA:9,1,0,32
BRDA:9,1,1,33
BRDA:9,2,0,14
BRDA:9,2,1,14
BRDA:9,2,2,14
BRDA:9,3,0,14
BRDA:9,3,1,14
BRDA:9,3,2,14
BRF:10
BRH:10
end_of_record
TN:
SF:src/app/shared/logout-button/logout-button.component.ts
FN:21,logout
FN:31,(anonymous_1)
FN:35,(anonymous_2)
FN:12,template
FNF:4
FNH:3
FNDA:2,logout
FNDA:2,(anonymous_1)
FNDA:0,(anonymous_2)
FNDA:44,template
DA:12,64
DA:13,44
DA:14,44
DA:15,44
DA:16,44
DA:18,44
DA:19,44
DA:22,2
DA:23,0
DA:26,2
DA:27,2
DA:32,2
DA:33,2
DA:35,0
LF:14
LH:12
BRDA:22,0,0,0
BRDA:22,0,1,2
BRDA:12,1,0,31
BRDA:12,1,1,31
BRDA:12,2,0,31
BRDA:12,2,1,33
BRDA:12,3,0,13
BRDA:12,3,1,13
BRDA:12,3,2,13
BRDA:12,4,0,13
BRDA:12,4,1,13
BRDA:12,4,2,13
BRF:12
BRH:11
end_of_record
TN:
SF:src/app/shared/messages/error-messages.ts
FNF:0
FNH:0
DA:1,6
LF:1
LH:1
BRF:0
BRH:0
end_of_record
TN:
SF:src/app/shared/mobile-navigation/mobile-navigation.component.ts
FN:26,(anonymous_0)
FN:27,(anonymous_1)
FN:29,openMenu
FN:31,(anonymous_3)
FN:39,ngOnDestroy
FN:44,closeMenu
FN:51,onMenuAnimationEnd
FN:58,onDialogCancel
FN:63,onDialogClick
FN:69,closeNativeDialog
FN:21,viewQuery
FNF:11
FNH:11
FNDA:37,(anonymous_0)
FNDA:37,(anonymous_1)
FNDA:4,openMenu
FNDA:4,(anonymous_3)
FNDA:29,ngOnDestroy
FNDA:3,closeMenu
FNDA:1,onMenuAnimationEnd
FNDA:1,onDialogCancel
FNDA:2,onDialogClick
FNDA:30,closeNativeDialog
FNDA:41,viewQuery
DA:21,67
DA:22,41
DA:25,41
DA:26,41
DA:27,41
DA:30,4
DA:31,4
DA:32,4
DA:33,4
DA:34,4
DA:40,29
DA:41,29
DA:45,3
DA:46,3
DA:47,3
DA:52,1
DA:53,1
DA:54,1
DA:59,1
DA:60,1
DA:64,2
DA:65,1
DA:70,30
DA:71,30
DA:72,4
LF:25
LH:25
BRDA:33,0,0,4
BRDA:33,0,1,0
BRDA:33,1,0,4
BRDA:33,1,1,4
BRDA:45,2,0,3
BRDA:45,2,1,0
BRDA:52,3,0,1
BRDA:52,3,1,0
BRDA:64,4,0,1
BRDA:64,4,1,1
BRDA:71,5,0,4
BRDA:71,5,1,26
BRDA:21,6,0,29
BRDA:21,6,1,29
BRDA:21,7,0,29
BRDA:21,7,1,38
BRDA:21,8,0,12
BRDA:21,8,1,12
BRDA:21,8,2,12
BRDA:21,9,0,12
BRDA:21,9,1,12
BRDA:21,9,2,12
BRF:22
BRH:19
end_of_record
TN:
SF:src/app/shared/navigation-links/navigation-links.component.ts
FN:15,onNavigationRequested
FN:11,template
FNF:2
FNH:2
FNDA:1,onNavigationRequested
FNDA:44,template
DA:11,64
DA:12,44
DA:13,44
DA:16,1
LF:4
LH:4
BRDA:11,0,0,31
BRDA:11,0,1,31
BRDA:11,1,0,31
BRDA:11,1,1,33
BRDA:11,2,0,13
BRDA:11,2,1,13
BRDA:11,2,2,13
BRDA:11,3,0,13
BRDA:11,3,1,13
BRDA:11,3,2,13
BRF:10
BRH:10
end_of_record
TN:
SF:src/app/shared/validators/password-complexity.validator.ts
FN:7,(anonymous_0)
FN:10,(anonymous_1)
FN:14,(anonymous_2)
FNF:3
FNH:3
FNDA:57,(anonymous_0)
FNDA:117,(anonymous_1)
FNDA:36,(anonymous_2)
DA:3,6
DA:5,6
DA:7,6
DA:10,117
DA:14,6
DA:17,36
LF:6
LH:6
BRDA:10,0,0,13
BRDA:10,0,1,44
BRDA:17,1,0,34
BRDA:17,1,1,2
BRF:4
BRH:4
end_of_record
TN:
SF:src/app/topic/topic.service.ts
FN:10,getTopics
FN:14,subscribe
FN:18,unsubscribe
FNF:3
FNH:3
FNDA:13,getTopics
FNDA:1,subscribe
FNDA:1,unsubscribe
DA:7,11
DA:8,16
DA:11,13
DA:15,1
DA:19,1
LF:5
LH:5
BRDA:7,0,0,11
BRDA:7,0,1,11
BRDA:7,1,0,5
BRDA:7,1,1,5
BRDA:7,1,2,5
BRF:5
BRH:5
end_of_record
TN:
SF:src/app/topic/topics-list/topics-list.component.ts
FN:23,(anonymous_0)
FN:26,subscribe
FN:31,(anonymous_2)
FN:16,template
FNF:4
FNH:4
FNDA:4,(anonymous_0)
FNDA:1,subscribe
FNDA:1,(anonymous_2)
FNDA:6,template
DA:16,10
DA:17,6
DA:18,6
DA:19,6
DA:21,6
DA:23,4
DA:27,1
DA:32,1
LF:8
LH:8
BRDA:16,0,0,3
BRDA:16,0,1,3
BRDA:16,1,0,3
BRDA:16,1,1,7
BRDA:16,2,0,3
BRDA:16,2,1,3
BRDA:16,2,2,3
BRDA:16,3,0,3
BRDA:16,3,1,3
BRDA:16,3,2,3
BRF:10
BRH:10
end_of_record
TN:
SF:src/app/user/profile/profile.component.ts
FN:42,(anonymous_0)
FN:53,unsubscribe
FN:58,(anonymous_2)
FN:64,hasChanges
FN:74,save
FN:91,(anonymous_5)
FN:103,(anonymous_6)
FN:29,template
FNF:8
FNH:8
FNDA:9,(anonymous_0)
FNDA:1,unsubscribe
FNDA:1,(anonymous_2)
FNDA:27,hasChanges
FNDA:2,save
FNDA:1,(anonymous_5)
FNDA:1,(anonymous_6)
FNDA:11,template
DA:29,33
DA:30,11
DA:31,11
DA:32,11
DA:33,11
DA:34,11
DA:35,11
DA:40,11
DA:42,9
DA:45,11
DA:50,11
DA:51,11
DA:54,1
DA:59,1
DA:65,27
DA:67,27
DA:75,2
DA:76,0
DA:77,0
DA:80,2
DA:81,0
DA:84,2
DA:85,2
DA:86,2
DA:87,2
DA:92,1
DA:96,1
DA:101,1
DA:104,1
DA:105,1
LF:30
LH:27
BRDA:68,0,0,27
BRDA:68,0,1,20
BRDA:68,0,2,20
BRDA:75,1,0,0
BRDA:75,1,1,2
BRDA:75,2,0,2
BRDA:75,2,1,2
BRDA:80,3,0,0
BRDA:80,3,1,2
BRDA:29,4,0,8
BRDA:29,4,1,8
BRDA:29,5,0,8
BRDA:29,5,1,25
BRDA:29,6,0,3
BRDA:29,6,1,3
BRDA:29,6,2,3
BRDA:29,7,0,3
BRDA:29,7,1,3
BRDA:29,7,2,3
BRF:19
BRH:17
end_of_record
