{"numTotalTestSuites":56,"numPassedTestSuites":56,"numFailedTestSuites":0,"numPendingTestSuites":0,"numTotalTests":81,"numPassedTests":81,"numFailedTests":0,"numPendingTests":0,"numTodoTests":0,"snapshot":{"added":0,"failure":false,"filesAdded":0,"filesRemoved":0,"filesRemovedList":[],"filesUnmatched":0,"filesUpdated":0,"matched":0,"total":0,"unchecked":0,"uncheckedKeysByFile":[],"unmatched":0,"updated":0,"didUpdate":false},"startTime":1788007163480,"success":true,"testResults":[{"assertionResults":[{"ancestorTitles":["AppComponent"],"fullName":"AppComponent should create the app","status":"passed","title":"should create the app","duration":21.060256999999865,"failureMessages":[],"meta":{},"tags":[]},{"ancestorTitles":["AppComponent"],"fullName":"AppComponent should have as title 'front'","status":"passed","title":"should have as title 'front'","duration":2.9852350000001024,"failureMessages":[],"meta":{},"tags":[]}],"startTime":1788007164990,"endTime":1788007165014.9854,"status":"passed","message":"","name":"/home/manu/Documents/Lead Developer Java Angular/projet5/projet5-mdd/front/src/app/app.component.spec.ts"},{"assertionResults":[{"ancestorTitles":["application routes"],"fullName":"application routes exposes protected destinations for articles, article detail, article creation, topics, and profile","status":"passed","title":"exposes protected destinations for articles, article detail, article creation, topics, and profile","duration":0.8047579999999925,"failureMessages":[],"meta":{},"tags":[]},{"ancestorTitles":["application routes"],"fullName":"application routes keeps authenticated users in the application for an unknown route","status":"passed","title":"keeps authenticated users in the application for an unknown route","duration":0.13882599999988088,"failureMessages":[],"meta":{},"tags":[]}],"startTime":1788007165000,"endTime":1788007165001.139,"status":"passed","message":"","name":"/home/manu/Documents/Lead Developer Java Angular/projet5/projet5-mdd/front/src/app/app.routes.spec.ts"},{"assertionResults":[{"ancestorTitles":["AuthenticationService"],"fullName":"AuthenticationService gets a CSRF token before posting login credentials","status":"passed","title":"gets a CSRF token before posting login credentials","duration":3.6814549999999144,"failureMessages":[],"meta":{},"tags":[]},{"ancestorTitles":["AuthenticationService"],"fullName":"AuthenticationService gets a CSRF token before posting registration details","status":"passed","title":"gets a CSRF token before posting registration details","duration":2.6077640000000883,"failureMessages":[],"meta":{},"tags":[]},{"ancestorTitles":["AuthenticationService"],"fullName":"AuthenticationService gets a CSRF token before logging out","status":"passed","title":"gets a CSRF token before logging out","duration":4.6365310000001045,"failureMessages":[],"meta":{},"tags":[]}],"startTime":1788007164672,"endTime":1788007164683.6365,"status":"passed","message":"","name":"/home/manu/Documents/Lead Developer Java Angular/projet5/projet5-mdd/front/src/app/auth/authentication.service.spec.ts"},{"assertionResults":[{"ancestorTitles":["sessionExpirationInterceptor"],"fullName":"sessionExpirationInterceptor clears the session and redirects to login when a protected API returns 401","status":"passed","title":"clears the session and redirects to login when a protected API returns 401","duration":14.206098999999995,"failureMessages":[],"meta":{},"tags":[]},{"ancestorTitles":["sessionExpirationInterceptor"],"fullName":"sessionExpirationInterceptor leaves authentication endpoint errors to their caller","status":"passed","title":"leaves authentication endpoint errors to their caller","duration":8.377899999999954,"failureMessages":[],"meta":{},"tags":[]}],"startTime":1788007164614,"endTime":1788007164636.378,"status":"passed","message":"","name":"/home/manu/Documents/Lead Developer Java Angular/projet5/projet5-mdd/front/src/app/auth/session-expiration.interceptor.spec.ts"},{"assertionResults":[{"ancestorTitles":["SessionService"],"fullName":"SessionService stores the current user when the backend confirms the session","status":"passed","title":"stores the current user when the backend confirms the session","duration":18.843390999999997,"failureMessages":[],"meta":{},"tags":[]},{"ancestorTitles":["SessionService"],"fullName":"SessionService clears the current user when the backend rejects the session","status":"passed","title":"clears the current user when the backend rejects the session","duration":3.0942139999999654,"failureMessages":[],"meta":{},"tags":[]},{"ancestorTitles":["SessionService"],"fullName":"SessionService updates the current user after the profile is saved","status":"passed","title":"updates the current user after the profile is saved","duration":5.867533000000094,"failureMessages":[],"meta":{},"tags":[]}],"startTime":1788007164584,"endTime":1788007164611.8674,"status":"passed","message":"","name":"/home/manu/Documents/Lead Developer Java Angular/projet5/projet5-mdd/front/src/app/auth/session.service.spec.ts"},{"assertionResults":[{"ancestorTitles":["unknownRouteGuard"],"fullName":"unknownRouteGuard allows an authenticated user to see the not found page","status":"passed","title":"allows an authenticated user to see the not found page","duration":4.71315699999991,"failureMessages":[],"meta":{},"tags":[]},{"ancestorTitles":["unknownRouteGuard"],"fullName":"unknownRouteGuard redirects an unauthenticated user to the home page","status":"passed","title":"redirects an unauthenticated user to the home page","duration":2.2478849999999966,"failureMessages":[],"meta":{},"tags":[]}],"startTime":1788007164774,"endTime":1788007164781.2478,"status":"passed","message":"","name":"/home/manu/Documents/Lead Developer Java Angular/projet5/projet5-mdd/front/src/app/auth/unknown-route.guard.spec.ts"},{"assertionResults":[{"ancestorTitles":["HomeComponent"],"fullName":"HomeComponent should create","status":"passed","title":"should create","duration":42.58129399999984,"failureMessages":[],"meta":{},"tags":[]}],"startTime":1788007164748,"endTime":1788007164790.5813,"status":"passed","message":"","name":"/home/manu/Documents/Lead Developer Java Angular/projet5/projet5-mdd/front/src/app/home/home.component.spec.ts"},{"assertionResults":[{"ancestorTitles":["PostService"],"fullName":"PostService gets posts in descending date order","status":"passed","title":"gets posts in descending date order","duration":16.671460000000025,"failureMessages":[],"meta":{},"tags":[]},{"ancestorTitles":["PostService"],"fullName":"PostService gets one post with its comments","status":"passed","title":"gets one post with its comments","duration":3.12275800000009,"failureMessages":[],"meta":{},"tags":[]},{"ancestorTitles":["PostService"],"fullName":"PostService creates a comment on a post","status":"passed","title":"creates a comment on a post","duration":7.536993000000052,"failureMessages":[],"meta":{},"tags":[]},{"ancestorTitles":["PostService"],"fullName":"PostService creates a post","status":"passed","title":"creates a post","duration":3.0296299999999974,"failureMessages":[],"meta":{},"tags":[]}],"startTime":1788007164602,"endTime":1788007164633.0295,"status":"passed","message":"","name":"/home/manu/Documents/Lead Developer Java Angular/projet5/projet5-mdd/front/src/app/post/post.service.spec.ts"},{"assertionResults":[{"ancestorTitles":["NotFoundComponent"],"fullName":"NotFoundComponent keeps the application navigation and offers a return to posts","status":"passed","title":"keeps the application navigation and offers a return to posts","duration":92.12646699999982,"failureMessages":[],"meta":{},"tags":[]}],"startTime":1788007164652,"endTime":1788007164744.1265,"status":"passed","message":"","name":"/home/manu/Documents/Lead Developer Java Angular/projet5/projet5-mdd/front/src/app/not-found/not-found.component.spec.ts"},{"assertionResults":[{"ancestorTitles":["LoginComponent"],"fullName":"LoginComponent renders the login fields and a link back to the home page","status":"passed","title":"renders the login fields and a link back to the home page","duration":114.924755,"failureMessages":[],"meta":{},"tags":[]},{"ancestorTitles":["LoginComponent"],"fullName":"LoginComponent focuses the login field when the page is displayed","status":"passed","title":"focuses the login field when the page is displayed","duration":28.516836000000012,"failureMessages":[],"meta":{},"tags":[]},{"ancestorTitles":["LoginComponent"],"fullName":"LoginComponent keeps submission disabled until both required fields are valid","status":"passed","title":"keeps submission disabled until both required fields are valid","duration":24.13479200000006,"failureMessages":[],"meta":{},"tags":[]},{"ancestorTitles":["LoginComponent"],"fullName":"LoginComponent renders CSS-driven feedback associated with each invalid field","status":"passed","title":"renders CSS-driven feedback associated with each invalid field","duration":20.955525999999963,"failureMessages":[],"meta":{},"tags":[]},{"ancestorTitles":["LoginComponent"],"fullName":"LoginComponent marks a password shorter than eight characters as invalid","status":"passed","title":"marks a password shorter than eight characters as invalid","duration":103.95953099999997,"failureMessages":[],"meta":{},"tags":[]},{"ancestorTitles":["LoginComponent"],"fullName":"LoginComponent submits valid credentials and goes to the articles page on success","status":"passed","title":"submits valid credentials and goes to the articles page on success","duration":21.090093999999908,"failureMessages":[],"meta":{},"tags":[]},{"ancestorTitles":["LoginComponent"],"fullName":"LoginComponent displays the API error when the login is rejected","status":"passed","title":"displays the API error when the login is rejected","duration":19.564157999999907,"failureMessages":[],"meta":{},"tags":[]}],"startTime":1788007164989,"endTime":1788007165322.5642,"status":"passed","message":"","name":"/home/manu/Documents/Lead Developer Java Angular/projet5/projet5-mdd/front/src/app/auth/login/login.component.spec.ts"},{"assertionResults":[{"ancestorTitles":["RegisterComponent"],"fullName":"RegisterComponent renders the registration fields and a link back to the home page","status":"passed","title":"renders the registration fields and a link back to the home page","duration":120.07984699999997,"failureMessages":[],"meta":{},"tags":[]},{"ancestorTitles":["RegisterComponent"],"fullName":"RegisterComponent focuses the username field when the page is displayed","status":"passed","title":"focuses the username field when the page is displayed","duration":32.41472499999986,"failureMessages":[],"meta":{},"tags":[]},{"ancestorTitles":["RegisterComponent"],"fullName":"RegisterComponent keeps submission disabled until all fields are valid","status":"passed","title":"keeps submission disabled until all fields are valid","duration":24.59199599999988,"failureMessages":[],"meta":{},"tags":[]},{"ancestorTitles":["RegisterComponent"],"fullName":"RegisterComponent renders the PrimeNG password strength indicator, mask toggle, and validation feedback","status":"passed","title":"renders the PrimeNG password strength indicator, mask toggle, and validation feedback","duration":21.36502900000005,"failureMessages":[],"meta":{},"tags":[]},{"ancestorTitles":["RegisterComponent"],"fullName":"RegisterComponent toggles the password field visibility","status":"passed","title":"toggles the password field visibility","duration":21.072020000000066,"failureMessages":[],"meta":{},"tags":[]},{"ancestorTitles":["RegisterComponent"],"fullName":"RegisterComponent rejects passwords that do not meet the functional specification","status":"passed","title":"rejects passwords that do not meet the functional specification","duration":111.71239600000013,"failureMessages":[],"meta":{},"tags":[]},{"ancestorTitles":["RegisterComponent"],"fullName":"RegisterComponent submits valid registration details and goes to the articles page on success","status":"passed","title":"submits valid registration details and goes to the articles page on success","duration":21.192569999999932,"failureMessages":[],"meta":{},"tags":[]},{"ancestorTitles":["RegisterComponent"],"fullName":"RegisterComponent displays the API error when the registration is rejected","status":"passed","title":"displays the API error when the registration is rejected","duration":20.91326600000002,"failureMessages":[],"meta":{},"tags":[]}],"startTime":1788007164991,"endTime":1788007165363.9133,"status":"passed","message":"","name":"/home/manu/Documents/Lead Developer Java Angular/projet5/projet5-mdd/front/src/app/auth/register/register.component.spec.ts"},{"assertionResults":[{"ancestorTitles":["PostCommentsComponent"],"fullName":"PostCommentsComponent renders the comments list before the comment form","status":"passed","title":"renders the comments list before the comment form","duration":48.01413699999989,"failureMessages":[],"meta":{},"tags":[]},{"ancestorTitles":["PostCommentsComponent"],"fullName":"PostCommentsComponent sends the typed comment for the displayed post","status":"passed","title":"sends the typed comment for the displayed post","duration":13.507061999999905,"failureMessages":[],"meta":{},"tags":[]}],"startTime":1788007164578,"endTime":1788007164639.507,"status":"passed","message":"","name":"/home/manu/Documents/Lead Developer Java Angular/projet5/projet5-mdd/front/src/app/post/post-comments/post-comments.component.spec.ts"},{"assertionResults":[{"ancestorTitles":["PostCreateComponent"],"fullName":"PostCreateComponent renders the article creation form and links its back icon to the articles list","status":"passed","title":"renders the article creation form and links its back icon to the articles list","duration":235.11053400000014,"failureMessages":[],"meta":{},"tags":[]},{"ancestorTitles":["PostCreateComponent"],"fullName":"PostCreateComponent enables creation when the selected topic, title, and content are valid","status":"passed","title":"enables creation when the selected topic, title, and content are valid","duration":22.710170000000062,"failureMessages":[],"meta":{},"tags":[]},{"ancestorTitles":["PostCreateComponent"],"fullName":"PostCreateComponent creates the article and returns to the articles list","status":"passed","title":"creates the article and returns to the articles list","duration":23.387054000000035,"failureMessages":[],"meta":{},"tags":[]}],"startTime":1788007164829,"endTime":1788007165110.387,"status":"passed","message":"","name":"/home/manu/Documents/Lead Developer Java Angular/projet5/projet5-mdd/front/src/app/post/post-create/post-create.component.spec.ts"},{"assertionResults":[{"ancestorTitles":["PostDetailComponent"],"fullName":"PostDetailComponent shows the article detail loading state","status":"passed","title":"shows the article detail loading state","duration":157.37326600000006,"failureMessages":[],"meta":{},"tags":[]},{"ancestorTitles":["PostDetailComponent"],"fullName":"PostDetailComponent shows a not found message when the post does not exist","status":"passed","title":"shows a not found message when the post does not exist","duration":14.570535000000064,"failureMessages":[],"meta":{},"tags":[]}],"startTime":1788007164706,"endTime":1788007164877.5706,"status":"passed","message":"","name":"/home/manu/Documents/Lead Developer Java Angular/projet5/projet5-mdd/front/src/app/post/post-detail/post-detail.component.spec.ts"},{"assertionResults":[{"ancestorTitles":["PostsListComponent"],"fullName":"PostsListComponent provides a link to create an article without rendering a page heading","status":"passed","title":"provides a link to create an article without rendering a page heading","duration":83.52903700000002,"failureMessages":[],"meta":{},"tags":[]},{"ancestorTitles":["PostsListComponent"],"fullName":"PostsListComponent shows a loading spinner while the posts request is pending","status":"passed","title":"shows a loading spinner while the posts request is pending","duration":35.41941700000007,"failureMessages":[],"meta":{},"tags":[]},{"ancestorTitles":["PostsListComponent"],"fullName":"PostsListComponent renders the posts returned by the API","status":"passed","title":"renders the posts returned by the API","duration":26.625000999999884,"failureMessages":[],"meta":{},"tags":[]},{"ancestorTitles":["PostsListComponent"],"fullName":"PostsListComponent requests the ascending order after clicking the sort action","status":"passed","title":"requests the ascending order after clicking the sort action","duration":13.675885000000108,"failureMessages":[],"meta":{},"tags":[]}],"startTime":1788007164753,"endTime":1788007164912.6758,"status":"passed","message":"","name":"/home/manu/Documents/Lead Developer Java Angular/projet5/projet5-mdd/front/src/app/post/posts-list/posts-list.component.spec.ts"},{"assertionResults":[{"ancestorTitles":["AccountFieldsComponent"],"fullName":"AccountFieldsComponent renders the shared fields with accessible identifiers and password strength feedback","status":"passed","title":"renders the shared fields with accessible identifiers and password strength feedback","duration":95.86650400000008,"failureMessages":[],"meta":{},"tags":[]},{"ancestorTitles":["AccountFieldsComponent"],"fullName":"AccountFieldsComponent focuses the username only when requested by its parent","status":"passed","title":"focuses the username only when requested by its parent","duration":28.138975000000073,"failureMessages":[],"meta":{},"tags":[]}],"startTime":1788007164862,"endTime":1788007164986.139,"status":"passed","message":"","name":"/home/manu/Documents/Lead Developer Java Angular/projet5/projet5-mdd/front/src/app/shared/account-fields/account-fields.component.spec.ts"},{"assertionResults":[{"ancestorTitles":["createAccountForm"],"fullName":"createAccountForm creates an empty registration form that requires a compliant password","status":"passed","title":"creates an empty registration form that requires a compliant password","duration":2.210824999999886,"failureMessages":[],"meta":{},"tags":[]},{"ancestorTitles":["createAccountForm"],"fullName":"createAccountForm creates a profile form with its initial data and an optional password","status":"passed","title":"creates a profile form with its initial data and an optional password","duration":0.4080999999998767,"failureMessages":[],"meta":{},"tags":[]}],"startTime":1788007164778,"endTime":1788007164780.4082,"status":"passed","message":"","name":"/home/manu/Documents/Lead Developer Java Angular/projet5/projet5-mdd/front/src/app/shared/account-fields/account-form.spec.ts"},{"assertionResults":[{"ancestorTitles":["ApiErrorComponent"],"fullName":"ApiErrorComponent displays the error message in an accessible alert","status":"passed","title":"displays the error message in an accessible alert","duration":31.11366899999996,"failureMessages":[],"meta":{},"tags":[]}],"startTime":1788007164621,"endTime":1788007164652.1138,"status":"passed","message":"","name":"/home/manu/Documents/Lead Developer Java Angular/projet5/projet5-mdd/front/src/app/shared/api-error/api-error.component.spec.ts"},{"assertionResults":[{"ancestorTitles":["toApiError"],"fullName":"toApiError maps a known API message code to its French message","status":"passed","title":"maps a known API message code to its French message","duration":1.0869069999998828,"failureMessages":[],"meta":{},"tags":[]},{"ancestorTitles":["toApiError"],"fullName":"toApiError uses the fallback message for an unknown API message code","status":"passed","title":"uses the fallback message for an unknown API message code","duration":0.19258899999999812,"failureMessages":[],"meta":{},"tags":[]},{"ancestorTitles":["toApiError"],"fullName":"toApiError maps a missing resource API message code to its French message","status":"passed","title":"maps a missing resource API message code to its French message","duration":0.14584799999988718,"failureMessages":[],"meta":{},"tags":[]}],"startTime":1788007164748,"endTime":1788007164749.1926,"status":"passed","message":"","name":"/home/manu/Documents/Lead Developer Java Angular/projet5/projet5-mdd/front/src/app/shared/api-error/api-error.spec.ts"},{"assertionResults":[{"ancestorTitles":["BackButtonComponent"],"fullName":"BackButtonComponent links to its configured destination","status":"passed","title":"links to its configured destination","duration":48.80566899999985,"failureMessages":[],"meta":{},"tags":[]}],"startTime":1788007164649,"endTime":1788007164697.8057,"status":"passed","message":"","name":"/home/manu/Documents/Lead Developer Java Angular/projet5/projet5-mdd/front/src/app/shared/back-button/back-button.component.spec.ts"},{"assertionResults":[{"ancestorTitles":["FormValidationFeedbackComponent"],"fullName":"FormValidationFeedbackComponent displays its message only after an invalid control is touched","status":"passed","title":"displays its message only after an invalid control is touched","duration":162.81396300000006,"failureMessages":[],"meta":{},"tags":[]}],"startTime":1788007164600,"endTime":1788007164762.814,"status":"passed","message":"","name":"/home/manu/Documents/Lead Developer Java Angular/projet5/projet5-mdd/front/src/app/shared/form-validation-feedback/form-validation-feedback.component.spec.ts"},{"assertionResults":[{"ancestorTitles":["HeaderComponent"],"fullName":"HeaderComponent shows the navigation menu trigger for interior pages","status":"passed","title":"shows the navigation menu trigger for interior pages","duration":120.80774799999995,"failureMessages":[],"meta":{},"tags":[]},{"ancestorTitles":["HeaderComponent"],"fullName":"HeaderComponent hides the navigation menu trigger for authentication pages","status":"passed","title":"hides the navigation menu trigger for authentication pages","duration":5.923320000000103,"failureMessages":[],"meta":{},"tags":[]},{"ancestorTitles":["HeaderComponent"],"fullName":"HeaderComponent renders the main navigation links and highlights the active route","status":"passed","title":"renders the main navigation links and highlights the active route","duration":20.52748799999995,"failureMessages":[],"meta":{},"tags":[]},{"ancestorTitles":["HeaderComponent"],"fullName":"HeaderComponent links the logo to posts and offers logout when a user is logged in","status":"passed","title":"links the logo to posts and offers logout when a user is logged in","duration":11.924116999999796,"failureMessages":[],"meta":{},"tags":[]},{"ancestorTitles":["HeaderComponent"],"fullName":"HeaderComponent clears the session and redirects to login after logout succeeds","status":"passed","title":"clears the session and redirects to login after logout succeeds","duration":16.587749999999915,"failureMessages":[],"meta":{},"tags":[]}],"startTime":1788007164666,"endTime":1788007164841.5876,"status":"passed","message":"","name":"/home/manu/Documents/Lead Developer Java Angular/projet5/projet5-mdd/front/src/app/shared/header/header.component.spec.ts"},{"assertionResults":[{"ancestorTitles":["LogoutButtonComponent"],"fullName":"LogoutButtonComponent only displays the action for an authenticated user","status":"passed","title":"only displays the action for an authenticated user","duration":35.609961999999996,"failureMessages":[],"meta":{},"tags":[]},{"ancestorTitles":["LogoutButtonComponent"],"fullName":"LogoutButtonComponent clears the session and redirects to login after logout succeeds","status":"passed","title":"clears the session and redirects to login after logout succeeds","duration":7.561179999999922,"failureMessages":[],"meta":{},"tags":[]}],"startTime":1788007164634,"endTime":1788007164677.5613,"status":"passed","message":"","name":"/home/manu/Documents/Lead Developer Java Angular/projet5/projet5-mdd/front/src/app/shared/logout-button/logout-button.component.spec.ts"},{"assertionResults":[{"ancestorTitles":["MobileNavigationComponent"],"fullName":"MobileNavigationComponent opens and closes the navigation drawer","status":"passed","title":"opens and closes the navigation drawer","duration":87.77679400000011,"failureMessages":[],"meta":{},"tags":[]},{"ancestorTitles":["MobileNavigationComponent"],"fullName":"MobileNavigationComponent closes when the native dialog backdrop is clicked but not when its content is clicked","status":"passed","title":"closes when the native dialog backdrop is clicked but not when its content is clicked","duration":16.239944999999807,"failureMessages":[],"meta":{},"tags":[]},{"ancestorTitles":["MobileNavigationComponent"],"fullName":"MobileNavigationComponent closes when Escape is pressed from the dialog","status":"passed","title":"closes when Escape is pressed from the dialog","duration":13.177783999999974,"failureMessages":[],"meta":{},"tags":[]},{"ancestorTitles":["MobileNavigationComponent"],"fullName":"MobileNavigationComponent places logout before the navigation links and the profile icon at the bottom of the drawer","status":"passed","title":"places logout before the navigation links and the profile icon at the bottom of the drawer","duration":19.523730000000114,"failureMessages":[],"meta":{},"tags":[]}],"startTime":1788007164655,"endTime":1788007164791.5237,"status":"passed","message":"","name":"/home/manu/Documents/Lead Developer Java Angular/projet5/projet5-mdd/front/src/app/shared/mobile-navigation/mobile-navigation.component.spec.ts"},{"assertionResults":[{"ancestorTitles":["NavigationLinksComponent"],"fullName":"NavigationLinksComponent renders the shared links and emits when one is selected","status":"passed","title":"renders the shared links and emits when one is selected","duration":71.03017099999988,"failureMessages":[],"meta":{},"tags":[]},{"ancestorTitles":["NavigationLinksComponent"],"fullName":"NavigationLinksComponent uses the active profile icon on the profile route","status":"passed","title":"uses the active profile icon on the profile route","duration":19.205322000000024,"failureMessages":[],"meta":{},"tags":[]}],"startTime":1788007164630,"endTime":1788007164720.2053,"status":"passed","message":"","name":"/home/manu/Documents/Lead Developer Java Angular/projet5/projet5-mdd/front/src/app/shared/navigation-links/navigation-links.component.spec.ts"},{"assertionResults":[{"ancestorTitles":["TopicsListComponent"],"fullName":"TopicsListComponent loads and renders a card for every topic","status":"passed","title":"loads and renders a card for every topic","duration":126.55410900000015,"failureMessages":[],"meta":{},"tags":[]},{"ancestorTitles":["TopicsListComponent"],"fullName":"TopicsListComponent renders an inactive already subscribed button for subscribed topics","status":"passed","title":"renders an inactive already subscribed button for subscribed topics","duration":20.880764,"failureMessages":[],"meta":{},"tags":[]},{"ancestorTitles":["TopicsListComponent"],"fullName":"TopicsListComponent subscribes to a topic and refreshes its subscription state","status":"passed","title":"subscribes to a topic and refreshes its subscription state","duration":25.51195400000006,"failureMessages":[],"meta":{},"tags":[]}],"startTime":1788007164711,"endTime":1788007164884.512,"status":"passed","message":"","name":"/home/manu/Documents/Lead Developer Java Angular/projet5/projet5-mdd/front/src/app/topic/topics-list/topics-list.component.spec.ts"},{"assertionResults":[{"ancestorTitles":["ProfileComponent"],"fullName":"ProfileComponent renders the current user data without focusing a field by default","status":"passed","title":"renders the current user data without focusing a field by default","duration":136.26067899999998,"failureMessages":[],"meta":{},"tags":[]},{"ancestorTitles":["ProfileComponent"],"fullName":"ProfileComponent enables saving after a profile field is modified","status":"passed","title":"enables saving after a profile field is modified","duration":31.97228999999993,"failureMessages":[],"meta":{},"tags":[]},{"ancestorTitles":["ProfileComponent"],"fullName":"ProfileComponent disables saving again when the user restores the initial value","status":"passed","title":"disables saving again when the user restores the initial value","duration":29.33411799999999,"failureMessages":[],"meta":{},"tags":[]},{"ancestorTitles":["ProfileComponent"],"fullName":"ProfileComponent saves the modified profile and resets the form","status":"passed","title":"saves the modified profile and resets the form","duration":28.12945599999989,"failureMessages":[],"meta":{},"tags":[]},{"ancestorTitles":["ProfileComponent"],"fullName":"ProfileComponent displays the duplicate identity error returned by the API","status":"passed","title":"displays the duplicate identity error returned by the API","duration":27.25233000000003,"failureMessages":[],"meta":{},"tags":[]},{"ancestorTitles":["ProfileComponent"],"fullName":"ProfileComponent displays the registration password validation message for an invalid new password","status":"passed","title":"displays the registration password validation message for an invalid new password","duration":107.75328100000002,"failureMessages":[],"meta":{},"tags":[]},{"ancestorTitles":["ProfileComponent"],"fullName":"ProfileComponent renders only subscribed topics with an unsubscribe button","status":"passed","title":"renders only subscribed topics with an unsubscribe button","duration":24.433702999999923,"failureMessages":[],"meta":{},"tags":[]},{"ancestorTitles":["ProfileComponent"],"fullName":"ProfileComponent unsubscribes from a topic and refreshes the subscriptions list","status":"passed","title":"unsubscribes from a topic and refreshes the subscriptions list","duration":25.946866,"failureMessages":[],"meta":{},"tags":[]}],"startTime":1788007164980,"endTime":1788007165390.9468,"status":"passed","message":"","name":"/home/manu/Documents/Lead Developer Java Angular/projet5/projet5-mdd/front/src/app/user/profile/profile.component.spec.ts"},{"assertionResults":[{"ancestorTitles":["ProfileIconComponent"],"fullName":"ProfileIconComponent uses the active appearance when requested","status":"passed","title":"uses the active appearance when requested","duration":57.674557999999934,"failureMessages":[],"meta":{},"tags":[]}],"startTime":1788007164584,"endTime":1788007164641.6746,"status":"passed","message":"","name":"/home/manu/Documents/Lead Developer Java Angular/projet5/projet5-mdd/front/src/app/shared/icons/profile-icon/profile-icon.component.spec.ts"}],"coverageMap":{"/home/manu/Documents/Lead Developer Java Angular/projet5/projet5-mdd/front/src/app/auth/session.service.ts":{"path":"/home/manu/Documents/Lead Developer Java Angular/projet5/projet5-mdd/front/src/app/auth/session.service.ts","statementMap":{"0":{"start":{"line":13,"column":6},"end":{"line":13,"column":null}},"1":{"start":{"line":14,"column":26},"end":{"line":14,"column":null}},"2":{"start":{"line":16,"column":25},"end":{"line":16,"column":null}},"3":{"start":{"line":13,"column":13},"end":{"line":13,"column":null}},"4":{"start":{"line":19,"column":4},"end":{"line":29,"column":null}},"5":{"start":{"line":20,"column":20},"end":{"line":20,"column":46}},"6":{"start":{"line":21,"column":16},"end":{"line":21,"column":20}},"7":{"start":{"line":23,"column":8},"end":{"line":26,"column":null}},"8":{"start":{"line":24,"column":10},"end":{"line":24,"column":null}},"9":{"start":{"line":25,"column":10},"end":{"line":25,"column":null}},"10":{"start":{"line":28,"column":8},"end":{"line":28,"column":null}},"11":{"start":{"line":28,"column":32},"end":{"line":28,"column":37}},"12":{"start":{"line":34,"column":4},"end":{"line":45,"column":null}},"13":{"start":{"line":36,"column":28},"end":{"line":36,"column":null}},"14":{"start":{"line":38,"column":8},"end":{"line":44,"column":null}},"15":{"start":{"line":39,"column":10},"end":{"line":43,"column":null}},"16":{"start":{"line":50,"column":4},"end":{"line":50,"column":null}},"17":{"start":{"line":13,"column":13},"end":{"line":12,"column":null}}},"fnMap":{"0":{"name":"restoreSession","decl":{"start":{"line":18,"column":2},"end":{"line":18,"column":39}},"loc":{"start":{"line":18,"column":39},"end":{"line":31,"column":null}},"line":18},"1":{"name":"(anonymous_1)","decl":{"start":{"line":20,"column":10},"end":{"line":20,"column":11}},"loc":{"start":{"line":20,"column":20},"end":{"line":20,"column":46}},"line":20},"2":{"name":"(anonymous_2)","decl":{"start":{"line":21,"column":10},"end":{"line":21,"column":16}},"loc":{"start":{"line":21,"column":16},"end":{"line":21,"column":20}},"line":21},"3":{"name":"(anonymous_3)","decl":{"start":{"line":22,"column":17},"end":{"line":22,"column":18}},"loc":{"start":{"line":22,"column":46},"end":{"line":29,"column":7}},"line":22},"4":{"name":"(anonymous_4)","decl":{"start":{"line":28,"column":26},"end":{"line":28,"column":32}},"loc":{"start":{"line":28,"column":32},"end":{"line":28,"column":37}},"line":28},"5":{"name":"updateCurrentUser","decl":{"start":{"line":33,"column":2},"end":{"line":33,"column":20}},"loc":{"start":{"line":33,"column":72},"end":{"line":47,"column":null}},"line":33},"6":{"name":"(anonymous_6)","decl":{"start":{"line":35,"column":10},"end":{"line":35,"column":15}},"loc":{"start":{"line":35,"column":15},"end":{"line":45,"column":7}},"line":35},"7":{"name":"clearSession","decl":{"start":{"line":49,"column":2},"end":{"line":49,"column":22}},"loc":{"start":{"line":49,"column":22},"end":{"line":51,"column":null}},"line":49}},"branchMap":{"0":{"loc":{"start":{"line":23,"column":8},"end":{"line":26,"column":null}},"type":"if","locations":[{"start":{"line":23,"column":8},"end":{"line":26,"column":null}},{"start":{},"end":{}}],"line":23},"1":{"loc":{"start":{"line":38,"column":8},"end":{"line":44,"column":null}},"type":"if","locations":[{"start":{"line":38,"column":8},"end":{"line":44,"column":null}},{"start":{},"end":{}}],"line":38},"2":{"loc":{"start":{"line":13,"column":13},"end":{"line":13,"column":27}},"type":"binary-expr","locations":[{"start":{"line":13,"column":13},"end":{"line":13,"column":27}},{"start":{"line":13,"column":13},"end":{"line":13,"column":27}}],"line":13},"3":{"loc":{"start":{"line":13,"column":13},"end":{"line":12,"column":null}},"type":"binary-expr","locations":[{"start":{"line":13,"column":13},"end":{"line":13,"column":27}},{"start":{"line":13,"column":13},"end":{"line":13,"column":27}},{"start":{"line":13,"column":13},"end":{"line":12,"column":null}}],"line":13}},"s":{"0":16,"1":56,"2":56,"3":40,"4":3,"5":2,"6":2,"7":1,"8":1,"9":1,"10":0,"11":0,"12":3,"13":2,"14":2,"15":2,"16":1,"17":16},"f":{"0":3,"1":2,"2":2,"3":1,"4":0,"5":3,"6":2,"7":1},"b":{"0":[1,0],"1":[2,0],"2":[40,40],"3":[16,16,16]},"meta":{"lastBranch":4,"lastFunction":8,"lastStatement":18,"seen":{"s:13:6:13:Infinity":0,"s:14:26:14:Infinity":1,"s:16:25:16:Infinity":2,"s:13:13:13:Infinity":3,"f:18:2:18:39":0,"s:19:4:29:Infinity":4,"f:20:10:20:11":1,"s:20:20:20:46":5,"f:21:10:21:16":2,"s:21:16:21:20":6,"f:22:17:22:18":3,"b:23:8:26:Infinity:undefined:undefined:undefined:undefined":0,"s:23:8:26:Infinity":7,"s:24:10:24:Infinity":8,"s:25:10:25:Infinity":9,"s:28:8:28:Infinity":10,"f:28:26:28:32":4,"s:28:32:28:37":11,"f:33:2:33:20":5,"s:34:4:45:Infinity":12,"f:35:10:35:15":6,"s:36:28:36:Infinity":13,"b:38:8:44:Infinity:undefined:undefined:undefined:undefined":1,"s:38:8:44:Infinity":14,"s:39:10:43:Infinity":15,"f:49:2:49:22":7,"s:50:4:50:Infinity":16,"b:13:13:13:27:13:13:13:27":2,"s:13:13:12:Infinity":17,"b:13:13:13:27:13:13:13:27:13:13:12:Infinity":3},"fnNames":{}}},"/home/manu/Documents/Lead Developer Java Angular/projet5/projet5-mdd/front/src/app/shared/account-fields/account-form.ts":{"path":"/home/manu/Documents/Lead Developer Java Angular/projet5/projet5-mdd/front/src/app/shared/account-fields/account-form.ts","statementMap":{"0":{"start":{"line":26,"column":2},"end":{"line":44,"column":null}}},"fnMap":{"0":{"name":"createAccountForm","decl":{"start":{"line":21,"column":16},"end":{"line":21,"column":34}},"loc":{"start":{"line":25,"column":42},"end":{"line":45,"column":null}},"line":25}},"branchMap":{"0":{"loc":{"start":{"line":22,"column":2},"end":{"line":22,"column":null}},"type":"default-arg","locations":[{"start":{"line":22,"column":13},"end":{"line":22,"column":null}}],"line":22},"1":{"loc":{"start":{"line":23,"column":2},"end":{"line":23,"column":null}},"type":"default-arg","locations":[{"start":{"line":23,"column":10},"end":{"line":23,"column":null}}],"line":23},"2":{"loc":{"start":{"line":38,"column":12},"end":{"line":38,"column":null}},"type":"cond-expr","locations":[{"start":{"line":38,"column":31},"end":{"line":38,"column":55}},{"start":{"line":38,"column":55},"end":{"line":38,"column":null}}],"line":38},"3":{"loc":{"start":{"line":41,"column":8},"end":{"line":41,"column":null}},"type":"cond-expr","locations":[{"start":{"line":41,"column":27},"end":{"line":41,"column":57}},{"start":{"line":41,"column":57},"end":{"line":41,"column":null}}],"line":41}},"s":{"0":20},"f":{"0":20},"b":{"0":[20],"1":[20],"2":[11,9],"3":[11,9]},"meta":{"lastBranch":4,"lastFunction":1,"lastStatement":1,"seen":{"f:21:16:21:34":0,"b:22:13:22:Infinity":0,"b:23:10:23:Infinity":1,"s:26:2:44:Infinity":0,"b:38:31:38:55:38:55:38:Infinity":2,"b:41:27:41:57:41:57:41:Infinity":3},"fnNames":{}}},"/home/manu/Documents/Lead Developer Java Angular/projet5/projet5-mdd/front/src/app/shared/validators/password-complexity.validator.ts":{"path":"/home/manu/Documents/Lead Developer Java Angular/projet5/projet5-mdd/front/src/app/shared/validators/password-complexity.validator.ts","statementMap":{"0":{"start":{"line":3,"column":28},"end":{"line":3,"column":null}},"1":{"start":{"line":5,"column":37},"end":{"line":5,"column":null}},"2":{"start":{"line":7,"column":56},"end":{"line":10,"column":null}},"3":{"start":{"line":10,"column":2},"end":{"line":10,"column":null}},"4":{"start":{"line":12,"column":64},"end":{"line":15,"column":null}},"5":{"start":{"line":15,"column":2},"end":{"line":15,"column":null}}},"fnMap":{"0":{"name":"(anonymous_0)","decl":{"start":{"line":7,"column":56},"end":{"line":7,"column":null}},"loc":{"start":{"line":10,"column":2},"end":{"line":10,"column":null}},"line":10},"1":{"name":"(anonymous_1)","decl":{"start":{"line":12,"column":64},"end":{"line":12,"column":null}},"loc":{"start":{"line":15,"column":2},"end":{"line":15,"column":null}},"line":15}},"branchMap":{"0":{"loc":{"start":{"line":10,"column":2},"end":{"line":10,"column":null}},"type":"cond-expr","locations":[{"start":{"line":10,"column":44},"end":{"line":10,"column":51}},{"start":{"line":10,"column":51},"end":{"line":10,"column":null}}],"line":10},"1":{"loc":{"start":{"line":15,"column":2},"end":{"line":15,"column":null}},"type":"cond-expr","locations":[{"start":{"line":15,"column":31},"end":{"line":15,"column":38}},{"start":{"line":15,"column":38},"end":{"line":15,"column":null}}],"line":15}},"s":{"0":6,"1":6,"2":6,"3":57,"4":6,"5":36},"f":{"0":57,"1":36},"b":{"0":[13,44],"1":[34,2]},"meta":{"lastBranch":2,"lastFunction":2,"lastStatement":6,"seen":{"s:3:28:3:Infinity":0,"s:5:37:5:Infinity":1,"s:7:56:10:Infinity":2,"f:7:56:7:Infinity":0,"s:10:2:10:Infinity":3,"b:10:44:10:51:10:51:10:Infinity":0,"s:12:64:15:Infinity":4,"f:12:64:12:Infinity":1,"s:15:2:15:Infinity":5,"b:15:31:15:38:15:38:15:Infinity":1},"fnNames":{}}},"/home/manu/Documents/Lead Developer Java Angular/projet5/projet5-mdd/front/src/app/auth/auth.guard.ts":{"path":"/home/manu/Documents/Lead Developer Java Angular/projet5/projet5-mdd/front/src/app/auth/auth.guard.ts","statementMap":{"0":{"start":{"line":6,"column":40},"end":{"line":13,"column":null}},"1":{"start":{"line":7,"column":25},"end":{"line":7,"column":null}},"2":{"start":{"line":8,"column":17},"end":{"line":8,"column":null}},"3":{"start":{"line":10,"column":2},"end":{"line":12,"column":null}},"4":{"start":{"line":12,"column":35},"end":{"line":12,"column":86}}},"fnMap":{"0":{"name":"(anonymous_0)","decl":{"start":{"line":6,"column":40},"end":{"line":6,"column":46}},"loc":{"start":{"line":6,"column":46},"end":{"line":13,"column":null}},"line":6},"1":{"name":"(anonymous_1)","decl":{"start":{"line":12,"column":14},"end":{"line":12,"column":15}},"loc":{"start":{"line":12,"column":35},"end":{"line":12,"column":86}},"line":12}},"branchMap":{"0":{"loc":{"start":{"line":12,"column":35},"end":{"line":12,"column":86}},"type":"binary-expr","locations":[{"start":{"line":12,"column":35},"end":{"line":12,"column":54}},{"start":{"line":12,"column":54},"end":{"line":12,"column":86}}],"line":12}},"s":{"0":2,"1":0,"2":0,"3":0,"4":0},"f":{"0":0,"1":0},"b":{"0":[0,0]},"meta":{"lastBranch":1,"lastFunction":2,"lastStatement":5,"seen":{"s:6:40:13:Infinity":0,"f:6:40:6:46":0,"s:7:25:7:Infinity":1,"s:8:17:8:Infinity":2,"s:10:2:12:Infinity":3,"f:12:14:12:15":1,"s:12:35:12:86":4,"b:12:35:12:54:12:54:12:86":0},"fnNames":{}}},"/home/manu/Documents/Lead Developer Java Angular/projet5/projet5-mdd/front/src/app/app.routes.ts":{"path":"/home/manu/Documents/Lead Developer Java Angular/projet5/projet5-mdd/front/src/app/app.routes.ts","statementMap":{"0":{"start":{"line":14,"column":30},"end":{"line":24,"column":null}}},"fnMap":{},"branchMap":{},"s":{"0":2},"f":{},"b":{},"meta":{"lastBranch":0,"lastFunction":0,"lastStatement":1,"seen":{"s:14:30:24:Infinity":0},"fnNames":{}}},"/home/manu/Documents/Lead Developer Java Angular/projet5/projet5-mdd/front/src/app/shared/mobile-navigation/mobile-navigation.component.ts":{"path":"/home/manu/Documents/Lead Developer Java Angular/projet5/projet5-mdd/front/src/app/shared/mobile-navigation/mobile-navigation.component.ts","statementMap":{"0":{"start":{"line":21,"column":6},"end":{"line":16,"column":85}},"1":{"start":{"line":22,"column":32},"end":{"line":22,"column":85}},"2":{"start":{"line":25,"column":23},"end":{"line":25,"column":null}},"3":{"start":{"line":26,"column":28},"end":{"line":26,"column":null}},"4":{"start":{"line":27,"column":24},"end":{"line":27,"column":null}},"5":{"start":{"line":21,"column":13},"end":{"line":16,"column":85}},"6":{"start":{"line":26,"column":43},"end":{"line":26,"column":null}},"7":{"start":{"line":27,"column":39},"end":{"line":27,"column":null}},"8":{"start":{"line":30,"column":4},"end":{"line":30,"column":null}},"9":{"start":{"line":31,"column":4},"end":{"line":36,"column":null}},"10":{"start":{"line":32,"column":21},"end":{"line":32,"column":null}},"11":{"start":{"line":33,"column":6},"end":{"line":35,"column":null}},"12":{"start":{"line":34,"column":8},"end":{"line":34,"column":null}},"13":{"start":{"line":40,"column":4},"end":{"line":40,"column":null}},"14":{"start":{"line":41,"column":4},"end":{"line":41,"column":null}},"15":{"start":{"line":45,"column":4},"end":{"line":48,"column":null}},"16":{"start":{"line":46,"column":6},"end":{"line":46,"column":null}},"17":{"start":{"line":47,"column":6},"end":{"line":47,"column":null}},"18":{"start":{"line":52,"column":4},"end":{"line":55,"column":null}},"19":{"start":{"line":53,"column":6},"end":{"line":53,"column":null}},"20":{"start":{"line":54,"column":6},"end":{"line":54,"column":null}},"21":{"start":{"line":59,"column":4},"end":{"line":59,"column":null}},"22":{"start":{"line":60,"column":4},"end":{"line":60,"column":null}},"23":{"start":{"line":64,"column":4},"end":{"line":66,"column":null}},"24":{"start":{"line":65,"column":6},"end":{"line":65,"column":null}},"25":{"start":{"line":70,"column":19},"end":{"line":70,"column":null}},"26":{"start":{"line":71,"column":4},"end":{"line":73,"column":null}},"27":{"start":{"line":72,"column":6},"end":{"line":72,"column":null}},"28":{"start":{"line":21,"column":13},"end":{"line":21,"column":59}},"29":{"start":{"line":21,"column":38},"end":{"line":21,"column":59}},"30":{"start":{"line":21,"column":13},"end":{"line":22,"column":null}}},"fnMap":{"0":{"name":"(anonymous_0)","decl":{"start":{"line":26,"column":37},"end":{"line":26,"column":43}},"loc":{"start":{"line":26,"column":43},"end":{"line":26,"column":null}},"line":26},"1":{"name":"(anonymous_1)","decl":{"start":{"line":27,"column":33},"end":{"line":27,"column":39}},"loc":{"start":{"line":27,"column":39},"end":{"line":27,"column":null}},"line":27},"2":{"name":"openMenu","decl":{"start":{"line":29,"column":2},"end":{"line":29,"column":18}},"loc":{"start":{"line":29,"column":18},"end":{"line":37,"column":null}},"line":29},"3":{"name":"(anonymous_3)","decl":{"start":{"line":31,"column":38},"end":{"line":31,"column":43}},"loc":{"start":{"line":31,"column":43},"end":{"line":36,"column":7}},"line":31},"4":{"name":"ngOnDestroy","decl":{"start":{"line":39,"column":2},"end":{"line":39,"column":21}},"loc":{"start":{"line":39,"column":21},"end":{"line":42,"column":null}},"line":39},"5":{"name":"closeMenu","decl":{"start":{"line":44,"column":2},"end":{"line":44,"column":19}},"loc":{"start":{"line":44,"column":19},"end":{"line":49,"column":null}},"line":44},"6":{"name":"onMenuAnimationEnd","decl":{"start":{"line":51,"column":2},"end":{"line":51,"column":28}},"loc":{"start":{"line":51,"column":28},"end":{"line":56,"column":null}},"line":51},"7":{"name":"onDialogCancel","decl":{"start":{"line":58,"column":2},"end":{"line":58,"column":17}},"loc":{"start":{"line":58,"column":36},"end":{"line":61,"column":null}},"line":58},"8":{"name":"onDialogClick","decl":{"start":{"line":63,"column":2},"end":{"line":63,"column":16}},"loc":{"start":{"line":63,"column":40},"end":{"line":67,"column":null}},"line":63},"9":{"name":"closeNativeDialog","decl":{"start":{"line":69,"column":10},"end":{"line":69,"column":35}},"loc":{"start":{"line":69,"column":35},"end":{"line":74,"column":null}},"line":69},"10":{"name":"viewQuery","decl":{"start":{"line":21,"column":38},"end":{"line":21,"column":59}},"loc":{"start":{"line":21,"column":38},"end":{"line":21,"column":59}},"line":21}},"branchMap":{"0":{"loc":{"start":{"line":33,"column":6},"end":{"line":35,"column":null}},"type":"if","locations":[{"start":{"line":33,"column":6},"end":{"line":35,"column":null}},{"start":{},"end":{}}],"line":33},"1":{"loc":{"start":{"line":33,"column":10},"end":{"line":33,"column":34}},"type":"binary-expr","locations":[{"start":{"line":33,"column":10},"end":{"line":33,"column":20}},{"start":{"line":33,"column":20},"end":{"line":33,"column":34}}],"line":33},"2":{"loc":{"start":{"line":45,"column":4},"end":{"line":48,"column":null}},"type":"if","locations":[{"start":{"line":45,"column":4},"end":{"line":48,"column":null}},{"start":{},"end":{}}],"line":45},"3":{"loc":{"start":{"line":52,"column":4},"end":{"line":55,"column":null}},"type":"if","locations":[{"start":{"line":52,"column":4},"end":{"line":55,"column":null}},{"start":{},"end":{}}],"line":52},"4":{"loc":{"start":{"line":64,"column":4},"end":{"line":66,"column":null}},"type":"if","locations":[{"start":{"line":64,"column":4},"end":{"line":66,"column":null}},{"start":{},"end":{}}],"line":64},"5":{"loc":{"start":{"line":71,"column":4},"end":{"line":73,"column":null}},"type":"if","locations":[{"start":{"line":71,"column":4},"end":{"line":73,"column":null}},{"start":{},"end":{}}],"line":71},"6":{"loc":{"start":{"line":21,"column":13},"end":{"line":21,"column":38}},"type":"binary-expr","locations":[{"start":{"line":21,"column":13},"end":{"line":21,"column":38}},{"start":{"line":21,"column":13},"end":{"line":21,"column":38}}],"line":21},"7":{"loc":{"start":{"line":21,"column":38},"end":{"line":21,"column":59}},"type":"if","locations":[{"start":{"line":21,"column":38},"end":{"line":21,"column":59}},{"start":{},"end":{}}],"line":21},"8":{"loc":{"start":{"line":21,"column":13},"end":{"line":22,"column":null}},"type":"binary-expr","locations":[{"start":{"line":21,"column":13},"end":{"line":21,"column":38}},{"start":{"line":21,"column":13},"end":{"line":21,"column":38}},{"start":{"line":21,"column":13},"end":{"line":22,"column":null}}],"line":21},"9":{"loc":{"start":{"line":21,"column":13},"end":{"line":21,"column":59}},"type":"binary-expr","locations":[{"start":{"line":21,"column":13},"end":{"line":21,"column":38}},{"start":{"line":21,"column":13},"end":{"line":21,"column":38}},{"start":{"line":21,"column":13},"end":{"line":21,"column":59}}],"line":21}},"s":{"0":12,"1":41,"2":41,"3":41,"4":41,"5":41,"6":37,"7":37,"8":4,"9":4,"10":4,"11":4,"12":4,"13":29,"14":29,"15":3,"16":3,"17":3,"18":1,"19":1,"20":1,"21":1,"22":1,"23":2,"24":1,"25":30,"26":30,"27":4,"28":12,"29":67,"30":12},"f":{"0":37,"1":37,"2":4,"3":4,"4":29,"5":3,"6":1,"7":1,"8":2,"9":30,"10":41},"b":{"0":[4,0],"1":[4,4],"2":[3,0],"3":[1,0],"4":[1,1],"5":[4,26],"6":[29,29],"7":[29,38],"8":[12,12,12],"9":[12,12,12]},"meta":{"lastBranch":10,"lastFunction":11,"lastStatement":31,"seen":{"s:21:6:16:85":0,"s:22:32:22:85":1,"s:25:23:25:Infinity":2,"s:26:28:26:Infinity":3,"s:27:24:27:Infinity":4,"s:21:13:16:85":5,"f:26:37:26:43":0,"s:26:43:26:Infinity":6,"f:27:33:27:39":1,"s:27:39:27:Infinity":7,"f:29:2:29:18":2,"s:30:4:30:Infinity":8,"s:31:4:36:Infinity":9,"f:31:38:31:43":3,"s:32:21:32:Infinity":10,"b:33:6:35:Infinity:undefined:undefined:undefined:undefined":0,"s:33:6:35:Infinity":11,"b:33:10:33:20:33:20:33:34":1,"s:34:8:34:Infinity":12,"f:39:2:39:21":4,"s:40:4:40:Infinity":13,"s:41:4:41:Infinity":14,"f:44:2:44:19":5,"b:45:4:48:Infinity:undefined:undefined:undefined:undefined":2,"s:45:4:48:Infinity":15,"s:46:6:46:Infinity":16,"s:47:6:47:Infinity":17,"f:51:2:51:28":6,"b:52:4:55:Infinity:undefined:undefined:undefined:undefined":3,"s:52:4:55:Infinity":18,"s:53:6:53:Infinity":19,"s:54:6:54:Infinity":20,"f:58:2:58:17":7,"s:59:4:59:Infinity":21,"s:60:4:60:Infinity":22,"f:63:2:63:16":8,"b:64:4:66:Infinity:undefined:undefined:undefined:undefined":4,"s:64:4:66:Infinity":23,"s:65:6:65:Infinity":24,"f:69:10:69:35":9,"s:70:19:70:Infinity":25,"b:71:4:73:Infinity:undefined:undefined:undefined:undefined":5,"s:71:4:73:Infinity":26,"s:72:6:72:Infinity":27,"s:21:13:21:59":28,"b:21:13:21:38:21:13:21:38":6,"f:21:38:21:59":10,"b:21:38:21:59:undefined:undefined:undefined:undefined":7,"s:21:38:21:59":29,"s:21:13:22:Infinity":30,"b:21:13:21:38:21:13:21:38:21:13:22:Infinity":8,"b:21:13:21:38:21:13:21:38:21:13:21:59":9},"fnNames":{}}},"/home/manu/Documents/Lead Developer Java Angular/projet5/projet5-mdd/front/src/app/shared/icons/burger-menu-icon/burger-menu-icon.component.ts":{"path":"/home/manu/Documents/Lead Developer Java Angular/projet5/projet5-mdd/front/src/app/shared/icons/burger-menu-icon/burger-menu-icon.component.ts","statementMap":{"0":{"start":{"line":9,"column":6},"end":{"line":7,"column":null}},"1":{"start":{"line":9,"column":13},"end":{"line":7,"column":null}},"2":{"start":{"line":9,"column":13},"end":{"line":9,"column":null}},"3":{"start":{"line":9,"column":36},"end":{"line":7,"column":null}}},"fnMap":{"0":{"name":"template","decl":{"start":{"line":9,"column":36},"end":{"line":9,"column":null}},"loc":{"start":{"line":9,"column":36},"end":{"line":7,"column":null}},"line":9}},"branchMap":{"0":{"loc":{"start":{"line":9,"column":13},"end":{"line":9,"column":36}},"type":"binary-expr","locations":[{"start":{"line":9,"column":13},"end":{"line":9,"column":36}},{"start":{"line":9,"column":13},"end":{"line":9,"column":36}}],"line":9},"1":{"loc":{"start":{"line":9,"column":36},"end":{"line":7,"column":null}},"type":"if","locations":[{"start":{"line":9,"column":36},"end":{"line":7,"column":null}},{"start":{},"end":{}}],"line":9},"2":{"loc":{"start":{"line":9,"column":13},"end":{"line":7,"column":null}},"type":"binary-expr","locations":[{"start":{"line":9,"column":13},"end":{"line":9,"column":36}},{"start":{"line":9,"column":13},"end":{"line":9,"column":36}},{"start":{"line":9,"column":13},"end":{"line":7,"column":null}}],"line":9},"3":{"loc":{"start":{"line":9,"column":13},"end":{"line":9,"column":null}},"type":"binary-expr","locations":[{"start":{"line":9,"column":13},"end":{"line":9,"column":36}},{"start":{"line":9,"column":13},"end":{"line":9,"column":36}},{"start":{"line":9,"column":13},"end":{"line":9,"column":null}}],"line":9}},"s":{"0":12,"1":12,"2":12,"3":58},"f":{"0":12},"b":{"0":[29,29],"1":[29,29],"2":[12,12,12],"3":[12,12,12]},"meta":{"lastBranch":4,"lastFunction":1,"lastStatement":4,"seen":{"s:9:6:7:Infinity":0,"s:9:13:7:Infinity":1,"s:9:13:9:Infinity":2,"b:9:13:9:36:9:13:9:36":0,"f:9:36:9:Infinity":0,"b:9:36:7:Infinity:undefined:undefined:undefined:undefined":1,"s:9:36:7:Infinity":3,"b:9:13:9:36:9:13:9:36:9:13:7:Infinity":2,"b:9:13:9:36:9:13:9:36:9:13:9:Infinity":3},"fnNames":{}}},"/home/manu/Documents/Lead Developer Java Angular/projet5/projet5-mdd/front/src/app/shared/form-validation-feedback/form-validation-feedback.component.ts":{"path":"/home/manu/Documents/Lead Developer Java Angular/projet5/projet5-mdd/front/src/app/shared/form-validation-feedback/form-validation-feedback.component.ts","statementMap":{"0":{"start":{"line":10,"column":6},"end":{"line":7,"column":null}},"1":{"start":{"line":11,"column":21},"end":{"line":11,"column":null}},"2":{"start":{"line":12,"column":24},"end":{"line":12,"column":null}},"3":{"start":{"line":13,"column":21},"end":{"line":13,"column":null}},"4":{"start":{"line":14,"column":21},"end":{"line":14,"column":null}},"5":{"start":{"line":16,"column":36},"end":{"line":24,"column":null}},"6":{"start":{"line":10,"column":13},"end":{"line":7,"column":null}},"7":{"start":{"line":17,"column":20},"end":{"line":17,"column":null}},"8":{"start":{"line":18,"column":29},"end":{"line":19,"column":null}},"9":{"start":{"line":19,"column":6},"end":{"line":19,"column":null}},"10":{"start":{"line":20,"column":4},"end":{"line":20,"column":null}},"11":{"start":{"line":22,"column":25},"end":{"line":22,"column":null}},"12":{"start":{"line":23,"column":4},"end":{"line":23,"column":null}},"13":{"start":{"line":23,"column":20},"end":{"line":23,"column":46}},"14":{"start":{"line":10,"column":13},"end":{"line":10,"column":null}},"15":{"start":{"line":10,"column":44},"end":{"line":8,"column":null}},"16":{"start":{"line":10,"column":13},"end":{"line":8,"column":null}}},"fnMap":{"0":{"name":"(anonymous_0)","decl":{"start":{"line":16,"column":43},"end":{"line":16,"column":44}},"loc":{"start":{"line":16,"column":57},"end":{"line":24,"column":null}},"line":16},"1":{"name":"(anonymous_1)","decl":{"start":{"line":18,"column":29},"end":{"line":18,"column":null}},"loc":{"start":{"line":19,"column":6},"end":{"line":19,"column":null}},"line":19},"2":{"name":"(anonymous_2)","decl":{"start":{"line":23,"column":14},"end":{"line":23,"column":20}},"loc":{"start":{"line":23,"column":20},"end":{"line":23,"column":46}},"line":23},"3":{"name":"template","decl":{"start":{"line":10,"column":44},"end":{"line":10,"column":null}},"loc":{"start":{"line":10,"column":44},"end":{"line":7,"column":null}},"line":10}},"branchMap":{"0":{"loc":{"start":{"line":19,"column":23},"end":{"line":19,"column":76}},"type":"binary-expr","locations":[{"start":{"line":19,"column":23},"end":{"line":19,"column":43}},{"start":{"line":19,"column":43},"end":{"line":19,"column":60}},{"start":{"line":19,"column":60},"end":{"line":19,"column":76}}],"line":19},"1":{"loc":{"start":{"line":10,"column":13},"end":{"line":10,"column":44}},"type":"binary-expr","locations":[{"start":{"line":10,"column":13},"end":{"line":10,"column":44}},{"start":{"line":10,"column":13},"end":{"line":10,"column":44}}],"line":10},"2":{"loc":{"start":{"line":10,"column":44},"end":{"line":8,"column":null}},"type":"if","locations":[{"start":{"line":10,"column":44},"end":{"line":8,"column":null}},{"start":{},"end":{}}],"line":10},"3":{"loc":{"start":{"line":10,"column":13},"end":{"line":8,"column":null}},"type":"binary-expr","locations":[{"start":{"line":10,"column":13},"end":{"line":10,"column":44}},{"start":{"line":10,"column":13},"end":{"line":10,"column":44}},{"start":{"line":10,"column":13},"end":{"line":8,"column":null}}],"line":10},"4":{"loc":{"start":{"line":10,"column":13},"end":{"line":10,"column":null}},"type":"binary-expr","locations":[{"start":{"line":10,"column":13},"end":{"line":10,"column":44}},{"start":{"line":10,"column":13},"end":{"line":10,"column":44}},{"start":{"line":10,"column":13},"end":{"line":10,"column":null}}],"line":10}},"s":{"0":6,"1":61,"2":61,"3":61,"4":61,"5":61,"6":61,"7":55,"8":55,"9":112,"10":55,"11":55,"12":55,"13":55,"14":6,"15":117,"16":6},"f":{"0":55,"1":112,"2":55,"3":61},"b":{"0":[112,49,26],"1":[55,55],"2":[55,62],"3":[6,6,6],"4":[6,6,6]},"meta":{"lastBranch":5,"lastFunction":4,"lastStatement":17,"seen":{"s:10:6:7:Infinity":0,"s:11:21:11:Infinity":1,"s:12:24:12:Infinity":2,"s:13:21:13:Infinity":3,"s:14:21:14:Infinity":4,"s:16:36:24:Infinity":5,"s:10:13:7:Infinity":6,"f:16:43:16:44":0,"s:17:20:17:Infinity":7,"s:18:29:19:Infinity":8,"f:18:29:18:Infinity":1,"s:19:6:19:Infinity":9,"b:19:23:19:43:19:43:19:60:19:60:19:76":0,"s:20:4:20:Infinity":10,"s:22:25:22:Infinity":11,"s:23:4:23:Infinity":12,"f:23:14:23:20":2,"s:23:20:23:46":13,"s:10:13:10:Infinity":14,"b:10:13:10:44:10:13:10:44":1,"f:10:44:10:Infinity":3,"b:10:44:8:Infinity:undefined:undefined:undefined:undefined":2,"s:10:44:8:Infinity":15,"s:10:13:8:Infinity":16,"b:10:13:10:44:10:13:10:44:10:13:8:Infinity":3,"b:10:13:10:44:10:13:10:44:10:13:10:Infinity":4},"fnNames":{}}},"/home/manu/Documents/Lead Developer Java Angular/projet5/projet5-mdd/front/src/app/shared/icons/profile-icon/profile-icon.component.ts":{"path":"/home/manu/Documents/Lead Developer Java Angular/projet5/projet5-mdd/front/src/app/shared/icons/profile-icon/profile-icon.component.ts","statementMap":{"0":{"start":{"line":9,"column":6},"end":{"line":3,"column":null}},"1":{"start":{"line":10,"column":20},"end":{"line":10,"column":null}},"2":{"start":{"line":9,"column":13},"end":{"line":3,"column":null}},"3":{"start":{"line":9,"column":13},"end":{"line":9,"column":null}},"4":{"start":{"line":9,"column":33},"end":{"line":17,"column":null}},"5":{"start":{"line":9,"column":13},"end":{"line":7,"column":null}}},"fnMap":{"0":{"name":"template","decl":{"start":{"line":9,"column":33},"end":{"line":9,"column":null}},"loc":{"start":{"line":9,"column":33},"end":{"line":3,"column":null}},"line":9}},"branchMap":{"0":{"loc":{"start":{"line":9,"column":13},"end":{"line":9,"column":33}},"type":"binary-expr","locations":[{"start":{"line":9,"column":13},"end":{"line":9,"column":33}},{"start":{"line":9,"column":13},"end":{"line":9,"column":33}}],"line":9},"1":{"loc":{"start":{"line":9,"column":33},"end":{"line":17,"column":null}},"type":"if","locations":[{"start":{"line":9,"column":33},"end":{"line":17,"column":null}},{"start":{},"end":{}}],"line":9},"2":{"loc":{"start":{"line":9,"column":13},"end":{"line":7,"column":null}},"type":"binary-expr","locations":[{"start":{"line":9,"column":13},"end":{"line":9,"column":33}},{"start":{"line":9,"column":13},"end":{"line":9,"column":33}},{"start":{"line":9,"column":13},"end":{"line":7,"column":null}}],"line":9},"3":{"loc":{"start":{"line":9,"column":13},"end":{"line":9,"column":null}},"type":"binary-expr","locations":[{"start":{"line":9,"column":13},"end":{"line":9,"column":33}},{"start":{"line":9,"column":13},"end":{"line":9,"column":33}},{"start":{"line":9,"column":13},"end":{"line":9,"column":null}}],"line":9}},"s":{"0":14,"1":46,"2":46,"3":14,"4":65,"5":14},"f":{"0":46},"b":{"0":[32,32],"1":[32,33],"2":[14,14,14],"3":[14,14,14]},"meta":{"lastBranch":4,"lastFunction":1,"lastStatement":6,"seen":{"s:9:6:3:Infinity":0,"s:10:20:10:Infinity":1,"s:9:13:3:Infinity":2,"s:9:13:9:Infinity":3,"b:9:13:9:33:9:13:9:33":0,"f:9:33:9:Infinity":0,"b:9:33:17:Infinity:undefined:undefined:undefined:undefined":1,"s:9:33:17:Infinity":4,"s:9:13:7:Infinity":5,"b:9:13:9:33:9:13:9:33:9:13:7:Infinity":2,"b:9:13:9:33:9:13:9:33:9:13:9:Infinity":3},"fnNames":{}}},"/home/manu/Documents/Lead Developer Java Angular/projet5/projet5-mdd/front/src/app/shared/header/header.component.ts":{"path":"/home/manu/Documents/Lead Developer Java Angular/projet5/projet5-mdd/front/src/app/shared/header/header.component.ts","statementMap":{"0":{"start":{"line":15,"column":6},"end":{"line":10,"column":99}},"1":{"start":{"line":16,"column":36},"end":{"line":16,"column":null}},"2":{"start":{"line":18,"column":28},"end":{"line":18,"column":null}},"3":{"start":{"line":19,"column":25},"end":{"line":19,"column":null}},"4":{"start":{"line":20,"column":22},"end":{"line":20,"column":null}},"5":{"start":{"line":15,"column":13},"end":{"line":10,"column":99}},"6":{"start":{"line":20,"column":38},"end":{"line":20,"column":null}},"7":{"start":{"line":15,"column":13},"end":{"line":15,"column":null}},"8":{"start":{"line":15,"column":28},"end":{"line":16,"column":null}},"9":{"start":{"line":15,"column":13},"end":{"line":13,"column":null}}},"fnMap":{"0":{"name":"(anonymous_0)","decl":{"start":{"line":20,"column":31},"end":{"line":20,"column":38}},"loc":{"start":{"line":20,"column":38},"end":{"line":20,"column":null}},"line":20},"1":{"name":"template","decl":{"start":{"line":15,"column":28},"end":{"line":15,"column":null}},"loc":{"start":{"line":15,"column":28},"end":{"line":10,"column":24}},"line":15}},"branchMap":{"0":{"loc":{"start":{"line":20,"column":38},"end":{"line":20,"column":null}},"type":"cond-expr","locations":[{"start":{"line":20,"column":74},"end":{"line":20,"column":85}},{"start":{"line":20,"column":85},"end":{"line":20,"column":null}}],"line":20},"1":{"loc":{"start":{"line":15,"column":13},"end":{"line":15,"column":28}},"type":"binary-expr","locations":[{"start":{"line":15,"column":13},"end":{"line":15,"column":28}},{"start":{"line":15,"column":13},"end":{"line":15,"column":28}}],"line":15},"2":{"loc":{"start":{"line":15,"column":28},"end":{"line":16,"column":null}},"type":"if","locations":[{"start":{"line":15,"column":28},"end":{"line":16,"column":null}},{"start":{},"end":{}}],"line":15},"3":{"loc":{"start":{"line":15,"column":13},"end":{"line":13,"column":null}},"type":"binary-expr","locations":[{"start":{"line":15,"column":13},"end":{"line":15,"column":28}},{"start":{"line":15,"column":13},"end":{"line":15,"column":28}},{"start":{"line":15,"column":13},"end":{"line":13,"column":null}}],"line":15},"4":{"loc":{"start":{"line":15,"column":13},"end":{"line":15,"column":null}},"type":"binary-expr","locations":[{"start":{"line":15,"column":13},"end":{"line":15,"column":28}},{"start":{"line":15,"column":13},"end":{"line":15,"column":28}},{"start":{"line":15,"column":13},"end":{"line":15,"column":null}}],"line":15}},"s":{"0":11,"1":52,"2":52,"3":52,"4":52,"5":52,"6":42,"7":11,"8":83,"9":11},"f":{"0":42,"1":52},"b":{"0":[12,30],"1":[41,41],"2":[41,42],"3":[11,11,11],"4":[11,11,11]},"meta":{"lastBranch":5,"lastFunction":2,"lastStatement":10,"seen":{"s:15:6:10:99":0,"s:16:36:16:Infinity":1,"s:18:28:18:Infinity":2,"s:19:25:19:Infinity":3,"s:20:22:20:Infinity":4,"s:15:13:10:99":5,"f:20:31:20:38":0,"s:20:38:20:Infinity":6,"b:20:74:20:85:20:85:20:Infinity":0,"s:15:13:15:Infinity":7,"b:15:13:15:28:15:13:15:28":1,"f:15:28:15:Infinity":1,"b:15:28:16:Infinity:undefined:undefined:undefined:undefined":2,"s:15:28:16:Infinity":8,"s:15:13:13:Infinity":9,"b:15:13:15:28:15:13:15:28:15:13:13:Infinity":3,"b:15:13:15:28:15:13:15:28:15:13:15:Infinity":4},"fnNames":{}}},"/home/manu/Documents/Lead Developer Java Angular/projet5/projet5-mdd/front/src/app/post/post.service.ts":{"path":"/home/manu/Documents/Lead Developer Java Angular/projet5/projet5-mdd/front/src/app/post/post.service.ts","statementMap":{"0":{"start":{"line":19,"column":6},"end":{"line":19,"column":null}},"1":{"start":{"line":20,"column":26},"end":{"line":20,"column":null}},"2":{"start":{"line":19,"column":13},"end":{"line":19,"column":null}},"3":{"start":{"line":23,"column":4},"end":{"line":23,"column":null}},"4":{"start":{"line":27,"column":4},"end":{"line":27,"column":null}},"5":{"start":{"line":31,"column":4},"end":{"line":31,"column":null}},"6":{"start":{"line":35,"column":4},"end":{"line":35,"column":null}},"7":{"start":{"line":19,"column":13},"end":{"line":18,"column":null}}},"fnMap":{"0":{"name":"getPosts","decl":{"start":{"line":22,"column":2},"end":{"line":22,"column":11}},"loc":{"start":{"line":22,"column":55},"end":{"line":24,"column":null}},"line":22},"1":{"name":"getPost","decl":{"start":{"line":26,"column":2},"end":{"line":26,"column":10}},"loc":{"start":{"line":26,"column":49},"end":{"line":28,"column":null}},"line":26},"2":{"name":"createComment","decl":{"start":{"line":30,"column":2},"end":{"line":30,"column":16}},"loc":{"start":{"line":30,"column":80},"end":{"line":32,"column":null}},"line":30},"3":{"name":"createPost","decl":{"start":{"line":34,"column":2},"end":{"line":34,"column":13}},"loc":{"start":{"line":34,"column":58},"end":{"line":36,"column":null}},"line":34}},"branchMap":{"0":{"loc":{"start":{"line":19,"column":13},"end":{"line":19,"column":24}},"type":"binary-expr","locations":[{"start":{"line":19,"column":13},"end":{"line":19,"column":24}},{"start":{"line":19,"column":13},"end":{"line":19,"column":24}}],"line":19},"1":{"loc":{"start":{"line":19,"column":13},"end":{"line":18,"column":null}},"type":"binary-expr","locations":[{"start":{"line":19,"column":13},"end":{"line":19,"column":24}},{"start":{"line":19,"column":13},"end":{"line":19,"column":24}},{"start":{"line":19,"column":13},"end":{"line":18,"column":null}}],"line":19}},"s":{"0":6,"1":10,"2":4,"3":1,"4":1,"5":1,"6":1,"7":6},"f":{"0":1,"1":1,"2":1,"3":1},"b":{"0":[4,4],"1":[6,6,6]},"meta":{"lastBranch":2,"lastFunction":4,"lastStatement":8,"seen":{"s:19:6:19:Infinity":0,"s:20:26:20:Infinity":1,"s:19:13:19:Infinity":2,"f:22:2:22:11":0,"s:23:4:23:Infinity":3,"f:26:2:26:10":1,"s:27:4:27:Infinity":4,"f:30:2:30:16":2,"s:31:4:31:Infinity":5,"f:34:2:34:13":3,"s:35:4:35:Infinity":6,"b:19:13:19:24:19:13:19:24":0,"s:19:13:18:Infinity":7,"b:19:13:19:24:19:13:19:24:19:13:18:Infinity":1},"fnNames":{}}},"/home/manu/Documents/Lead Developer Java Angular/projet5/projet5-mdd/front/src/app/post/posts-list/posts-list.component.ts":{"path":"/home/manu/Documents/Lead Developer Java Angular/projet5/projet5-mdd/front/src/app/post/posts-list/posts-list.component.ts","statementMap":{"0":{"start":{"line":23,"column":6},"end":{"line":13,"column":null}},"1":{"start":{"line":24,"column":33},"end":{"line":24,"column":null}},"2":{"start":{"line":26,"column":27},"end":{"line":26,"column":null}},"3":{"start":{"line":27,"column":20},"end":{"line":27,"column":null}},"4":{"start":{"line":23,"column":13},"end":{"line":13,"column":null}},"5":{"start":{"line":27,"column":35},"end":{"line":27,"column":null}},"6":{"start":{"line":30,"column":4},"end":{"line":30,"column":null}},"7":{"start":{"line":30,"column":41},"end":{"line":30,"column":74}},"8":{"start":{"line":23,"column":13},"end":{"line":23,"column":null}},"9":{"start":{"line":23,"column":31},"end":{"line":57,"column":null}},"10":{"start":{"line":23,"column":13},"end":{"line":21,"column":null}}},"fnMap":{"0":{"name":"(anonymous_0)","decl":{"start":{"line":27,"column":29},"end":{"line":27,"column":35}},"loc":{"start":{"line":27,"column":35},"end":{"line":27,"column":null}},"line":27},"1":{"name":"toggleSort","decl":{"start":{"line":29,"column":2},"end":{"line":29,"column":20}},"loc":{"start":{"line":29,"column":20},"end":{"line":31,"column":null}},"line":29},"2":{"name":"(anonymous_2)","decl":{"start":{"line":30,"column":30},"end":{"line":30,"column":31}},"loc":{"start":{"line":30,"column":41},"end":{"line":30,"column":74}},"line":30},"3":{"name":"template","decl":{"start":{"line":23,"column":31},"end":{"line":23,"column":null}},"loc":{"start":{"line":23,"column":31},"end":{"line":29,"column":null}},"line":23}},"branchMap":{"0":{"loc":{"start":{"line":30,"column":41},"end":{"line":30,"column":74}},"type":"cond-expr","locations":[{"start":{"line":30,"column":59},"end":{"line":30,"column":67}},{"start":{"line":30,"column":67},"end":{"line":30,"column":74}}],"line":30},"1":{"loc":{"start":{"line":23,"column":13},"end":{"line":23,"column":31}},"type":"binary-expr","locations":[{"start":{"line":23,"column":13},"end":{"line":23,"column":31}},{"start":{"line":23,"column":13},"end":{"line":23,"column":31}}],"line":23},"2":{"loc":{"start":{"line":23,"column":31},"end":{"line":57,"column":null}},"type":"if","locations":[{"start":{"line":23,"column":31},"end":{"line":57,"column":null}},{"start":{},"end":{}}],"line":23},"3":{"loc":{"start":{"line":23,"column":13},"end":{"line":21,"column":null}},"type":"binary-expr","locations":[{"start":{"line":23,"column":13},"end":{"line":23,"column":31}},{"start":{"line":23,"column":13},"end":{"line":23,"column":31}},{"start":{"line":23,"column":13},"end":{"line":21,"column":null}}],"line":23},"4":{"loc":{"start":{"line":23,"column":13},"end":{"line":23,"column":null}},"type":"binary-expr","locations":[{"start":{"line":23,"column":13},"end":{"line":23,"column":31}},{"start":{"line":23,"column":13},"end":{"line":23,"column":31}},{"start":{"line":23,"column":13},"end":{"line":23,"column":null}}],"line":23}},"s":{"0":3,"1":7,"2":7,"3":7,"4":7,"5":5,"6":1,"7":1,"8":3,"9":9,"10":3},"f":{"0":5,"1":1,"2":1,"3":7},"b":{"0":[1,0],"1":[4,4],"2":[4,5],"3":[3,3,3],"4":[3,3,3]},"meta":{"lastBranch":5,"lastFunction":4,"lastStatement":11,"seen":{"s:23:6:13:Infinity":0,"s:24:33:24:Infinity":1,"s:26:27:26:Infinity":2,"s:27:20:27:Infinity":3,"s:23:13:13:Infinity":4,"f:27:29:27:35":0,"s:27:35:27:Infinity":5,"f:29:2:29:20":1,"s:30:4:30:Infinity":6,"f:30:30:30:31":2,"s:30:41:30:74":7,"b:30:59:30:67:30:67:30:74":0,"s:23:13:23:Infinity":8,"b:23:13:23:31:23:13:23:31":1,"f:23:31:23:Infinity":3,"b:23:31:57:Infinity:undefined:undefined:undefined:undefined":2,"s:23:31:57:Infinity":9,"s:23:13:21:Infinity":10,"b:23:13:23:31:23:13:23:31:23:13:21:Infinity":3,"b:23:13:23:31:23:13:23:31:23:13:23:Infinity":4},"fnNames":{}}},"/home/manu/Documents/Lead Developer Java Angular/projet5/projet5-mdd/front/src/app/shared/down-arrow-icon/down-arrow-icon.component.ts":{"path":"/home/manu/Documents/Lead Developer Java Angular/projet5/projet5-mdd/front/src/app/shared/down-arrow-icon/down-arrow-icon.component.ts","statementMap":{"0":{"start":{"line":16,"column":6},"end":{"line":11,"column":null}},"1":{"start":{"line":16,"column":13},"end":{"line":11,"column":null}},"2":{"start":{"line":16,"column":13},"end":{"line":16,"column":null}},"3":{"start":{"line":16,"column":35},"end":{"line":11,"column":null}},"4":{"start":{"line":6,"column":4},"end":{"line":6,"column":null}},"5":{"start":{"line":7,"column":6},"end":{"line":7,"column":null}},"6":{"start":{"line":11,"column":4},"end":{"line":11,"column":null}},"7":{"start":{"line":16,"column":13},"end":{"line":14,"column":null}}},"fnMap":{"0":{"name":"template","decl":{"start":{"line":16,"column":35},"end":{"line":16,"column":null}},"loc":{"start":{"line":16,"column":35},"end":{"line":11,"column":null}},"line":16}},"branchMap":{"0":{"loc":{"start":{"line":16,"column":13},"end":{"line":16,"column":35}},"type":"binary-expr","locations":[{"start":{"line":16,"column":13},"end":{"line":16,"column":35}},{"start":{"line":16,"column":13},"end":{"line":16,"column":35}}],"line":16},"1":{"loc":{"start":{"line":16,"column":35},"end":{"line":11,"column":null}},"type":"if","locations":[{"start":{"line":16,"column":35},"end":{"line":11,"column":null}},{"start":{},"end":{}}],"line":16},"2":{"loc":{"start":{"line":16,"column":13},"end":{"line":14,"column":null}},"type":"binary-expr","locations":[{"start":{"line":16,"column":13},"end":{"line":16,"column":35}},{"start":{"line":16,"column":13},"end":{"line":16,"column":35}},{"start":{"line":16,"column":13},"end":{"line":14,"column":null}}],"line":16},"3":{"loc":{"start":{"line":16,"column":13},"end":{"line":16,"column":null}},"type":"binary-expr","locations":[{"start":{"line":16,"column":13},"end":{"line":16,"column":35}},{"start":{"line":16,"column":13},"end":{"line":16,"column":35}},{"start":{"line":16,"column":13},"end":{"line":16,"column":null}}],"line":16}},"s":{"0":3,"1":3,"2":3,"3":8,"4":4,"5":4,"6":4,"7":3},"f":{"0":3},"b":{"0":[4,4],"1":[4,4],"2":[3,3,3],"3":[3,3,3]},"meta":{"lastBranch":4,"lastFunction":1,"lastStatement":8,"seen":{"s:16:6:11:Infinity":0,"s:16:13:11:Infinity":1,"s:16:13:16:Infinity":2,"b:16:13:16:35:16:13:16:35":0,"f:16:35:16:Infinity":0,"b:16:35:11:Infinity:undefined:undefined:undefined:undefined":1,"s:16:35:11:Infinity":3,"s:6:4:6:Infinity":4,"s:7:6:7:Infinity":5,"s:11:4:11:Infinity":6,"s:16:13:14:Infinity":7,"b:16:13:16:35:16:13:16:35:16:13:14:Infinity":2,"b:16:13:16:35:16:13:16:35:16:13:16:Infinity":3},"fnNames":{}}},"/home/manu/Documents/Lead Developer Java Angular/projet5/projet5-mdd/front/src/app/home/home.component.ts":{"path":"/home/manu/Documents/Lead Developer Java Angular/projet5/projet5-mdd/front/src/app/home/home.component.ts","statementMap":{"0":{"start":{"line":12,"column":6},"end":{"line":7,"column":40}},"1":{"start":{"line":12,"column":13},"end":{"line":7,"column":40}},"2":{"start":{"line":12,"column":13},"end":{"line":12,"column":null}},"3":{"start":{"line":12,"column":26},"end":{"line":21,"column":null}},"4":{"start":{"line":12,"column":13},"end":{"line":10,"column":null}}},"fnMap":{"0":{"name":"template","decl":{"start":{"line":12,"column":26},"end":{"line":12,"column":null}},"loc":{"start":{"line":12,"column":26},"end":{"line":7,"column":29}},"line":12}},"branchMap":{"0":{"loc":{"start":{"line":12,"column":13},"end":{"line":12,"column":26}},"type":"binary-expr","locations":[{"start":{"line":12,"column":13},"end":{"line":12,"column":26}},{"start":{"line":12,"column":13},"end":{"line":12,"column":26}}],"line":12},"1":{"loc":{"start":{"line":12,"column":26},"end":{"line":21,"column":null}},"type":"if","locations":[{"start":{"line":12,"column":26},"end":{"line":21,"column":null}},{"start":{},"end":{}}],"line":12},"2":{"loc":{"start":{"line":12,"column":13},"end":{"line":10,"column":null}},"type":"binary-expr","locations":[{"start":{"line":12,"column":13},"end":{"line":12,"column":26}},{"start":{"line":12,"column":13},"end":{"line":12,"column":26}},{"start":{"line":12,"column":13},"end":{"line":10,"column":null}}],"line":12},"3":{"loc":{"start":{"line":12,"column":13},"end":{"line":12,"column":null}},"type":"binary-expr","locations":[{"start":{"line":12,"column":13},"end":{"line":12,"column":26}},{"start":{"line":12,"column":13},"end":{"line":12,"column":26}},{"start":{"line":12,"column":13},"end":{"line":12,"column":null}}],"line":12}},"s":{"0":3,"1":3,"2":3,"3":1,"4":3},"f":{"0":3},"b":{"0":[1,1],"1":[1,0],"2":[3,3,3],"3":[3,3,3]},"meta":{"lastBranch":4,"lastFunction":1,"lastStatement":5,"seen":{"s:12:6:7:40":0,"s:12:13:7:40":1,"s:12:13:12:Infinity":2,"b:12:13:12:26:12:13:12:26":0,"f:12:26:12:Infinity":0,"b:12:26:21:Infinity:undefined:undefined:undefined:undefined":1,"s:12:26:21:Infinity":3,"s:12:13:10:Infinity":4,"b:12:13:12:26:12:13:12:26:12:13:10:Infinity":2,"b:12:13:12:26:12:13:12:26:12:13:12:Infinity":3},"fnNames":{}}},"/home/manu/Documents/Lead Developer Java Angular/projet5/projet5-mdd/front/src/app/topic/topics-list/topics-list.component.ts":{"path":"/home/manu/Documents/Lead Developer Java Angular/projet5/projet5-mdd/front/src/app/topic/topics-list/topics-list.component.ts","statementMap":{"0":{"start":{"line":17,"column":6},"end":{"line":12,"column":23}},"1":{"start":{"line":18,"column":32},"end":{"line":18,"column":null}},"2":{"start":{"line":19,"column":34},"end":{"line":19,"column":null}},"3":{"start":{"line":20,"column":36},"end":{"line":20,"column":null}},"4":{"start":{"line":22,"column":21},"end":{"line":24,"column":null}},"5":{"start":{"line":17,"column":13},"end":{"line":12,"column":23}},"6":{"start":{"line":24,"column":20},"end":{"line":24,"column":49}},"7":{"start":{"line":28,"column":4},"end":{"line":35,"column":null}},"8":{"start":{"line":33,"column":10},"end":{"line":33,"column":null}},"9":{"start":{"line":17,"column":13},"end":{"line":17,"column":null}},"10":{"start":{"line":17,"column":32},"end":{"line":30,"column":null}},"11":{"start":{"line":17,"column":13},"end":{"line":15,"column":null}}},"fnMap":{"0":{"name":"(anonymous_0)","decl":{"start":{"line":24,"column":14},"end":{"line":24,"column":20}},"loc":{"start":{"line":24,"column":20},"end":{"line":24,"column":49}},"line":24},"1":{"name":"subscribe","decl":{"start":{"line":27,"column":2},"end":{"line":27,"column":12}},"loc":{"start":{"line":27,"column":31},"end":{"line":36,"column":null}},"line":27},"2":{"name":"(anonymous_2)","decl":{"start":{"line":32,"column":14},"end":{"line":32,"column":19}},"loc":{"start":{"line":32,"column":19},"end":{"line":34,"column":null}},"line":32},"3":{"name":"template","decl":{"start":{"line":17,"column":32},"end":{"line":17,"column":null}},"loc":{"start":{"line":17,"column":32},"end":{"line":12,"column":40}},"line":17}},"branchMap":{"0":{"loc":{"start":{"line":17,"column":13},"end":{"line":17,"column":32}},"type":"binary-expr","locations":[{"start":{"line":17,"column":13},"end":{"line":17,"column":32}},{"start":{"line":17,"column":13},"end":{"line":17,"column":32}}],"line":17},"1":{"loc":{"start":{"line":17,"column":32},"end":{"line":30,"column":null}},"type":"if","locations":[{"start":{"line":17,"column":32},"end":{"line":30,"column":null}},{"start":{},"end":{}}],"line":17},"2":{"loc":{"start":{"line":17,"column":13},"end":{"line":15,"column":null}},"type":"binary-expr","locations":[{"start":{"line":17,"column":13},"end":{"line":17,"column":32}},{"start":{"line":17,"column":13},"end":{"line":17,"column":32}},{"start":{"line":17,"column":13},"end":{"line":15,"column":null}}],"line":17},"3":{"loc":{"start":{"line":17,"column":13},"end":{"line":17,"column":null}},"type":"binary-expr","locations":[{"start":{"line":17,"column":13},"end":{"line":17,"column":32}},{"start":{"line":17,"column":13},"end":{"line":17,"column":32}},{"start":{"line":17,"column":13},"end":{"line":17,"column":null}}],"line":17}},"s":{"0":3,"1":6,"2":6,"3":6,"4":6,"5":6,"6":4,"7":1,"8":1,"9":3,"10":10,"11":3},"f":{"0":4,"1":1,"2":1,"3":6},"b":{"0":[3,3],"1":[3,7],"2":[3,3,3],"3":[3,3,3]},"meta":{"lastBranch":4,"lastFunction":4,"lastStatement":12,"seen":{"s:17:6:12:23":0,"s:18:32:18:Infinity":1,"s:19:34:19:Infinity":2,"s:20:36:20:Infinity":3,"s:22:21:24:Infinity":4,"s:17:13:12:23":5,"f:24:14:24:20":0,"s:24:20:24:49":6,"f:27:2:27:12":1,"s:28:4:35:Infinity":7,"f:32:14:32:19":2,"s:33:10:33:Infinity":8,"s:17:13:17:Infinity":9,"b:17:13:17:32:17:13:17:32":0,"f:17:32:17:Infinity":3,"b:17:32:30:Infinity:undefined:undefined:undefined:undefined":1,"s:17:32:30:Infinity":10,"s:17:13:15:Infinity":11,"b:17:13:17:32:17:13:17:32:17:13:15:Infinity":2,"b:17:13:17:32:17:13:17:32:17:13:17:Infinity":3},"fnNames":{}}},"/home/manu/Documents/Lead Developer Java Angular/projet5/projet5-mdd/front/src/app/post/post-detail/post-detail.component.ts":{"path":"/home/manu/Documents/Lead Developer Java Angular/projet5/projet5-mdd/front/src/app/post/post-detail/post-detail.component.ts","statementMap":{"0":{"start":{"line":30,"column":6},"end":{"line":21,"column":null}},"1":{"start":{"line":31,"column":27},"end":{"line":31,"column":null}},"2":{"start":{"line":32,"column":33},"end":{"line":32,"column":null}},"3":{"start":{"line":33,"column":30},"end":{"line":33,"column":null}},"4":{"start":{"line":35,"column":24},"end":{"line":53,"column":null}},"5":{"start":{"line":30,"column":13},"end":{"line":21,"column":null}},"6":{"start":{"line":36,"column":20},"end":{"line":36,"column":48}},"7":{"start":{"line":38,"column":6},"end":{"line":51,"column":null}},"8":{"start":{"line":41,"column":10},"end":{"line":49,"column":null}},"9":{"start":{"line":42,"column":27},"end":{"line":42,"column":73}},"10":{"start":{"line":44,"column":14},"end":{"line":47,"column":null}},"11":{"start":{"line":57,"column":4},"end":{"line":57,"column":null}},"12":{"start":{"line":30,"column":13},"end":{"line":30,"column":null}},"13":{"start":{"line":30,"column":32},"end":{"line":48,"column":null}},"14":{"start":{"line":30,"column":13},"end":{"line":28,"column":null}}},"fnMap":{"0":{"name":"(anonymous_0)","decl":{"start":{"line":36,"column":8},"end":{"line":36,"column":9}},"loc":{"start":{"line":36,"column":20},"end":{"line":36,"column":48}},"line":36},"1":{"name":"(anonymous_1)","decl":{"start":{"line":37,"column":14},"end":{"line":37,"column":15}},"loc":{"start":{"line":38,"column":6},"end":{"line":51,"column":null}},"line":38},"2":{"name":"(anonymous_2)","decl":{"start":{"line":40,"column":18},"end":{"line":40,"column":null}},"loc":{"start":{"line":41,"column":10},"end":{"line":49,"column":null}},"l
[...]
:16,"column":null}},"4":{"start":{"line":17,"column":36},"end":{"line":17,"column":null}},"5":{"start":{"line":19,"column":25},"end":{"line":19,"column":null}},"6":{"start":{"line":20,"column":26},"end":{"line":20,"column":null}},"7":{"start":{"line":13,"column":13},"end":{"line":1,"column":null}},"8":{"start":{"line":23,"column":4},"end":{"line":25,"column":null}},"9":{"start":{"line":24,"column":6},"end":{"line":24,"column":null}},"10":{"start":{"line":27,"column":4},"end":{"line":27,"column":null}},"11":{"start":{"line":28,"column":4},"end":{"line":37,"column":null}},"12":{"start":{"line":33,"column":10},"end":{"line":33,"column":null}},"13":{"start":{"line":34,"column":10},"end":{"line":34,"column":null}},"14":{"start":{"line":36,"column":21},"end":{"line":36,"column":null}},"15":{"start":{"line":13,"column":13},"end":{"line":13,"column":null}},"16":{"start":{"line":13,"column":34},"end":{"line":1,"column":null}},"17":{"start":{"line":13,"column":13},"end":{"line":11,"column":null}}},"fnMap":{"0":{"name":"logout","decl":{"start":{"line":22,"column":2},"end":{"line":22,"column":16}},"loc":{"start":{"line":22,"column":16},"end":{"line":38,"column":null}},"line":22},"1":{"name":"(anonymous_1)","decl":{"start":{"line":32,"column":14},"end":{"line":32,"column":19}},"loc":{"start":{"line":32,"column":19},"end":{"line":35,"column":null}},"line":32},"2":{"name":"(anonymous_2)","decl":{"start":{"line":36,"column":15},"end":{"line":36,"column":21}},"loc":{"start":{"line":36,"column":21},"end":{"line":36,"column":null}},"line":36},"3":{"name":"template","decl":{"start":{"line":13,"column":34},"end":{"line":13,"column":null}},"loc":{"start":{"line":13,"column":34},"end":{"line":1,"column":null}},"line":13}},"branchMap":{"0":{"loc":{"start":{"line":23,"column":4},"end":{"line":25,"column":null}},"type":"if","locations":[{"start":{"line":23,"column":4},"end":{"line":25,"column":null}},{"start":{},"end":{}}],"line":23},"1":{"loc":{"start":{"line":13,"column":13},"end":{"line":13,"column":34}},"type":"binary-expr","locations":[{"start":{"line":13,"column":13},"end":{"line":13,"column":34}},{"start":{"line":13,"column":13},"end":{"line":13,"column":34}}],"line":13},"2":{"loc":{"start":{"line":13,"column":34},"end":{"line":1,"column":null}},"type":"if","locations":[{"start":{"line":13,"column":34},"end":{"line":1,"column":null}},{"start":{},"end":{}}],"line":13},"3":{"loc":{"start":{"line":13,"column":13},"end":{"line":11,"column":null}},"type":"binary-expr","locations":[{"start":{"line":13,"column":13},"end":{"line":13,"column":34}},{"start":{"line":13,"column":13},"end":{"line":13,"column":34}},{"start":{"line":13,"column":13},"end":{"line":11,"column":null}}],"line":13},"4":{"loc":{"start":{"line":13,"column":13},"end":{"line":13,"column":null}},"type":"binary-expr","locations":[{"start":{"line":13,"column":13},"end":{"line":13,"column":34}},{"start":{"line":13,"column":13},"end":{"line":13,"column":34}},{"start":{"line":13,"column":13},"end":{"line":13,"column":null}}],"line":13}},"s":{"0":13,"1":44,"2":44,"3":44,"4":44,"5":44,"6":44,"7":44,"8":2,"9":0,"10":2,"11":2,"12":2,"13":2,"14":0,"15":13,"16":64,"17":13},"f":{"0":2,"1":2,"2":0,"3":44},"b":{"0":[0,2],"1":[31,31],"2":[31,33],"3":[13,13,13],"4":[13,13,13]},"meta":{"lastBranch":5,"lastFunction":4,"lastStatement":18,"seen":{"s:13:6:1:Infinity":0,"s:14:43:14:Infinity":1,"s:15:32:15:Infinity":2,"s:16:28:16:Infinity":3,"s:17:36:17:Infinity":4,"s:19:25:19:Infinity":5,"s:20:26:20:Infinity":6,"s:13:13:1:Infinity":7,"f:22:2:22:16":0,"b:23:4:25:Infinity:undefined:undefined:undefined:undefined":0,"s:23:4:25:Infinity":8,"s:24:6:24:Infinity":9,"s:27:4:27:Infinity":10,"s:28:4:37:Infinity":11,"f:32:14:32:19":1,"s:33:10:33:Infinity":12,"s:34:10:34:Infinity":13,"f:36:15:36:21":2,"s:36:21:36:Infinity":14,"s:13:13:13:Infinity":15,"b:13:13:13:34:13:13:13:34":1,"f:13:34:13:Infinity":3,"b:13:34:1:Infinity:undefined:undefined:undefined:undefined":2,"s:13:34:1:Infinity":16,"s:13:13:11:Infinity":17,"b:13:13:13:34:13:13:13:34:13:13:11:Infinity":3,"b:13:13:13:34:13:13:13:34:13:13:13:Infinity":4},"fnNames":{}}},"/home/manu/Documents/Lead Developer Java Angular/projet5/projet5-mdd/front/src/app/auth/register/register.component.ts":{"path":"/home/manu/Documents/Lead Developer Java Angular/projet5/projet5-mdd/front/src/app/auth/register/register.component.ts","statementMap":{"0":{"start":{"line":29,"column":6},"end":{"line":23,"column":null}},"1":{"start":{"line":30,"column":43},"end":{"line":30,"column":null}},"2":{"start":{"line":31,"column":32},"end":{"line":31,"column":null}},"3":{"start":{"line":32,"column":28},"end":{"line":32,"column":null}},"4":{"start":{"line":34,"column":26},"end":{"line":34,"column":null}},"5":{"start":{"line":35,"column":22},"end":{"line":35,"column":null}},"6":{"start":{"line":37,"column":26},"end":{"line":37,"column":null}},"7":{"start":{"line":29,"column":13},"end":{"line":23,"column":null}},"8":{"start":{"line":40,"column":4},"end":{"line":43,"column":null}},"9":{"start":{"line":41,"column":6},"end":{"line":41,"column":null}},"10":{"start":{"line":42,"column":6},"end":{"line":42,"column":null}},"11":{"start":{"line":45,"column":4},"end":{"line":45,"column":null}},"12":{"start":{"line":46,"column":4},"end":{"line":46,"column":null}},"13":{"start":{"line":47,"column":4},"end":{"line":56,"column":null}},"14":{"start":{"line":51,"column":20},"end":{"line":51,"column":null}},"15":{"start":{"line":53,"column":10},"end":{"line":53,"column":null}},"16":{"start":{"line":54,"column":10},"end":{"line":54,"column":null}},"17":{"start":{"line":29,"column":13},"end":{"line":29,"column":null}},"18":{"start":{"line":29,"column":30},"end":{"line":29,"column":null}},"19":{"start":{"line":29,"column":13},"end":{"line":27,"column":null}}},"fnMap":{"0":{"name":"submit","decl":{"start":{"line":39,"column":2},"end":{"line":39,"column":16}},"loc":{"start":{"line":39,"column":16},"end":{"line":57,"column":null}},"line":39},"1":{"name":"(anonymous_1)","decl":{"start":{"line":51,"column":14},"end":{"line":51,"column":20}},"loc":{"start":{"line":51,"column":20},"end":{"line":51,"column":null}},"line":51},"2":{"name":"(anonymous_2)","decl":{"start":{"line":52,"column":15},"end":{"line":52,"column":16}},"loc":{"start":{"line":52,"column":44},"end":{"line":55,"column":null}},"line":52},"3":{"name":"template","decl":{"start":{"line":29,"column":30},"end":{"line":29,"column":null}},"loc":{"start":{"line":29,"column":30},"end":{"line":24,"column":null}},"line":29}},"branchMap":{"0":{"loc":{"start":{"line":40,"column":4},"end":{"line":43,"column":null}},"type":"if","locations":[{"start":{"line":40,"column":4},"end":{"line":43,"column":null}},{"start":{},"end":{}}],"line":40},"1":{"loc":{"start":{"line":40,"column":8},"end":{"line":40,"column":58}},"type":"binary-expr","locations":[{"start":{"line":40,"column":8},"end":{"line":40,"column":37}},{"start":{"line":40,"column":37},"end":{"line":40,"column":58}}],"line":40},"2":{"loc":{"start":{"line":29,"column":13},"end":{"line":29,"column":30}},"type":"binary-expr","locations":[{"start":{"line":29,"column":13},"end":{"line":29,"column":30}},{"start":{"line":29,"column":13},"end":{"line":29,"column":30}}],"line":29},"3":{"loc":{"start":{"line":29,"column":30},"end":{"line":29,"column":null}},"type":"if","locations":[{"start":{"line":29,"column":30},"end":{"line":29,"column":null}},{"start":{},"end":{}}],"line":29},"4":{"loc":{"start":{"line":29,"column":13},"end":{"line":27,"column":null}},"type":"binary-expr","locations":[{"start":{"line":29,"column":13},"end":{"line":29,"column":30}},{"start":{"line":29,"column":13},"end":{"line":29,"column":30}},{"start":{"line":29,"column":13},"end":{"line":27,"column":null}}],"line":29},"5":{"loc":{"start":{"line":29,"column":13},"end":{"line":29,"column":null}},"type":"binary-expr","locations":[{"start":{"line":29,"column":13},"end":{"line":29,"column":30}},{"start":{"line":29,"column":13},"end":{"line":29,"column":30}},{"start":{"line":29,"column":13},"end":{"line":29,"column":null}}],"line":29}},"s":{"0":3,"1":11,"2":11,"3":11,"4":11,"5":11,"6":11,"7":11,"8":2,"9":0,"10":0,"11":2,"12":2,"13":2,"14":1,"15":1,"16":1,"17":3,"18":21,"19":3},"f":{"0":2,"1":1,"2":1,"3":11},"b":{"0":[0,2],"1":[2,2],"2":[8,8],"3":[8,13],"4":[3,3,3],"5":[3,3,3]},"meta":{"lastBranch":6,"lastFunction":4,"lastStatement":20,"seen":{"s:29:6:23:Infinity":0,"s:30:43:30:Infinity":1,"s:31:32:31:Infinity":2,"s:32:28:32:Infinity":3,"s:34:26:34:Infinity":4,"s:35:22:35:Infinity":5,"s:37:26:37:Infinity":6,"s:29:13:23:Infinity":7,"f:39:2:39:16":0,"b:40:4:43:Infinity:undefined:undefined:undefined:undefined":0,"s:40:4:43:Infinity":8,"b:40:8:40:37:40:37:40:58":1,"s:41:6:41:Infinity":9,"s:42:6:42:Infinity":10,"s:45:4:45:Infinity":11,"s:46:4:46:Infinity":12,"s:47:4:56:Infinity":13,"f:51:14:51:20":1,"s:51:20:51:Infinity":14,"f:52:15:52:16":2,"s:53:10:53:Infinity":15,"s:54:10:54:Infinity":16,"s:29:13:29:Infinity":17,"b:29:13:29:30:29:13:29:30":2,"f:29:30:29:Infinity":3,"b:29:30:29:Infinity:undefined:undefined:undefined:undefined":3,"s:29:30:29:Infinity":18,"s:29:13:27:Infinity":19,"b:29:13:29:30:29:13:29:30:29:13:27:Infinity":4,"b:29:13:29:30:29:13:29:30:29:13:29:Infinity":5},"fnNames":{}}},"/home/manu/Documents/Lead Developer Java Angular/projet5/projet5-mdd/front/src/app/post/post-create/post-create.component.ts":{"path":"/home/manu/Documents/Lead Developer Java Angular/projet5/projet5-mdd/front/src/app/post/post-create/post-create.component.ts","statementMap":{"0":{"start":{"line":19,"column":6},"end":{"line":14,"column":23}},"1":{"start":{"line":20,"column":32},"end":{"line":20,"column":null}},"2":{"start":{"line":21,"column":33},"end":{"line":21,"column":null}},"3":{"start":{"line":22,"column":28},"end":{"line":22,"column":null}},"4":{"start":{"line":23,"column":34},"end":{"line":23,"column":null}},"5":{"start":{"line":25,"column":21},"end":{"line":25,"column":null}},"6":{"start":{"line":26,"column":22},"end":{"line":30,"column":null}},"7":{"start":{"line":31,"column":24},"end":{"line":31,"column":null}},"8":{"start":{"line":19,"column":13},"end":{"line":14,"column":23}},"9":{"start":{"line":34,"column":4},"end":{"line":37,"column":null}},"10":{"start":{"line":35,"column":6},"end":{"line":35,"column":null}},"11":{"start":{"line":36,"column":6},"end":{"line":36,"column":null}},"12":{"start":{"line":39,"column":4},"end":{"line":41,"column":null}},"13":{"start":{"line":40,"column":6},"end":{"line":40,"column":null}},"14":{"start":{"line":43,"column":40},"end":{"line":43,"column":null}},"15":{"start":{"line":44,"column":4},"end":{"line":44,"column":null}},"16":{"start":{"line":45,"column":4},"end":{"line":51,"column":null}},"17":{"start":{"line":49,"column":20},"end":{"line":49,"column":null}},"18":{"start":{"line":50,"column":21},"end":{"line":50,"column":null}},"19":{"start":{"line":19,"column":13},"end":{"line":19,"column":null}},"20":{"start":{"line":19,"column":32},"end":{"line":60,"column":null}},"21":{"start":{"line":19,"column":13},"end":{"line":17,"column":null}}},"fnMap":{"0":{"name":"create","decl":{"start":{"line":33,"column":2},"end":{"line":33,"column":16}},"loc":{"start":{"line":33,"column":16},"end":{"line":52,"column":null}},"line":33},"1":{"name":"(anonymous_1)","decl":{"start":{"line":49,"column":14},"end":{"line":49,"column":20}},"loc":{"start":{"line":49,"column":20},"end":{"line":49,"column":null}},"line":49},"2":{"name":"(anonymous_2)","decl":{"start":{"line":50,"column":15},"end":{"line":50,"column":21}},"loc":{"start":{"line":50,"column":21},"end":{"line":50,"column":null}},"line":50},"3":{"name":"template","decl":{"start":{"line":19,"column":32},"end":{"line":19,"column":null}},"loc":{"start":{"line":19,"column":32},"end":{"line":14,"column":44}},"line":19}},"branchMap":{"0":{"loc":{"start":{"line":34,"column":4},"end":{"line":37,"column":null}},"type":"if","locations":[{"start":{"line":34,"column":4},"end":{"line":37,"column":null}},{"start":{},"end":{}}],"line":34},"1":{"loc":{"start":{"line":39,"column":4},"end":{"line":41,"column":null}},"type":"if","locations":[{"start":{"line":39,"column":4},"end":{"line":41,"column":null}},{"start":{},"end":{}}],"line":39},"2":{"loc":{"start":{"line":19,"column":13},"end":{"line":19,"column":32}},"type":"binary-expr","locations":[{"start":{"line":19,"column":13},"end":{"line":19,"column":32}},{"start":{"line":19,"column":13},"end":{"line":19,"column":32}}],"line":19},"3":{"loc":{"start":{"line":19,"column":32},"end":{"line":60,"column":null}},"type":"if","locations":[{"start":{"line":19,"column":32},"end":{"line":60,"column":null}},{"start":{},"end":{}}],"line":19},"4":{"loc":{"start":{"line":19,"column":13},"end":{"line":17,"column":null}},"type":"binary-expr","locations":[{"start":{"line":19,"column":13},"end":{"line":19,"column":32}},{"start":{"line":19,"column":13},"end":{"line":19,"column":32}},{"start":{"line":19,"column":13},"end":{"line":17,"column":null}}],"line":19},"5":{"loc":{"start":{"line":19,"column":13},"end":{"line":19,"column":null}},"type":"binary-expr","locations":[{"start":{"line":19,"column":13},"end":{"line":19,"column":32}},{"start":{"line":19,"column":13},"end":{"line":19,"column":32}},{"start":{"line":19,"column":13},"end":{"line":19,"column":null}}],"line":19}},"s":{"0":3,"1":6,"2":6,"3":6,"4":6,"5":6,"6":6,"7":6,"8":6,"9":1,"10":0,"11":0,"12":1,"13":0,"14":1,"15":1,"16":1,"17":1,"18":0,"19":3,"20":10,"21":3},"f":{"0":1,"1":1,"2":0,"3":6},"b":{"0":[0,1],"1":[0,1],"2":[3,3],"3":[3,7],"4":[3,3,3],"5":[3,3,3]},"meta":{"lastBranch":6,"lastFunction":4,"lastStatement":22,"seen":{"s:19:6:14:23":0,"s:20:32:20:Infinity":1,"s:21:33:21:Infinity":2,"s:22:28:22:Infinity":3,"s:23:34:23:Infinity":4,"s:25:21:25:Infinity":5,"s:26:22:30:Infinity":6,"s:31:24:31:Infinity":7,"s:19:13:14:23":8,"f:33:2:33:16":0,"b:34:4:37:Infinity:undefined:undefined:undefined:undefined":0,"s:34:4:37:Infinity":9,"s:35:6:35:Infinity":10,"s:36:6:36:Infinity":11,"b:39:4:41:Infinity:undefined:undefined:undefined:undefined":1,"s:39:4:41:Infinity":12,"s:40:6:40:Infinity":13,"s:43:40:43:Infinity":14,"s:44:4:44:Infinity":15,"s:45:4:51:Infinity":16,"f:49:14:49:20":1,"s:49:20:49:Infinity":17,"f:50:15:50:21":2,"s:50:21:50:Infinity":18,"s:19:13:19:Infinity":19,"b:19:13:19:32:19:13:19:32":2,"f:19:32:19:Infinity":3,"b:19:32:60:Infinity:undefined:undefined:undefined:undefined":3,"s:19:32:60:Infinity":20,"s:19:13:17:Infinity":21,"b:19:13:19:32:19:13:19:32:19:13:17:Infinity":4,"b:19:13:19:32:19:13:19:32:19:13:19:Infinity":5},"fnNames":{}}},"/home/manu/Documents/Lead Developer Java Angular/projet5/projet5-mdd/front/src/app/app.component.ts":{"path":"/home/manu/Documents/Lead Developer Java Angular/projet5/projet5-mdd/front/src/app/app.component.ts","statementMap":{"0":{"start":{"line":11,"column":6},"end":{"line":6,"column":25}},"1":{"start":{"line":12,"column":19},"end":{"line":12,"column":null}},"2":{"start":{"line":11,"column":13},"end":{"line":6,"column":25}},"3":{"start":{"line":11,"column":13},"end":{"line":11,"column":null}},"4":{"start":{"line":11,"column":25},"end":{"line":1,"column":null}},"5":{"start":{"line":11,"column":13},"end":{"line":9,"column":null}}},"fnMap":{"0":{"name":"template","decl":{"start":{"line":11,"column":25},"end":{"line":11,"column":null}},"loc":{"start":{"line":11,"column":25},"end":{"line":6,"column":24}},"line":11}},"branchMap":{"0":{"loc":{"start":{"line":11,"column":13},"end":{"line":11,"column":25}},"type":"binary-expr","locations":[{"start":{"line":11,"column":13},"end":{"line":11,"column":25}},{"start":{"line":11,"column":13},"end":{"line":11,"column":25}}],"line":11},"1":{"loc":{"start":{"line":11,"column":25},"end":{"line":1,"column":null}},"type":"if","locations":[{"start":{"line":11,"column":25},"end":{"line":1,"column":null}},{"start":{},"end":{}}],"line":11},"2":{"loc":{"start":{"line":11,"column":13},"end":{"line":9,"column":null}},"type":"binary-expr","locations":[{"start":{"line":11,"column":13},"end":{"line":11,"column":25}},{"start":{"line":11,"column":13},"end":{"line":11,"column":25}},{"start":{"line":11,"column":13},"end":{"line":9,"column":null}}],"line":11},"3":{"loc":{"start":{"line":11,"column":13},"end":{"line":11,"column":null}},"type":"binary-expr","locations":[{"start":{"line":11,"column":13},"end":{"line":11,"column":25}},{"start":{"line":11,"column":13},"end":{"line":11,"column":25}},{"start":{"line":11,"column":13},"end":{"line":11,"column":null}}],"line":11}},"s":{"0":1,"1":1,"2":1,"3":1,"4":2,"5":1},"f":{"0":1},"b":{"0":[2,2],"1":[2,0],"2":[1,1,1],"3":[1,1,1]},"meta":{"lastBranch":4,"lastFunction":1,"lastStatement":6,"seen":{"s:11:6:6:25":0,"s:12:19:12:Infinity":1,"s:11:13:6:25":2,"s:11:13:11:Infinity":3,"b:11:13:11:25:11:13:11:25":0,"f:11:25:11:Infinity":0,"b:11:25:1:Infinity:undefined:undefined:undefined:undefined":1,"s:11:25:1:Infinity":4,"s:11:13:9:Infinity":5,"b:11:13:11:25:11:13:11:25:11:13:9:Infinity":2,"b:11:13:11:25:11:13:11:25:11:13:11:Infinity":3},"fnNames":{}}},"/home/manu/Documents/Lead Developer Java Angular/projet5/projet5-mdd/front/src/app/auth/session-expiration.interceptor.ts":{"path":"/home/manu/Documents/Lead Developer Java Angular/projet5/projet5-mdd/front/src/app/auth/session-expiration.interceptor.ts","statementMap":{"0":{"start":{"line":7,"column":63},"end":{"line":21,"column":null}},"1":{"start":{"line":8,"column":17},"end":{"line":8,"column":null}},"2":{"start":{"line":9,"column":25},"end":{"line":9,"column":null}},"3":{"start":{"line":11,"column":2},"end":{"line":20,"column":null}},"4":{"start":{"line":13,"column":6},"end":{"line":16,"column":null}},"5":{"start":{"line":14,"column":8},"end":{"line":14,"column":null}},"6":{"start":{"line":15,"column":8},"end":{"line":15,"column":null}},"7":{"start":{"line":18,"column":6},"end":{"line":18,"column":null}},"8":{"start":{"line":18,"column":30},"end":{"line":18,"column":35}},"9":{"start":{"line":24,"column":2},"end":{"line":24,"column":null}}},"fnMap":{"0":{"name":"(anonymous_0)","decl":{"start":{"line":7,"column":63},"end":{"line":7,"column":64}},"loc":{"start":{"line":7,"column":82},"end":{"line":21,"column":null}},"line":7},"1":{"name":"(anonymous_1)","decl":{"start":{"line":12,"column":15},"end":{"line":12,"column":16}},"loc":{"start":{"line":12,"column":45},"end":{"line":19,"column":5}},"line":12},"2":{"name":"(anonymous_2)","decl":{"start":{"line":18,"column":24},"end":{"line":18,"column":30}},"loc":{"start":{"line":18,"column":30},"end":{"line":18,"column":35}},"line":18},"3":{"name":"isProtectedApiRequest","decl":{"start":{"line":23,"column":9},"end":{"line":23,"column":31}},"loc":{"start":{"line":23,"column":53},"end":{"line":25,"column":null}},"line":23}},"branchMap":{"0":{"loc":{"start":{"line":13,"column":6},"end":{"line":16,"column":null}},"type":"if","locations":[{"start":{"line":13,"column":6},"end":{"line":16,"column":null}},{"start":{},"end":{}}],"line":13},"1":{"loc":{"start":{"line":13,"column":10},"end":{"line":13,"column":70}},"type":"binary-expr","locations":[{"start":{"line":13,"column":10},"end":{"line":13,"column":34}},{"start":{"line":13,"column":34},"end":{"line":13,"column":70}}],"line":13},"2":{"loc":{"start":{"line":24,"column":9},"end":{"line":24,"column":null}},"type":"binary-expr","locations":[{"start":{"line":24,"column":9},"end":{"line":24,"column":42}},{"start":{"line":24,"column":42},"end":{"line":24,"column":null}}],"line":24}},"s":{"0":1,"1":2,"2":2,"3":2,"4":2,"5":1,"6":1,"7":2,"8":2,"9":2},"f":{"0":2,"1":2,"2":2,"3":2},"b":{"0":[1,1],"1":[2,2],"2":[2,1]},"meta":{"lastBranch":3,"lastFunction":4,"lastStatement":10,"seen":{"s:7:63:21:Infinity":0,"f:7:63:7:64":0,"s:8:17:8:Infinity":1,"s:9:25:9:Infinity":2,"s:11:2:20:Infinity":3,"f:12:15:12:16":1,"b:13:6:16:Infinity:undefined:undefined:undefined:undefined":0,"s:13:6:16:Infinity":4,"b:13:10:13:34:13:34:13:70":1,"s:14:8:14:Infinity":5,"s:15:8:15:Infinity":6,"s:18:6:18:Infinity":7,"f:18:24:18:30":2,"s:18:30:18:35":8,"f:23:9:23:31":3,"s:24:2:24:Infinity":9,"b:24:9:24:42:24:42:24:Infinity":2},"fnNames":{}}}}}