TN:
SF:src/app/app.component.ts
FN:10,template
FNF:1
FNH:1
FNDA:13,template
DA:10,37
DA:11,13
LF:2
LH:2
BRDA:10,0,0,9
BRDA:10,0,1,9
BRDA:10,1,0,9
BRDA:10,1,1,28
BRDA:10,2,0,4
BRDA:10,2,1,4
BRDA:10,2,2,4
BRDA:10,3,0,4
BRDA:10,3,1,4
BRDA:10,3,2,4
BRF:10
BRH:10
end_of_record
TN:
SF:src/app/app.routes.ts
FNF:0
FNH:0
DA:14,5
LF:1
LH:1
BRF:0
BRH:0
end_of_record
TN:
SF:src/app/auth/auth.guard.ts
FN:6,(anonymous_0)
FN:12,(anonymous_1)
FNF:2
FNH:2
FNDA:3,(anonymous_0)
FNDA:3,(anonymous_1)
DA:6,5
DA:7,3
DA:8,3
DA:10,3
DA:12,3
LF:5
LH:5
BRDA:12,0,0,3
BRDA:12,0,1,1
BRF:2
BRH:2
end_of_record
TN:
SF:src/app/auth/authentication.service.ts
FN:20,login
FN:22,(anonymous_1)
FN:26,register
FN:28,(anonymous_3)
FN:32,logout
FN:33,(anonymous_5)
FN:36,csrfToken
FNF:7
FNH:7
FNDA:2,login
FNDA:2,(anonymous_1)
FNDA:3,register
FNDA:3,(anonymous_3)
FNDA:4,logout
FNDA:4,(anonymous_5)
FNDA:9,csrfToken
DA:17,33
DA:18,45
DA:21,2
DA:22,2
DA:27,3
DA:28,3
DA:33,4
DA:37,9
LF:8
LH:8
BRDA:17,0,0,33
BRDA:17,0,1,33
BRDA:17,1,0,12
BRDA:17,1,1,12
BRDA:17,1,2,12
BRF:5
BRH:5
end_of_record
TN:
SF:src/app/auth/session-expiration.interceptor.ts
FN:7,(anonymous_0)
FN:12,(anonymous_1)
FN:18,(anonymous_2)
FN:23,isProtectedApiRequest
FNF:4
FNH:4
FNDA:2,(anonymous_0)
FNDA:2,(anonymous_1)
FNDA:2,(anonymous_2)
FNDA:2,isProtectedApiRequest
DA:7,1
DA:8,2
DA:9,2
DA:11,2
DA:13,2
DA:14,1
DA:15,1
DA:18,2
DA:24,2
LF:9
LH:9
BRDA:13,0,0,1
BRDA:13,0,1,1
BRDA:13,1,0,2
BRDA:13,1,1,2
BRDA:24,2,0,2
BRDA:24,2,1,2
BRF:6
BRH:6
end_of_record
TN:
SF:src/app/auth/session.service.ts
FN:18,restoreSession
FN:20,(anonymous_1)
FN:21,(anonymous_2)
FN:22,(anonymous_3)
FN:28,(anonymous_4)
FN:33,updateCurrentUser
FN:35,(anonymous_6)
FN:49,clearSession
FNF:8
FNH:8
FNDA:8,restoreSession
FNDA:4,(anonymous_1)
FNDA:4,(anonymous_2)
FNDA:4,(anonymous_3)
FNDA:1,(anonymous_4)
FNDA:4,updateCurrentUser
FNDA:3,(anonymous_6)
FNDA:4,clearSession
DA:13,40
DA:14,54
DA:16,54
DA:19,8
DA:20,4
DA:21,4
DA:23,4
DA:24,3
DA:25,3
DA:28,1
DA:34,4
DA:36,3
DA:38,3
DA:39,3
DA:50,4
LF:15
LH:15
BRDA:23,0,0,3
BRDA:23,0,1,1
BRDA:38,1,0,3
BRDA:38,1,1,0
BRDA:13,2,0,40
BRDA:13,2,1,40
BRDA:13,3,0,14
BRDA:13,3,1,14
BRDA:13,3,2,14
BRF:9
BRH:8
end_of_record
TN:
SF:src/app/auth/unknown-route.guard.ts
FN:6,(anonymous_0)
FN:12,(anonymous_1)
FNF:2
FNH:2
FNDA:2,(anonymous_0)
FNDA:2,(anonymous_1)
DA:6,5
DA:7,2
DA:8,2
DA:10,2
DA:12,2
LF:5
LH:5
BRDA:12,0,0,2
BRDA:12,0,1,1
BRF:2
BRH:2
end_of_record
TN:
SF:src/app/auth/login/login.component.ts
FN:47,submit
FN:59,(anonymous_1)
FN:60,(anonymous_2)
FN:31,template
FNF:4
FNH:4
FNDA:2,submit
FNDA:1,(anonymous_1)
FNDA:1,(anonymous_2)
FNDA:9,template
DA:31,14
DA:32,9
DA:33,9
DA:34,9
DA:36,9
DA:37,9
DA:39,9
DA:48,2
DA:49,0
DA:50,0
DA:53,2
DA:54,2
DA:55,2
DA:59,1
DA:61,1
DA:62,1
LF:16
LH:14
BRDA:48,0,0,0
BRDA:48,0,1,2
BRDA:48,1,0,2
BRDA:48,1,1,2
BRDA:31,2,0,4
BRDA:31,2,1,4
BRDA:31,3,0,4
BRDA:31,3,1,10
BRDA:31,4,0,5
BRDA:31,4,1,5
BRDA:31,4,2,5
BRDA:31,5,0,5
BRDA:31,5,1,5
BRDA:31,5,2,5
BRF:14
BRH:13
end_of_record
TN:
SF:src/app/auth/register/register.component.ts
FN:38,submit
FN:50,(anonymous_1)
FN:51,(anonymous_2)
FN:28,template
FNF:4
FNH:4
FNDA:3,submit
FNDA:1,(anonymous_1)
FNDA:2,(anonymous_2)
FNDA:8,template
DA:28,8
DA:29,8
DA:30,8
DA:31,8
DA:33,8
DA:34,8
DA:36,8
DA:39,3
DA:40,0
DA:41,0
DA:44,3
DA:45,3
DA:46,3
DA:50,1
DA:52,2
DA:53,2
LF:16
LH:14
BRDA:39,0,0,0
BRDA:39,0,1,3
BRDA:39,1,0,3
BRDA:39,1,1,3
BRDA:28,2,0,3
BRDA:28,2,1,3
BRDA:28,3,0,3
BRDA:28,3,1,5
BRDA:28,4,0,5
BRDA:28,4,1,5
BRDA:28,4,2,5
BRDA:28,5,0,5
BRDA:28,5,1,5
BRDA:28,5,2,5
BRF:14
BRH:13
end_of_record
TN:
SF:src/app/home/home.component.ts
FN:11,template
FNF:1
FNH:1
FNDA:5,template
DA:11,5
LF:1
LH:1
BRDA:11,0,0,2
BRDA:11,0,1,2
BRDA:11,1,0,2
BRDA:11,1,1,2
BRDA:11,2,0,5
BRDA:11,2,1,5
BRDA:11,2,2,5
BRDA:11,3,0,5
BRDA:11,3,1,5
BRDA:11,3,2,5
BRF:10
BRH:10
end_of_record
TN:
SF:src/app/not-found/not-found.component.ts
FN:11,template
FNF:1
FNH:1
FNDA:5,template
DA:11,5
LF:1
LH:1
BRDA:11,0,0,1
BRDA:11,0,1,1
BRDA:11,1,0,1
BRDA:11,1,1,1
BRDA:11,2,0,5
BRDA:11,2,1,5
BRDA:11,2,2,5
BRDA:11,3,0,5
BRDA:11,3,1,5
BRDA:11,3,2,5
BRF:10
BRH:10
end_of_record
TN:
SF:src/app/post/post.service.ts
FN:22,getPosts
FN:26,getPost
FN:30,createComment
FN:34,createPost
FNF:4
FNH:4
FNDA:7,getPosts
FNDA:6,getPost
FNDA:1,createComment
FNDA:2,createPost
DA:19,15
DA:20,23
DA:23,7
DA:27,6
DA:31,1
DA:35,2
LF:6
LH:6
BRDA:19,0,0,15
BRDA:19,0,1,15
BRDA:19,1,0,8
BRDA:19,1,1,8
BRDA:19,1,2,8
BRF:5
BRH:5
end_of_record
TN:
SF:src/app/post/post-comments/post-comments.component.ts
FN:32,send
FN:41,(anonymous_1)
FN:20,template
FNF:3
FNH:3
FNDA:1,send
FNDA:1,(anonymous_1)
FNDA:8,template
DA:20,8
DA:21,8
DA:22,8
DA:24,8
DA:25,8
DA:26,8
DA:28,8
DA:33,1
DA:34,0
DA:35,0
DA:38,1
DA:42,1
DA:43,1
LF:13
LH:11
BRDA:33,0,0,0
BRDA:33,0,1,1
BRDA:20,1,0,2
BRDA:20,1,1,2
BRDA:20,2,0,2
BRDA:20,2,1,4
BRDA:20,3,0,6
BRDA:20,3,1,6
BRDA:20,3,2,6
BRDA:20,4,0,6
BRDA:20,4,1,6
BRDA:20,4,2,6
BRF:12
BRH:11
end_of_record
TN:
SF:src/app/post/post-create/post-create.component.ts
FN:32,create
FN:48,(anonymous_1)
FN:49,(anonymous_2)
FN:18,template
FNF:4
FNH:4
FNDA:3,create
FNDA:1,(anonymous_1)
FNDA:1,(anonymous_2)
FNDA:10,template
DA:18,22
DA:19,10
DA:20,10
DA:21,10
DA:22,10
DA:24,10
DA:25,10
DA:30,10
DA:33,3
DA:34,1
DA:35,1
DA:38,2
DA:39,0
DA:42,2
DA:43,2
DA:44,2
DA:48,1
DA:49,1
LF:18
LH:17
BRDA:33,0,0,1
BRDA:33,0,1,2
BRDA:38,1,0,0
BRDA:38,1,1,2
BRDA:18,2,0,4
BRDA:18,2,1,4
BRDA:18,3,0,4
BRDA:18,3,1,18
BRDA:18,4,0,6
BRDA:18,4,1,6
BRDA:18,4,2,6
BRDA:18,5,0,6
BRDA:18,5,1,6
BRDA:18,5,2,6
BRF:14
BRH:13
end_of_record
TN:
SF:src/app/post/post-detail/post-detail.component.ts
FN:35,(anonymous_0)
FN:36,(anonymous_1)
FN:39,(anonymous_2)
FN:41,(anonymous_3)
FN:42,(anonymous_4)
FN:55,reloadPost
FN:29,template
FNF:7
FNH:7
FNDA:5,(anonymous_0)
FNDA:5,(anonymous_1)
FNDA:6,(anonymous_2)
FNDA:4,(anonymous_3)
FNDA:2,(anonymous_4)
FNDA:1,reloadPost
FNDA:11,template
DA:29,16
DA:30,11
DA:31,11
DA:32,11
DA:34,11
DA:35,5
DA:37,5
DA:40,6
DA:41,4
DA:43,2
DA:56,1
LF:11
LH:11
BRDA:44,0,0,1
BRDA:44,0,1,1
BRDA:44,1,0,2
BRDA:44,1,1,2
BRDA:29,2,0,5
BRDA:29,2,1,5
BRDA:29,3,0,5
BRDA:29,3,1,11
BRDA:29,4,0,6
BRDA:29,4,1,6
BRDA:29,4,2,6
BRDA:29,5,0,6
BRDA:29,5,1,6
BRDA:29,5,2,6
BRF:14
BRH:14
end_of_record
TN:
SF:src/app/post/posts-list/posts-list.component.ts
FN:27,(anonymous_0)
FN:29,toggleSort
FN:30,(anonymous_2)
FN:23,template
FNF:4
FNH:4
FNDA:7,(anonymous_0)
FNDA:1,toggleSort
FNDA:1,(anonymous_2)
FNDA:12,template
DA:23,21
DA:24,12
DA:26,12
DA:27,12
DA:30,1
LF:5
LH:5
BRDA:30,0,0,1
BRDA:30,0,1,0
BRDA:23,1,0,6
BRDA:23,1,1,6
BRDA:23,2,0,6
BRDA:23,2,1,15
BRDA:23,3,0,6
BRDA:23,3,1,6
BRDA:23,3,2,6
BRDA:23,4,0,6
BRDA:23,4,1,6
BRDA:23,4,2,6
BRF:12
BRH:11
end_of_record
TN:
SF:src/app/shared/account-fields/account-fields.component.ts
FN:16,template
FNF:1
FNH:1
FNDA:14,template
DA:16,38
DA:17,14
DA:18,14
DA:20,14
LF:4
LH:4
BRDA:16,0,0,8
BRDA:16,0,1,8
BRDA:16,1,0,8
BRDA:16,1,1,30
BRDA:16,2,0,6
BRDA:16,2,1,6
BRDA:16,2,2,6
BRDA:16,3,0,6
BRDA:16,3,1,6
BRDA:16,3,2,6
BRF:10
BRH:10
end_of_record
TN:
SF:src/app/shared/account-fields/account-form.ts
FN:21,createAccountForm
FNF:1
FNH:1
FNDA:8,createAccountForm
DA:26,8
LF:1
LH:1
BRDA:22,0,0,8
BRDA:23,1,0,8
BRDA:38,2,0,3
BRDA:38,2,1,5
BRDA:41,3,0,3
BRDA:41,3,1,5
BRF:6
BRH:6
end_of_record
TN:
SF:src/app/shared/api-error/api-error.component.ts
FN:9,template
FNF:1
FNH:1
FNDA:10,template
DA:9,10
DA:10,10
LF:2
LH:2
BRDA:9,0,0,4
BRDA:9,0,1,4
BRDA:9,1,0,4
BRDA:9,1,1,4
BRDA:9,2,0,6
BRDA:9,2,1,6
BRDA:9,2,2,6
BRDA:9,3,0,6
BRDA:9,3,1,6
BRDA:9,3,2,6
BRF:10
BRH:10
end_of_record
TN:
SF:src/app/shared/api-error/api-error.ts
FN:12,toApiError
FN:20,parseApiErrorResponse
FN:29,messageFor
FN:33,isKnownMessageCode
FNF:4
FNH:4
FNDA:4,toApiError
FNDA:4,parseApiErrorResponse
FNDA:3,messageFor
FNDA:3,isKnownMessageCode
DA:13,4
DA:15,4
DA:21,4
DA:22,1
DA:25,3
DA:26,3
DA:30,3
DA:34,3
LF:8
LH:8
BRDA:16,0,0,1
BRDA:16,0,1,3
BRDA:21,1,0,1
BRDA:21,1,1,3
BRDA:21,2,0,4
BRDA:21,2,1,3
BRDA:21,2,2,3
BRDA:26,3,0,3
BRDA:26,3,1,0
BRDA:30,4,0,3
BRDA:30,4,1,0
BRDA:34,5,0,3
BRDA:34,5,1,3
BRF:13
BRH:11
end_of_record
TN:
SF:src/app/shared/back-button/back-button.component.ts
FN:11,template
FNF:1
FNH:1
FNDA:22,template
DA:11,30
DA:12,22
DA:13,22
LF:3
LH:3
BRDA:11,0,0,15
BRDA:11,0,1,15
BRDA:11,1,0,15
BRDA:11,1,1,15
BRDA:11,2,0,7
BRDA:11,2,1,7
BRDA:11,2,2,7
BRDA:11,3,0,7
BRDA:11,3,1,7
BRDA:11,3,2,7
BRF:10
BRH:10
end_of_record
TN:
SF:src/app/shared/down-arrow-icon/down-arrow-icon.component.ts
FN:16,template
FNF:1
FNH:1
FNDA:6,template
DA:6,6
DA:7,6
DA:11,6
DA:16,12
LF:4
LH:4
BRDA:16,0,0,6
BRDA:16,0,1,6
BRDA:16,1,0,6
BRDA:16,1,1,6
BRDA:16,2,0,6
BRDA:16,2,1,6
BRDA:16,2,2,6
BRDA:16,3,0,6
BRDA:16,3,1,6
BRDA:16,3,2,6
BRF:10
BRH:10
end_of_record
TN:
SF:src/app/shared/form-validation-feedback/form-validation-feedback.component.ts
FN:15,(anonymous_0)
FN:17,(anonymous_1)
FN:22,(anonymous_2)
FN:9,template
FNF:4
FNH:4
FNDA:24,(anonymous_0)
FNDA:80,(anonymous_1)
FNDA:24,(anonymous_2)
FNDA:30,template
DA:9,54
DA:10,30
DA:11,30
DA:12,30
DA:13,30
DA:15,30
DA:16,24
DA:17,24
DA:18,80
DA:19,24
DA:21,24
DA:22,24
LF:12
LH:12
BRDA:18,0,0,80
BRDA:18,0,1,18
BRDA:18,0,2,9
BRDA:9,1,0,24
BRDA:9,1,1,24
BRDA:9,2,0,24
BRDA:9,2,1,30
BRDA:9,3,0,6
BRDA:9,3,1,6
BRDA:9,3,2,6
BRDA:9,4,0,6
BRDA:9,4,1,6
BRDA:9,4,2,6
BRF:13
BRH:13
end_of_record
TN:
SF:src/app/shared/header/header.component.ts
FN:19,(anonymous_0)
FN:14,template
FNF:2
FNH:2
FNDA:33,(anonymous_0)
FNDA:42,template
DA:14,66
DA:15,42
DA:17,42
DA:18,42
DA:19,42
LF:5
LH:5
BRDA:19,0,0,9
BRDA:19,0,1,24
BRDA:14,1,0,32
BRDA:14,1,1,32
BRDA:14,2,0,32
BRDA:14,2,1,34
BRDA:14,3,0,10
BRDA:14,3,1,10
BRDA:14,3,2,10
BRDA:14,4,0,10
BRDA:14,4,1,10
BRDA:14,4,2,10
BRF:12
BRH:12
end_of_record
TN:
SF:src/app/shared/icons/burger-menu-icon/burger-menu-icon.component.ts
FN:9,template
FNF:1
FNH:1
FNDA:11,template
DA:9,64
LF:1
LH:1
BRDA:9,0,0,32
BRDA:9,0,1,32
BRDA:9,1,0,32
BRDA:9,1,1,32
BRDA:9,2,0,11
BRDA:9,2,1,11
BRDA:9,2,2,11
BRDA:9,3,0,11
BRDA:9,3,1,11
BRDA:9,3,2,11
BRF:10
BRH:10
end_of_record
TN:
SF:src/app/shared/icons/profile-icon/profile-icon.component.ts
FN:9,template
FNF:1
FNH:1
FNDA:42,template
DA:9,62
DA:10,42
LF:2
LH:2
BRDA:9,0,0,31
BRDA:9,0,1,31
BRDA:9,1,0,31
BRDA:9,1,1,31
BRDA:9,2,0,11
BRDA:9,2,1,11
BRDA:9,2,2,11
BRDA:9,3,0,11
BRDA:9,3,1,11
BRDA:9,3,2,11
BRF:10
BRH:10
end_of_record
TN:
SF:src/app/shared/logout-button/logout-button.component.ts
FN:21,logout
FN:31,(anonymous_1)
FN:35,(anonymous_2)
FN:12,template
FNF:4
FNH:4
FNDA:4,logout
FNDA:3,(anonymous_1)
FNDA:1,(anonymous_2)
FNDA:46,template
DA:12,71
DA:13,46
DA:14,46
DA:15,46
DA:16,46
DA:18,46
DA:19,46
DA:22,4
DA:23,0
DA:26,4
DA:27,4
DA:32,3
DA:33,3
DA:35,1
LF:14
LH:13
BRDA:22,0,0,0
BRDA:22,0,1,4
BRDA:12,1,0,34
BRDA:12,1,1,34
BRDA:12,2,0,34
BRDA:12,2,1,37
BRDA:12,3,0,12
BRDA:12,3,1,12
BRDA:12,3,2,12
BRDA:12,4,0,12
BRDA:12,4,1,12
BRDA:12,4,2,12
BRF:12
BRH:11
end_of_record
TN:
SF:src/app/shared/messages/error-messages.ts
FNF:0
FNH:0
DA:1,6
LF:1
LH:1
BRF:0
BRH:0
end_of_record
TN:
SF:src/app/shared/mobile-navigation/mobile-navigation.component.ts
FN:26,(anonymous_0)
FN:27,(anonymous_1)
FN:29,openMenu
FN:31,(anonymous_3)
FN:39,ngOnDestroy
FN:44,closeMenu
FN:51,onMenuAnimationEnd
FN:58,onDialogCancel
FN:63,onDialogClick
FN:69,closeNativeDialog
FN:21,viewQuery
FNF:11
FNH:11
FNDA:45,(anonymous_0)
FNDA:45,(anonymous_1)
FNDA:6,openMenu
FNDA:6,(anonymous_3)
FNDA:32,ngOnDestroy
FNDA:5,closeMenu
FNDA:2,onMenuAnimationEnd
FNDA:1,onDialogCancel
FNDA:4,onDialogClick
FNDA:34,closeNativeDialog
FNDA:43,viewQuery
DA:21,78
DA:22,43
DA:25,43
DA:26,45
DA:27,45
DA:30,6
DA:31,6
DA:32,6
DA:33,6
DA:34,6
DA:40,32
DA:41,32
DA:45,5
DA:46,5
DA:47,5
DA:52,2
DA:53,2
DA:54,2
DA:59,1
DA:60,1
DA:64,4
DA:65,1
DA:70,34
DA:71,34
DA:72,6
LF:25
LH:25
BRDA:33,0,0,6
BRDA:33,0,1,0
BRDA:33,1,0,6
BRDA:33,1,1,6
BRDA:45,2,0,5
BRDA:45,2,1,0
BRDA:52,3,0,2
BRDA:52,3,1,0
BRDA:64,4,0,1
BRDA:64,4,1,3
BRDA:71,5,0,6
BRDA:71,5,1,28
BRDA:21,6,0,32
BRDA:21,6,1,32
BRDA:21,7,0,32
BRDA:21,7,1,46
BRDA:21,8,0,11
BRDA:21,8,1,11
BRDA:21,8,2,11
BRDA:21,9,0,11
BRDA:21,9,1,11
BRDA:21,9,2,11
BRF:22
BRH:19
end_of_record
TN:
SF:src/app/shared/navigation-links/navigation-links.component.ts
FN:15,onNavigationRequested
FN:11,template
FNF:2
FNH:2
FNDA:2,onNavigationRequested
FNDA:42,template
DA:11,66
DA:12,42
DA:13,42
DA:16,2
LF:4
LH:4
BRDA:11,0,0,31
BRDA:11,0,1,31
BRDA:11,1,0,31
BRDA:11,1,1,35
BRDA:11,2,0,11
BRDA:11,2,1,11
BRDA:11,2,2,11
BRDA:11,3,0,11
BRDA:11,3,1,11
BRDA:11,3,2,11
BRF:10
BRH:10
end_of_record
TN:
SF:src/app/shared/validators/password-complexity.validator.ts
FN:7,(anonymous_0)
FN:10,(anonymous_1)
FN:14,(anonymous_2)
FNF:3
FNH:3
FNDA:16,(anonymous_0)
FNDA:28,(anonymous_1)
FNDA:23,(anonymous_2)
DA:3,6
DA:5,6
DA:7,6
DA:10,28
DA:14,6
DA:17,23
LF:6
LH:6
BRDA:10,0,0,4
BRDA:10,0,1,12
BRDA:17,1,0,22
BRDA:17,1,1,1
BRF:4
BRH:4
end_of_record
TN:
SF:src/app/topic/topic.service.ts
FN:10,getTopics
FN:14,subscribe
FN:18,unsubscribe
FNF:3
FNH:3
FNDA:15,getTopics
FNDA:1,subscribe
FNDA:1,unsubscribe
DA:7,13
DA:8,21
DA:11,15
DA:15,1
DA:19,1
LF:5
LH:5
BRDA:7,0,0,13
BRDA:7,0,1,13
BRDA:7,1,0,8
BRDA:7,1,1,8
BRDA:7,1,2,8
BRF:5
BRH:5
end_of_record
TN:
SF:src/app/topic/topics-list/topics-list.component.ts
FN:23,(anonymous_0)
FN:26,subscribe
FN:31,(anonymous_2)
FN:16,template
FNF:4
FNH:4
FNDA:5,(anonymous_0)
FNDA:1,subscribe
FNDA:1,(anonymous_2)
FNDA:10,template
DA:16,12
DA:17,10
DA:18,10
DA:19,10
DA:21,10
DA:23,5
DA:27,1
DA:32,1
LF:8
LH:8
BRDA:16,0,0,4
BRDA:16,0,1,4
BRDA:16,1,0,4
BRDA:16,1,1,8
BRDA:16,2,0,6
BRDA:16,2,1,6
BRDA:16,2,2,6
BRDA:16,3,0,6
BRDA:16,3,1,6
BRDA:16,3,2,6
BRF:10
BRH:10
end_of_record
TN:
SF:src/app/user/profile/profile.component.ts
FN:42,(anonymous_0)
FN:53,unsubscribe
FN:58,(anonymous_2)
FN:64,hasChanges
FN:74,save
FN:91,(anonymous_5)
FN:103,(anonymous_6)
FN:29,template
FNF:8
FNH:8
FNDA:6,(anonymous_0)
FNDA:1,unsubscribe
FNDA:1,(anonymous_2)
FNDA:19,hasChanges
FNDA:3,save
FNDA:2,(anonymous_5)
FNDA:1,(anonymous_6)
FNDA:11,template
DA:29,21
DA:30,11
DA:31,11
DA:32,11
DA:33,11
DA:34,11
DA:35,11
DA:40,11
DA:42,6
DA:45,11
DA:50,11
DA:51,11
DA:54,1
DA:59,1
DA:65,19
DA:67,19
DA:75,3
DA:76,0
DA:77,0
DA:80,3
DA:81,0
DA:84,3
DA:85,3
DA:86,3
DA:87,3
DA:92,2
DA:96,2
DA:101,2
DA:104,1
DA:105,1
LF:30
LH:27
BRDA:68,0,0,19
BRDA:68,0,1,14
BRDA:68,0,2,14
BRDA:75,1,0,0
BRDA:75,1,1,3
BRDA:75,2,0,3
BRDA:75,2,1,3
BRDA:80,3,0,0
BRDA:80,3,1,3
BRDA:29,4,0,5
BRDA:29,4,1,5
BRDA:29,5,0,5
BRDA:29,5,1,16
BRDA:29,6,0,6
BRDA:29,6,1,6
BRDA:29,6,2,6
BRDA:29,7,0,6
BRDA:29,7,1,6
BRDA:29,7,2,6
BRF:19
BRH:17
end_of_record
