TN:
SF:src/app/app.component.ts
FN:11,template
FNF:1
FNH:1
FNDA:13,template
DA:11,37
DA:12,13
LF:2
LH:2
BRDA:11,0,0,9
BRDA:11,0,1,9
BRDA:11,1,0,9
BRDA:11,1,1,28
BRDA:11,2,0,4
BRDA:11,2,1,4
BRDA:11,2,2,4
BRDA:11,3,0,4
BRDA:11,3,1,4
BRDA:11,3,2,4
BRF:10
BRH:10
end_of_record
TN:
SF:src/app/app.routes.ts
FNF:0
FNH:0
DA:14,5
LF:1
LH:1
BRF:0
BRH:0
end_of_record
TN:
SF:src/app/auth/auth.guard.ts
FN:6,(anonymous_0)
FN:12,(anonymous_1)
FNF:2
FNH:2
FNDA:3,(anonymous_0)
FNDA:3,(anonymous_1)
DA:6,5
DA:7,3
DA:8,3
DA:10,3
DA:12,3
LF:5
LH:5
BRDA:12,0,0,3
BRDA:12,0,1,1
BRF:2
BRH:2
end_of_record
TN:
SF:src/app/auth/authentication.service.ts
FN:20,login
FN:22,(anonymous_1)
FN:26,register
FN:28,(anonymous_3)
FN:32,logout
FN:33,(anonymous_5)
FN:36,csrfToken
FNF:7
FNH:7
FNDA:2,login
FNDA:2,(anonymous_1)
FNDA:3,register
FNDA:3,(anonymous_3)
FNDA:4,logout
FNDA:4,(anonymous_5)
FNDA:9,csrfToken
DA:17,34
DA:18,46
DA:21,2
DA:22,2
DA:27,3
DA:28,3
DA:33,4
DA:37,9
LF:8
LH:8
BRDA:17,0,0,34
BRDA:17,0,1,34
BRDA:17,1,0,12
BRDA:17,1,1,12
BRDA:17,1,2,12
BRF:5
BRH:5
end_of_record
TN:
SF:src/app/auth/session-expiration.interceptor.ts
FN:7,(anonymous_0)
FN:12,(anonymous_1)
FN:18,(anonymous_2)
FN:23,isProtectedApiRequest
FNF:4
FNH:4
FNDA:2,(anonymous_0)
FNDA:2,(anonymous_1)
FNDA:2,(anonymous_2)
FNDA:2,isProtectedApiRequest
DA:7,1
DA:8,2
DA:9,2
DA:11,2
DA:13,2
DA:14,1
DA:15,1
DA:18,2
DA:24,2
LF:9
LH:9
BRDA:13,0,0,1
BRDA:13,0,1,1
BRDA:13,1,0,2
BRDA:13,1,1,2
BRDA:24,2,0,2
BRDA:24,2,1,2
BRF:6
BRH:6
end_of_record
TN:
SF:src/app/auth/session.service.ts
FN:18,restoreSession
FN:20,(anonymous_1)
FN:21,(anonymous_2)
FN:22,(anonymous_3)
FN:28,(anonymous_4)
FN:33,updateCurrentUser
FN:35,(anonymous_6)
FN:49,clearSession
FNF:8
FNH:8
FNDA:8,restoreSession
FNDA:4,(anonymous_1)
FNDA:4,(anonymous_2)
FNDA:4,(anonymous_3)
FNDA:1,(anonymous_4)
FNDA:4,updateCurrentUser
FNDA:3,(anonymous_6)
FNDA:4,clearSession
DA:13,41
DA:14,55
DA:16,55
DA:19,8
DA:20,4
DA:21,4
DA:23,4
DA:24,3
DA:25,3
DA:28,1
DA:34,4
DA:36,3
DA:38,3
DA:39,3
DA:50,4
LF:15
LH:15
BRDA:23,0,0,3
BRDA:23,0,1,1
BRDA:38,1,0,3
BRDA:38,1,1,0
BRDA:13,2,0,41
BRDA:13,2,1,41
BRDA:13,3,0,14
BRDA:13,3,1,14
BRDA:13,3,2,14
BRF:9
BRH:8
end_of_record
TN:
SF:src/app/auth/unknown-route.guard.ts
FN:6,(anonymous_0)
FN:12,(anonymous_1)
FNF:2
FNH:2
FNDA:2,(anonymous_0)
FNDA:2,(anonymous_1)
DA:6,5
DA:7,2
DA:8,2
DA:10,2
DA:12,2
LF:5
LH:5
BRDA:12,0,0,2
BRDA:12,0,1,1
BRF:2
BRH:2
end_of_record
TN:
SF:src/app/auth/login/login.component.ts
FN:48,submit
FN:60,(anonymous_1)
FN:61,(anonymous_2)
FN:32,template
FNF:4
FNH:4
FNDA:2,submit
FNDA:1,(anonymous_1)
FNDA:1,(anonymous_2)
FNDA:9,template
DA:32,14
DA:33,9
DA:34,9
DA:35,9
DA:37,9
DA:38,9
DA:40,9
DA:49,2
DA:50,0
DA:51,0
DA:54,2
DA:55,2
DA:56,2
DA:60,1
DA:62,1
DA:63,1
LF:16
LH:14
BRDA:49,0,0,0
BRDA:49,0,1,2
BRDA:49,1,0,2
BRDA:49,1,1,2
BRDA:32,2,0,4
BRDA:32,2,1,4
BRDA:32,3,0,4
BRDA:32,3,1,10
BRDA:32,4,0,5
BRDA:32,4,1,5
BRDA:32,4,2,5
BRDA:32,5,0,5
BRDA:32,5,1,5
BRDA:32,5,2,5
BRF:14
BRH:13
end_of_record
TN:
SF:src/app/auth/register/register.component.ts
FN:39,submit
FN:51,(anonymous_1)
FN:52,(anonymous_2)
FN:29,template
FNF:4
FNH:4
FNDA:3,submit
FNDA:1,(anonymous_1)
FNDA:2,(anonymous_2)
FNDA:8,template
DA:29,8
DA:30,8
DA:31,8
DA:32,8
DA:34,8
DA:35,8
DA:37,8
DA:40,3
DA:41,0
DA:42,0
DA:45,3
DA:46,3
DA:47,3
DA:51,1
DA:53,2
DA:54,2
LF:16
LH:14
BRDA:40,0,0,0
BRDA:40,0,1,3
BRDA:40,1,0,3
BRDA:40,1,1,3
BRDA:29,2,0,3
BRDA:29,2,1,3
BRDA:29,3,0,3
BRDA:29,3,1,5
BRDA:29,4,0,5
BRDA:29,4,1,5
BRDA:29,4,2,5
BRDA:29,5,0,5
BRDA:29,5,1,5
BRDA:29,5,2,5
BRF:14
BRH:13
end_of_record
TN:
SF:src/app/home/home.component.ts
FN:12,template
FNF:1
FNH:1
FNDA:5,template
DA:12,5
LF:1
LH:1
BRDA:12,0,0,2
BRDA:12,0,1,2
BRDA:12,1,0,2
BRDA:12,1,1,2
BRDA:12,2,0,5
BRDA:12,2,1,5
BRDA:12,2,2,5
BRDA:12,3,0,5
BRDA:12,3,1,5
BRDA:12,3,2,5
BRF:10
BRH:10
end_of_record
TN:
SF:src/app/not-found/not-found.component.ts
FN:12,template
FNF:1
FNH:1
FNDA:5,template
DA:12,5
LF:1
LH:1
BRDA:12,0,0,1
BRDA:12,0,1,1
BRDA:12,1,0,1
BRDA:12,1,1,1
BRDA:12,2,0,5
BRDA:12,2,1,5
BRDA:12,2,2,5
BRDA:12,3,0,5
BRDA:12,3,1,5
BRDA:12,3,2,5
BRF:10
BRH:10
end_of_record
TN:
SF:src/app/post/post.service.ts
FN:22,getPosts
FN:26,getPost
FN:30,createComment
FN:34,createPost
FNF:4
FNH:4
FNDA:7,getPosts
FNDA:6,getPost
FNDA:1,createComment
FNDA:2,createPost
DA:19,15
DA:20,23
DA:23,7
DA:27,6
DA:31,1
DA:35,2
LF:6
LH:6
BRDA:19,0,0,15
BRDA:19,0,1,15
BRDA:19,1,0,8
BRDA:19,1,1,8
BRDA:19,1,2,8
BRF:5
BRH:5
end_of_record
TN:
SF:src/app/post/post-comments/post-comments.component.ts
FN:33,send
FN:42,(anonymous_1)
FN:21,template
FNF:3
FNH:3
FNDA:1,send
FNDA:1,(anonymous_1)
FNDA:8,template
DA:21,8
DA:22,8
DA:23,8
DA:25,8
DA:26,8
DA:27,8
DA:29,8
DA:34,1
DA:35,0
DA:36,0
DA:39,1
DA:43,1
DA:44,1
LF:13
LH:11
BRDA:34,0,0,0
BRDA:34,0,1,1
BRDA:21,1,0,2
BRDA:21,1,1,2
BRDA:21,2,0,2
BRDA:21,2,1,4
BRDA:21,3,0,6
BRDA:21,3,1,6
BRDA:21,3,2,6
BRDA:21,4,0,6
BRDA:21,4,1,6
BRDA:21,4,2,6
BRF:12
BRH:11
end_of_record
TN:
SF:src/app/post/post-create/post-create.component.ts
FN:33,create
FN:49,(anonymous_1)
FN:50,(anonymous_2)
FN:19,template
FNF:4
FNH:4
FNDA:3,create
FNDA:1,(anonymous_1)
FNDA:1,(anonymous_2)
FNDA:10,template
DA:19,22
DA:20,10
DA:21,10
DA:22,10
DA:23,10
DA:25,10
DA:26,10
DA:31,10
DA:34,3
DA:35,1
DA:36,1
DA:39,2
DA:40,0
DA:43,2
DA:44,2
DA:45,2
DA:49,1
DA:50,1
LF:18
LH:17
BRDA:34,0,0,1
BRDA:34,0,1,2
BRDA:39,1,0,0
BRDA:39,1,1,2
BRDA:19,2,0,4
BRDA:19,2,1,4
BRDA:19,3,0,4
BRDA:19,3,1,18
BRDA:19,4,0,6
BRDA:19,4,1,6
BRDA:19,4,2,6
BRDA:19,5,0,6
BRDA:19,5,1,6
BRDA:19,5,2,6
BRF:14
BRH:13
end_of_record
TN:
SF:src/app/post/post-detail/post-detail.component.ts
FN:36,(anonymous_0)
FN:37,(anonymous_1)
FN:40,(anonymous_2)
FN:42,(anonymous_3)
FN:43,(anonymous_4)
FN:56,reloadPost
FN:30,template
FNF:7
FNH:7
FNDA:5,(anonymous_0)
FNDA:5,(anonymous_1)
FNDA:6,(anonymous_2)
FNDA:4,(anonymous_3)
FNDA:2,(anonymous_4)
FNDA:1,reloadPost
FNDA:11,template
DA:30,16
DA:31,11
DA:32,11
DA:33,11
DA:35,11
DA:36,5
DA:38,5
DA:41,6
DA:42,4
DA:44,2
DA:57,1
LF:11
LH:11
BRDA:45,0,0,1
BRDA:45,0,1,1
BRDA:45,1,0,2
BRDA:45,1,1,2
BRDA:30,2,0,5
BRDA:30,2,1,5
BRDA:30,3,0,5
BRDA:30,3,1,11
BRDA:30,4,0,6
BRDA:30,4,1,6
BRDA:30,4,2,6
BRDA:30,5,0,6
BRDA:30,5,1,6
BRDA:30,5,2,6
BRF:14
BRH:14
end_of_record
TN:
SF:src/app/post/posts-list/posts-list.component.ts
FN:27,(anonymous_0)
FN:29,toggleSort
FN:30,(anonymous_2)
FN:23,template
FNF:4
FNH:4
FNDA:7,(anonymous_0)
FNDA:1,toggleSort
FNDA:1,(anonymous_2)
FNDA:12,template
DA:23,21
DA:24,12
DA:26,12
DA:27,12
DA:30,1
LF:5
LH:5
BRDA:30,0,0,1
BRDA:30,0,1,0
BRDA:23,1,0,6
BRDA:23,1,1,6
BRDA:23,2,0,6
BRDA:23,2,1,15
BRDA:23,3,0,6
BRDA:23,3,1,6
BRDA:23,3,2,6
BRDA:23,4,0,6
BRDA:23,4,1,6
BRDA:23,4,2,6
BRF:12
BRH:11
end_of_record
TN:
SF:src/app/shared/account-fields/account-fields.component.ts
FN:17,template
FNF:1
FNH:1
FNDA:15,template
DA:17,42
DA:18,15
DA:19,15
DA:21,15
LF:4
LH:4
BRDA:17,0,0,9
BRDA:17,0,1,9
BRDA:17,1,0,9
BRDA:17,1,1,33
BRDA:17,2,0,6
BRDA:17,2,1,6
BRDA:17,2,2,6
BRDA:17,3,0,6
BRDA:17,3,1,6
BRDA:17,3,2,6
BRF:10
BRH:10
end_of_record
TN:
SF:src/app/shared/account-fields/account-form.ts
FN:21,createAccountForm
FNF:1
FNH:1
FNDA:9,createAccountForm
DA:26,9
LF:1
LH:1
BRDA:22,0,0,9
BRDA:23,1,0,9
BRDA:38,2,0,3
BRDA:38,2,1,6
BRDA:41,3,0,3
BRDA:41,3,1,6
BRF:6
BRH:6
end_of_record
TN:
SF:src/app/shared/api-error/api-error.component.ts
FN:10,template
FNF:1
FNH:1
FNDA:10,template
DA:10,10
DA:11,10
LF:2
LH:2
BRDA:10,0,0,4
BRDA:10,0,1,4
BRDA:10,1,0,4
BRDA:10,1,1,4
BRDA:10,2,0,6
BRDA:10,2,1,6
BRDA:10,2,2,6
BRDA:10,3,0,6
BRDA:10,3,1,6
BRDA:10,3,2,6
BRF:10
BRH:10
end_of_record
TN:
SF:src/app/shared/api-error/api-error.ts
FN:12,toApiError
FN:20,parseApiErrorResponse
FN:29,messageFor
FN:33,isKnownMessageCode
FNF:4
FNH:4
FNDA:4,toApiError
FNDA:4,parseApiErrorResponse
FNDA:3,messageFor
FNDA:3,isKnownMessageCode
DA:13,4
DA:15,4
DA:21,4
DA:22,1
DA:25,3
DA:26,3
DA:30,3
DA:34,3
LF:8
LH:8
BRDA:16,0,0,1
BRDA:16,0,1,3
BRDA:21,1,0,1
BRDA:21,1,1,3
BRDA:21,2,0,4
BRDA:21,2,1,3
BRDA:21,2,2,3
BRDA:26,3,0,3
BRDA:26,3,1,0
BRDA:30,4,0,3
BRDA:30,4,1,0
BRDA:34,5,0,3
BRDA:34,5,1,3
BRF:13
BRH:11
end_of_record
TN:
SF:src/app/shared/back-button/back-button.component.ts
FN:12,template
FNF:1
FNH:1
FNDA:22,template
DA:12,30
DA:13,22
DA:14,22
LF:3
LH:3
BRDA:12,0,0,15
BRDA:12,0,1,15
BRDA:12,1,0,15
BRDA:12,1,1,15
BRDA:12,2,0,7
BRDA:12,2,1,7
BRDA:12,2,2,7
BRDA:12,3,0,7
BRDA:12,3,1,7
BRDA:12,3,2,7
BRF:10
BRH:10
end_of_record
TN:
SF:src/app/shared/down-arrow-icon/down-arrow-icon.component.ts
FN:16,template
FNF:1
FNH:1
FNDA:6,template
DA:6,6
DA:7,6
DA:11,6
DA:16,12
LF:4
LH:4
BRDA:16,0,0,6
BRDA:16,0,1,6
BRDA:16,1,0,6
BRDA:16,1,1,6
BRDA:16,2,0,6
BRDA:16,2,1,6
BRDA:16,2,2,6
BRDA:16,3,0,6
BRDA:16,3,1,6
BRDA:16,3,2,6
BRF:10
BRH:10
end_of_record
TN:
SF:src/app/shared/form-validation-feedback/form-validation-feedback.component.ts
FN:16,(anonymous_0)
FN:18,(anonymous_1)
FN:23,(anonymous_2)
FN:10,template
FNF:4
FNH:4
FNDA:27,(anonymous_0)
FNDA:83,(anonymous_1)
FNDA:27,(anonymous_2)
FNDA:33,template
DA:10,60
DA:11,33
DA:12,33
DA:13,33
DA:14,33
DA:16,33
DA:17,27
DA:18,27
DA:19,83
DA:20,27
DA:22,27
DA:23,27
LF:12
LH:12
BRDA:19,0,0,83
BRDA:19,0,1,18
BRDA:19,0,2,9
BRDA:10,1,0,27
BRDA:10,1,1,27
BRDA:10,2,0,27
BRDA:10,2,1,33
BRDA:10,3,0,6
BRDA:10,3,1,6
BRDA:10,3,2,6
BRDA:10,4,0,6
BRDA:10,4,1,6
BRDA:10,4,2,6
BRF:13
BRH:13
end_of_record
TN:
SF:src/app/shared/header/header.component.ts
FN:20,(anonymous_0)
FN:15,template
FNF:2
FNH:2
FNDA:34,(anonymous_0)
FNDA:43,template
DA:15,68
DA:16,43
DA:18,43
DA:19,43
DA:20,43
LF:5
LH:5
BRDA:20,0,0,10
BRDA:20,0,1,24
BRDA:15,1,0,33
BRDA:15,1,1,33
BRDA:15,2,0,33
BRDA:15,2,1,35
BRDA:15,3,0,10
BRDA:15,3,1,10
BRDA:15,3,2,10
BRDA:15,4,0,10
BRDA:15,4,1,10
BRDA:15,4,2,10
BRF:12
BRH:12
end_of_record
TN:
SF:src/app/shared/icons/burger-menu-icon/burger-menu-icon.component.ts
FN:9,template
FNF:1
FNH:1
FNDA:11,template
DA:9,66
LF:1
LH:1
BRDA:9,0,0,33
BRDA:9,0,1,33
BRDA:9,1,0,33
BRDA:9,1,1,33
BRDA:9,2,0,11
BRDA:9,2,1,11
BRDA:9,2,2,11
BRDA:9,3,0,11
BRDA:9,3,1,11
BRDA:9,3,2,11
BRF:10
BRH:10
end_of_record
TN:
SF:src/app/shared/icons/profile-icon/profile-icon.component.ts
FN:9,template
FNF:1
FNH:1
FNDA:43,template
DA:9,64
DA:10,43
LF:2
LH:2
BRDA:9,0,0,32
BRDA:9,0,1,32
BRDA:9,1,0,32
BRDA:9,1,1,32
BRDA:9,2,0,11
BRDA:9,2,1,11
BRDA:9,2,2,11
BRDA:9,3,0,11
BRDA:9,3,1,11
BRDA:9,3,2,11
BRF:10
BRH:10
end_of_record
TN:
SF:src/app/shared/logout-button/logout-button.component.ts
FN:22,logout
FN:32,(anonymous_1)
FN:36,(anonymous_2)
FN:13,template
FNF:4
FNH:4
FNDA:5,logout
FNDA:3,(anonymous_1)
FNDA:1,(anonymous_2)
FNDA:47,template
DA:13,72
DA:14,47
DA:15,47
DA:16,47
DA:17,47
DA:19,47
DA:20,47
DA:23,5
DA:24,1
DA:27,4
DA:28,4
DA:33,3
DA:34,3
DA:36,1
LF:14
LH:14
BRDA:23,0,0,1
BRDA:23,0,1,4
BRDA:13,1,0,35
BRDA:13,1,1,35
BRDA:13,2,0,35
BRDA:13,2,1,37
BRDA:13,3,0,12
BRDA:13,3,1,12
BRDA:13,3,2,12
BRDA:13,4,0,12
BRDA:13,4,1,12
BRDA:13,4,2,12
BRF:12
BRH:12
end_of_record
TN:
SF:src/app/shared/messages/error-messages.ts
FNF:0
FNH:0
DA:1,6
LF:1
LH:1
BRF:0
BRH:0
end_of_record
TN:
SF:src/app/shared/mobile-navigation/mobile-navigation.component.ts
FN:26,(anonymous_0)
FN:27,(anonymous_1)
FN:29,openMenu
FN:31,(anonymous_3)
FN:39,ngOnDestroy
FN:44,closeMenu
FN:51,onMenuAnimationEnd
FN:58,onDialogCancel
FN:63,onDialogClick
FN:69,closeNativeDialog
FN:21,viewQuery
FNF:11
FNH:11
FNDA:46,(anonymous_0)
FNDA:46,(anonymous_1)
FNDA:6,openMenu
FNDA:6,(anonymous_3)
FNDA:33,ngOnDestroy
FNDA:5,closeMenu
FNDA:2,onMenuAnimationEnd
FNDA:1,onDialogCancel
FNDA:4,onDialogClick
FNDA:35,closeNativeDialog
FNDA:44,viewQuery
DA:21,80
DA:22,44
DA:25,44
DA:26,46
DA:27,46
DA:30,6
DA:31,6
DA:32,6
DA:33,6
DA:34,6
DA:40,33
DA:41,33
DA:45,5
DA:46,5
DA:47,5
DA:52,2
DA:53,2
DA:54,2
DA:59,1
DA:60,1
DA:64,4
DA:65,1
DA:70,35
DA:71,35
DA:72,6
LF:25
LH:25
BRDA:33,0,0,6
BRDA:33,0,1,0
BRDA:33,1,0,6
BRDA:33,1,1,6
BRDA:45,2,0,5
BRDA:45,2,1,0
BRDA:52,3,0,2
BRDA:52,3,1,0
BRDA:64,4,0,1
BRDA:64,4,1,3
BRDA:71,5,0,6
BRDA:71,5,1,29
BRDA:21,6,0,33
BRDA:21,6,1,33
BRDA:21,7,0,33
BRDA:21,7,1,47
BRDA:21,8,0,11
BRDA:21,8,1,11
BRDA:21,8,2,11
BRDA:21,9,0,11
BRDA:21,9,1,11
BRDA:21,9,2,11
BRF:22
BRH:19
end_of_record
TN:
SF:src/app/shared/navigation-links/navigation-links.component.ts
FN:16,onNavigationRequested
FN:12,template
FNF:2
FNH:2
FNDA:2,onNavigationRequested
FNDA:43,template
DA:12,68
DA:13,43
DA:14,43
DA:17,2
LF:4
LH:4
BRDA:12,0,0,32
BRDA:12,0,1,32
BRDA:12,1,0,32
BRDA:12,1,1,36
BRDA:12,2,0,11
BRDA:12,2,1,11
BRDA:12,2,2,11
BRDA:12,3,0,11
BRDA:12,3,1,11
BRDA:12,3,2,11
BRF:10
BRH:10
end_of_record
TN:
SF:src/app/shared/validators/password-complexity.validator.ts
FN:7,(anonymous_0)
FN:12,(anonymous_1)
FNF:2
FNH:2
FNDA:16,(anonymous_0)
FNDA:27,(anonymous_1)
DA:3,6
DA:5,6
DA:7,6
DA:10,16
DA:12,6
DA:15,27
LF:6
LH:6
BRDA:10,0,0,4
BRDA:10,0,1,12
BRDA:15,1,0,26
BRDA:15,1,1,1
BRF:4
BRH:4
end_of_record
TN:
SF:src/app/topic/topic.service.ts
FN:10,getTopics
FN:14,subscribe
FN:18,unsubscribe
FNF:3
FNH:3
FNDA:16,getTopics
FNDA:1,subscribe
FNDA:1,unsubscribe
DA:7,14
DA:8,22
DA:11,16
DA:15,1
DA:19,1
LF:5
LH:5
BRDA:7,0,0,14
BRDA:7,0,1,14
BRDA:7,1,0,8
BRDA:7,1,1,8
BRDA:7,1,2,8
BRF:5
BRH:5
end_of_record
TN:
SF:src/app/topic/topics-list/topics-list.component.ts
FN:24,(anonymous_0)
FN:27,subscribe
FN:32,(anonymous_2)
FN:17,template
FNF:4
FNH:4
FNDA:5,(anonymous_0)
FNDA:1,subscribe
FNDA:1,(anonymous_2)
FNDA:10,template
DA:17,12
DA:18,10
DA:19,10
DA:20,10
DA:22,10
DA:24,5
DA:28,1
DA:33,1
LF:8
LH:8
BRDA:17,0,0,4
BRDA:17,0,1,4
BRDA:17,1,0,4
BRDA:17,1,1,8
BRDA:17,2,0,6
BRDA:17,2,1,6
BRDA:17,2,2,6
BRDA:17,3,0,6
BRDA:17,3,1,6
BRDA:17,3,2,6
BRF:10
BRH:10
end_of_record
TN:
SF:src/app/user/profile/profile.component.ts
FN:43,(anonymous_0)
FN:54,unsubscribe
FN:59,(anonymous_2)
FN:65,hasChanges
FN:75,save
FN:92,(anonymous_5)
FN:104,(anonymous_6)
FN:30,template
FNF:8
FNH:8
FNDA:7,(anonymous_0)
FNDA:1,unsubscribe
FNDA:1,(anonymous_2)
FNDA:22,hasChanges
FNDA:4,save
FNDA:2,(anonymous_5)
FNDA:1,(anonymous_6)
FNDA:12,template
DA:30,24
DA:31,12
DA:32,12
DA:33,12
DA:34,12
DA:35,12
DA:36,12
DA:41,12
DA:43,7
DA:46,12
DA:51,12
DA:52,12
DA:55,1
DA:60,1
DA:66,22
DA:68,22
DA:76,4
DA:77,0
DA:78,0
DA:81,4
DA:82,1
DA:85,3
DA:86,3
DA:87,3
DA:88,3
DA:93,2
DA:97,2
DA:102,2
DA:105,1
DA:106,1
LF:30
LH:28
BRDA:69,0,0,22
BRDA:69,0,1,17
BRDA:69,0,2,17
BRDA:76,1,0,0
BRDA:76,1,1,4
BRDA:76,2,0,4
BRDA:76,2,1,4
BRDA:81,3,0,1
BRDA:81,3,1,3
BRDA:30,4,0,6
BRDA:30,4,1,6
BRDA:30,5,0,6
BRDA:30,5,1,18
BRDA:30,6,0,6
BRDA:30,6,1,6
BRDA:30,6,2,6
BRDA:30,7,0,6
BRDA:30,7,1,6
BRDA:30,7,2,6
BRF:19
BRH:18
end_of_record
