TN:
SF:src/app/app.component.ts
FN:11,template
FNF:1
FNH:1
FNDA:14,template
DA:11,39
DA:12,14
LF:2
LH:2
BRDA:11,0,0,5
BRDA:11,0,1,5
BRDA:11,0,2,5
BRDA:11,1,0,11
BRDA:11,1,1,28
BRF:5
BRH:5
end_of_record
TN:
SF:src/app/app.routes.ts
FNF:0
FNH:0
DA:14,7
LF:1
LH:1
BRF:0
BRH:0
end_of_record
TN:
SF:src/app/auth/auth.guard.ts
FN:6,(anonymous_0)
FN:12,(anonymous_1)
FNF:2
FNH:2
FNDA:3,(anonymous_0)
FNDA:3,(anonymous_1)
DA:6,7
DA:7,3
DA:8,3
DA:10,3
DA:12,3
LF:5
LH:5
BRDA:12,0,0,3
BRDA:12,0,1,1
BRF:2
BRH:2
end_of_record
TN:
SF:src/app/auth/authentication.service.ts
FN:20,login
FN:22,(anonymous_1)
FN:26,register
FN:28,(anonymous_3)
FN:32,logout
FN:33,(anonymous_5)
FN:36,csrfToken
FNF:7
FNH:7
FNDA:3,login
FNDA:3,(anonymous_1)
FNDA:4,register
FNDA:4,(anonymous_3)
FNDA:5,logout
FNDA:5,(anonymous_5)
FNDA:12,csrfToken
DA:17,57
DA:18,83
DA:21,3
DA:22,3
DA:27,4
DA:28,4
DA:33,5
DA:37,12
LF:8
LH:8
BRDA:17,0,0,26
BRDA:17,0,1,26
BRDA:17,0,2,26
BRF:3
BRH:3
end_of_record
TN:
SF:src/app/auth/session-expiration.interceptor.ts
FN:7,(anonymous_0)
FN:12,(anonymous_1)
FN:18,(anonymous_2)
FN:23,isProtectedApiRequest
FNF:4
FNH:4
FNDA:4,(anonymous_0)
FNDA:4,(anonymous_1)
FNDA:4,(anonymous_2)
FNDA:4,isProtectedApiRequest
DA:7,2
DA:8,4
DA:9,4
DA:11,4
DA:13,4
DA:14,2
DA:15,2
DA:18,4
DA:24,4
LF:9
LH:9
BRDA:13,0,0,2
BRDA:13,0,1,2
BRDA:13,1,0,4
BRDA:13,1,1,4
BRDA:24,2,0,4
BRDA:24,2,1,3
BRF:6
BRH:6
end_of_record
TN:
SF:src/app/auth/session.service.ts
FN:18,restoreSession
FN:20,(anonymous_1)
FN:21,(anonymous_2)
FN:22,(anonymous_3)
FN:28,(anonymous_4)
FN:33,updateCurrentUser
FN:35,(anonymous_6)
FN:49,clearSession
FNF:8
FNH:8
FNDA:11,restoreSession
FNDA:6,(anonymous_1)
FNDA:6,(anonymous_2)
FNDA:5,(anonymous_3)
FNDA:1,(anonymous_4)
FNDA:7,updateCurrentUser
FNDA:5,(anonymous_6)
FNDA:5,clearSession
DA:13,81
DA:14,111
DA:16,111
DA:19,11
DA:20,6
DA:21,6
DA:23,5
DA:24,4
DA:25,4
DA:28,1
DA:34,7
DA:36,5
DA:38,5
DA:39,5
DA:50,5
LF:15
LH:15
BRDA:23,0,0,4
BRDA:23,0,1,1
BRDA:38,1,0,5
BRDA:38,1,1,0
BRDA:13,2,0,30
BRDA:13,2,1,30
BRDA:13,2,2,30
BRF:7
BRH:6
end_of_record
TN:
SF:src/app/auth/unknown-route.guard.ts
FN:6,(anonymous_0)
FN:12,(anonymous_1)
FNF:2
FNH:2
FNDA:4,(anonymous_0)
FNDA:4,(anonymous_1)
DA:6,8
DA:7,4
DA:8,4
DA:10,4
DA:12,4
LF:5
LH:5
BRDA:12,0,0,4
BRDA:12,0,1,2
BRF:2
BRH:2
end_of_record
TN:
SF:src/app/auth/login/login.component.ts
FN:48,submit
FN:60,(anonymous_1)
FN:61,(anonymous_2)
FN:32,template
FNF:4
FNH:4
FNDA:4,submit
FNDA:2,(anonymous_1)
FNDA:2,(anonymous_2)
FNDA:19,template
DA:32,40
DA:33,19
DA:34,19
DA:35,19
DA:37,19
DA:38,19
DA:40,19
DA:49,4
DA:50,0
DA:51,0
DA:54,4
DA:55,4
DA:56,4
DA:60,2
DA:62,2
DA:63,2
LF:16
LH:14
BRDA:49,0,0,0
BRDA:49,0,1,4
BRDA:49,1,0,4
BRDA:49,1,1,4
BRDA:32,2,0,8
BRDA:32,2,1,8
BRDA:32,2,2,8
BRDA:32,3,0,11
BRDA:32,3,1,29
BRF:9
BRH:8
end_of_record
TN:
SF:src/app/auth/register/register.component.ts
FN:39,submit
FN:51,(anonymous_1)
FN:52,(anonymous_2)
FN:29,template
FNF:4
FNH:4
FNDA:5,submit
FNDA:2,(anonymous_1)
FNDA:3,(anonymous_2)
FNDA:19,template
DA:29,29
DA:30,19
DA:31,19
DA:32,19
DA:34,19
DA:35,19
DA:37,19
DA:40,5
DA:41,0
DA:42,0
DA:45,5
DA:46,5
DA:47,5
DA:51,2
DA:53,3
DA:54,3
LF:16
LH:14
BRDA:40,0,0,0
BRDA:40,0,1,5
BRDA:40,1,0,5
BRDA:40,1,1,5
BRDA:29,2,0,8
BRDA:29,2,1,8
BRDA:29,2,2,8
BRDA:29,3,0,11
BRDA:29,3,1,18
BRF:9
BRH:8
end_of_record
TN:
SF:src/app/home/home.component.ts
FN:12,template
FNF:1
FNH:1
FNDA:8,template
DA:12,8
LF:1
LH:1
BRDA:12,0,0,8
BRDA:12,0,1,8
BRDA:12,0,2,8
BRDA:12,1,0,3
BRDA:12,1,1,2
BRF:5
BRH:5
end_of_record
TN:
SF:src/app/not-found/not-found.component.ts
FN:12,template
FNF:1
FNH:1
FNDA:8,template
DA:12,8
LF:1
LH:1
BRDA:12,0,0,8
BRDA:12,0,1,8
BRDA:12,0,2,8
BRDA:12,1,0,2
BRDA:12,1,1,2
BRF:5
BRH:5
end_of_record
TN:
SF:src/app/post/post.service.ts
FN:22,getPosts
FN:26,getPost
FN:30,createComment
FN:34,createPost
FNF:4
FNH:4
FNDA:8,getPosts
FNDA:7,getPost
FNDA:2,createComment
FNDA:3,createPost
DA:19,19
DA:20,34
DA:23,8
DA:27,7
DA:31,2
DA:35,3
LF:6
LH:6
BRDA:19,0,0,15
BRDA:19,0,1,15
BRDA:19,0,2,15
BRF:3
BRH:3
end_of_record
TN:
SF:src/app/post/post-comments/post-comments.component.ts
FN:33,send
FN:42,(anonymous_1)
FN:21,template
FNF:3
FNH:3
FNDA:2,send
FNDA:2,(anonymous_1)
FNDA:15,template
DA:21,15
DA:22,15
DA:23,15
DA:25,15
DA:26,15
DA:27,15
DA:29,15
DA:34,2
DA:35,0
DA:36,0
DA:39,2
DA:43,2
DA:44,2
LF:13
LH:11
BRDA:34,0,0,0
BRDA:34,0,1,2
BRDA:21,1,0,10
BRDA:21,1,1,10
BRDA:21,1,2,10
BRDA:21,2,0,5
BRDA:21,2,1,8
BRF:7
BRH:6
end_of_record
TN:
SF:src/app/post/post-create/post-create.component.ts
FN:33,create
FN:49,(anonymous_1)
FN:50,(anonymous_2)
FN:19,template
FNF:4
FNH:4
FNDA:4,create
FNDA:2,(anonymous_1)
FNDA:1,(anonymous_2)
FNDA:16,template
DA:19,32
DA:20,16
DA:21,16
DA:22,16
DA:23,16
DA:25,16
DA:26,16
DA:31,16
DA:34,4
DA:35,1
DA:36,1
DA:39,3
DA:40,0
DA:43,3
DA:44,3
DA:45,3
DA:49,2
DA:50,1
LF:18
LH:17
BRDA:34,0,0,1
BRDA:34,0,1,3
BRDA:39,1,0,0
BRDA:39,1,1,3
BRDA:19,2,0,9
BRDA:19,2,1,9
BRDA:19,2,2,9
BRDA:19,3,0,7
BRDA:19,3,1,25
BRF:9
BRH:8
end_of_record
TN:
SF:src/app/post/post-detail/post-detail.component.ts
FN:36,(anonymous_0)
FN:37,(anonymous_1)
FN:40,(anonymous_2)
FN:42,(anonymous_3)
FN:43,(anonymous_4)
FN:56,reloadPost
FN:30,template
FNF:7
FNH:7
FNDA:7,(anonymous_0)
FNDA:7,(anonymous_1)
FNDA:9,(anonymous_2)
FNDA:5,(anonymous_3)
FNDA:3,(anonymous_4)
FNDA:2,reloadPost
FNDA:16,template
DA:30,21
DA:31,16
DA:32,16
DA:33,16
DA:35,16
DA:36,7
DA:38,7
DA:41,9
DA:42,5
DA:44,3
DA:57,2
LF:11
LH:11
BRDA:45,0,0,2
BRDA:45,0,1,1
BRDA:45,1,0,3
BRDA:45,1,1,3
BRDA:30,2,0,9
BRDA:30,2,1,9
BRDA:30,2,2,9
BRDA:30,3,0,7
BRDA:30,3,1,14
BRF:9
BRH:9
end_of_record
TN:
SF:src/app/post/posts-list/posts-list.component.ts
FN:27,(anonymous_0)
FN:29,toggleSort
FN:30,(anonymous_2)
FN:23,template
FNF:4
FNH:4
FNDA:12,(anonymous_0)
FNDA:2,toggleSort
FNDA:2,(anonymous_2)
FNDA:19,template
DA:23,30
DA:24,19
DA:26,19
DA:27,19
DA:30,2
LF:5
LH:5
BRDA:30,0,0,2
BRDA:30,0,1,0
BRDA:23,1,0,9
BRDA:23,1,1,9
BRDA:23,1,2,9
BRDA:23,2,0,10
BRDA:23,2,1,20
BRF:7
BRH:6
end_of_record
TN:
SF:src/app/shared/account-fields/account-fields.component.ts
FN:17,template
FNF:1
FNH:1
FNDA:38,template
DA:17,125
DA:18,38
DA:19,38
DA:21,38
LF:4
LH:4
BRDA:17,0,0,11
BRDA:17,0,1,11
BRDA:17,0,2,11
BRDA:17,1,0,27
BRDA:17,1,1,98
BRF:5
BRH:5
end_of_record
TN:
SF:src/app/shared/account-fields/account-form.ts
FN:21,createAccountForm
FNF:1
FNH:1
FNDA:29,createAccountForm
DA:26,29
LF:1
LH:1
BRDA:22,0,0,29
BRDA:23,1,0,29
BRDA:38,2,0,14
BRDA:38,2,1,15
BRDA:41,3,0,14
BRDA:41,3,1,15
BRF:6
BRH:6
end_of_record
TN:
SF:src/app/shared/api-error/api-error.component.ts
FN:10,template
FNF:1
FNH:1
FNDA:20,template
DA:10,20
DA:11,20
LF:2
LH:2
BRDA:10,0,0,12
BRDA:10,0,1,12
BRDA:10,0,2,12
BRDA:10,1,0,8
BRDA:10,1,1,8
BRF:5
BRH:5
end_of_record
TN:
SF:src/app/shared/api-error/api-error.ts
FN:12,toApiError
FN:20,parseApiErrorResponse
FN:29,messageFor
FN:33,isKnownMessageCode
FNF:4
FNH:4
FNDA:10,toApiError
FNDA:10,parseApiErrorResponse
FNDA:9,messageFor
FNDA:9,isKnownMessageCode
DA:13,10
DA:15,10
DA:21,10
DA:22,1
DA:25,9
DA:26,9
DA:30,9
DA:34,9
LF:8
LH:8
BRDA:16,0,0,1
BRDA:16,0,1,9
BRDA:21,1,0,1
BRDA:21,1,1,9
BRDA:21,2,0,10
BRDA:21,2,1,9
BRDA:21,2,2,9
BRDA:26,3,0,9
BRDA:26,3,1,0
BRDA:30,4,0,8
BRDA:30,4,1,1
BRDA:34,5,0,9
BRDA:34,5,1,8
BRF:13
BRH:12
end_of_record
TN:
SF:src/app/shared/back-button/back-button.component.ts
FN:12,template
FNF:1
FNH:1
FNDA:50,template
DA:12,72
DA:13,50
DA:14,50
LF:3
LH:3
BRDA:12,0,0,14
BRDA:12,0,1,14
BRDA:12,0,2,14
BRDA:12,1,0,36
BRDA:12,1,1,36
BRF:5
BRH:5
end_of_record
TN:
SF:src/app/shared/down-arrow-icon/down-arrow-icon.component.ts
FN:16,template
FNF:1
FNH:1
FNDA:9,template
DA:6,10
DA:7,10
DA:11,10
DA:16,20
LF:4
LH:4
BRDA:16,0,0,9
BRDA:16,0,1,9
BRDA:16,0,2,9
BRDA:16,1,0,10
BRDA:16,1,1,10
BRF:5
BRH:5
end_of_record
TN:
SF:src/app/shared/form-validation-feedback/form-validation-feedback.component.ts
FN:16,(anonymous_0)
FN:18,(anonymous_1)
FN:23,(anonymous_2)
FN:10,template
FNF:4
FNH:4
FNDA:82,(anonymous_0)
FNDA:195,(anonymous_1)
FNDA:82,(anonymous_2)
FNDA:94,template
DA:10,177
DA:11,94
DA:12,94
DA:13,94
DA:14,94
DA:16,94
DA:17,82
DA:18,82
DA:19,195
DA:20,82
DA:22,82
DA:23,82
LF:12
LH:12
BRDA:19,0,0,195
BRDA:19,0,1,67
BRDA:19,0,2,35
BRDA:10,1,0,12
BRDA:10,1,1,12
BRDA:10,1,2,12
BRDA:10,2,0,82
BRDA:10,2,1,95
BRF:8
BRH:8
end_of_record
TN:
SF:src/app/shared/header/header.component.ts
FN:20,(anonymous_0)
FN:15,template
FNF:2
FNH:2
FNDA:76,(anonymous_0)
FNDA:95,template
DA:15,151
DA:16,95
DA:18,95
DA:19,95
DA:20,95
LF:5
LH:5
BRDA:20,0,0,22
BRDA:20,0,1,54
BRDA:15,1,0,21
BRDA:15,1,1,21
BRDA:15,1,2,21
BRDA:15,2,0,74
BRDA:15,2,1,77
BRF:7
BRH:7
end_of_record
TN:
SF:src/app/shared/icons/burger-menu-icon/burger-menu-icon.component.ts
FN:9,template
FNF:1
FNH:1
FNDA:23,template
DA:9,124
LF:1
LH:1
BRDA:9,0,0,23
BRDA:9,0,1,23
BRDA:9,0,2,23
BRDA:9,1,0,62
BRDA:9,1,1,62
BRF:5
BRH:5
end_of_record
TN:
SF:src/app/shared/icons/profile-icon/profile-icon.component.ts
FN:9,template
FNF:1
FNH:1
FNDA:88,template
DA:9,129
DA:10,88
LF:2
LH:2
BRDA:9,0,0,24
BRDA:9,0,1,24
BRDA:9,0,2,24
BRDA:9,1,0,64
BRDA:9,1,1,65
BRF:5
BRH:5
end_of_record
TN:
SF:src/app/shared/logout-button/logout-button.component.ts
FN:22,logout
FN:32,(anonymous_1)
FN:36,(anonymous_2)
FN:13,template
FNF:4
FNH:4
FNDA:7,logout
FNDA:5,(anonymous_1)
FNDA:1,(anonymous_2)
FNDA:91,template
DA:13,136
DA:14,91
DA:15,91
DA:16,91
DA:17,91
DA:19,91
DA:20,91
DA:23,7
DA:24,1
DA:27,6
DA:28,6
DA:33,5
DA:34,5
DA:36,1
LF:14
LH:14
BRDA:23,0,0,1
BRDA:23,0,1,6
BRDA:13,1,0,25
BRDA:13,1,1,25
BRDA:13,1,2,25
BRDA:13,2,0,66
BRDA:13,2,1,70
BRF:7
BRH:7
end_of_record
TN:
SF:src/app/shared/messages/error-messages.ts
FNF:0
FNH:0
DA:1,12
LF:1
LH:1
BRF:0
BRH:0
end_of_record
TN:
SF:src/app/shared/mobile-navigation/mobile-navigation.component.ts
FN:26,(anonymous_0)
FN:27,(anonymous_1)
FN:29,openMenu
FN:31,(anonymous_3)
FN:39,ngOnDestroy
FN:44,closeMenu
FN:51,onMenuAnimationEnd
FN:58,onDialogCancel
FN:63,onDialogClick
FN:69,closeNativeDialog
FN:21,viewQuery
FNF:11
FNH:11
FNDA:83,(anonymous_0)
FNDA:83,(anonymous_1)
FNDA:10,openMenu
FNDA:10,(anonymous_3)
FNDA:62,ngOnDestroy
FNDA:8,closeMenu
FNDA:3,onMenuAnimationEnd
FNDA:2,onDialogCancel
FNDA:6,onDialogClick
FNDA:65,closeNativeDialog
FNDA:85,viewQuery
DA:21,147
DA:22,85
DA:25,85
DA:26,85
DA:27,85
DA:30,10
DA:31,10
DA:32,10
DA:33,10
DA:34,10
DA:40,62
DA:41,62
DA:45,8
DA:46,8
DA:47,8
DA:52,3
DA:53,3
DA:54,3
DA:59,2
DA:60,2
DA:64,6
DA:65,2
DA:70,65
DA:71,65
DA:72,10
LF:25
LH:25
BRDA:33,0,0,10
BRDA:33,0,1,0
BRDA:33,1,0,10
BRDA:33,1,1,10
BRDA:45,2,0,8
BRDA:45,2,1,0
BRDA:52,3,0,3
BRDA:52,3,1,0
BRDA:64,4,0,2
BRDA:64,4,1,4
BRDA:71,5,0,10
BRDA:71,5,1,55
BRDA:21,6,0,23
BRDA:21,6,1,23
BRDA:21,6,2,23
BRDA:21,7,0,62
BRDA:21,7,1,85
BRF:17
BRH:14
end_of_record
TN:
SF:src/app/shared/navigation-links/navigation-links.component.ts
FN:16,onNavigationRequested
FN:12,template
FNF:2
FNH:2
FNDA:3,onNavigationRequested
FNDA:87,template
DA:12,132
DA:13,87
DA:14,87
DA:17,3
LF:4
LH:4
BRDA:12,0,0,24
BRDA:12,0,1,24
BRDA:12,0,2,24
BRDA:12,1,0,63
BRDA:12,1,1,69
BRF:5
BRH:5
end_of_record
TN:
SF:src/app/shared/validators/password-complexity.validator.ts
FN:7,(anonymous_0)
FN:12,(anonymous_1)
FNF:2
FNH:2
FNDA:73,(anonymous_0)
FNDA:63,(anonymous_1)
DA:3,12
DA:5,12
DA:7,12
DA:10,73
DA:12,12
DA:15,63
LF:6
LH:6
BRDA:10,0,0,17
BRDA:10,0,1,56
BRDA:15,1,0,60
BRDA:15,1,1,3
BRF:4
BRH:4
end_of_record
TN:
SF:src/app/topic/topic.service.ts
FN:10,getTopics
FN:14,subscribe
FN:18,unsubscribe
FNF:3
FNH:3
FNDA:29,getTopics
FNDA:2,subscribe
FNDA:2,unsubscribe
DA:7,25
DA:8,38
DA:11,29
DA:15,2
DA:19,2
LF:5
LH:5
BRDA:7,0,0,13
BRDA:7,0,1,13
BRDA:7,0,2,13
BRF:3
BRH:3
end_of_record
TN:
SF:src/app/topic/topics-list/topics-list.component.ts
FN:24,(anonymous_0)
FN:27,subscribe
FN:32,(anonymous_2)
FN:17,template
FNF:4
FNH:4
FNDA:9,(anonymous_0)
FNDA:2,subscribe
FNDA:2,(anonymous_2)
FNDA:16,template
DA:17,22
DA:18,16
DA:19,16
DA:20,16
DA:22,16
DA:24,9
DA:28,2
DA:33,2
LF:8
LH:8
BRDA:17,0,0,9
BRDA:17,0,1,9
BRDA:17,0,2,9
BRDA:17,1,0,7
BRDA:17,1,1,15
BRF:5
BRH:5
end_of_record
TN:
SF:src/app/user/profile/profile.component.ts
FN:43,(anonymous_0)
FN:54,unsubscribe
FN:59,(anonymous_2)
FN:65,hasChanges
FN:75,save
FN:92,(anonymous_5)
FN:104,(anonymous_6)
FN:30,template
FNF:8
FNH:8
FNDA:16,(anonymous_0)
FNDA:2,unsubscribe
FNDA:2,(anonymous_2)
FNDA:49,hasChanges
FNDA:6,save
FNDA:3,(anonymous_5)
FNDA:2,(anonymous_6)
FNDA:23,template
DA:30,57
DA:31,23
DA:32,23
DA:33,23
DA:34,23
DA:35,23
DA:36,23
DA:41,23
DA:43,16
DA:46,23
DA:51,23
DA:52,23
DA:55,2
DA:60,2
DA:66,49
DA:68,49
DA:76,6
DA:77,0
DA:78,0
DA:81,6
DA:82,1
DA:85,5
DA:86,5
DA:87,5
DA:88,5
DA:93,3
DA:97,3
DA:102,3
DA:105,2
DA:106,2
LF:30
LH:28
BRDA:69,0,0,49
BRDA:69,0,1,37
BRDA:69,0,2,37
BRDA:76,1,0,0
BRDA:76,1,1,6
BRDA:76,2,0,6
BRDA:76,2,1,6
BRDA:81,3,0,1
BRDA:81,3,1,5
BRDA:30,4,0,9
BRDA:30,4,1,9
BRDA:30,4,2,9
BRDA:30,5,0,14
BRDA:30,5,1,43
BRF:14
BRH:13
end_of_record
