TN:
SF:src/app/app.component.ts
FN:10,template
FNF:1
FNH:1
FNDA:14,template
DA:10,39
DA:11,14
LF:2
LH:2
BRDA:10,0,0,5
BRDA:10,0,1,5
BRDA:10,0,2,5
BRDA:10,1,0,11
BRDA:10,1,1,28
BRF:5
BRH:5
end_of_record
TN:
SF:src/app/app.routes.ts
FNF:0
FNH:0
DA:14,7
LF:1
LH:1
BRF:0
BRH:0
end_of_record
TN:
SF:src/app/auth/auth.guard.ts
FN:6,(anonymous_0)
FN:12,(anonymous_1)
FNF:2
FNH:2
FNDA:3,(anonymous_0)
FNDA:3,(anonymous_1)
DA:6,7
DA:7,3
DA:8,3
DA:10,3
DA:12,3
LF:5
LH:5
BRDA:12,0,0,3
BRDA:12,0,1,1
BRF:2
BRH:2
end_of_record
TN:
SF:src/app/auth/authentication.service.ts
FN:20,login
FN:22,(anonymous_1)
FN:26,register
FN:28,(anonymous_3)
FN:32,logout
FN:33,(anonymous_5)
FN:36,csrfToken
FNF:7
FNH:7
FNDA:3,login
FNDA:3,(anonymous_1)
FNDA:4,register
FNDA:4,(anonymous_3)
FNDA:5,logout
FNDA:5,(anonymous_5)
FNDA:12,csrfToken
DA:17,56
DA:18,82
DA:21,3
DA:22,3
DA:27,4
DA:28,4
DA:33,5
DA:37,12
LF:8
LH:8
BRDA:17,0,0,26
BRDA:17,0,1,26
BRDA:17,0,2,26
BRF:3
BRH:3
end_of_record
TN:
SF:src/app/auth/session-expiration.interceptor.ts
FN:7,(anonymous_0)
FN:12,(anonymous_1)
FN:18,(anonymous_2)
FN:23,isProtectedApiRequest
FNF:4
FNH:4
FNDA:4,(anonymous_0)
FNDA:4,(anonymous_1)
FNDA:4,(anonymous_2)
FNDA:4,isProtectedApiRequest
DA:7,2
DA:8,4
DA:9,4
DA:11,4
DA:13,4
DA:14,2
DA:15,2
DA:18,4
DA:24,4
LF:9
LH:9
BRDA:13,0,0,2
BRDA:13,0,1,2
BRDA:13,1,0,4
BRDA:13,1,1,4
BRDA:24,2,0,4
BRDA:24,2,1,3
BRF:6
BRH:6
end_of_record
TN:
SF:src/app/auth/session.service.ts
FN:18,restoreSession
FN:20,(anonymous_1)
FN:21,(anonymous_2)
FN:22,(anonymous_3)
FN:28,(anonymous_4)
FN:33,updateCurrentUser
FN:35,(anonymous_6)
FN:49,clearSession
FNF:8
FNH:8
FNDA:11,restoreSession
FNDA:6,(anonymous_1)
FNDA:6,(anonymous_2)
FNDA:5,(anonymous_3)
FNDA:1,(anonymous_4)
FNDA:7,updateCurrentUser
FNDA:5,(anonymous_6)
FNDA:5,clearSession
DA:13,80
DA:14,110
DA:16,110
DA:19,11
DA:20,6
DA:21,6
DA:23,5
DA:24,4
DA:25,4
DA:28,1
DA:34,7
DA:36,5
DA:38,5
DA:39,5
DA:50,5
LF:15
LH:15
BRDA:23,0,0,4
BRDA:23,0,1,1
BRDA:38,1,0,5
BRDA:38,1,1,0
BRDA:13,2,0,30
BRDA:13,2,1,30
BRDA:13,2,2,30
BRF:7
BRH:6
end_of_record
TN:
SF:src/app/auth/unknown-route.guard.ts
FN:6,(anonymous_0)
FN:12,(anonymous_1)
FNF:2
FNH:2
FNDA:4,(anonymous_0)
FNDA:4,(anonymous_1)
DA:6,8
DA:7,4
DA:8,4
DA:10,4
DA:12,4
LF:5
LH:5
BRDA:12,0,0,4
BRDA:12,0,1,2
BRF:2
BRH:2
end_of_record
TN:
SF:src/app/auth/login/login.component.ts
FN:47,submit
FN:59,(anonymous_1)
FN:60,(anonymous_2)
FN:31,template
FNF:4
FNH:4
FNDA:4,submit
FNDA:2,(anonymous_1)
FNDA:2,(anonymous_2)
FNDA:19,template
DA:31,40
DA:32,19
DA:33,19
DA:34,19
DA:36,19
DA:37,19
DA:39,19
DA:48,4
DA:49,0
DA:50,0
DA:53,4
DA:54,4
DA:55,4
DA:59,2
DA:61,2
DA:62,2
LF:16
LH:14
BRDA:48,0,0,0
BRDA:48,0,1,4
BRDA:48,1,0,4
BRDA:48,1,1,4
BRDA:31,2,0,8
BRDA:31,2,1,8
BRDA:31,2,2,8
BRDA:31,3,0,11
BRDA:31,3,1,29
BRF:9
BRH:8
end_of_record
TN:
SF:src/app/auth/register/register.component.ts
FN:38,submit
FN:50,(anonymous_1)
FN:51,(anonymous_2)
FN:28,template
FNF:4
FNH:4
FNDA:5,submit
FNDA:2,(anonymous_1)
FNDA:3,(anonymous_2)
FNDA:19,template
DA:28,29
DA:29,19
DA:30,19
DA:31,19
DA:33,19
DA:34,19
DA:36,19
DA:39,5
DA:40,0
DA:41,0
DA:44,5
DA:45,5
DA:46,5
DA:50,2
DA:52,3
DA:53,3
LF:16
LH:14
BRDA:39,0,0,0
BRDA:39,0,1,5
BRDA:39,1,0,5
BRDA:39,1,1,5
BRDA:28,2,0,8
BRDA:28,2,1,8
BRDA:28,2,2,8
BRDA:28,3,0,11
BRDA:28,3,1,18
BRF:9
BRH:8
end_of_record
TN:
SF:src/app/home/home.component.ts
FN:11,template
FNF:1
FNH:1
FNDA:8,template
DA:11,8
LF:1
LH:1
BRDA:11,0,0,8
BRDA:11,0,1,8
BRDA:11,0,2,8
BRDA:11,1,0,3
BRDA:11,1,1,2
BRF:5
BRH:5
end_of_record
TN:
SF:src/app/not-found/not-found.component.ts
FN:11,template
FNF:1
FNH:1
FNDA:8,template
DA:11,8
LF:1
LH:1
BRDA:11,0,0,8
BRDA:11,0,1,8
BRDA:11,0,2,8
BRDA:11,1,0,2
BRDA:11,1,1,2
BRF:5
BRH:5
end_of_record
TN:
SF:src/app/post/post.service.ts
FN:22,getPosts
FN:26,getPost
FN:30,createComment
FN:34,createPost
FNF:4
FNH:4
FNDA:8,getPosts
FNDA:7,getPost
FNDA:2,createComment
FNDA:3,createPost
DA:19,19
DA:20,34
DA:23,8
DA:27,7
DA:31,2
DA:35,3
LF:6
LH:6
BRDA:19,0,0,15
BRDA:19,0,1,15
BRDA:19,0,2,15
BRF:3
BRH:3
end_of_record
TN:
SF:src/app/post/post-comments/post-comments.component.ts
FN:32,send
FN:41,(anonymous_1)
FN:20,template
FNF:3
FNH:3
FNDA:2,send
FNDA:2,(anonymous_1)
FNDA:15,template
DA:20,15
DA:21,15
DA:22,15
DA:24,15
DA:25,15
DA:26,15
DA:28,15
DA:33,2
DA:34,0
DA:35,0
DA:38,2
DA:42,2
DA:43,2
LF:13
LH:11
BRDA:33,0,0,0
BRDA:33,0,1,2
BRDA:20,1,0,10
BRDA:20,1,1,10
BRDA:20,1,2,10
BRDA:20,2,0,5
BRDA:20,2,1,8
BRF:7
BRH:6
end_of_record
TN:
SF:src/app/post/post-create/post-create.component.ts
FN:32,create
FN:48,(anonymous_1)
FN:49,(anonymous_2)
FN:18,template
FNF:4
FNH:4
FNDA:4,create
FNDA:2,(anonymous_1)
FNDA:1,(anonymous_2)
FNDA:16,template
DA:18,32
DA:19,16
DA:20,16
DA:21,16
DA:22,16
DA:24,16
DA:25,16
DA:30,16
DA:33,4
DA:34,1
DA:35,1
DA:38,3
DA:39,0
DA:42,3
DA:43,3
DA:44,3
DA:48,2
DA:49,1
LF:18
LH:17
BRDA:33,0,0,1
BRDA:33,0,1,3
BRDA:38,1,0,0
BRDA:38,1,1,3
BRDA:18,2,0,9
BRDA:18,2,1,9
BRDA:18,2,2,9
BRDA:18,3,0,7
BRDA:18,3,1,25
BRF:9
BRH:8
end_of_record
TN:
SF:src/app/post/post-detail/post-detail.component.ts
FN:35,(anonymous_0)
FN:36,(anonymous_1)
FN:39,(anonymous_2)
FN:41,(anonymous_3)
FN:42,(anonymous_4)
FN:55,reloadPost
FN:29,template
FNF:7
FNH:7
FNDA:7,(anonymous_0)
FNDA:7,(anonymous_1)
FNDA:9,(anonymous_2)
FNDA:5,(anonymous_3)
FNDA:3,(anonymous_4)
FNDA:2,reloadPost
FNDA:16,template
DA:29,21
DA:30,16
DA:31,16
DA:32,16
DA:34,16
DA:35,7
DA:37,7
DA:40,9
DA:41,5
DA:43,3
DA:56,2
LF:11
LH:11
BRDA:44,0,0,2
BRDA:44,0,1,1
BRDA:44,1,0,3
BRDA:44,1,1,3
BRDA:29,2,0,9
BRDA:29,2,1,9
BRDA:29,2,2,9
BRDA:29,3,0,7
BRDA:29,3,1,14
BRF:9
BRH:9
end_of_record
TN:
SF:src/app/post/posts-list/posts-list.component.ts
FN:27,(anonymous_0)
FN:29,toggleSort
FN:30,(anonymous_2)
FN:23,template
FNF:4
FNH:4
FNDA:12,(anonymous_0)
FNDA:2,toggleSort
FNDA:2,(anonymous_2)
FNDA:19,template
DA:23,30
DA:24,19
DA:26,19
DA:27,19
DA:30,2
LF:5
LH:5
BRDA:30,0,0,2
BRDA:30,0,1,0
BRDA:23,1,0,9
BRDA:23,1,1,9
BRDA:23,1,2,9
BRDA:23,2,0,10
BRDA:23,2,1,20
BRF:7
BRH:6
end_of_record
TN:
SF:src/app/shared/account-fields/account-fields.component.ts
FN:16,template
FNF:1
FNH:1
FNDA:37,template
DA:16,121
DA:17,37
DA:18,37
DA:20,37
LF:4
LH:4
BRDA:16,0,0,11
BRDA:16,0,1,11
BRDA:16,0,2,11
BRDA:16,1,0,26
BRDA:16,1,1,95
BRF:5
BRH:5
end_of_record
TN:
SF:src/app/shared/account-fields/account-form.ts
FN:21,createAccountForm
FNF:1
FNH:1
FNDA:28,createAccountForm
DA:26,28
LF:1
LH:1
BRDA:22,0,0,28
BRDA:23,1,0,28
BRDA:38,2,0,14
BRDA:38,2,1,14
BRDA:41,3,0,14
BRDA:41,3,1,14
BRF:6
BRH:6
end_of_record
TN:
SF:src/app/shared/api-error/api-error.component.ts
FN:9,template
FNF:1
FNH:1
FNDA:20,template
DA:9,20
DA:10,20
LF:2
LH:2
BRDA:9,0,0,12
BRDA:9,0,1,12
BRDA:9,0,2,12
BRDA:9,1,0,8
BRDA:9,1,1,8
BRF:5
BRH:5
end_of_record
TN:
SF:src/app/shared/api-error/api-error.ts
FN:12,toApiError
FN:20,parseApiErrorResponse
FN:29,messageFor
FN:33,isKnownMessageCode
FNF:4
FNH:4
FNDA:10,toApiError
FNDA:10,parseApiErrorResponse
FNDA:9,messageFor
FNDA:9,isKnownMessageCode
DA:13,10
DA:15,10
DA:21,10
DA:22,1
DA:25,9
DA:26,9
DA:30,9
DA:34,9
LF:8
LH:8
BRDA:16,0,0,1
BRDA:16,0,1,9
BRDA:21,1,0,1
BRDA:21,1,1,9
BRDA:21,2,0,10
BRDA:21,2,1,9
BRDA:21,2,2,9
BRDA:26,3,0,9
BRDA:26,3,1,0
BRDA:30,4,0,8
BRDA:30,4,1,1
BRDA:34,5,0,9
BRDA:34,5,1,8
BRF:13
BRH:12
end_of_record
TN:
SF:src/app/shared/back-button/back-button.component.ts
FN:11,template
FNF:1
FNH:1
FNDA:50,template
DA:11,72
DA:12,50
DA:13,50
LF:3
LH:3
BRDA:11,0,0,14
BRDA:11,0,1,14
BRDA:11,0,2,14
BRDA:11,1,0,36
BRDA:11,1,1,36
BRF:5
BRH:5
end_of_record
TN:
SF:src/app/shared/down-arrow-icon/down-arrow-icon.component.ts
FN:16,template
FNF:1
FNH:1
FNDA:9,template
DA:6,10
DA:7,10
DA:11,10
DA:16,20
LF:4
LH:4
BRDA:16,0,0,9
BRDA:16,0,1,9
BRDA:16,0,2,9
BRDA:16,1,0,10
BRDA:16,1,1,10
BRF:5
BRH:5
end_of_record
TN:
SF:src/app/shared/form-validation-feedback/form-validation-feedback.component.ts
FN:15,(anonymous_0)
FN:17,(anonymous_1)
FN:22,(anonymous_2)
FN:9,template
FNF:4
FNH:4
FNDA:79,(anonymous_0)
FNDA:192,(anonymous_1)
FNDA:79,(anonymous_2)
FNDA:91,template
DA:9,171
DA:10,91
DA:11,91
DA:12,91
DA:13,91
DA:15,91
DA:16,79
DA:17,79
DA:18,192
DA:19,79
DA:21,79
DA:22,79
LF:12
LH:12
BRDA:18,0,0,192
BRDA:18,0,1,67
BRDA:18,0,2,35
BRDA:9,1,0,12
BRDA:9,1,1,12
BRDA:9,1,2,12
BRDA:9,2,0,79
BRDA:9,2,1,92
BRF:8
BRH:8
end_of_record
TN:
SF:src/app/shared/header/header.component.ts
FN:19,(anonymous_0)
FN:14,template
FNF:2
FNH:2
FNDA:75,(anonymous_0)
FNDA:94,template
DA:14,149
DA:15,94
DA:17,94
DA:18,94
DA:19,94
LF:5
LH:5
BRDA:19,0,0,21
BRDA:19,0,1,54
BRDA:14,1,0,21
BRDA:14,1,1,21
BRDA:14,1,2,21
BRDA:14,2,0,73
BRDA:14,2,1,76
BRF:7
BRH:7
end_of_record
TN:
SF:src/app/shared/icons/burger-menu-icon/burger-menu-icon.component.ts
FN:9,template
FNF:1
FNH:1
FNDA:23,template
DA:9,122
LF:1
LH:1
BRDA:9,0,0,23
BRDA:9,0,1,23
BRDA:9,0,2,23
BRDA:9,1,0,61
BRDA:9,1,1,61
BRF:5
BRH:5
end_of_record
TN:
SF:src/app/shared/icons/profile-icon/profile-icon.component.ts
FN:9,template
FNF:1
FNH:1
FNDA:87,template
DA:9,127
DA:10,87
LF:2
LH:2
BRDA:9,0,0,24
BRDA:9,0,1,24
BRDA:9,0,2,24
BRDA:9,1,0,63
BRDA:9,1,1,64
BRF:5
BRH:5
end_of_record
TN:
SF:src/app/shared/logout-button/logout-button.component.ts
FN:21,logout
FN:31,(anonymous_1)
FN:35,(anonymous_2)
FN:12,template
FNF:4
FNH:4
FNDA:6,logout
FNDA:5,(anonymous_1)
FNDA:1,(anonymous_2)
FNDA:90,template
DA:12,135
DA:13,90
DA:14,90
DA:15,90
DA:16,90
DA:18,90
DA:19,90
DA:22,6
DA:23,0
DA:26,6
DA:27,6
DA:32,5
DA:33,5
DA:35,1
LF:14
LH:13
BRDA:22,0,0,0
BRDA:22,0,1,6
BRDA:12,1,0,25
BRDA:12,1,1,25
BRDA:12,1,2,25
BRDA:12,2,0,65
BRDA:12,2,1,70
BRF:7
BRH:6
end_of_record
TN:
SF:src/app/shared/messages/error-messages.ts
FNF:0
FNH:0
DA:1,12
LF:1
LH:1
BRF:0
BRH:0
end_of_record
TN:
SF:src/app/shared/mobile-navigation/mobile-navigation.component.ts
FN:26,(anonymous_0)
FN:27,(anonymous_1)
FN:29,openMenu
FN:31,(anonymous_3)
FN:39,ngOnDestroy
FN:44,closeMenu
FN:51,onMenuAnimationEnd
FN:58,onDialogCancel
FN:63,onDialogClick
FN:69,closeNativeDialog
FN:21,viewQuery
FNF:11
FNH:11
FNDA:82,(anonymous_0)
FNDA:82,(anonymous_1)
FNDA:10,openMenu
FNDA:10,(anonymous_3)
FNDA:61,ngOnDestroy
FNDA:8,closeMenu
FNDA:3,onMenuAnimationEnd
FNDA:2,onDialogCancel
FNDA:6,onDialogClick
FNDA:64,closeNativeDialog
FNDA:84,viewQuery
DA:21,145
DA:22,84
DA:25,84
DA:26,84
DA:27,84
DA:30,10
DA:31,10
DA:32,10
DA:33,10
DA:34,10
DA:40,61
DA:41,61
DA:45,8
DA:46,8
DA:47,8
DA:52,3
DA:53,3
DA:54,3
DA:59,2
DA:60,2
DA:64,6
DA:65,2
DA:70,64
DA:71,64
DA:72,10
LF:25
LH:25
BRDA:33,0,0,10
BRDA:33,0,1,0
BRDA:33,1,0,10
BRDA:33,1,1,10
BRDA:45,2,0,8
BRDA:45,2,1,0
BRDA:52,3,0,3
BRDA:52,3,1,0
BRDA:64,4,0,2
BRDA:64,4,1,4
BRDA:71,5,0,10
BRDA:71,5,1,54
BRDA:21,6,0,23
BRDA:21,6,1,23
BRDA:21,6,2,23
BRDA:21,7,0,61
BRDA:21,7,1,84
BRF:17
BRH:14
end_of_record
TN:
SF:src/app/shared/navigation-links/navigation-links.component.ts
FN:15,onNavigationRequested
FN:11,template
FNF:2
FNH:2
FNDA:3,onNavigationRequested
FNDA:86,template
DA:11,130
DA:12,86
DA:13,86
DA:16,3
LF:4
LH:4
BRDA:11,0,0,24
BRDA:11,0,1,24
BRDA:11,0,2,24
BRDA:11,1,0,62
BRDA:11,1,1,68
BRF:5
BRH:5
end_of_record
TN:
SF:src/app/shared/validators/password-complexity.validator.ts
FN:7,(anonymous_0)
FN:10,(anonymous_1)
FN:14,(anonymous_2)
FNF:3
FNH:3
FNDA:73,(anonymous_0)
FNDA:145,(anonymous_1)
FNDA:59,(anonymous_2)
DA:3,12
DA:5,12
DA:7,12
DA:10,145
DA:14,12
DA:17,59
LF:6
LH:6
BRDA:10,0,0,17
BRDA:10,0,1,56
BRDA:17,1,0,56
BRDA:17,1,1,3
BRF:4
BRH:4
end_of_record
TN:
SF:src/app/topic/topic.service.ts
FN:10,getTopics
FN:14,subscribe
FN:18,unsubscribe
FNF:3
FNH:3
FNDA:28,getTopics
FNDA:2,subscribe
FNDA:2,unsubscribe
DA:7,24
DA:8,37
DA:11,28
DA:15,2
DA:19,2
LF:5
LH:5
BRDA:7,0,0,13
BRDA:7,0,1,13
BRDA:7,0,2,13
BRF:3
BRH:3
end_of_record
TN:
SF:src/app/topic/topics-list/topics-list.component.ts
FN:23,(anonymous_0)
FN:26,subscribe
FN:31,(anonymous_2)
FN:16,template
FNF:4
FNH:4
FNDA:9,(anonymous_0)
FNDA:2,subscribe
FNDA:2,(anonymous_2)
FNDA:16,template
DA:16,22
DA:17,16
DA:18,16
DA:19,16
DA:21,16
DA:23,9
DA:27,2
DA:32,2
LF:8
LH:8
BRDA:16,0,0,9
BRDA:16,0,1,9
BRDA:16,0,2,9
BRDA:16,1,0,7
BRDA:16,1,1,15
BRF:5
BRH:5
end_of_record
TN:
SF:src/app/user/profile/profile.component.ts
FN:42,(anonymous_0)
FN:53,unsubscribe
FN:58,(anonymous_2)
FN:64,hasChanges
FN:74,save
FN:91,(anonymous_5)
FN:103,(anonymous_6)
FN:29,template
FNF:8
FNH:8
FNDA:15,(anonymous_0)
FNDA:2,unsubscribe
FNDA:2,(anonymous_2)
FNDA:46,hasChanges
FNDA:5,save
FNDA:3,(anonymous_5)
FNDA:2,(anonymous_6)
FNDA:22,template
DA:29,54
DA:30,22
DA:31,22
DA:32,22
DA:33,22
DA:34,22
DA:35,22
DA:40,22
DA:42,15
DA:45,22
DA:50,22
DA:51,22
DA:54,2
DA:59,2
DA:65,46
DA:67,46
DA:75,5
DA:76,0
DA:77,0
DA:80,5
DA:81,0
DA:84,5
DA:85,5
DA:86,5
DA:87,5
DA:92,3
DA:96,3
DA:101,3
DA:104,2
DA:105,2
LF:30
LH:27
BRDA:68,0,0,46
BRDA:68,0,1,34
BRDA:68,0,2,34
BRDA:75,1,0,0
BRDA:75,1,1,5
BRDA:75,2,0,5
BRDA:75,2,1,5
BRDA:80,3,0,0
BRDA:80,3,1,5
BRDA:29,4,0,9
BRDA:29,4,1,9
BRDA:29,4,2,9
BRDA:29,5,0,13
BRDA:29,5,1,41
BRF:14
BRH:12
end_of_record
