GROUP,PACKAGE,CLASS,INSTRUCTION_MISSED,INSTRUCTION_COVERED,BRANCH_MISSED,BRANCH_COVERED,LINE_MISSED,LINE_COVERED,COMPLEXITY_MISSED,COMPLEXITY_COVERED,METHOD_MISSED,METHOD_COVERED
mdd-api,com.openclassrooms.mddapi,MddApiApplication,5,3,0,0,2,1,1,1,1,1
mdd-api,com.openclassrooms.mddapi.system.controller,RootController,0,5,0,0,0,2,0,2,0,2
mdd-api,com.openclassrooms.mddapi.system.config,SwaggerUiHomeLinkConfig.new SwaggerIndexTransformer() {...},4,59,3,3,2,9,3,2,0,2
mdd-api,com.openclassrooms.mddapi.system.config,SecurityConfig,0,56,0,0,0,7,0,3,0,3
mdd-api,com.openclassrooms.mddapi.system.config,OpenApiConfig,0,17,0,0,0,6,0,2,0,2
mdd-api,com.openclassrooms.mddapi.system.config,SwaggerUiHomeLinkConfig,11,33,8,4,1,9,5,4,0,3
