TN:
SF:src/app/app.component.ts
FN:11,template
FNF:1
FNH:1
FNDA:1,template
DA:4,0
DA:11,2
DA:12,1
LF:3
LH:2
BRDA:11,0,0,1
BRDA:11,0,1,1
BRDA:11,0,2,1
BRDA:11,1,0,2
BRDA:11,1,1,0
BRF:5
BRH:4
end_of_record
TN:
SF:src/app/app.config.ts
FNF:0
FNH:0
DA:6,0
LF:1
LH:0
BRF:0
BRH:0
end_of_record
TN:
SF:src/app/app.routes.ts
FNF:0
FNH:0
DA:4,1
LF:1
LH:1
BRF:0
BRH:0
end_of_record
TN:
SF:src/app/home/home.component.ts
FN:10,start
FN:9,template
FNF:2
FNH:2
FNDA:1,start
FNDA:3,template
DA:9,3
DA:11,1
LF:2
LH:2
BRDA:9,0,0,3
BRDA:9,0,1,3
BRDA:9,0,2,3
BRDA:9,1,0,2
BRDA:9,1,1,1
BRF:5
BRH:5
end_of_record
