TN:
SF:src/app/app.component.ts
FN:11,template
FNF:1
FNH:1
FNDA:10,template
DA:11,30
DA:12,10
LF:2
LH:2
BRDA:11,0,0,4
BRDA:11,0,1,4
BRDA:11,0,2,4
BRDA:11,1,0,8
BRDA:11,1,1,22
BRF:5
BRH:5
end_of_record
TN:
SF:src/app/app.config.ts
FNF:0
FNH:0
DA:11,0
LF:1
LH:0
BRF:0
BRH:0
end_of_record
TN:
SF:src/app/app.routes.ts
FNF:0
FNH:0
DA:14,6
LF:1
LH:1
BRF:0
BRH:0
end_of_record
TN:
SF:src/app/auth/auth.guard.ts
FN:6,(anonymous_0)
FN:12,(anonymous_1)
FNF:2
FNH:2
FNDA:3,(anonymous_0)
FNDA:3,(anonymous_1)
DA:6,6
DA:7,3
DA:8,3
DA:10,3
DA:12,3
LF:5
LH:5
BRDA:12,0,0,3
BRDA:12,0,1,1
BRF:2
BRH:2
end_of_record
TN:
SF:src/app/auth/authentication.service.ts
FN:20,login
FN:22,(anonymous_1)
FN:26,register
FN:28,(anonymous_3)
FN:32,logout
FN:33,(anonymous_5)
FN:36,csrfToken
FNF:7
FNH:7
FNDA:3,login
FNDA:3,(anonymous_1)
FNDA:3,register
FNDA:3,(anonymous_3)
FNDA:2,logout
FNDA:2,(anonymous_5)
FNDA:8,csrfToken
DA:17,29
DA:18,47
DA:21,3
DA:22,3
DA:27,3
DA:28,3
DA:33,2
DA:37,8
LF:8
LH:8
BRDA:17,0,0,18
BRDA:17,0,1,18
BRDA:17,0,2,18
BRF:3
BRH:3
end_of_record
TN:
SF:src/app/auth/session-expiration.interceptor.ts
FN:7,(anonymous_0)
FN:12,(anonymous_1)
FN:18,(anonymous_2)
FN:23,isProtectedApiRequest
FNF:4
FNH:4
FNDA:2,(anonymous_0)
FNDA:2,(anonymous_1)
FNDA:2,(anonymous_2)
FNDA:2,isProtectedApiRequest
DA:7,1
DA:8,2
DA:9,2
DA:11,2
DA:13,2
DA:14,1
DA:15,1
DA:18,2
DA:24,2
LF:9
LH:9
BRDA:13,0,0,1
BRDA:13,0,1,1
BRDA:13,1,0,2
BRDA:13,1,1,2
BRDA:24,2,0,2
BRDA:24,2,1,1
BRF:6
BRH:6
end_of_record
TN:
SF:src/app/auth/session.service.ts
FN:18,restoreSession
FN:20,(anonymous_1)
FN:21,(anonymous_2)
FN:22,(anonymous_3)
FN:28,(anonymous_4)
FN:33,updateCurrentUser
FN:35,(anonymous_6)
FN:49,clearSession
FNF:8
FNH:7
FNDA:6,restoreSession
FNDA:4,(anonymous_1)
FNDA:4,(anonymous_2)
FNDA:2,(anonymous_3)
FNDA:0,(anonymous_4)
FNDA:3,updateCurrentUser
FNDA:2,(anonymous_6)
FNDA:2,clearSession
DA:13,46
DA:14,66
DA:16,66
DA:19,6
DA:20,4
DA:21,4
DA:23,2
DA:24,2
DA:25,2
DA:28,0
DA:34,3
DA:36,2
DA:38,2
DA:39,2
DA:50,2
LF:15
LH:14
BRDA:23,0,0,2
BRDA:23,0,1,0
BRDA:38,1,0,2
BRDA:38,1,1,0
BRDA:13,2,0,20
BRDA:13,2,1,20
BRDA:13,2,2,20
BRF:7
BRH:5
end_of_record
TN:
SF:src/app/auth/unknown-route.guard.ts
FN:6,(anonymous_0)
FN:12,(anonymous_1)
FNF:2
FNH:2
FNDA:2,(anonymous_0)
FNDA:2,(anonymous_1)
DA:6,7
DA:7,2
DA:8,2
DA:10,2
DA:12,2
LF:5
LH:5
BRDA:12,0,0,2
BRDA:12,0,1,1
BRF:2
BRH:2
end_of_record
TN:
SF:src/app/auth/login/login.component.ts
FN:48,submit
FN:60,(anonymous_1)
FN:61,(anonymous_2)
FN:32,template
FNF:4
FNH:4
FNDA:4,submit
FNDA:2,(anonymous_1)
FNDA:2,(anonymous_2)
FNDA:18,template
DA:32,40
DA:33,18
DA:34,18
DA:35,18
DA:37,18
DA:38,18
DA:40,18
DA:49,4
DA:50,0
DA:51,0
DA:54,4
DA:55,4
DA:56,4
DA:60,2
DA:62,2
DA:63,2
LF:16
LH:14
BRDA:49,0,0,0
BRDA:49,0,1,4
BRDA:49,1,0,4
BRDA:49,1,1,4
BRDA:32,2,0,7
BRDA:32,2,1,7
BRDA:32,2,2,7
BRDA:32,3,0,11
BRDA:32,3,1,29
BRF:9
BRH:8
end_of_record
TN:
SF:src/app/auth/models/current-user.ts
FNF:0
FNH:0
LF:0
LH:0
BRF:0
BRH:0
end_of_record
TN:
SF:src/app/auth/register/register.component.ts
FN:39,submit
FN:51,(anonymous_1)
FN:52,(anonymous_2)
FN:29,template
FNF:4
FNH:4
FNDA:4,submit
FNDA:1,(anonymous_1)
FNDA:3,(anonymous_2)
FNDA:17,template
DA:29,27
DA:30,17
DA:31,17
DA:32,17
DA:34,17
DA:35,17
DA:37,17
DA:40,4
DA:41,0
DA:42,0
DA:45,4
DA:46,4
DA:47,4
DA:51,1
DA:53,3
DA:54,3
LF:16
LH:14
BRDA:40,0,0,0
BRDA:40,0,1,4
BRDA:40,1,0,4
BRDA:40,1,1,4
BRDA:29,2,0,7
BRDA:29,2,1,7
BRDA:29,2,2,7
BRDA:29,3,0,10
BRDA:29,3,1,17
BRF:9
BRH:8
end_of_record
TN:
SF:src/app/config/primeui-license.local.ts
FNF:0
FNH:0
DA:1,0
LF:1
LH:0
BRF:0
BRH:0
end_of_record
TN:
SF:src/app/home/home.component.ts
FN:12,template
FNF:1
FNH:1
FNDA:7,template
DA:12,7
LF:1
LH:1
BRDA:12,0,0,7
BRDA:12,0,1,7
BRDA:12,0,2,7
BRDA:12,1,0,2
BRDA:12,1,1,1
BRF:5
BRH:5
end_of_record
TN:
SF:src/app/not-found/not-found.component.ts
FN:12,template
FNF:1
FNH:1
FNDA:7,template
DA:12,7
LF:1
LH:1
BRDA:12,0,0,7
BRDA:12,0,1,7
BRDA:12,0,2,7
BRDA:12,1,0,1
BRDA:12,1,1,1
BRF:5
BRH:5
end_of_record
TN:
SF:src/app/post/post.service.ts
FN:22,getPosts
FN:26,getPost
FN:30,createComment
FN:34,createPost
FNF:4
FNH:4
FNDA:3,getPosts
FNDA:1,getPost
FNDA:1,createComment
FNDA:1,createPost
DA:19,10
DA:20,16
DA:23,3
DA:27,1
DA:31,1
DA:35,1
LF:6
LH:6
BRDA:22,0,0,3
BRDA:19,1,0,10
BRDA:19,1,1,10
BRDA:19,1,2,10
BRF:4
BRH:4
end_of_record
TN:
SF:src/app/post/models/post.ts
FNF:0
FNH:0
LF:0
LH:0
BRF:0
BRH:0
end_of_record
TN:
SF:src/app/post/post-comments/post-comments.component.ts
FN:33,send
FN:42,(anonymous_1)
FN:21,template
FNF:3
FNH:3
FNDA:5,send
FNDA:5,(anonymous_1)
FNDA:11,template
DA:21,11
DA:22,11
DA:23,11
DA:25,11
DA:26,11
DA:27,11
DA:29,11
DA:34,5
DA:35,4
DA:36,4
DA:39,5
DA:43,5
DA:44,5
LF:13
LH:13
BRDA:34,0,0,4
BRDA:34,0,1,1
BRDA:21,1,0,8
BRDA:21,1,1,8
BRDA:21,1,2,8
BRDA:21,2,0,7
BRDA:21,2,1,4
BRF:7
BRH:7
end_of_record
TN:
SF:src/app/post/post-create/post-create.component.ts
FN:33,create
FN:49,(anonymous_1)
FN:50,(anonymous_2)
FN:19,template
FNF:4
FNH:4
FNDA:5,create
FNDA:5,(anonymous_1)
FNDA:4,(anonymous_2)
FNDA:10,template
DA:19,14
DA:20,10
DA:21,10
DA:22,10
DA:23,10
DA:25,10
DA:26,10
DA:31,10
DA:34,5
DA:35,4
DA:36,4
DA:39,5
DA:40,4
DA:43,5
DA:44,5
DA:45,5
DA:49,5
DA:50,4
LF:18
LH:18
BRDA:34,0,0,4
BRDA:34,0,1,1
BRDA:39,1,0,4
BRDA:39,1,1,1
BRDA:19,2,0,7
BRDA:19,2,1,7
BRDA:19,2,2,7
BRDA:19,3,0,7
BRDA:19,3,1,7
BRF:9
BRH:9
end_of_record
TN:
SF:src/app/post/post-detail/post-detail.component.ts
FN:36,(anonymous_0)
FN:37,(anonymous_1)
FN:40,(anonymous_2)
FN:42,(anonymous_3)
FN:43,(anonymous_4)
FN:56,reloadPost
FN:30,template
FNF:7
FNH:7
FNDA:6,(anonymous_0)
FNDA:6,(anonymous_1)
FNDA:7,(anonymous_2)
FNDA:5,(anonymous_3)
FNDA:5,(anonymous_4)
FNDA:5,reloadPost
FNDA:9,template
DA:30,9
DA:31,9
DA:32,9
DA:33,9
DA:35,9
DA:36,6
DA:38,6
DA:41,7
DA:42,5
DA:44,5
DA:57,5
LF:11
LH:11
BRDA:45,0,0,5
BRDA:45,0,1,4
BRDA:45,1,0,5
BRDA:45,1,1,5
BRDA:30,2,0,7
BRDA:30,2,1,7
BRDA:30,2,2,7
BRDA:30,3,0,6
BRDA:30,3,1,3
BRF:9
BRH:9
end_of_record
TN:
SF:src/app/post/posts-list/posts-list.component.ts
FN:27,(anonymous_0)
FN:29,toggleSort
FN:30,(anonymous_2)
FN:23,template
FNF:4
FNH:4
FNDA:7,(anonymous_0)
FNDA:1,toggleSort
FNDA:1,(anonymous_2)
FNDA:13,template
DA:23,17
DA:24,13
DA:26,13
DA:27,13
DA:30,1
LF:5
LH:5
BRDA:30,0,0,1
BRDA:30,0,1,0
BRDA:23,1,0,7
BRDA:23,1,1,7
BRDA:23,1,2,7
BRDA:23,2,0,6
BRDA:23,2,1,11
BRF:7
BRH:6
end_of_record
TN:
SF:src/app/shared/account-fields/account-fields.component.ts
FN:17,template
FNF:1
FNH:1
FNDA:29,template
DA:17,93
DA:18,29
DA:19,29
DA:21,29
LF:4
LH:4
BRDA:17,0,0,9
BRDA:17,0,1,9
BRDA:17,0,2,9
BRDA:17,1,0,20
BRDA:17,1,1,73
BRF:5
BRH:5
end_of_record
TN:
SF:src/app/shared/account-fields/account-form.ts
FN:21,createAccountForm
FNF:1
FNH:1
FNDA:22,createAccountForm
DA:26,22
LF:1
LH:1
BRDA:22,0,0,22
BRDA:23,1,0,22
BRDA:38,2,0,13
BRDA:38,2,1,9
BRDA:41,3,0,13
BRDA:41,3,1,9
BRF:6
BRH:6
end_of_record
TN:
SF:src/app/shared/api-error/api-error.component.ts
FN:10,template
FNF:1
FNH:1
FNDA:17,template
DA:10,17
DA:11,17
LF:2
LH:2
BRDA:10,0,0,10
BRDA:10,0,1,10
BRDA:10,0,2,10
BRDA:10,1,0,7
BRDA:10,1,1,7
BRF:5
BRH:5
end_of_record
TN:
SF:src/app/shared/api-error/api-error.ts
FN:12,toApiError
FN:20,parseApiErrorResponse
FN:29,messageFor
FN:33,isKnownMessageCode
FNF:4
FNH:4
FNDA:9,toApiError
FNDA:9,parseApiErrorResponse
FNDA:8,messageFor
FNDA:8,isKnownMessageCode
DA:13,9
DA:15,9
DA:21,9
DA:22,1
DA:25,8
DA:26,8
DA:30,8
DA:34,8
LF:8
LH:8
BRDA:16,0,0,1
BRDA:16,0,1,8
BRDA:21,1,0,1
BRDA:21,1,1,8
BRDA:21,2,0,9
BRDA:21,2,1,8
BRDA:21,2,2,8
BRDA:26,3,0,8
BRDA:26,3,1,0
BRDA:30,4,0,7
BRDA:30,4,1,1
BRDA:34,5,0,8
BRDA:34,5,1,7
BRF:13
BRH:12
end_of_record
TN:
SF:src/app/shared/back-button/back-button.component.ts
FN:12,template
FNF:1
FNH:1
FNDA:38,template
DA:12,54
DA:13,38
DA:14,38
LF:3
LH:3
BRDA:12,0,0,11
BRDA:12,0,1,11
BRDA:12,0,2,11
BRDA:12,1,0,27
BRDA:12,1,1,27
BRF:5
BRH:5
end_of_record
TN:
SF:src/app/shared/down-arrow-icon/down-arrow-icon.component.ts
FN:16,template
FNF:1
FNH:1
FNDA:7,template
DA:6,6
DA:7,6
DA:11,6
DA:16,12
LF:4
LH:4
BRDA:16,0,0,7
BRDA:16,0,1,7
BRDA:16,0,2,7
BRDA:16,1,0,6
BRDA:16,1,1,6
BRF:5
BRH:5
end_of_record
TN:
SF:src/app/shared/form-validation-feedback/form-validation-feedback.component.ts
FN:16,(anonymous_0)
FN:18,(anonymous_1)
FN:23,(anonymous_2)
FN:10,template
FNF:4
FNH:4
FNDA:61,(anonymous_0)
FNDA:136,(anonymous_1)
FNDA:61,(anonymous_2)
FNDA:71,template
DA:10,135
DA:11,71
DA:12,71
DA:13,71
DA:14,71
DA:16,71
DA:17,61
DA:18,61
DA:19,136
DA:20,61
DA:22,61
DA:23,61
LF:12
LH:12
BRDA:19,0,0,136
BRDA:19,0,1,61
BRDA:19,0,2,32
BRDA:10,1,0,10
BRDA:10,1,1,10
BRDA:10,1,2,10
BRDA:10,2,0,61
BRDA:10,2,1,74
BRF:8
BRH:8
end_of_record
TN:
SF:src/app/shared/header/header.component.ts
FN:20,(anonymous_0)
FN:15,template
FNF:2
FNH:2
FNDA:50,(anonymous_0)
FNDA:64,template
DA:15,101
DA:16,64
DA:18,64
DA:19,64
DA:20,64
LF:5
LH:5
BRDA:20,0,0,14
BRDA:20,0,1,36
BRDA:15,1,0,15
BRDA:15,1,1,15
BRDA:15,1,2,15
BRDA:15,2,0,49
BRDA:15,2,1,52
BRF:7
BRH:7
end_of_record
TN:
SF:src/app/shared/icons/burger-menu-icon/burger-menu-icon.component.ts
FN:9,template
FNF:1
FNH:1
FNDA:16,template
DA:9,62
LF:1
LH:1
BRDA:9,0,0,16
BRDA:9,0,1,16
BRDA:9,0,2,16
BRDA:9,1,0,31
BRDA:9,1,1,31
BRF:5
BRH:5
end_of_record
TN:
SF:src/app/shared/icons/profile-icon/profile-icon.component.ts
FN:9,template
FNF:1
FNH:1
FNDA:52,template
DA:9,69
DA:10,52
LF:2
LH:2
BRDA:9,0,0,18
BRDA:9,0,1,18
BRDA:9,0,2,18
BRDA:9,1,0,34
BRDA:9,1,1,35
BRF:5
BRH:5
end_of_record
TN:
SF:src/app/shared/logout-button/logout-button.component.ts
FN:22,logout
FN:32,(anonymous_1)
FN:36,(anonymous_2)
FN:13,template
FNF:4
FNH:3
FNDA:3,logout
FNDA:3,(anonymous_1)
FNDA:0,(anonymous_2)
FNDA:50,template
DA:13,68
DA:14,50
DA:15,50
DA:16,50
DA:17,50
DA:19,50
DA:20,50
DA:23,3
DA:24,0
DA:27,3
DA:28,3
DA:33,3
DA:34,3
DA:36,0
LF:14
LH:12
BRDA:23,0,0,0
BRDA:23,0,1,3
BRDA:13,1,0,17
BRDA:13,1,1,17
BRDA:13,1,2,17
BRDA:13,2,0,33
BRDA:13,2,1,35
BRF:7
BRH:6
end_of_record
TN:
SF:src/app/shared/messages/error-messages.ts
FNF:0
FNH:0
DA:1,10
LF:1
LH:1
BRF:0
BRH:0
end_of_record
TN:
SF:src/app/shared/mobile-navigation/mobile-navigation.component.ts
FN:26,(anonymous_0)
FN:27,(anonymous_1)
FN:29,toggleMenu
FN:38,ngOnDestroy
FN:43,closeMenu
FN:50,onMenuAnimationEnd
FN:57,onDialogCancel
FN:62,onDialogClick
FN:68,openMenu
FN:70,(anonymous_9)
FN:78,closeNativeDialog
FN:21,viewQuery
FNF:12
FNH:12
FNDA:39,(anonymous_0)
FNDA:39,(anonymous_1)
FNDA:4,toggleMenu
FNDA:31,ngOnDestroy
FNDA:3,closeMenu
FNDA:1,onMenuAnimationEnd
FNDA:1,onDialogCancel
FNDA:2,onDialogClick
FNDA:4,openMenu
FNDA:4,(anonymous_9)
FNDA:32,closeNativeDialog
FNDA:47,viewQuery
DA:21,71
DA:22,47
DA:25,47
DA:26,47
DA:27,47
DA:30,4
DA:31,0
DA:32,0
DA:35,4
DA:39,31
DA:40,31
DA:44,3
DA:45,3
DA:46,3
DA:51,1
DA:52,1
DA:53,1
DA:58,1
DA:59,1
DA:63,2
DA:64,1
DA:69,4
DA:70,4
DA:71,4
DA:72,4
DA:73,4
DA:79,32
DA:80,32
DA:81,4
LF:29
LH:27
BRDA:30,0,0,0
BRDA:30,0,1,4
BRDA:44,1,0,3
BRDA:44,1,1,0
BRDA:51,2,0,1
BRDA:51,2,1,0
BRDA:63,3,0,1
BRDA:63,3,1,1
BRDA:72,4,0,4
BRDA:72,4,1,0
BRDA:72,5,0,4
BRDA:72,5,1,4
BRDA:80,6,0,4
BRDA:80,6,1,28
BRDA:21,7,0,16
BRDA:21,7,1,16
BRDA:21,7,2,16
BRDA:21,8,0,31
BRDA:21,8,1,40
BRF:19
BRH:15
end_of_record
TN:
SF:src/app/shared/navigation-links/navigation-links.component.ts
FN:16,onNavigationRequested
FN:12,template
FNF:2
FNH:2
FNDA:1,onNavigationRequested
FNDA:50,template
DA:12,70
DA:13,50
DA:14,50
DA:17,1
LF:4
LH:4
BRDA:12,0,0,17
BRDA:12,0,1,17
BRDA:12,0,2,17
BRDA:12,1,0,33
BRDA:12,1,1,37
BRF:5
BRH:5
end_of_record
TN:
SF:src/app/shared/validators/password-complexity.validator.ts
FN:7,(anonymous_0)
FN:12,(anonymous_1)
FNF:2
FNH:2
FNDA:67,(anonymous_0)
FNDA:36,(anonymous_1)
DA:3,10
DA:5,10
DA:7,10
DA:10,67
DA:12,10
DA:15,36
LF:6
LH:6
BRDA:10,0,0,15
BRDA:10,0,1,52
BRDA:15,1,0,34
BRDA:15,1,1,2
BRF:4
BRH:4
end_of_record
TN:
SF:src/app/theme/mdd-preset.ts
FNF:0
FNH:0
DA:4,0
LF:1
LH:0
BRF:0
BRH:0
end_of_record
TN:
SF:src/app/topic/topic.service.ts
FN:10,getTopics
FN:14,subscribe
FN:18,unsubscribe
FNF:3
FNH:3
FNDA:17,getTopics
FNDA:5,subscribe
FNDA:5,unsubscribe
DA:7,15
DA:8,20
DA:11,17
DA:15,5
DA:19,5
LF:5
LH:5
BRDA:7,0,0,9
BRDA:7,0,1,9
BRDA:7,0,2,9
BRF:3
BRH:3
end_of_record
TN:
SF:src/app/topic/models/topic.ts
FNF:0
FNH:0
LF:0
LH:0
BRF:0
BRH:0
end_of_record
TN:
SF:src/app/topic/topics-list/topics-list.component.ts
FN:24,(anonymous_0)
FN:27,subscribe
FN:32,(anonymous_2)
FN:17,template
FNF:4
FNH:4
FNDA:8,(anonymous_0)
FNDA:5,subscribe
FNDA:5,(anonymous_2)
FNDA:10,template
DA:17,14
DA:18,10
DA:19,10
DA:20,10
DA:22,10
DA:24,8
DA:28,5
DA:33,5
LF:8
LH:8
BRDA:17,0,0,7
BRDA:17,0,1,7
BRDA:17,0,2,7
BRDA:17,1,0,7
BRDA:17,1,1,7
BRF:5
BRH:5
end_of_record
TN:
SF:src/app/user/profile/profile.component.ts
FN:43,(anonymous_0)
FN:54,unsubscribe
FN:59,(anonymous_2)
FN:65,hasChanges
FN:75,save
FN:92,(anonymous_5)
FN:104,(anonymous_6)
FN:30,template
FNF:8
FNH:8
FNDA:13,(anonymous_0)
FNDA:5,unsubscribe
FNDA:5,(anonymous_2)
FNDA:31,hasChanges
FNDA:6,save
FNDA:5,(anonymous_5)
FNDA:5,(anonymous_6)
FNDA:15,template
DA:30,37
DA:31,15
DA:32,15
DA:33,15
DA:34,15
DA:35,15
DA:36,15
DA:41,15
DA:43,13
DA:46,15
DA:51,15
DA:52,15
DA:55,5
DA:60,5
DA:66,31
DA:68,31
DA:76,6
DA:77,4
DA:78,4
DA:81,6
DA:82,4
DA:85,6
DA:86,6
DA:87,6
DA:88,6
DA:93,5
DA:97,5
DA:102,5
DA:105,5
DA:106,5
LF:30
LH:30
BRDA:37,0,0,15
BRDA:37,0,1,7
BRDA:38,1,0,15
BRDA:38,1,1,7
BRDA:69,2,0,31
BRDA:69,2,1,24
BRDA:69,2,2,24
BRDA:76,3,0,4
BRDA:76,3,1,2
BRDA:76,4,0,6
BRDA:76,4,1,6
BRDA:81,5,0,4
BRDA:81,5,1,2
BRDA:30,6,0,7
BRDA:30,6,1,7
BRDA:30,6,2,7
BRDA:30,7,0,12
BRDA:30,7,1,25
BRF:18
BRH:18
end_of_record
TN:
SF:src/testing/dom.ts
FN:1,(anonymous_0)
FNF:1
FNH:1
FNDA:16,(anonymous_0)
DA:1,2
DA:2,16
DA:4,16
DA:5,0
DA:8,16
LF:5
LH:4
BRDA:4,0,0,0
BRDA:4,0,1,16
BRF:2
BRH:1
end_of_record
