TN:
SF:src/app/app.component.ts
FN:11,template
FNF:1
FNH:1
FNDA:9,template
DA:11,28
DA:12,9
LF:2
LH:2
BRDA:11,0,0,6
BRDA:11,0,1,6
BRDA:11,1,0,6
BRDA:11,1,1,22
BRDA:11,2,0,3
BRDA:11,2,1,3
BRDA:11,2,2,3
BRDA:11,3,0,3
BRDA:11,3,1,3
BRDA:11,3,2,3
BRF:10
BRH:10
end_of_record
TN:
SF:src/app/app.config.ts
FNF:0
FNH:0
DA:11,0
LF:1
LH:0
BRF:0
BRH:0
end_of_record
TN:
SF:src/app/app.routes.ts
FNF:0
FNH:0
DA:14,4
LF:1
LH:1
BRF:0
BRH:0
end_of_record
TN:
SF:src/app/auth/auth.guard.ts
FN:6,(anonymous_0)
FN:12,(anonymous_1)
FNF:2
FNH:2
FNDA:3,(anonymous_0)
FNDA:3,(anonymous_1)
DA:6,4
DA:7,3
DA:8,3
DA:10,3
DA:12,3
LF:5
LH:5
BRDA:12,0,0,3
BRDA:12,0,1,1
BRF:2
BRH:2
end_of_record
TN:
SF:src/app/auth/authentication.service.ts
FN:20,login
FN:22,(anonymous_1)
FN:26,register
FN:28,(anonymous_3)
FN:32,logout
FN:33,(anonymous_5)
FN:36,csrfToken
FNF:7
FNH:7
FNDA:2,login
FNDA:2,(anonymous_1)
FNDA:2,register
FNDA:2,(anonymous_3)
FNDA:1,logout
FNDA:1,(anonymous_5)
FNDA:5,csrfToken
DA:17,6
DA:18,10
DA:21,2
DA:22,2
DA:27,2
DA:28,2
DA:33,1
DA:37,5
LF:8
LH:8
BRDA:17,0,0,6
BRDA:17,0,1,6
BRDA:17,1,0,4
BRDA:17,1,1,4
BRDA:17,1,2,4
BRF:5
BRH:5
end_of_record
TN:
SF:src/app/auth/session-expiration.interceptor.ts
FN:7,(anonymous_0)
FN:12,(anonymous_1)
FN:18,(anonymous_2)
FN:23,isProtectedApiRequest
FNF:4
FNH:0
FNDA:0,(anonymous_0)
FNDA:0,(anonymous_1)
FNDA:0,(anonymous_2)
FNDA:0,isProtectedApiRequest
DA:7,0
DA:8,0
DA:9,0
DA:11,0
DA:13,0
DA:14,0
DA:15,0
DA:18,0
DA:24,0
LF:9
LH:0
BRDA:13,0,0,0
BRDA:13,0,1,0
BRDA:13,1,0,0
BRDA:13,1,1,0
BRDA:24,2,0,0
BRDA:24,2,1,0
BRF:6
BRH:0
end_of_record
TN:
SF:src/app/auth/session.service.ts
FN:18,restoreSession
FN:20,(anonymous_1)
FN:21,(anonymous_2)
FN:22,(anonymous_3)
FN:28,(anonymous_4)
FN:33,updateCurrentUser
FN:35,(anonymous_6)
FN:49,clearSession
FNF:8
FNH:5
FNDA:3,restoreSession
FNDA:2,(anonymous_1)
FNDA:2,(anonymous_2)
FNDA:1,(anonymous_3)
FNDA:0,(anonymous_4)
FNDA:0,updateCurrentUser
FNDA:0,(anonymous_6)
FNDA:1,clearSession
DA:13,6
DA:14,10
DA:16,10
DA:19,3
DA:20,2
DA:21,2
DA:23,1
DA:24,1
DA:25,1
DA:28,0
DA:34,0
DA:36,0
DA:38,0
DA:39,0
DA:50,1
LF:15
LH:10
BRDA:23,0,0,1
BRDA:23,0,1,0
BRDA:38,1,0,0
BRDA:38,1,1,0
BRDA:13,2,0,6
BRDA:13,2,1,6
BRDA:13,3,0,4
BRDA:13,3,1,4
BRDA:13,3,2,4
BRF:9
BRH:6
end_of_record
TN:
SF:src/app/auth/unknown-route.guard.ts
FN:6,(anonymous_0)
FN:12,(anonymous_1)
FNF:2
FNH:0
FNDA:0,(anonymous_0)
FNDA:0,(anonymous_1)
DA:6,4
DA:7,0
DA:8,0
DA:10,0
DA:12,0
LF:5
LH:1
BRDA:12,0,0,0
BRDA:12,0,1,0
BRF:2
BRH:0
end_of_record
TN:
SF:src/app/auth/login/login.component.ts
FN:48,submit
FN:60,(anonymous_1)
FN:61,(anonymous_2)
FN:32,template
FNF:4
FNH:4
FNDA:2,submit
FNDA:1,(anonymous_1)
FNDA:1,(anonymous_2)
FNDA:8,template
DA:32,14
DA:33,8
DA:34,8
DA:35,8
DA:37,8
DA:38,8
DA:40,8
DA:49,2
DA:50,0
DA:51,0
DA:54,2
DA:55,2
DA:56,2
DA:60,1
DA:62,1
DA:63,1
LF:16
LH:14
BRDA:49,0,0,0
BRDA:49,0,1,2
BRDA:49,1,0,2
BRDA:49,1,1,2
BRDA:32,2,0,4
BRDA:32,2,1,4
BRDA:32,3,0,4
BRDA:32,3,1,10
BRDA:32,4,0,4
BRDA:32,4,1,4
BRDA:32,4,2,4
BRDA:32,5,0,4
BRDA:32,5,1,4
BRDA:32,5,2,4
BRF:14
BRH:13
end_of_record
TN:
SF:src/app/auth/models/current-user.ts
FNF:0
FNH:0
LF:0
LH:0
BRF:0
BRH:0
end_of_record
TN:
SF:src/app/auth/register/register.component.ts
FN:39,submit
FN:51,(anonymous_1)
FN:52,(anonymous_2)
FN:29,template
FNF:4
FNH:3
FNDA:2,submit
FNDA:0,(anonymous_1)
FNDA:2,(anonymous_2)
FNDA:6,template
DA:29,6
DA:30,6
DA:31,6
DA:32,6
DA:34,6
DA:35,6
DA:37,6
DA:40,2
DA:41,0
DA:42,0
DA:45,2
DA:46,2
DA:47,2
DA:51,0
DA:53,2
DA:54,2
LF:16
LH:13
BRDA:40,0,0,0
BRDA:40,0,1,2
BRDA:40,1,0,2
BRDA:40,1,1,2
BRDA:29,2,0,2
BRDA:29,2,1,2
BRDA:29,3,0,2
BRDA:29,3,1,4
BRDA:29,4,0,4
BRDA:29,4,1,4
BRDA:29,4,2,4
BRDA:29,5,0,4
BRDA:29,5,1,4
BRDA:29,5,2,4
BRF:14
BRH:13
end_of_record
TN:
SF:src/app/config/primeui-license.local.ts
FNF:0
FNH:0
DA:1,0
LF:1
LH:0
BRF:0
BRH:0
end_of_record
TN:
SF:src/app/home/home.component.ts
FN:12,template
FNF:1
FNH:1
FNDA:4,template
DA:12,4
LF:1
LH:1
BRDA:12,0,0,1
BRDA:12,0,1,1
BRDA:12,1,0,1
BRDA:12,1,1,1
BRDA:12,2,0,4
BRDA:12,2,1,4
BRDA:12,2,2,4
BRDA:12,3,0,4
BRDA:12,3,1,4
BRDA:12,3,2,4
BRF:10
BRH:10
end_of_record
TN:
SF:src/app/not-found/not-found.component.ts
FN:12,template
FNF:1
FNH:1
FNDA:4,template
DA:12,4
LF:1
LH:1
BRDA:12,0,0,0
BRDA:12,0,1,0
BRDA:12,1,0,0
BRDA:12,1,1,0
BRDA:12,2,0,4
BRDA:12,2,1,4
BRDA:12,2,2,4
BRDA:12,3,0,4
BRDA:12,3,1,4
BRDA:12,3,2,4
BRF:10
BRH:6
end_of_record
TN:
SF:src/app/post/post.service.ts
FN:22,getPosts
FN:26,getPost
FN:30,createComment
FN:34,createPost
FNF:4
FNH:1
FNDA:2,getPosts
FNDA:0,getPost
FNDA:0,createComment
FNDA:0,createPost
DA:19,4
DA:20,6
DA:23,2
DA:27,0
DA:31,0
DA:35,0
LF:6
LH:3
BRDA:22,0,0,2
BRDA:19,1,0,2
BRDA:19,1,1,2
BRDA:19,2,0,4
BRDA:19,2,1,4
BRDA:19,2,2,4
BRF:6
BRH:6
end_of_record
TN:
SF:src/app/post/models/post.ts
FNF:0
FNH:0
LF:0
LH:0
BRF:0
BRH:0
end_of_record
TN:
SF:src/app/post/post-comments/post-comments.component.ts
FN:33,send
FN:42,(anonymous_1)
FN:21,template
FNF:3
FNH:3
FNDA:4,send
FNDA:4,(anonymous_1)
FNDA:4,template
DA:21,4
DA:22,4
DA:23,4
DA:25,4
DA:26,4
DA:27,4
DA:29,4
DA:34,4
DA:35,4
DA:36,4
DA:39,4
DA:43,4
DA:44,4
LF:13
LH:13
BRDA:34,0,0,4
BRDA:34,0,1,0
BRDA:21,1,0,4
BRDA:21,1,1,4
BRDA:21,2,0,4
BRDA:21,2,1,0
BRDA:21,3,0,4
BRDA:21,3,1,4
BRDA:21,3,2,4
BRDA:21,4,0,4
BRDA:21,4,1,4
BRDA:21,4,2,4
BRF:12
BRH:10
end_of_record
TN:
SF:src/app/post/post-create/post-create.component.ts
FN:33,create
FN:49,(anonymous_1)
FN:50,(anonymous_2)
FN:19,template
FNF:4
FNH:4
FNDA:4,create
FNDA:4,(anonymous_1)
FNDA:4,(anonymous_2)
FNDA:4,template
DA:19,4
DA:20,4
DA:21,4
DA:22,4
DA:23,4
DA:25,4
DA:26,4
DA:31,4
DA:34,4
DA:35,4
DA:36,4
DA:39,4
DA:40,4
DA:43,4
DA:44,4
DA:45,4
DA:49,4
DA:50,4
LF:18
LH:18
BRDA:34,0,0,4
BRDA:34,0,1,0
BRDA:39,1,0,4
BRDA:39,1,1,0
BRDA:19,2,0,4
BRDA:19,2,1,4
BRDA:19,3,0,4
BRDA:19,3,1,0
BRDA:19,4,0,4
BRDA:19,4,1,4
BRDA:19,4,2,4
BRDA:19,5,0,4
BRDA:19,5,1,4
BRDA:19,5,2,4
BRF:14
BRH:11
end_of_record
TN:
SF:src/app/post/post-detail/post-detail.component.ts
FN:36,(anonymous_0)
FN:37,(anonymous_1)
FN:40,(anonymous_2)
FN:42,(anonymous_3)
FN:43,(anonymous_4)
FN:56,reloadPost
FN:30,template
FNF:7
FNH:7
FNDA:4,(anonymous_0)
FNDA:4,(anonymous_1)
FNDA:4,(anonymous_2)
FNDA:4,(anonymous_3)
FNDA:4,(anonymous_4)
FNDA:4,reloadPost
FNDA:4,template
DA:30,4
DA:31,4
DA:32,4
DA:33,4
DA:35,4
DA:36,4
DA:38,4
DA:41,4
DA:42,4
DA:44,4
DA:57,4
LF:11
LH:11
BRDA:45,0,0,4
BRDA:45,0,1,4
BRDA:45,1,0,4
BRDA:45,1,1,4
BRDA:30,2,0,4
BRDA:30,2,1,4
BRDA:30,3,0,4
BRDA:30,3,1,0
BRDA:30,4,0,4
BRDA:30,4,1,4
BRDA:30,4,2,4
BRDA:30,5,0,4
BRDA:30,5,1,4
BRDA:30,5,2,4
BRF:14
BRH:13
end_of_record
TN:
SF:src/app/post/posts-list/posts-list.component.ts
FN:27,(anonymous_0)
FN:29,toggleSort
FN:30,(anonymous_2)
FN:23,template
FNF:4
FNH:2
FNDA:2,(anonymous_0)
FNDA:0,toggleSort
FNDA:0,(anonymous_2)
FNDA:6,template
DA:23,8
DA:24,6
DA:26,6
DA:27,6
DA:30,0
LF:5
LH:4
BRDA:30,0,0,0
BRDA:30,0,1,0
BRDA:23,1,0,2
BRDA:23,1,1,2
BRDA:23,2,0,2
BRDA:23,2,1,6
BRDA:23,3,0,4
BRDA:23,3,1,4
BRDA:23,3,2,4
BRDA:23,4,0,4
BRDA:23,4,1,4
BRDA:23,4,2,4
BRF:12
BRH:10
end_of_record
TN:
SF:src/app/shared/account-fields/account-fields.component.ts
FN:17,template
FNF:1
FNH:1
FNDA:6,template
DA:17,10
DA:18,6
DA:19,6
DA:21,6
LF:4
LH:4
BRDA:17,0,0,2
BRDA:17,0,1,2
BRDA:17,1,0,2
BRDA:17,1,1,8
BRDA:17,2,0,4
BRDA:17,2,1,4
BRDA:17,2,2,4
BRDA:17,3,0,4
BRDA:17,3,1,4
BRDA:17,3,2,4
BRF:10
BRH:10
end_of_record
TN:
SF:src/app/shared/account-fields/account-form.ts
FN:21,createAccountForm
FNF:1
FNH:1
FNDA:2,createAccountForm
DA:26,2
LF:1
LH:1
BRDA:22,0,0,2
BRDA:23,1,0,2
BRDA:38,2,0,2
BRDA:38,2,1,0
BRDA:41,3,0,2
BRDA:41,3,1,0
BRF:6
BRH:4
end_of_record
TN:
SF:src/app/shared/api-error/api-error.component.ts
FN:10,template
FNF:1
FNH:1
FNDA:7,template
DA:10,7
DA:11,7
LF:2
LH:2
BRDA:10,0,0,3
BRDA:10,0,1,3
BRDA:10,1,0,3
BRDA:10,1,1,3
BRDA:10,2,0,4
BRDA:10,2,1,4
BRDA:10,2,2,4
BRDA:10,3,0,4
BRDA:10,3,1,4
BRDA:10,3,2,4
BRF:10
BRH:10
end_of_record
TN:
SF:src/app/shared/api-error/api-error.ts
FN:12,toApiError
FN:20,parseApiErrorResponse
FN:29,messageFor
FN:33,isKnownMessageCode
FNF:4
FNH:4
FNDA:3,toApiError
FNDA:3,parseApiErrorResponse
FNDA:2,messageFor
FNDA:2,isKnownMessageCode
DA:13,3
DA:15,3
DA:21,3
DA:22,1
DA:25,2
DA:26,2
DA:30,2
DA:34,2
LF:8
LH:8
BRDA:16,0,0,1
BRDA:16,0,1,2
BRDA:21,1,0,1
BRDA:21,1,1,2
BRDA:21,2,0,3
BRDA:21,2,1,2
BRDA:21,2,2,2
BRDA:26,3,0,2
BRDA:26,3,1,0
BRDA:30,4,0,2
BRDA:30,4,1,0
BRDA:34,5,0,2
BRDA:34,5,1,2
BRF:13
BRH:11
end_of_record
TN:
SF:src/app/shared/back-button/back-button.component.ts
FN:12,template
FNF:1
FNH:1
FNDA:10,template
DA:12,12
DA:13,10
DA:14,10
LF:3
LH:3
BRDA:12,0,0,6
BRDA:12,0,1,6
BRDA:12,1,0,6
BRDA:12,1,1,6
BRDA:12,2,0,4
BRDA:12,2,1,4
BRDA:12,2,2,4
BRDA:12,3,0,4
BRDA:12,3,1,4
BRDA:12,3,2,4
BRF:10
BRH:10
end_of_record
TN:
SF:src/app/shared/down-arrow-icon/down-arrow-icon.component.ts
FN:16,template
FNF:1
FNH:1
FNDA:4,template
DA:6,2
DA:7,2
DA:11,2
DA:16,4
LF:4
LH:4
BRDA:16,0,0,2
BRDA:16,0,1,2
BRDA:16,1,0,2
BRDA:16,1,1,2
BRDA:16,2,0,4
BRDA:16,2,1,4
BRDA:16,2,2,4
BRDA:16,3,0,4
BRDA:16,3,1,4
BRDA:16,3,2,4
BRF:10
BRH:10
end_of_record
TN:
SF:src/app/shared/form-validation-feedback/form-validation-feedback.component.ts
FN:16,(anonymous_0)
FN:18,(anonymous_1)
FN:23,(anonymous_2)
FN:10,template
FNF:4
FNH:4
FNDA:6,(anonymous_0)
FNDA:24,(anonymous_1)
FNDA:6,(anonymous_2)
FNDA:10,template
DA:10,18
DA:11,10
DA:12,10
DA:13,10
DA:14,10
DA:16,10
DA:17,6
DA:18,6
DA:19,24
DA:20,6
DA:22,6
DA:23,6
LF:12
LH:12
BRDA:19,0,0,24
BRDA:19,0,1,12
BRDA:19,0,2,6
BRDA:10,1,0,6
BRDA:10,1,1,6
BRDA:10,2,0,6
BRDA:10,2,1,12
BRDA:10,3,0,4
BRDA:10,3,1,4
BRDA:10,3,2,4
BRDA:10,4,0,4
BRDA:10,4,1,4
BRDA:10,4,2,4
BRF:13
BRH:13
end_of_record
TN:
SF:src/app/shared/header/header.component.ts
FN:20,(anonymous_0)
FN:15,template
FNF:2
FNH:2
FNDA:8,(anonymous_0)
FNDA:12,template
DA:15,18
DA:16,12
DA:18,12
DA:19,12
DA:20,12
LF:5
LH:5
BRDA:20,0,0,2
BRDA:20,0,1,6
BRDA:15,1,0,8
BRDA:15,1,1,8
BRDA:15,2,0,8
BRDA:15,2,1,10
BRDA:15,3,0,4
BRDA:15,3,1,4
BRDA:15,3,2,4
BRDA:15,4,0,4
BRDA:15,4,1,4
BRDA:15,4,2,4
BRF:12
BRH:12
end_of_record
TN:
SF:src/app/shared/icons/burger-menu-icon/burger-menu-icon.component.ts
FN:9,template
FNF:1
FNH:1
FNDA:4,template
DA:9,4
LF:1
LH:1
BRDA:9,0,0,2
BRDA:9,0,1,2
BRDA:9,1,0,2
BRDA:9,1,1,2
BRDA:9,2,0,4
BRDA:9,2,1,4
BRDA:9,2,2,4
BRDA:9,3,0,4
BRDA:9,3,1,4
BRDA:9,3,2,4
BRF:10
BRH:10
end_of_record
TN:
SF:src/app/shared/icons/profile-icon/profile-icon.component.ts
FN:9,template
FNF:1
FNH:1
FNDA:6,template
DA:9,6
DA:10,6
LF:2
LH:2
BRDA:9,0,0,2
BRDA:9,0,1,2
BRDA:9,1,0,2
BRDA:9,1,1,2
BRDA:9,2,0,4
BRDA:9,2,1,4
BRDA:9,2,2,4
BRDA:9,3,0,4
BRDA:9,3,1,4
BRDA:9,3,2,4
BRF:10
BRH:10
end_of_record
TN:
SF:src/app/shared/logout-button/logout-button.component.ts
FN:22,logout
FN:32,(anonymous_1)
FN:36,(anonymous_2)
FN:13,template
FNF:4
FNH:3
FNDA:1,logout
FNDA:1,(anonymous_1)
FNDA:0,(anonymous_2)
FNDA:6,template
DA:13,6
DA:14,6
DA:15,6
DA:16,6
DA:17,6
DA:19,6
DA:20,6
DA:23,1
DA:24,0
DA:27,1
DA:28,1
DA:33,1
DA:34,1
DA:36,0
LF:14
LH:12
BRDA:23,0,0,0
BRDA:23,0,1,1
BRDA:13,1,0,2
BRDA:13,1,1,2
BRDA:13,2,0,2
BRDA:13,2,1,2
BRDA:13,3,0,4
BRDA:13,3,1,4
BRDA:13,3,2,4
BRDA:13,4,0,4
BRDA:13,4,1,4
BRDA:13,4,2,4
BRF:12
BRH:11
end_of_record
TN:
SF:src/app/shared/messages/error-messages.ts
FNF:0
FNH:0
DA:1,4
LF:1
LH:1
BRF:0
BRH:0
end_of_record
TN:
SF:src/app/shared/mobile-navigation/mobile-navigation.component.ts
FN:26,(anonymous_0)
FN:27,(anonymous_1)
FN:29,toggleMenu
FN:38,ngOnDestroy
FN:43,closeMenu
FN:50,onMenuAnimationEnd
FN:57,onDialogCancel
FN:62,onDialogClick
FN:68,openMenu
FN:70,(anonymous_9)
FN:78,closeNativeDialog
FN:21,viewQuery
FNF:12
FNH:5
FNDA:2,(anonymous_0)
FNDA:2,(anonymous_1)
FNDA:0,toggleMenu
FNDA:2,ngOnDestroy
FNDA:0,closeMenu
FNDA:0,onMenuAnimationEnd
FNDA:0,onDialogCancel
FNDA:0,onDialogClick
FNDA:0,openMenu
FNDA:0,(anonymous_9)
FNDA:2,closeNativeDialog
FNDA:6,viewQuery
DA:21,6
DA:22,6
DA:25,6
DA:26,6
DA:27,6
DA:30,0
DA:31,0
DA:32,0
DA:35,0
DA:39,2
DA:40,2
DA:44,0
DA:45,0
DA:46,0
DA:51,0
DA:52,0
DA:53,0
DA:58,0
DA:59,0
DA:63,0
DA:64,0
DA:69,0
DA:70,0
DA:71,0
DA:72,0
DA:73,0
DA:79,2
DA:80,2
DA:81,0
LF:29
LH:9
BRDA:30,0,0,0
BRDA:30,0,1,0
BRDA:44,1,0,0
BRDA:44,1,1,0
BRDA:51,2,0,0
BRDA:51,2,1,0
BRDA:63,3,0,0
BRDA:63,3,1,0
BRDA:72,4,0,0
BRDA:72,4,1,0
BRDA:72,5,0,0
BRDA:72,5,1,0
BRDA:80,6,0,0
BRDA:80,6,1,2
BRDA:21,7,0,2
BRDA:21,7,1,2
BRDA:21,8,0,2
BRDA:21,8,1,2
BRDA:21,9,0,4
BRDA:21,9,1,4
BRDA:21,9,2,4
BRDA:21,10,0,4
BRDA:21,10,1,4
BRDA:21,10,2,4
BRF:24
BRH:11
end_of_record
TN:
SF:src/app/shared/navigation-links/navigation-links.component.ts
FN:16,onNavigationRequested
FN:12,template
FNF:2
FNH:1
FNDA:0,onNavigationRequested
FNDA:6,template
DA:12,6
DA:13,6
DA:14,6
DA:17,0
LF:4
LH:3
BRDA:12,0,0,2
BRDA:12,0,1,2
BRDA:12,1,0,2
BRDA:12,1,1,4
BRDA:12,2,0,4
BRDA:12,2,1,4
BRDA:12,2,2,4
BRDA:12,3,0,4
BRDA:12,3,1,4
BRDA:12,3,2,4
BRF:10
BRH:10
end_of_record
TN:
SF:src/app/shared/validators/password-complexity.validator.ts
FN:7,(anonymous_0)
FN:12,(anonymous_1)
FNF:2
FNH:1
FNDA:10,(anonymous_0)
FNDA:0,(anonymous_1)
DA:3,4
DA:5,4
DA:7,4
DA:10,10
DA:12,4
DA:15,0
LF:6
LH:5
BRDA:10,0,0,2
BRDA:10,0,1,8
BRDA:15,1,0,0
BRDA:15,1,1,0
BRF:4
BRH:2
end_of_record
TN:
SF:src/app/theme/mdd-preset.ts
FNF:0
FNH:0
DA:4,0
LF:1
LH:0
BRF:0
BRH:0
end_of_record
TN:
SF:src/app/topic/topic.service.ts
FN:10,getTopics
FN:14,subscribe
FN:18,unsubscribe
FNF:3
FNH:3
FNDA:4,getTopics
FNDA:4,subscribe
FNDA:4,unsubscribe
DA:7,4
DA:8,4
DA:11,4
DA:15,4
DA:19,4
LF:5
LH:5
BRDA:7,0,0,4
BRDA:7,0,1,4
BRDA:7,1,0,4
BRDA:7,1,1,4
BRDA:7,1,2,4
BRF:5
BRH:5
end_of_record
TN:
SF:src/app/topic/models/topic.ts
FNF:0
FNH:0
LF:0
LH:0
BRF:0
BRH:0
end_of_record
TN:
SF:src/app/topic/topics-list/topics-list.component.ts
FN:24,(anonymous_0)
FN:27,subscribe
FN:32,(anonymous_2)
FN:17,template
FNF:4
FNH:4
FNDA:4,(anonymous_0)
FNDA:4,subscribe
FNDA:4,(anonymous_2)
FNDA:4,template
DA:17,4
DA:18,4
DA:19,4
DA:20,4
DA:22,4
DA:24,4
DA:28,4
DA:33,4
LF:8
LH:8
BRDA:17,0,0,4
BRDA:17,0,1,4
BRDA:17,1,0,4
BRDA:17,1,1,0
BRDA:17,2,0,4
BRDA:17,2,1,4
BRDA:17,2,2,4
BRDA:17,3,0,4
BRDA:17,3,1,4
BRDA:17,3,2,4
BRF:10
BRH:9
end_of_record
TN:
SF:src/app/user/profile/profile.component.ts
FN:43,(anonymous_0)
FN:54,unsubscribe
FN:59,(anonymous_2)
FN:65,hasChanges
FN:75,save
FN:92,(anonymous_5)
FN:104,(anonymous_6)
FN:30,template
FNF:8
FNH:8
FNDA:4,(anonymous_0)
FNDA:4,unsubscribe
FNDA:4,(anonymous_2)
FNDA:4,hasChanges
FNDA:4,save
FNDA:4,(anonymous_5)
FNDA:4,(anonymous_6)
FNDA:4,template
DA:30,4
DA:31,4
DA:32,4
DA:33,4
DA:34,4
DA:35,4
DA:36,4
DA:41,4
DA:43,4
DA:46,4
DA:51,4
DA:52,4
DA:55,4
DA:60,4
DA:66,4
DA:68,4
DA:76,4
DA:77,4
DA:78,4
DA:81,4
DA:82,4
DA:85,4
DA:86,4
DA:87,4
DA:88,4
DA:93,4
DA:97,4
DA:102,4
DA:105,4
DA:106,4
LF:30
LH:30
BRDA:37,0,0,4
BRDA:37,0,1,4
BRDA:38,1,0,4
BRDA:38,1,1,4
BRDA:69,2,0,4
BRDA:69,2,1,4
BRDA:69,2,2,4
BRDA:76,3,0,4
BRDA:76,3,1,0
BRDA:76,4,0,4
BRDA:76,4,1,4
BRDA:81,5,0,4
BRDA:81,5,1,0
BRDA:30,6,0,4
BRDA:30,6,1,4
BRDA:30,7,0,4
BRDA:30,7,1,0
BRDA:30,8,0,4
BRDA:30,8,1,4
BRDA:30,8,2,4
BRDA:30,9,0,4
BRDA:30,9,1,4
BRDA:30,9,2,4
BRF:23
BRH:20
end_of_record
TN:
SF:src/testing/dom.ts
FN:1,(anonymous_0)
FNF:1
FNH:0
FNDA:0,(anonymous_0)
DA:1,0
DA:2,0
DA:4,0
DA:5,0
DA:8,0
LF:5
LH:0
BRDA:4,0,0,0
BRDA:4,0,1,0
BRF:2
BRH:0
end_of_record
