{"numTotalTestSuites":28,"numPassedTestSuites":28,"numFailedTestSuites":0,"numPendingTestSuites":0,"numTotalTests":49,"numPassedTests":49,"numFailedTests":0,"numPendingTests":0,"numTodoTests":0,"snapshot":{"added":0,"failure":false,"filesAdded":0,"filesRemoved":0,"filesRemovedList":[],"filesUnmatched":0,"filesUpdated":0,"matched":0,"total":0,"unchecked":0,"uncheckedKeysByFile":[],"unmatched":0,"updated":0,"didUpdate":false},"startTime":1787852039182,"success":true,"testResults":[{"assertionResults":[{"ancestorTitles":["session expiration integration"],"fullName":"session expiration integration clears an active session and returns the user to login after a protected request expires","status":"passed","title":"clears an active session and returns the user to login after a protected request expires","duration":16.22700599999996,"failureMessages":[],"meta":{},"tags":[]},{"ancestorTitles":["session expiration integration"],"fullName":"session expiration integration leaves a failed session restoration request to the route guard","status":"passed","title":"leaves a failed session restoration request to the route guard","duration":3.1224680000000262,"failureMessages":[],"meta":{},"tags":[]}],"startTime":1787852039981,"endTime":1787852040000.1226,"status":"passed","message":"","name":"/home/manu/Documents/Lead Developer Java Angular/projet5/projet5-mdd/front/src/app/auth/session-expiration.interceptor.integration.spec.ts"},{"assertionResults":[{"ancestorTitles":["session restoration integration"],"fullName":"session restoration integration restores a valid session when the application starts on the articles route","status":"passed","title":"restores a valid session when the application starts on the articles route","duration":99.66410800000006,"failureMessages":[],"meta":{},"tags":[]},{"ancestorTitles":["session restoration integration"],"fullName":"session restoration integration redirects to login when session restoration returns 401","status":"passed","title":"redirects to login when session restoration returns 401","duration":65.89884899999993,"failureMessages":[],"meta":{},"tags":[]}],"startTime":1787852040211,"endTime":1787852040376.899,"status":"passed","message":"","name":"/home/manu/Documents/Lead Developer Java Angular/projet5/projet5-mdd/front/src/app/auth/session.integration.spec.ts"},{"assertionResults":[{"ancestorTitles":["SessionService integration"],"fullName":"SessionService integration stores the user returned by the session endpoint","status":"passed","title":"stores the user returned by the session endpoint","duration":12.35918300000003,"failureMessages":[],"meta":{},"tags":[]},{"ancestorTitles":["SessionService integration"],"fullName":"SessionService integration clears a previously restored user when the session endpoint returns 401","status":"passed","title":"clears a previously restored user when the session endpoint returns 401","duration":2.9132079999999405,"failureMessages":[],"meta":{},"tags":[]},{"ancestorTitles":["SessionService integration"],"fullName":"SessionService integration keeps unexpected restoration failures available to the caller","status":"passed","title":"keeps unexpected restoration failures available to the caller","duration":2.51070900000002,"failureMessages":[],"meta":{},"tags":[]},{"ancestorTitles":["SessionService integration"],"fullName":"SessionService integration updates the in-memory user after the profile endpoint accepts the change","status":"passed","title":"updates the in-memory user after the profile endpoint accepts the change","duration":7.092906999999968,"failureMessages":[],"meta":{},"tags":[]}],"startTime":1787852039952,"endTime":1787852039977.093,"status":"passed","message":"","name":"/home/manu/Documents/Lead Developer Java Angular/projet5/projet5-mdd/front/src/app/auth/session.service.integration.spec.ts"},{"assertionResults":[{"ancestorTitles":["unknown route integration"],"fullName":"unknown route integration shows the not-found page when an authenticated user navigates to an unknown route","status":"passed","title":"shows the not-found page when an authenticated user navigates to an unknown route","duration":79.91039100000012,"failureMessages":[],"meta":{},"tags":[]},{"ancestorTitles":["unknown route integration"],"fullName":"unknown route integration redirects an unauthenticated visitor from an unknown route to the home page","status":"passed","title":"redirects an unauthenticated visitor from an unknown route to the home page","duration":45.08091800000011,"failureMessages":[],"meta":{},"tags":[]}],"startTime":1787852040258,"endTime":1787852040383.0808,"status":"passed","message":"","name":"/home/manu/Documents/Lead Developer Java Angular/projet5/projet5-mdd/front/src/app/auth/unknown-route.guard.integration.spec.ts"},{"assertionResults":[{"ancestorTitles":["HomeComponent"],"fullName":"HomeComponent offers routes to sign in and register","status":"passed","title":"offers routes to sign in and register","duration":74.53019700000004,"failureMessages":[],"meta":{},"tags":[]}],"startTime":1787852040256,"endTime":1787852040330.5303,"status":"passed","message":"","name":"/home/manu/Documents/Lead Developer Java Angular/projet5/projet5-mdd/front/src/app/home/home.component.integration.spec.ts"},{"assertionResults":[{"ancestorTitles":["LoginComponent integration"],"fullName":"LoginComponent integration opens a session after login and closes it from the articles page","status":"passed","title":"opens a session after login and closes it from the articles page","duration":203.86745300000007,"failureMessages":[],"meta":{},"tags":[]},{"ancestorTitles":["LoginComponent integration"],"fullName":"LoginComponent integration displays the standardized API error returned by a rejected login","status":"passed","title":"displays the standardized API error returned by a rejected login","duration":22.86653699999988,"failureMessages":[],"meta":{},"tags":[]}],"startTime":1787852040232,"endTime":1787852040458.8665,"status":"passed","message":"","name":"/home/manu/Documents/Lead Developer Java Angular/projet5/projet5-mdd/front/src/app/auth/login/login.component.integration.spec.ts"},{"assertionResults":[{"ancestorTitles":["RegisterComponent integration"],"fullName":"RegisterComponent integration submits valid registration details and redirects to the articles page","status":"passed","title":"submits valid registration details and redirects to the articles page","duration":152.83891599999993,"failureMessages":[],"meta":{},"tags":[]},{"ancestorTitles":["RegisterComponent integration"],"fullName":"RegisterComponent integration displays the standardized API error returned by a rejected registration","status":"passed","title":"displays the standardized API error returned by a rejected registration","duration":33.62191500000017,"failureMessages":[],"meta":{},"tags":[]},{"ancestorTitles":["RegisterComponent integration"],"fullName":"RegisterComponent integration displays a fallback message when the API response does not match the error contract","status":"passed","title":"displays a fallback message when the API response does not match the error contract","duration":24.4093969999999,"failureMessages":[],"meta":{},"tags":[]}],"startTime":1787852040242,"endTime":1787852040452.4094,"status":"passed","message":"","name":"/home/manu/Documents/Lead Developer Java Angular/projet5/projet5-mdd/front/src/app/auth/register/register.component.integration.spec.ts"},{"assertionResults":[{"ancestorTitles":["PostCreateComponent integration"],"fullName":"PostCreateComponent integration loads the available topics into the article form","status":"passed","title":"loads the available topics into the article form","duration":142.4186400000001,"failureMessages":[],"meta":{},"tags":[]},{"ancestorTitles":["PostCreateComponent integration"],"fullName":"PostCreateComponent integration keeps an incomplete form local and does not send an article request","status":"passed","title":"keeps an incomplete form local and does not send an article request","duration":26.897171999999955,"failureMessages":[],"meta":{},"tags":[]},{"ancestorTitles":["PostCreateComponent integration"],"fullName":"PostCreateComponent integration sends the completed article then returns to the posts list","status":"passed","title":"sends the completed article then returns to the posts list","duration":29.027303000000074,"failureMessages":[],"meta":{},"tags":[]},{"ancestorTitles":["PostCreateComponent integration"],"fullName":"PostCreateComponent integration re-enables submission after a rejected article creation","status":"passed","title":"re-enables submission after a rejected article creation","duration":28.248714999999947,"failureMessages":[],"meta":{},"tags":[]}],"startTime":1787852040130,"endTime":1787852040357.2488,"status":"passed","message":"","name":"/home/manu/Documents/Lead Developer Java Angular/projet5/projet5-mdd/front/src/app/post/post-create/post-create.component.integration.spec.ts"},{"assertionResults":[{"ancestorTitles":["PostDetailComponent integration"],"fullName":"PostDetailComponent integration shows a loading state before the article API responds","status":"passed","title":"shows a loading state before the article API responds","duration":103.88993500000004,"failureMessages":[],"meta":{},"tags":[]},{"ancestorTitles":["PostDetailComponent integration"],"fullName":"PostDetailComponent integration renders the article and its comments returned by the API","status":"passed","title":"renders the article and its comments returned by the API","duration":30.648451999999907,"failureMessages":[],"meta":{},"tags":[]},{"ancestorTitles":["PostDetailComponent integration"],"fullName":"PostDetailComponent integration shows the not-found state when the requested article is inaccessible","status":"passed","title":"shows the not-found state when the requested article is inaccessible","duration":19.425809999999956,"failureMessages":[],"meta":{},"tags":[]},{"ancestorTitles":["PostDetailComponent integration"],"fullName":"PostDetailComponent integration shows a generic error state for an unexpected API failure","status":"passed","title":"shows a generic error state for an unexpected API failure","duration":14.214149000000134,"failureMessages":[],"meta":{},"tags":[]},{"ancestorTitles":["PostDetailComponent integration"],"fullName":"PostDetailComponent integration creates a comment then reloads the displayed article","status":"passed","title":"creates a comment then reloads the displayed article","duration":24.800523000000112,"failureMessages":[],"meta":{},"tags":[]}],"startTime":1787852040103,"endTime":1787852040295.8005,"status":"passed","message":"","name":"/home/manu/Documents/Lead Developer Java Angular/projet5/projet5-mdd/front/src/app/post/post-detail/post-detail.component.integration.spec.ts"},{"assertionResults":[{"ancestorTitles":["PostsListComponent integration"],"fullName":"PostsListComponent integration shows a loading state until the default descending feed is returned","status":"passed","title":"shows a loading state until the default descending feed is returned","duration":97.69819099999995,"failureMessages":[],"meta":{},"tags":[]},{"ancestorTitles":["PostsListComponent integration"],"fullName":"PostsListComponent integration renders returned posts with their user-visible metadata","status":"passed","title":"renders returned posts with their user-visible metadata","duration":30.450382999999988,"failureMessages":[],"meta":{},"tags":[]},{"ancestorTitles":["PostsListComponent integration"],"fullName":"PostsListComponent integration links each visible post to its detail route","status":"passed","title":"links each visible post to its detail route","duration":25.534316999999987,"failureMessages":[],"meta":{},"tags":[]},{"ancestorTitles":["PostsListComponent integration"],"fullName":"PostsListComponent integration reloads the feed in ascending order when the user changes the sort direction","status":"passed","title":"reloads the feed in ascending order when the user changes the sort direction","duration":26.541772000000037,"failureMessages":[],"meta":{},"tags":[]}],"startTime":1787852040022,"endTime":1787852040201.5417,"status":"passed","message":"","name":"/home/manu/Documents/Lead Developer Java Angular/projet5/projet5-mdd/front/src/app/post/posts-list/posts-list.component.integration.spec.ts"},{"assertionResults":[{"ancestorTitles":["LogoutButtonComponent integration"],"fullName":"LogoutButtonComponent integration initializes CSRF, clears the session, and redirects after a successful logout","status":"passed","title":"initializes CSRF, clears the session, and redirects after a successful logout","duration":41.81701900000007,"failureMessages":[],"meta":{},"tags":[]},{"ancestorTitles":["LogoutButtonComponent integration"],"fullName":"LogoutButtonComponent integration allows another attempt when the logout API rejects the request","status":"passed","title":"allows another attempt when the logout API rejects the request","duration":4.805254999999988,"failureMessages":[],"meta":{},"tags":[]},{"ancestorTitles":["LogoutButtonComponent integration"],"fullName":"LogoutButtonComponent integration ignores duplicate clicks while the CSRF initialization is pending","status":"passed","title":"ignores duplicate clicks while the CSRF initialization is pending","duration":11.598258999999985,"failureMessages":[],"meta":{},"tags":[]}],"startTime":1787852039978,"endTime":1787852040036.5981,"status":"passed","message":"","name":"/home/manu/Documents/Lead Developer Java Angular/projet5/projet5-mdd/front/src/app/shared/logout-button/logout-button.component.integration.spec.ts"},{"assertionResults":[{"ancestorTitles":["MobileNavigationComponent integration"],"fullName":"MobileNavigationComponent integration does not render the drawer before the user opens it","status":"passed","title":"does not render the drawer before the user opens it","duration":59.24110399999995,"failureMessages":[],"meta":{},"tags":[]},{"ancestorTitles":["MobileNavigationComponent integration"],"fullName":"MobileNavigationComponent integration opens the native dialog and exposes the navigation links","status":"passed","title":"opens the native dialog and exposes the navigation links","duration":23.810821999999916,"failureMessages":[],"meta":{},"tags":[]},{"ancestorTitles":["MobileNavigationComponent integration"],"fullName":"MobileNavigationComponent integration closes the drawer when the native cancel event is emitted","status":"passed","title":"closes the drawer when the native cancel event is emitted","duration":11.698199999999929,"failureMessages":[],"meta":{},"tags":[]},{"ancestorTitles":["MobileNavigationComponent integration"],"fullName":"MobileNavigationComponent integration closes only when the user clicks the dialog backdrop","status":"passed","title":"closes only when the user clicks the dialog backdrop","duration":13.459317000000055,"failureMessages":[],"meta":{},"tags":[]},{"ancestorTitles":["MobileNavigationComponent integration"],"fullName":"MobileNavigationComponent integration closes on Escape and removes the dialog after its leave animation","status":"passed","title":"closes on Escape and removes the dialog after its leave animation","duration":15.405746000000022,"failureMessages":[],"meta":{},"tags":[]},{"ancestorTitles":["MobileNavigationComponent integration"],"fullName":"MobileNavigationComponent integration starts closing when a navigation link is selected from the drawer","status":"passed","title":"starts closing when a navigation link is selected from the drawer","duration":17.811735,"failureMessages":[],"meta":{},"tags":[]},{"ancestorTitles":["MobileNavigationComponent integration"],"fullName":"MobileNavigationComponent integration removes the drawer after navigation has triggered its leave animation","status":"passed","title":"removes the drawer after navigation has triggered its leave animation","duration":17.560966000000008,"failureMessages":[],"meta":{},"tags":[]}],"startTime":1787852039982,"endTime":1787852040141.561,"status":"passed","message":"","name":"/home/manu/Documents/Lead Developer Java Angular/projet5/projet5-mdd/front/src/app/shared/mobile-navigation/mobile-navigation.component.integration.spec.ts"},{"assertionResults":[{"ancestorTitles":["TopicsListComponent integration"],"fullName":"TopicsListComponent integration shows a loading state until the topics API responds","status":"passed","title":"shows a loading state until the topics API responds","duration":96.70957099999998,"failureMessages":[],"meta":{},"tags":[]},{"ancestorTitles":["TopicsListComponent integration"],"fullName":"TopicsListComponent integration renders every topic returned by the API","status":"passed","title":"renders every topic returned by the API","duration":22.451414,"failureMessages":[],"meta":{},"tags":[]},{"ancestorTitles":["TopicsListComponent integration"],"fullName":"TopicsListComponent integration prevents a second subscription when the API reports an already followed topic","status":"passed","title":"prevents a second subscription when the API reports an already followed topic","duration":18.90221900000006,"failureMessages":[],"meta":{},"tags":[]},{"ancestorTitles":["TopicsListComponent integration"],"fullName":"TopicsListComponent integration subscribes then refreshes the visible topic state","status":"passed","title":"subscribes then refreshes the visible topic state","duration":22.44259700000009,"failureMessages":[],"meta":{},"tags":[]}],"startTime":1787852040019,"endTime":1787852040179.4426,"status":"passed","message":"","name":"/home/manu/Documents/Lead Developer Java Angular/projet5/projet5-mdd/front/src/app/topic/topics-list/topics-list.component.integration.spec.ts"},{"assertionResults":[{"ancestorTitles":["ProfileComponent integration"],"fullName":"ProfileComponent integration loads the profile form and displays only subscribed topics","status":"passed","title":"loads the profile form and displays only subscribed topics","duration":165.99355100000002,"failureMessages":[],"meta":{},"tags":[]},{"ancestorTitles":["ProfileComponent integration"],"fullName":"ProfileComponent integration does not send an update when no profile field has changed","status":"passed","title":"does not send an update when no profile field has changed","duration":36.64141699999982,"failureMessages":[],"meta":{},"tags":[]},{"ancestorTitles":["ProfileComponent integration"],"fullName":"ProfileComponent integration updates the current user through the profile API","status":"passed","title":"updates the current user through the profile API","duration":34.15078600000015,"failureMessages":[],"meta":{},"tags":[]},{"ancestorTitles":["ProfileComponent integration"],"fullName":"ProfileComponent integration keeps the form editable and displays the API conflict message after a rejected update","status":"passed","title":"keeps the form editable and displays the API conflict message after a rejected update","duration":26.898113000000194,"failureMessages":[],"meta":{},"tags":[]},{"ancestorTitles":["ProfileComponent integration"],"fullName":"ProfileComponent integration updates the password through the same profile endpoint","status":"passed","title":"updates the password through the same profile endpoint","duration":26.06703399999992,"failureMessages":[],"meta":{},"tags":[]},{"ancestorTitles":["ProfileComponent integration"],"fullName":"ProfileComponent integration unsubscribes then refreshes the visible subscriptions","status":"passed","title":"unsubscribes then refreshes the visible subscriptions","duration":24.230384000000186,"failureMessages":[],"meta":{},"tags":[]}],"startTime":1787852040223,"endTime":1787852040537.2305,"status":"passed","message":"","name":"/home/manu/Documents/Lead Developer Java Angular/projet5/projet5-mdd/front/src/app/user/profile/profile.component.integration.spec.ts"}],"coverageMap":{"/home/manu/Documents/Lead Developer Java Angular/projet5/projet5-mdd/front/src/app/auth/session.service.ts":{"path":"/home/manu/Documents/Lead Developer Java Angular/projet5/projet5-mdd/front/src/app/auth/session.service.ts","statementMap":{"0":{"start":{"line":13,"column":6},"end":{"line":13,"column":null}},"1":{"start":{"line":14,"column":26},"end":{"line":14,"column":null}},"2":{"start":{"line":16,"column":25},"end":{"line":16,"column":null}},"3":{"start":{"line":13,"column":13},"end":{"line":13,"column":null}},"4":{"start":{"line":19,"column":4},"end":{"line":29,"column":null}},"5":{"start":{"line":20,"column":20},"end":{"line":20,"column":46}},"6":{"start":{"line":21,"column":16},"end":{"line":21,"column":20}},"7":{"start":{"line":23,"column":8},"end":{"line":26,"column":null}},"8":{"start":{"line":24,"column":10},"end":{"line":24,"column":null}},"9":{"start":{"line":25,"column":10},"end":{"line":25,"column":null}},"10":{"start":{"line":28,"column":8},"end":{"line":28,"column":null}},"11":{"start":{"line":28,"column":32},"end":{"line":28,"column":37}},"12":{"start":{"line":34,"column":4},"end":{"line":45,"column":null}},"13":{"start":{"line":36,"column":28},"end":{"line":36,"column":null}},"14":{"start":{"line":38,"column":8},"end":{"line":44,"column":null}},"15":{"start":{"line":39,"column":10},"end":{"line":43,"column":null}},"16":{"start":{"line":50,"column":4},"end":{"line":50,"column":null}},"17":{"start":{"line":13,"column":13},"end":{"line":12,"column":null}}},"fnMap":{"0":{"name":"restoreSession","decl":{"start":{"line":18,"column":2},"end":{"line":18,"column":39}},"loc":{"start":{"line":18,"column":39},"end":{"line":31,"column":null}},"line":18},"1":{"name":"(anonymous_1)","decl":{"start":{"line":20,"column":10},"end":{"line":20,"column":11}},"loc":{"start":{"line":20,"column":20},"end":{"line":20,"column":46}},"line":20},"2":{"name":"(anonymous_2)","decl":{"start":{"line":21,"column":10},"end":{"line":21,"column":16}},"loc":{"start":{"line":21,"column":16},"end":{"line":21,"column":20}},"line":21},"3":{"name":"(anonymous_3)","decl":{"start":{"line":22,"column":17},"end":{"line":22,"column":18}},"loc":{"start":{"line":22,"column":46},"end":{"line":29,"column":7}},"line":22},"4":{"name":"(anonymous_4)","decl":{"start":{"line":28,"column":26},"end":{"line":28,"column":32}},"loc":{"start":{"line":28,"column":32},"end":{"line":28,"column":37}},"line":28},"5":{"name":"updateCurrentUser","decl":{"start":{"line":33,"column":2},"end":{"line":33,"column":20}},"loc":{"start":{"line":33,"column":72},"end":{"line":47,"column":null}},"line":33},"6":{"name":"(anonymous_6)","decl":{"start":{"line":35,"column":10},"end":{"line":35,"column":15}},"loc":{"start":{"line":35,"column":15},"end":{"line":45,"column":7}},"line":35},"7":{"name":"clearSession","decl":{"start":{"line":49,"column":2},"end":{"line":49,"column":22}},"loc":{"start":{"line":49,"column":22},"end":{"line":51,"column":null}},"line":49}},"branchMap":{"0":{"loc":{"start":{"line":23,"column":8},"end":{"line":26,"column":null}},"type":"if","locations":[{"start":{"line":23,"column":8},"end":{"line":26,"column":null}},{"start":{},"end":{}}],"line":23},"1":{"loc":{"start":{"line":38,"column":8},"end":{"line":44,"column":null}},"type":"if","locations":[{"start":{"line":38,"column":8},"end":{"line":44,"column":null}},{"start":{},"end":{}}],"line":38},"2":{"loc":{"start":{"line":13,"column":13},"end":{"line":13,"column":27}},"type":"binary-expr","locations":[{"start":{"line":13,"column":13},"end":{"line":13,"column":27}},{"start":{"line":13,"column":13},"end":{"line":13,"column":27}}],"line":13},"3":{"loc":{"start":{"line":13,"column":13},"end":{"line":12,"column":null}},"type":"binary-expr","locations":[{"start":{"line":13,"column":13},"end":{"line":13,"column":27}},{"start":{"line":13,"column":13},"end":{"line":13,"column":27}},{"start":{"line":13,"column":13},"end":{"line":12,"column":null}}],"line":13}},"s":{"0":14,"1":55,"2":55,"3":41,"4":8,"5":4,"6":4,"7":4,"8":3,"9":3,"10":1,"11":1,"12":4,"13":3,"14":3,"15":3,"16":4,"17":14},"f":{"0":8,"1":4,"2":4,"3":4,"4":1,"5":4,"6":3,"7":4},"b":{"0":[3,1],"1":[3,0],"2":[41,41],"3":[14,14,14]},"meta":{"lastBranch":4,"lastFunction":8,"lastStatement":18,"seen":{"s:13:6:13:Infinity":0,"s:14:26:14:Infinity":1,"s:16:25:16:Infinity":2,"s:13:13:13:Infinity":3,"f:18:2:18:39":0,"s:19:4:29:Infinity":4,"f:20:10:20:11":1,"s:20:20:20:46":5,"f:21:10:21:16":2,"s:21:16:21:20":6,"f:22:17:22:18":3,"b:23:8:26:Infinity:undefined:undefined:undefined:undefined":0,"s:23:8:26:Infinity":7,"s:24:10:24:Infinity":8,"s:25:10:25:Infinity":9,"s:28:8:28:Infinity":10,"f:28:26:28:32":4,"s:28:32:28:37":11,"f:33:2:33:20":5,"s:34:4:45:Infinity":12,"f:35:10:35:15":6,"s:36:28:36:Infinity":13,"b:38:8:44:Infinity:undefined:undefined:undefined:undefined":1,"s:38:8:44:Infinity":14,"s:39:10:43:Infinity":15,"f:49:2:49:22":7,"s:50:4:50:Infinity":16,"b:13:13:13:27:13:13:13:27":2,"s:13:13:12:Infinity":17,"b:13:13:13:27:13:13:13:27:13:13:12:Infinity":3},"fnNames":{}}},"/home/manu/Documents/Lead Developer Java Angular/projet5/projet5-mdd/front/src/app/app.component.ts":{"path":"/home/manu/Documents/Lead Developer Java Angular/projet5/projet5-mdd/front/src/app/app.component.ts","statementMap":{"0":{"start":{"line":11,"column":6},"end":{"line":6,"column":25}},"1":{"start":{"line":12,"column":19},"end":{"line":12,"column":null}},"2":{"start":{"line":11,"column":13},"end":{"line":6,"column":25}},"3":{"start":{"line":11,"column":13},"end":{"line":11,"column":null}},"4":{"start":{"line":11,"column":25},"end":{"line":1,"column":null}},"5":{"start":{"line":11,"column":13},"end":{"line":9,"column":null}}},"fnMap":{"0":{"name":"template","decl":{"start":{"line":11,"column":25},"end":{"line":11,"column":null}},"loc":{"start":{"line":11,"column":25},"end":{"line":6,"column":24}},"line":11}},"branchMap":{"0":{"loc":{"start":{"line":11,"column":13},"end":{"line":11,"column":25}},"type":"binary-expr","locations":[{"start":{"line":11,"column":13},"end":{"line":11,"column":25}},{"start":{"line":11,"column":13},"end":{"line":11,"column":25}}],"line":11},"1":{"loc":{"start":{"line":11,"column":25},"end":{"line":1,"column":null}},"type":"if","locations":[{"start":{"line":11,"column":25},"end":{"line":1,"column":null}},{"start":{},"end":{}}],"line":11},"2":{"loc":{"start":{"line":11,"column":13},"end":{"line":9,"column":null}},"type":"binary-expr","locations":[{"start":{"line":11,"column":13},"end":{"line":11,"column":25}},{"start":{"line":11,"column":13},"end":{"line":11,"column":25}},{"start":{"line":11,"column":13},"end":{"line":9,"column":null}}],"line":11},"3":{"loc":{"start":{"line":11,"column":13},"end":{"line":11,"column":null}},"type":"binary-expr","locations":[{"start":{"line":11,"column":13},"end":{"line":11,"column":25}},{"start":{"line":11,"column":13},"end":{"line":11,"column":25}},{"start":{"line":11,"column":13},"end":{"line":11,"column":null}}],"line":11}},"s":{"0":4,"1":13,"2":13,"3":4,"4":37,"5":4},"f":{"0":13},"b":{"0":[9,9],"1":[9,28],"2":[4,4,4],"3":[4,4,4]},"meta":{"lastBranch":4,"lastFunction":1,"lastStatement":6,"seen":{"s:11:6:6:25":0,"s:12:19:12:Infinity":1,"s:11:13:6:25":2,"s:11:13:11:Infinity":3,"b:11:13:11:25:11:13:11:25":0,"f:11:25:11:Infinity":0,"b:11:25:1:Infinity:undefined:undefined:undefined:undefined":1,"s:11:25:1:Infinity":4,"s:11:13:9:Infinity":5,"b:11:13:11:25:11:13:11:25:11:13:9:Infinity":2,"b:11:13:11:25:11:13:11:25:11:13:11:Infinity":3},"fnNames":{}}},"/home/manu/Documents/Lead Developer Java Angular/projet5/projet5-mdd/front/src/app/post/post.service.ts":{"path":"/home/manu/Documents/Lead Developer Java Angular/projet5/projet5-mdd/front/src/app/post/post.service.ts","statementMap":{"0":{"start":{"line":19,"column":6},"end":{"line":19,"column":null}},"1":{"start":{"line":20,"column":26},"end":{"line":20,"column":null}},"2":{"start":{"line":19,"column":13},"end":{"line":19,"column":null}},"3":{"start":{"line":23,"column":4},"end":{"line":23,"column":null}},"4":{"start":{"line":27,"column":4},"end":{"line":27,"column":null}},"5":{"start":{"line":31,"column":4},"end":{"line":31,"column":null}},"6":{"start":{"line":35,"column":4},"end":{"line":35,"column":null}},"7":{"start":{"line":19,"column":13},"end":{"line":18,"column":null}}},"fnMap":{"0":{"name":"getPosts","decl":{"start":{"line":22,"column":2},"end":{"line":22,"column":11}},"loc":{"start":{"line":22,"column":55},"end":{"line":24,"column":null}},"line":22},"1":{"name":"getPost","decl":{"start":{"line":26,"column":2},"end":{"line":26,"column":10}},"loc":{"start":{"line":26,"column":49},"end":{"line":28,"column":null}},"line":26},"2":{"name":"createComment","decl":{"start":{"line":30,"column":2},"end":{"line":30,"column":16}},"loc":{"start":{"line":30,"column":80},"end":{"line":32,"column":null}},"line":30},"3":{"name":"createPost","decl":{"start":{"line":34,"column":2},"end":{"line":34,"column":13}},"loc":{"start":{"line":34,"column":58},"end":{"line":36,"column":null}},"line":34}},"branchMap":{"0":{"loc":{"start":{"line":19,"column":13},"end":{"line":19,"column":24}},"type":"binary-expr","locations":[{"start":{"line":19,"column":13},"end":{"line":19,"column":24}},{"start":{"line":19,"column":13},"end":{"line":19,"column":24}}],"line":19},"1":{"loc":{"start":{"line":19,"column":13},"end":{"line":18,"column":null}},"type":"binary-expr","locations":[{"start":{"line":19,"column":13},"end":{"line":19,"column":24}},{"start":{"line":19,"column":13},"end":{"line":19,"column":24}},{"start":{"line":19,"column":13},"end":{"line":18,"column":null}}],"line":19}},"s":{"0":8,"1":23,"2":15,"3":7,"4":6,"5":1,"6":2,"7":8},"f":{"0":7,"1":6,"2":1,"3":2},"b":{"0":[15,15],"1":[8,8,8]},"meta":{"lastBranch":2,"lastFunction":4,"lastStatement":8,"seen":{"s:19:6:19:Infinity":0,"s:20:26:20:Infinity":1,"s:19:13:19:Infinity":2,"f:22:2:22:11":0,"s:23:4:23:Infinity":3,"f:26:2:26:10":1,"s:27:4:27:Infinity":4,"f:30:2:30:16":2,"s:31:4:31:Infinity":5,"f:34:2:34:13":3,"s:35:4:35:Infinity":6,"b:19:13:19:24:19:13:19:24":0,"s:19:13:18:Infinity":7,"b:19:13:19:24:19:13:19:24:19:13:18:Infinity":1},"fnNames":{}}},"/home/manu/Documents/Lead Developer Java Angular/projet5/projet5-mdd/front/src/app/auth/authentication.service.ts":{"path":"/home/manu/Documents/Lead Developer Java Angular/projet5/projet5-mdd/front/src/app/auth/authentication.service.ts","statementMap":{"0":{"start":{"line":17,"column":6},"end":{"line":17,"column":null}},"1":{"start":{"line":18,"column":26},"end":{"line":18,"column":null}},"2":{"start":{"line":17,"column":13},"end":{"line":17,"column":null}},"3":{"start":{"line":21,"column":4},"end":{"line":22,"column":null}},"4":{"start":{"line":22,"column":22},"end":{"line":22,"column":74}},"5":{"start":{"line":27,"column":4},"end":{"line":28,"column":null}},"6":{"start":{"line":28,"column":22},"end":{"line":28,"column":73}},"7":{"start":{"line":33,"column":4},"end":{"line":33,"column":null}},"8":{"start":{"line":33,"column":49},"end":{"line":33,"column":95}},"9":{"start":{"line":37,"column":4},"end":{"line":37,"column":null}},"10":{"start":{"line":17,"column":13},"end":{"line":16,"column":null}}},"fnMap":{"0":{"name":"login","decl":{"start":{"line":20,"column":2},"end":{"line":20,"column":8}},"loc":{"start":{"line":20,"column":56},"end":{"line":24,"column":null}},"line":20},"1":{"name":"(anonymous_1)","decl":{"start":{"line":22,"column":16},"end":{"line":22,"column":22}},"loc":{"start":{"line":22,"column":22},"end":{"line":22,"column":74}},"line":22},"2":{"name":"register","decl":{"start":{"line":26,"column":2},"end":{"line":26,"column":11}},"loc":{"start":{"line":26,"column":58},"end":{"line":30,"column":null}},"line":26},"3":{"name":"(anonymous_3)","decl":{"start":{"line":28,"column":16},"end":{"line":28,"column":22}},"loc":{"start":{"line":28,"column":22},"end":{"line":28,"column":73}},"line":28},"4":{"name":"logout","decl":{"start":{"line":32,"column":2},"end":{"line":32,"column":28}},"loc":{"start":{"line":32,"column":28},"end":{"line":34,"column":null}},"line":32},"5":{"name":"(anonymous_5)","decl":{"start":{"line":33,"column":43},"end":{"line":33,"column":49}},"loc":{"start":{"line":33,"column":49},"end":{"line":33,"column":95}},"line":33},"6":{"name":"csrfToken","decl":{"start":{"line":36,"column":10},"end":{"line":36,"column":39}},"loc":{"start":{"line":36,"column":39},"end":{"line":38,"column":null}},"line":36}},"branchMap":{"0":{"loc":{"start":{"line":17,"column":13},"end":{"line":17,"column":34}},"type":"binary-expr","locations":[{"start":{"line":17,"column":13},"end":{"line":17,"column":34}},{"start":{"line":17,"column":13},"end":{"line":17,"column":34}}],"line":17},"1":{"loc":{"start":{"line":17,"column":13},"end":{"line":16,"column":null}},"type":"binary-expr","locations":[{"start":{"line":17,"column":13},"end":{"line":17,"column":34}},{"start":{"line":17,"column":13},"end":{"line":17,"column":34}},{"start":{"line":17,"column":13},"end":{"line":16,"column":null}}],"line":17}},"s":{"0":12,"1":46,"2":34,"3":2,"4":2,"5":3,"6":3,"7":4,"8":4,"9":9,"10":12},"f":{"0":2,"1":2,"2":3,"3":3,"4":4,"5":4,"6":9},"b":{"0":[34,34],"1":[12,12,12]},"meta":{"lastBranch":2,"lastFunction":7,"lastStatement":11,"seen":{"s:17:6:17:Infinity":0,"s:18:26:18:Infinity":1,"s:17:13:17:Infinity":2,"f:20:2:20:8":0,"s:21:4:22:Infinity":3,"f:22:16:22:22":1,"s:22:22:22:74":4,"f:26:2:26:11":2,"s:27:4:28:Infinity":5,"f:28:16:28:22":3,"s:28:22:28:73":6,"f:32:2:32:28":4,"s:33:4:33:Infinity":7,"f:33:43:33:49":5,"s:33:49:33:95":8,"f:36:10:36:39":6,"s:37:4:37:Infinity":9,"b:17:13:17:34:17:13:17:34":0,"s:17:13:16:Infinity":10,"b:17:13:17:34:17:13:17:34:17:13:16:Infinity":1},"fnNames":{}}},"/home/manu/Documents/Lead Developer Java Angular/projet5/projet5-mdd/front/src/app/shared/logout-button/logout-button.component.ts":{"path":"/home/manu/Documents/Lead Developer Java Angular/projet5/projet5-mdd/front/src/app/shared/logout-button/logout-button.component.ts","statementMap":{"0":{"start":{"line":13,"column":6},"end":{"line":1,"column":null}},"1":{"start":{"line":14,"column":43},"end":{"line":14,"column":null}},"2":{"start":{"line":15,"column":32},"end":{"line":15,"column":null}},"3":{"start":{"line":16,"column":28},"end":{"line":16,"column":null}},"4":{"start":{"line":17,"column":36},"end":{"line":17,"column":null}},"5":{"start":{"line":19,"column":25},"end":{"line":19,"column":null}},"6":{"start":{"line":20,"column":26},"end":{"line":20,"column":null}},"7":{"start":{"line":13,"column":13},"end":{"line":1,"column":null}},"8":{"start":{"line":23,"column":4},"end":{"line":25,"column":null}},"9":{"start":{"line":24,"column":6},"end":{"line":24,"column":null}},"10":{"start":{"line":27,"column":4},"end":{"line":27,"column":null}},"11":{"start":{"line":28,"column":4},"end":{"line":37,"column":null}},"12":{"start":{"line":33,"column":10},"end":{"line":33,"column":null}},"13":{"start":{"line":34,"column":10},"end":{"line":34,"column":null}},"14":{"start":{"line":36,"column":21},"end":{"line":36,"column":null}},"15":{"start":{"line":13,"column":13},"end":{"line":13,"column":null}},"16":{"start":{"line":13,"column":34},"end":{"line":1,"column":null}},"17":{"start":{"line":13,"column":13},"end":{"line":11,"column":null}}},"fnMap":{"0":{"name":"logout","decl":{"start":{"line":22,"column":2},"end":{"line":22,"column":16}},"loc":{"start":{"line":22,"column":16},"end":{"line":38,"column":null}},"line":22},"1":{"name":"(anonymous_1)","decl":{"start":{"line":32,"column":14},"end":{"line":32,"column":19}},"loc":{"start":{"line":32,"column":19},"end":{"line":35,"column":null}},"line":32},"2":{"name":"(anonymous_2)","decl":{"start":{"line":36,"column":15},"end":{"line":36,"column":21}},"loc":{"start":{"line":36,"column":21},"end":{"line":36,"column":null}},"line":36},"3":{"name":"template","decl":{"start":{"line":13,"column":34},"end":{"line":13,"column":null}},"loc":{"start":{"line":13,"column":34},"end":{"line":1,"column":null}},"line":13}},"branchMap":{"0":{"loc":{"start":{"line":23,"column":4},"end":{"line":25,"column":null}},"type":"if","locations":[{"start":{"line":23,"column":4},"end":{"line":25,"column":null}},{"start":{},"end":{}}],"line":23},"1":{"loc":{"start":{"line":13,"column":13},"end":{"line":13,"column":34}},"type":"binary-expr","locations":[{"start":{"line":13,"column":13},"end":{"line":13,"column":34}},{"start":{"line":13,"column":13},"end":{"line":13,"column":34}}],"line":13},"2":{"loc":{"start":{"line":13,"column":34},"end":{"line":1,"column":null}},"type":"if","locations":[{"start":{"line":13,"column":34},"end":{"line":1,"column":null}},{"start":{},"end":{}}],"line":13},"3":{"loc":{"start":{"line":13,"column":13},"end":{"line":11,"column":null}},"type":"binary-expr","locations":[{"start":{"line":13,"column":13},"end":{"line":13,"column":34}},{"start":{"line":13,"column":13},"end":{"line":13,"column":34}},{"start":{"line":13,"column":13},"end":{"line":11,"column":null}}],"line":13},"4":{"loc":{"start":{"line":13,"column":13},"end":{"line":13,"column":null}},"type":"binary-expr","locations":[{"start":{"line":13,"column":13},"end":{"line":13,"column":34}},{"start":{"line":13,"column":13},"end":{"line":13,"column":34}},{"start":{"line":13,"column":13},"end":{"line":13,"column":null}}],"line":13}},"s":{"0":12,"1":47,"2":47,"3":47,"4":47,"5":47,"6":47,"7":47,"8":5,"9":1,"10":4,"11":4,"12":3,"13":3,"14":1,"15":12,"16":72,"17":12},"f":{"0":5,"1":3,"2":1,"3":47},"b":{"0":[1,4],"1":[35,35],"2":[35,37],"3":[12,12,12],"4":[12,12,12]},"meta":{"lastBranch":5,"lastFunction":4,"lastStatement":18,"seen":{"s:13:6:1:Infinity":0,"s:14:43:14:Infinity":1,"s:15:32:15:Infinity":2,"s:16:28:16:Infinity":3,"s:17:36:17:Infinity":4,"s:19:25:19:Infinity":5,"s:20:26:20:Infinity":6,"s:13:13:1:Infinity":7,"f:22:2:22:16":0,"b:23:4:25:Infinity:undefined:undefined:undefined:undefined":0,"s:23:4:25:Infinity":8,"s:24:6:24:Infinity":9,"s:27:4:27:Infinity":10,"s:28:4:37:Infinity":11,"f:32:14:32:19":1,"s:33:10:33:Infinity":12,"s:34:10:34:Infinity":13,"f:36:15:36:21":2,"s:36:21:36:Infinity":14,"s:13:13:13:Infinity":15,"b:13:13:13:34:13:13:13:34":1,"f:13:34:13:Infinity":3,"b:13:34:1:Infinity:undefined:undefined:undefined:undefined":2,"s:13:34:1:Infinity":16,"s:13:13:11:Infinity":17,"b:13:13:13:34:13:13:13:34:13:13:11:Infinity":3,"b:13:13:13:34:13:13:13:34:13:13:13:Infinity":4},"fnNames":{}}},"/home/manu/Documents/Lead Developer Java Angular/projet5/projet5-mdd/front/src/app/post/posts-list/posts-list.component.ts":{"path":"/home/manu/Documents/Lead Developer Java Angular/projet5/projet5-mdd/front/src/app/post/posts-list/posts-list.component.ts","statementMap":{"0":{"start":{"line":23,"column":6},"end":{"line":13,"column":null}},"1":{"start":{"line":24,"column":33},"end":{"line":24,"column":null}},"2":{"start":{"line":26,"column":27},"end":{"line":26,"column":null}},"3":{"start":{"line":27,"column":20},"end":{"line":27,"column":null}},"4":{"start":{"line":23,"column":13},"end":{"line":13,"column":null}},"5":{"start":{"line":27,"column":35},"end":{"line":27,"column":null}},"6":{"start":{"line":30,"column":4},"end":{"line":30,"column":null}},"7":{"start":{"line":30,"column":41},"end":{"line":30,"column":74}},"8":{"start":{"line":23,"column":13},"end":{"line":23,"column":null}},"9":{"start":{"line":23,"column":31},"end":{"line":57,"column":null}},"10":{"start":{"line":23,"column":13},"end":{"line":21,"column":null}}},"fnMap":{"0":{"name":"(anonymous_0)","decl":{"start":{"line":27,"column":29},"end":{"line":27,"column":35}},"loc":{"start":{"line":27,"column":35},"end":{"line":27,"column":null}},"line":27},"1":{"name":"toggleSort","decl":{"start":{"line":29,"column":2},"end":{"line":29,"column":20}},"loc":{"start":{"line":29,"column":20},"end":{"line":31,"column":null}},"line":29},"2":{"name":"(anonymous_2)","decl":{"start":{"line":30,"column":30},"end":{"line":30,"column":31}},"loc":{"start":{"line":30,"column":41},"end":{"line":30,"column":74}},"line":30},"3":{"name":"template","decl":{"start":{"line":23,"column":31},"end":{"line":23,"column":null}},"loc":{"start":{"line":23,"column":31},"end":{"line":29,"column":null}},"line":23}},"branchMap":{"0":{"loc":{"start":{"line":30,"column":41},"end":{"line":30,"column":74}},"type":"cond-expr","locations":[{"start":{"line":30,"column":59},"end":{"line":30,"column":67}},{"start":{"line":30,"column":67},"end":{"line":30,"column":74}}],"line":30},"1":{"loc":{"start":{"line":23,"column":13},"end":{"line":23,"column":31}},"type":"binary-expr","locations":[{"start":{"line":23,"column":13},"end":{"line":23,"column":31}},{"start":{"line":23,"column":13},"end":{"line":23,"column":31}}],"line":23},"2":{"loc":{"start":{"line":23,"column":31},"end":{"line":57,"column":null}},"type":"if","locations":[{"start":{"line":23,"column":31},"end":{"line":57,"column":null}},{"start":{},"end":{}}],"line":23},"3":{"loc":{"start":{"line":23,"column":13},"end":{"line":21,"column":null}},"type":"binary-expr","locations":[{"start":{"line":23,"column":13},"end":{"line":23,"column":31}},{"start":{"line":23,"column":13},"end":{"line":23,"column":31}},{"start":{"line":23,"column":13},"end":{"line":21,"column":null}}],"line":23},"4":{"loc":{"start":{"line":23,"column":13},"end":{"line":23,"column":null}},"type":"binary-expr","locations":[{"start":{"line":23,"column":13},"end":{"line":23,"column":31}},{"start":{"line":23,"column":13},"end":{"line":23,"column":31}},{"start":{"line":23,"column":13},"end":{"line":23,"column":null}}],"line":23}},"s":{"0":6,"1":12,"2":12,"3":12,"4":12,"5":7,"6":1,"7":1,"8":6,"9":21,"10":6},"f":{"0":7,"1":1,"2":1,"3":12},"b":{"0":[1,0],"1":[6,6],"2":[6,15],"3":[6,6,6],"4":[6,6,6]},"meta":{"lastBranch":5,"lastFunction":4,"lastStatement":11,"seen":{"s:23:6:13:Infinity":0,"s:24:33:24:Infinity":1,"s:26:27:26:Infinity":2,"s:27:20:27:Infinity":3,"s:23:13:13:Infinity":4,"f:27:29:27:35":0,"s:27:35:27:Infinity":5,"f:29:2:29:20":1,"s:30:4:30:Infinity":6,"f:30:30:30:31":2,"s:30:41:30:74":7,"b:30:59:30:67:30:67:30:74":0,"s:23:13:23:Infinity":8,"b:23:13:23:31:23:13:23:31":1,"f:23:31:23:Infinity":3,"b:23:31:57:Infinity:undefined:undefined:undefined:undefined":2,"s:23:31:57:Infinity":9,"s:23:13:21:Infinity":10,"b:23:13:23:31:23:13:23:31:23:13:21:Infinity":3,"b:23:13:23:31:23:13:23:31:23:13:23:Infinity":4},"fnNames":{}}},"/home/manu/Documents/Lead Developer Java Angular/projet5/projet5-mdd/front/src/app/shared/down-arrow-icon/down-arrow-icon.component.ts":{"path":"/home/manu/Documents/Lead Developer Java Angular/projet5/projet5-mdd/front/src/app/shared/down-arrow-icon/down-arrow-icon.component.ts","statementMap":{"0":{"start":{"line":16,"column":6},"end":{"line":11,"column":null}},"1":{"start":{"line":16,"column":13},"end":{"line":11,"column":null}},"2":{"start":{"line":16,"column":13},"end":{"line":16,"column":null}},"3":{"start":{"line":16,"column":35},"end":{"line":11,"column":null}},"4":{"start":{"line":6,"column":4},"end":{"line":6,"column":null}},"5":{"start":{"line":7,"column":6},"end":{"line":7,"column":null}},"6":{"start":{"line":11,"column":4},"end":{"line":11,"column":null}},"7":{"start":{"line":16,"column":13},"end":{"line":14,"column":null}}},"fnMap":{"0":{"name":"template","decl":{"start":{"line":16,"column":35},"end":{"line":16,"column":null}},"loc":{"start":{"line":16,"column":35},"end":{"line":11,"column":null}},"line":16}},"branchMap":{"0":{"loc":{"start":{"line":16,"column":13},"end":{"line":16,"column":35}},"type":"binary-expr","locations":[{"start":{"line":16,"column":13},"end":{"line":16,"column":35}},{"start":{"line":16,"column":13},"end":{"line":16,"column":35}}],"line":16},"1":{"loc":{"start":{"line":16,"column":35},"end":{"line":11,"column":null}},"type":"if","locations":[{"start":{"line":16,"column":35},"end":{"line":11,"column":null}},{"start":{},"end":{}}],"line":16},"2":{"loc":{"start":{"line":16,"column":13},"end":{"line":14,"column":null}},"type":"binary-expr","locations":[{"start":{"line":16,"column":13},"end":{"line":16,"column":35}},{"start":{"line":16,"column":13},"end":{"line":16,"column":35}},{"start":{"line":16,"column":13},"end":{"line":14,"column":null}}],"line":16},"3":{"loc":{"start":{"line":16,"column":13},"end":{"line":16,"column":null}},"type":"binary-expr","locations":[{"start":{"line":16,"column":13},"end":{"line":16,"column":35}},{"start":{"line":16,"column":13},"end":{"line":16,"column":35}},{"start":{"line":16,"column":13},"end":{"line":16,"column":null}}],"line":16}},"s":{"0":6,"1":6,"2":6,"3":12,"4":6,"5":6,"6":6,"7":6},"f":{"0":6},"b":{"0":[6,6],"1":[6,6],"2":[6,6,6],"3":[6,6,6]},"meta":{"lastBranch":4,"lastFunction":1,"lastStatement":8,"seen":{"s:16:6:11:Infinity":0,"s:16:13:11:Infinity":1,"s:16:13:16:Infinity":2,"b:16:13:16:35:16:13:16:35":0,"f:16:35:16:Infinity":0,"b:16:35:11:Infinity:undefined:undefined:undefined:undefined":1,"s:16:35:11:Infinity":3,"s:6:4:6:Infinity":4,"s:7:6:7:Infinity":5,"s:11:4:11:Infinity":6,"s:16:13:14:Infinity":7,"b:16:13:16:35:16:13:16:35:16:13:14:Infinity":2,"b:16:13:16:35:16:13:16:35:16:13:16:Infinity":3},"fnNames":{}}},"/home/manu/Documents/Lead Developer Java Angular/projet5/projet5-mdd/front/src/app/user/profile/profile.component.ts":{"path":"/home/manu/Documents/Lead Developer Java Angular/projet5/projet5-mdd/front/src/app/user/profile/profile.component.ts","statementMap":{"0":{"start":{"line":30,"column":6},"end":{"line":19,"column":null}},"1":{"start":{"line":31,"column":32},"end":{"line":31,"column":null}},"2":{"start":{"line":32,"column":36},"end":{"line":32,"column":null}},"3":{"start":{"line":33,"column":34},"end":{"line":33,"column":null}},"4":{"start":{"line":34,"column":33},"end":{"line":34,"column":null}},"5":{"start":{"line":35,"column":36},"end":{"line":35,"column":null}},"6":{"start":{"line":36,"column":33},"end":{"line":38,"column":null}},"7":{"start":{"line":41,"column":21},"end":{"line":43,"column":null}},"8":{"start":{"line":46,"column":25},"end":{"line":50,"column":null}},"9":{"start":{"line":51,"column":26},"end":{"line":51,"column":null}},"10":{"start":{"line":52,"column":22},"end":{"line":52,"column":null}},"11":{"start":{"line":30,"column":13},"end":{"line":19,"column":null}},"12":{"start":{"line":43,"column":20},"end":{"line":43,"column":49}},"13":{"start":{"line":55,"column":4},"end":{"line":62,"column":null}},"14":{"start":{"line":60,"column":10},"end":{"line":60,"column":null}},"15":{"start":{"line":66,"column":42},"end":{"line":66,"column":null}},"16":{"start":{"line":68,"column":4},"end":{"line":71,"column":null}},"17":{"start":{"line":76,"column":4},"end":{"line":79,"column":null}},"18":{"start":{"line":77,"column":6},"end":{"line":77,"column":null}},"19":{"start":{"line":78,"column":6},"end":{"line":78,"column":null}},"20":{"start":{"line":81,"column":4},"end":{"line":83,"column":null}},"21":{"start":{"line":82,"column":6},"end":{"line":82,"column":null}},"22":{"start":{"line":85,"column":20},"end":{"line":85,"column":null}},"23":{"start":{"line":86,"column":4},"end":{"line":86,"column":null}},"24":{"start":{"line":87,"column":4},"end":{"line":87,"column":null}},"25":{"start":{"line":88,"column":4},"end":{"line":108,"column":null}},"26":{"start":{"line":93,"column":10},"end":{"line":95,"column":null}},"27":{"start":{"line":97,"column":10},"end":{"line":101,"column":null}},"28":{"start":{"line":102,"column":10},"end":{"line":102,"column":null}},"29":{"start":{"line":105,"column":10},"end":{"line":105,"column":null}},"30":{"start":{"line":106,"column":10},"end":{"line":106,"column":null}},"31":{"start":{"line":30,"column":13},"end":{"line":30,"column":null}},"32":{"start":{"line":30,"column":29},"end":{"line":49,"column":null}},"33":{"start":{"line":30,"column":13},"end":{"line":28,"column":null}}},"fnMap":{"0":{"name":"(anonymous_0)","decl":{"start":{"line":43,"column":14},"end":{"line":43,"column":20}},"loc":{"start":{"line":43,"column":20},"end":{"line":43,"column":49}},"line":43},"1":{"name":"unsubscribe","decl":{"start":{"line":54,"column":2},"end":{"line":54,"column":14}},"loc":{"start":{"line":54,"column":36},"end":{"line":63,"column":null}},"line":54},"2":{"name":"(anonymous_2)","decl":{"start":{"line":59,"column":14},"end":{"line":59,"column":19}},"loc":{"start":{"line":59,"column":19},"end":{"line":61,"column":null}},"line":59},"3":{"name":"hasChanges","decl":{"start":{"line":65,"column":2},"end":{"line":65,"column":23}},"loc":{"start":{"line":65,"column":23},"end":{"line":73,"column":null}},"line":65},"4":{"name":"save","decl":{"start":{"line":75,"column":2},"end":{"line":75,"column":14}},"loc":{"start":{"line":75,"column":14},"end":{"line":109,"column":null}},"line":75},"5":{"name":"(anonymous_5)","decl":{"start":{"line":92,"column":14},"end":{"line":92,"column":19}},"loc":{"start":{"line":92,"column":19},"end":{"line":103,"column":null}},"line":92},"6":{"name":"(anonymous_6)","decl":{"start":{"line":104,"column":15},"end":{"line":104,"column":16}},"loc":{"start":{"line":104,"column":44},"end":{"line":107,"column":null}},"line":104},"7":{"name":"template","decl":{"start":{"line":30,"column":29},"end":{"line":30,"column":null}},"loc":{"start":{"line":30,"column":29},"end":{"line":28,"column":null}},"line":30}},"branchMap":{"0":{"loc":{"start":{"line":69,"column":6},"end":{"line":71,"column":null}},"type":"binary-expr","locations":[{"start":{"line":69,"column":6},"end":{"line":69,"column":null}},{"start":{"line":70,"column":6},"end":{"line":70,"column":null}},{"start":{"line":71,"column":6},"end":{"line":71,"column":null}}],"line":69},"1":{"loc":{"start":{"line":76,"column":4},"end":{"line":79,"column":null}},"type":"if","locations":[{"start":{"line":76,"column":4},"end":{"line":79,"column":null}},{"start":{},"end":{}}],"line":76},"2":{"loc":{"start":{"line":76,"column":8},"end":{"line":76,"column":57}},"type":"binary-expr","locations":[{"start":{"line":76,"column":8},"end":{"line":76,"column":36}},{"start":{"line":76,"column":36},"end":{"line":76,"column":57}}],"line":76},"3":{"loc":{"start":{"line":81,"column":4},"end":{"line":83,"column":null}},"type":"if","locations":[{"start":{"line":81,"column":4},"end":{"line":83,"column":null}},{"start":{},"end":{}}],"line":81},"4":{"loc":{"start":{"line":30,"column":13},"end":{"line":30,"column":29}},"type":"binary-expr","locations":[{"start":{"line":30,"column":13},"end":{"line":30,"column":29}},{"start":{"line":30,"column":13},"end":{"line":30,"column":29}}],"line":30},"5":{"loc":{"start":{"line":30,"column":29},"end":{"line":49,"column":null}},"type":"if","locations":[{"start":{"line":30,"column":29},"end":{"line":49,"column":null}},{"start":{},"end":{}}],"line":30},"6":{"loc":{"start":{"line":30,"column":13},"end":{"line":28,"column":null}},"type":"binary-expr","locations":[{"start":{"line":30,"column":13},"end":{"line":30,"column":29}},{"start":{"line":30,"column":13},"end":{"line":30,"column":29}},{"start":{"line":30,"column":13},"end":{"line":28,"column":null}}],"line":30},"7":{"loc":{"start":{"line":30,"column":13},"end":{"line":30,"column":null}},"type":"binary-expr","locations":[{"start":{"line":30,"column":13},"end":{"line":30,"column":29}},{"start":{"line":30,"column":13},"end":{"line":30,"column":29}},{"start":{"line":30,"column":13},"end":{"line":30,"column":null}}],"line":30}},"s":{"0":6,"1":12,"2":12,"3":12,"4":12,"5":12,"6":12,"7":12,"8":12,"9":12,"10":12,"11":12,"12":7,"13":1,"14":1,"15":22,"16":22,"17":4,"18":0,"19":0,"20":4,"21":1,"22":3,"23":3,"24":3,"25":3,"26":2,"27":2,"28":2,"29":1,"30":1,"31":6,"32":24,"33":6},"f":{"0":7,"1":1,"2":1,"3":22,"4":4,"5":2,"6":1,"7":12},"b":{"0":[22,17,17],"1":[0,4],"2":[4,4],"3":[1,3],"4":[6,6],"5":[6,18],"6":[6,6,6],"7":[6,6,6]},"meta":{"lastBranch":8,"lastFunction":8,"lastStatement":34,"seen":{"s:30:6:19:Infinity":0,"s:31:32:31:Infinity":1,"s:32:36:32:Infinity":2,"s:33:34:33:Infinity":3,"s:34:33:34:Infinity":4,"s:35:36:35:Infinity":5,"s:36:33:38:Infinity":6,"s:41:21:43:Infinity":7,"s:46:25:50:Infinity":8,"s:51:26:51:Infinity":9,"s:52:22:52:Infinity":10,"s:30:13:19:Infinity":11,"f:43:14:43:20":0,"s:43:20:43:49":12,"f:54:2:54:14":1,"s:55:4:62:Infinity":13,"f:59:14:59:19":2,"s:60:10:60:Infinity":14,"f:65:2:65:23":3,"s:66:42:66:Infinity":15,"s:68:4:71:Infinity":16,"b:69:6:69:Infinity:70:6:70:Infinity:71:6:71:Infinity":0,"f:75:2:75:14":4,"b:76:4:79:Infinity:undefined:undefined:undefined:undefined":1,"s:76:4:79:Infinity":17,"b:76:8:76:36:76:36:76:57":2,"s:77:6:77:Infinity":18,"s:78:6:78:Infinity":19,"b:81:4:83:Infinity:undefined:undefined:undefined:undefined":3,"s:81:4:83:Infinity":20,"s:82:6:82:Infinity":21,"s:85:20:85:Infinity":22,"s:86:4:86:Infinity":23,"s:87:4:87:Infinity":24,"s:88:4:108:Infinity":25,"f:92:14:92:19":5,"s:93:10:95:Infinity":26,"s:97:10:101:Infinity":27,"s:102:10:102:Infinity":28,"f:104:15:104:16":6,"s:105:10:105:Infinity":29,"s:106:10:106:Infinity":30,"s:30:13:30:Infinity":31,"b:30:13:30:29:30:13:30:29":4,"f:30:29:30:Infinity":7,"b:30:29:49:Infinity:undefined:undefined:undefined:undefined":5,"s:30:29:49:Infinity":32,"s:30:13:28:Infinity":33,"b:30:13:30:29:30:13:30:29:30:13:28:Infinity":6,"b:30:13:30:29:30:13:30:29:30:13:30:Infinity":7},"fnNames":{}}},"/home/manu/Documents/Lead Developer Java Angular/projet5/projet5-mdd/front/src/app/shared/api-error/api-error.component.ts":{"path":"/home/manu/Documents/Lead Developer Java Angular/projet5/projet5-mdd/front/src/app/shared/api-error/api-error.component.ts","statementMap":{"0":{"start":{"line":10,"column":6},"end":{"line":1,"column":83}},"1":{"start":{"line":11,"column":19},"end":{"line":11,"column":null}},"2":{"start":{"line":10,"column":13},"end":{"line":1,"column":83}},"3":{"start":{"line":10,"column":13},"end":{"line":10,"column":null}},"4":{"start":{"line":10,"column":30},"end":{"line":1,"column":null}},"5":{"start":{"line":10,"column":13},"end":{"line":8,"column":null}}},"fnMap":{"0":{"name":"template","decl":{"start":{"line":10,"column":30},"end":{"line":10,"column":null}},"loc":{"start":{"line":10,"column":30},"end":{"line":1,"column":83}},"line":10}},"branchMap":{"0":{"loc":{"start":{"line":10,"column":13},"end":{"line":10,"column":30}},"type":"binary-expr","locations":[{"start":{"line":10,"column":13},"end":{"line":10,"column":30}},{"start":{"line":10,"column":13},"end":{"line":10,"column":30}}],"line":10},"1":{"loc":{"start":{"line":10,"column":30},"end":{"line":1,"column":null}},"type":"if","locations":[{"start":{"line":10,"column":30},"end":{"line":1,"column":null}},{"start":{},"end":{}}],"line":10},"2":{"loc":{"start":{"line":10,"column":13},"end":{"line":8,"column":null}},"type":"binary-expr","locations":[{"start":{"line":10,"column":13},"end":{"line":10,"column":30}},{"start":{"line":10,"column":13},"end":{"line":10,"column":30}},{"start":{"line":10,"column":13},"end":{"line":8,"column":null}}],"line":10},"3":{"loc":{"start":{"line":10,"column":13},"end":{"line":10,"column":null}},"type":"binary-expr","locations":[{"start":{"line":10,"column":13},"end":{"line":10,"column":30}},{"start":{"line":10,"column":13},"end":{"line":10,"column":30}},{"start":{"line":10,"column":13},"end":{"line":10,"column":null}}],"line":10}},"s":{"0":6,"1":10,"2":10,"3":6,"4":8,"5":6},"f":{"0":10},"b":{"0":[4,4],"1":[4,4],"2":[6,6,6],"3":[6,6,6]},"meta":{"lastBranch":4,"lastFunction":1,"lastStatement":6,"seen":{"s:10:6:1:83":0,"s:11:19:11:Infinity":1,"s:10:13:1:83":2,"s:10:13:10:Infinity":3,"b:10:13:10:30:10:13:10:30":0,"f:10:30:10:Infinity":0,"b:10:30:1:Infinity:undefined:undefined:undefined:undefined":1,"s:10:30:1:Infinity":4,"s:10:13:8:Infinity":5,"b:10:13:10:30:10:13:10:30:10:13:8:Infinity":2,"b:10:13:10:30:10:13:10:30:10:13:10:Infinity":3},"fnNames":{}}},"/home/manu/Documents/Lead Developer Java Angular/projet5/projet5-mdd/front/src/app/shared/account-fields/account-fields.component.ts":{"path":"/home/manu/Documents/Lead Developer Java Angular/projet5/projet5-mdd/front/src/app/shared/account-fields/account-fields.component.ts","statementMap":{"0":{"start":{"line":17,"column":6},"end":{"line":12,"column":97}},"1":{"start":{"line":18,"column":18},"end":{"line":18,"column":null}},"2":{"start":{"line":19,"column":31},"end":{"line":19,"column":null}},"3":{"start":{"line":21,"column":35},"end":{"line":21,"column":null}},"4":{"start":{"line":17,"column":13},"end":{"line":12,"column":97}},"5":{"start":{"line":17,"column":13},"end":{"line":17,"column":null}},"6":{"start":{"line":17,"column":35},"end":{"line":64,"column":null}},"7":{"start":{"line":17,"column":13},"end":{"line":15,"column":null}}},"fnMap":{"0":{"name":"template","decl":{"start":{"line":17,"column":35},"end":{"line":17,"column":null}},"loc":{"start":{"line":17,"column":35},"end":{"line":12,"column":23}},"line":17}},"branchMap":{"0":{"loc":{"start":{"line":17,"column":13},"end":{"line":17,"column":35}},"type":"binary-expr","locations":[{"start":{"line":17,"column":13},"end":{"line":17,"column":35}},{"start":{"line":17,"column":13},"end":{"line":17,"column":35}}],"line":17},"1":{"loc":{"start":{"line":17,"column":35},"end":{"line":64,"column":null}},"type":"if","locations":[{"start":{"line":17,"column":35},"end":{"line":64,"column":null}},{"start":{},"end":{}}],"line":17},"2":{"loc":{"start":{"line":17,"column":13},"end":{"line":15,"column":null}},"type":"binary-expr","locations":[{"start":{"line":17,"column":13},"end":{"line":17,"column":35}},{"start":{"line":17,"column":13},"end":{"line":17,"column":35}},{"start":{"line":17,"column":13},"end":{"line":15,"column":null}}],"line":17},"3":{"loc":{"start":{"line":17,"column":13},"end":{"line":17,"column":null}},"type":"binary-expr","locations":[{"start":{"line":17,"column":13},"end":{"line":17,"column":35}},{"start":{"line":17,"column":13},"end":{"line":17,"column":35}},{"start":{"line":17,"column":13},"end":{"line":17,"column":null}}],"line":17}},"s":{"0":6,"1":15,"2":15,"3":15,"4":15,"5":6,"6":42,"7":6},"f":{"0":15},"b":{"0":[9,9],"1":[9,33],"2":[6,6,6],"3":[6,6,6]},"meta":{"lastBranch":4,"lastFunction":1,"lastStatement":8,"seen":{"s:17:6:12:97":0,"s:18:18:18:Infinity":1,"s:19:31:19:Infinity":2,"s:21:35:21:Infinity":3,"s:17:13:12:97":4,"s:17:13:17:Infinity":5,"b:17:13:17:35:17:13:17:35":0,"f:17:35:17:Infinity":0,"b:17:35:64:Infinity:undefined:undefined:undefined:undefined":1,"s:17:35:64:Infinity":6,"s:17:13:15:Infinity":7,"b:17:13:17:35:17:13:17:35:17:13:15:Infinity":2,"b:17:13:17:35:17:13:17:35:17:13:17:Infinity":3},"fnNames":{}}},"/home/manu/Documents/Lead Developer Java Angular/projet5/projet5-mdd/front/src/app/shared/form-validation-feedback/form-validation-feedback.component.ts":{"path":"/home/manu/Documents/Lead Developer Java Angular/projet5/projet5-mdd/front/src/app/shared/form-validation-feedback/form-validation-feedback.component.ts","statementMap":{"0":{"start":{"line":10,"column":6},"end":{"line":7,"column":null}},"1":{"start":{"line":11,"column":21},"end":{"line":11,"column":null}},"2":{"start":{"line":12,"column":24},"end":{"line":12,"column":null}},"3":{"start":{"line":13,"column":21},"end":{"line":13,"column":null}},"4":{"start":{"line":14,"column":21},"end":{"line":14,"column":null}},"5":{"start":{"line":16,"column":36},"end":{"line":24,"column":null}},"6":{"start":{"line":10,"column":13},"end":{"line":7,"column":null}},"7":{"start":{"line":17,"column":20},"end":{"line":17,"column":null}},"8":{"start":{"line":18,"column":29},"end":{"line":19,"column":null}},"9":{"start":{"line":19,"column":6},"end":{"line":19,"column":null}},"10":{"start":{"line":20,"column":4},"end":{"line":20,"column":null}},"11":{"start":{"line":22,"column":25},"end":{"line":22,"column":null}},"12":{"start":{"line":23,"column":4},"end":{"line":23,"column":null}},"13":{"start":{"line":23,"column":20},"end":{"line":23,"column":46}},"14":{"start":{"line":10,"column":13},"end":{"line":10,"column":null}},"15":{"start":{"line":10,"column":44},"end":{"line":8,"column":null}},"16":{"start":{"line":10,"column":13},"end":{"line":8,"column":null}}},"fnMap":{"0":{"name":"(anonymous_0)","decl":{"start":{"line":16,"column":43},"end":{"line":16,"column":44}},"loc":{"start":{"line":16,"column":57},"end":{"line":24,"column":null}},"line":16},"1":{"name":"(anonymous_1)","decl":{"start":{"line":18,"column":29},"end":{"line":18,"column":null}},"loc":{"start":{"line":19,"column":6},"end":{"line":19,"column":null}},"line":19},"2":{"name":"(anonymous_2)","decl":{"start":{"line":23,"column":14},"end":{"line":23,"column":20}},"loc":{"start":{"line":23,"column":20},"end":{"line":23,"column":46}},"line":23},"3":{"name":"template","decl":{"start":{"line":10,"column":44},"end":{"line":10,"column":null}},"loc":{"start":{"line":10,"column":44},"end":{"line":7,"column":null}},"line":10}},"branchMap":{"0":{"loc":{"start":{"line":19,"column":23},"end":{"line":19,"column":76}},"type":"binary-expr","locations":[{"start":{"line":19,"column":23},"end":{"line":19,"column":43}},{"start":{"line":19,"column":43},"end":{"line":19,"column":60}},{"start":{"line":19,"column":60},"end":{"line":19,"column":76}}],"line":19},"1":{"loc":{"start":{"line":10,"column":13},"end":{"line":10,"column":44}},"type":"binary-expr","locations":[{"start":{"line":10,"column":13},"end":{"line":10,"column":44}},{"start":{"line":10,"column":13},"end":{"line":10,"column":44}}],"line":10},"2":{"loc":{"start":{"line":10,"column":44},"end":{"line":8,"column":null}},"type":"if","locations":[{"start":{"line":10,"column":44},"end":{"line":8,"column":null}},{"start":{},"end":{}}],"line":10},"3":{"loc":{"start":{"line":10,"column":13},"end":{"line":8,"column":null}},"type":"binary-expr","locations":[{"start":{"line":10,"column":13},"end":{"line":10,"column":44}},{"start":{"line":10,"column":13},"end":{"line":10,"column":44}},{"start":{"line":10,"column":13},"end":{"line":8,"column":null}}],"line":10},"4":{"loc":{"start":{"line":10,"column":13},"end":{"line":10,"column":null}},"type":"binary-expr","locations":[{"start":{"line":10,"column":13},"end":{"line":10,"column":44}},{"start":{"line":10,"column":13},"end":{"line":10,"column":44}},{"start":{"line":10,"column":13},"end":{"line":10,"column":null}}],"line":10}},"s":{"0":6,"1":33,"2":33,"3":33,"4":33,"5":33,"6":33,"7":27,"8":27,"9":83,"10":27,"11":27,"12":27,"13":27,"14":6,"15":60,"16":6},"f":{"0":27,"1":83,"2":27,"3":33},"b":{"0":[83,18,9],"1":[27,27],"2":[27,33],"3":[6,6,6],"4":[6,6,6]},"meta":{"lastBranch":5,"lastFunction":4,"lastStatement":17,"seen":{"s:10:6:7:Infinity":0,"s:11:21:11:Infinity":1,"s:12:24:12:Infinity":2,"s:13:21:13:Infinity":3,"s:14:21:14:Infinity":4,"s:16:36:24:Infinity":5,"s:10:13:7:Infinity":6,"f:16:43:16:44":0,"s:17:20:17:Infinity":7,"s:18:29:19:Infinity":8,"f:18:29:18:Infinity":1,"s:19:6:19:Infinity":9,"b:19:23:19:43:19:43:19:60:19:60:19:76":0,"s:20:4:20:Infinity":10,"s:22:25:22:Infinity":11,"s:23:4:23:Infinity":12,"f:23:14:23:20":2,"s:23:20:23:46":13,"s:10:13:10:Infinity":14,"b:10:13:10:44:10:13:10:44":1,"f:10:44:10:Infinity":3,"b:10:44:8:Infinity:undefined:undefined:undefined:undefined":2,"s:10:44:8:Infinity":15,"s:10:13:8:Infinity":16,"b:10:13:10:44:10:13:10:44:10:13:8:Infinity":3,"b:10:13:10:44:10:13:10:44:10:13:10:Infinity":4},"fnNames":{}}},"/home/manu/Documents/Lead Developer Java Angular/projet5/projet5-mdd/front/src/app/shared/account-fields/account-form.ts":{"path":"/home/manu/Documents/Lead Developer Java Angular/projet5/projet5-mdd/front/src/app/shared/account-fields/account-form.ts","statementMap":{"0":{"start":{"line":26,"column":2},"end":{"line":44,"column":null}}},"fnMap":{"0":{"name":"createAccountForm","decl":{"start":{"line":21,"column":16},"end":{"line":21,"column":34}},"loc":{"start":{"line":25,"column":42},"end":{"line":45,"column":null}},"line":25}},"branchMap":{"0":{"loc":{"start":{"line":22,"column":2},"end":{"line":22,"column":null}},"type":"default-arg","locations":[{"start":{"line":22,"column":13},"end":{"line":22,"column":null}}],"line":22},"1":{"loc":{"start":{"line":23,"column":2},"end":{"line":23,"column":null}},"type":"default-arg","locations":[{"start":{"line":23,"column":10},"end":{"line":23,"column":null}}],"line":23},"2":{"loc":{"start":{"line":38,"column":12},"end":{"line":38,"column":null}},"type":"cond-expr","locations":[{"start":{"line":38,"column":31},"end":{"line":38,"column":55}},{"start":{"line":38,"column":55},"end":{"line":38,"column":null}}],"line":38},"3":{"loc":{"start":{"line":41,"column":8},"end":{"line":41,"column":null}},"type":"cond-expr","locations":[{"start":{"line":41,"column":27},"end":{"line":41,"column":57}},{"start":{"line":41,"column":57},"end":{"line":41,"column":null}}],"line":41}},"s":{"0":9},"f":{"0":9},"b":{"0":[9],"1":[9],"2":[3,6],"3":[3,6]},"meta":{"lastBranch":4,"lastFunction":1,"lastStatement":1,"seen":{"f:21:16:21:34":0,"b:22:13:22:Infinity":0,"b:23:10:23:Infinity":1,"s:26:2:44:Infinity":0,"b:38:31:38:55:38:55:38:Infinity":2,"b:41:27:41:57:41:57:41:Infinity":3},"fnNames":{}}},"/home/manu/Documents/Lead Developer Java Angular/projet5/projet5-mdd/front/src/app/shared/messages/error-messages.ts":{"path":"/home/manu/Documents/Lead Developer Java Angular/projet5/projet5-mdd/front/src/app/shared/messages/error-messages.ts","statementMap":{"0":{"start":{"line":1,"column":29},"end":{"line":10,"column":null}}},"fnMap":{},"branchMap":{},"s":{"0":6},"f":{},"b":{},"meta":{"lastBranch":0,"lastFunction":0,"lastStatement":1,"seen":{"s:1:29:10:Infinity":0},"fnNames":{}}},"/home/manu/Documents/Lead Developer Java Angular/projet5/projet5-mdd/front/src/app/shared/api-error/api-error.ts":{"path":"/home/manu/Documents/Lead Developer Java Angular/projet5/projet5-mdd/front/src/app/shared/api-error/api-error.ts","statementMap":{"0":{"start":{"line":13,"column":19},"end":{"line":13,"column":null}},"1":{"start":{"line":15,"column":2},"end":{"line":17,"column":null}},"2":{"start":{"line":21,"column":2},"end":{"line":23,"column":null}},"3":{"start":{"line":22,"column":4},"end":{"line":22,"column":null}},"4":{"start":{"line":25,"column":22},"end":{"line":25,"column":null}},"5":{"start":{"line":26,"column":2},"end":{"line":26,"column":null}},"6":{"start":{"line":30,"column":2},"end":{"line":30,"column":null}},"7":{"start":{"line":34,"column":2},"end":{"line":34,"column":null}}},"fnMap":{"0":{"name":"toApiError","decl":{"start":{"line":12,"column":16},"end":{"line":12,"column":27}},"loc":{"start":{"line":12,"column":63},"end":{"line":18,"column":null}},"line":12},"1":{"name":"parseApiErrorResponse","decl":{"start":{"line":20,"column":9},"end":{"line":20,"column":31}},"loc":{"start":{"line":20,"column":72},"end":{"line":27,"column":null}},"line":20},"2":{"name":"messageFor","decl":{"start":{"line":29,"column":9},"end":{"line":29,"column":20}},"loc":{"start":{"line":29,"column":49},"end":{"line":31,"column":null}},"line":29},"3":{"name":"isKnownMessageCode","decl":{"start":{"line":33,"column":9},"end":{"line":33,"column":28}},"loc":{"start":{"line":33,"column":92},"end":{"line":35,"column":null}},"line":33}},"branchMap":{"0":{"loc":{"start":{"line":16,"column":13},"end":{"line":16,"column":null}},"type":"cond-expr","locations":[{"start":{"line":16,"column":33},"end":{"line":16,"column":60}},{"start":{"line":16,"column":60},"end":{"line":16,"column":null}}],"line":16},"1":{"loc":{"start":{"line":21,"column":2},"end":{"line":23,"column":null}},"type":"if","locations":[{"start":{"line":21,"column":2},"end":{"line":23,"column":null}},{"start":{},"end":{}}],"line":21},"2":{"loc":{"start":{"line":21,"column":6},"end":{"line":21,"column":80}},"type":"binary-expr","locations":[{"start":{"line":21,"column":6},"end":{"line":21,"column":35}},{"start":{"line":21,"column":35},"end":{"line":21,"column":53}},{"start":{"line":21,"column":53},"end":{"line":21,"column":80}}],"line":21},"3":{"loc":{"start":{"line":26,"column":9},"end":{"line":26,"column":null}},"type":"cond-expr","locations":[{"start":{"line":26,"column":43},"end":{"line":26,"column":61}},{"start":{"line":26,"column":61},"end":{"line":26,"column":null}}],"line":26},"4":{"loc":{"start":{"line":30,"column":9},"end":{"line":30,"column":null}},"type":"cond-expr","locations":[{"start":{"line":30,"column":43},"end":{"line":30,"column":72}},{"start":{"line":30,"column":72},"end":{"line":30,"column":null}}],"line":30},"5":{"loc":{"start":{"line":34,"column":9},"end":{"line":34,"column":null}},"type":"binary-expr","locations":[{"start":{"line":34,"column":9},"end":{"line":34,"column":41}},{"start":{"line":34,"column":41},"end":{"line":34,"column":null}}],"line":34}},"s":{"0":4,"1":4,"2":4,"3":1,"4":3,"5":3,"6":3,"7":3},"f":{"0":4,"1":4,"2":3,"3":3},"b":{"0":[1,3],"1":[1,3],"2":[4,3,3],"3":[3,0],"4":[3,0],"5":[3,3]},"meta":{"lastBranch":6,"lastFunction":4,"lastStatement":8,"seen":{"f:12:16:12:27":0,"s:13:19:13:Infinity":0,"s:15:2:17:Infinity":1,"b:16:33:16:60:16:60:16:Infinity":0,"f:20:9:20:31":1,"b:21:2:23:Infinity:undefined:undefined:undefined:undefined":1,"s:21:2:23:Infinity":2,"b:21:6:21:35:21:35:21:53:21:53:21:80":2,"s:22:4:22:Infinity":3,"s:25:22:25:Infinity":4,"s:26:2:26:Infinity":5,"b:26:43:26:61:26:61:26:Infinity":3,"f:29:9:29:20":2,"s:30:2:30:Infinity":6,"b:30:43:30:72:30:72:30:Infinity":4,"f:33:9:33:28":3,"s:34:2:34:Infinity":7,"b:34:9:34:41:34:41:34:Infinity":5},"fnNames":{}}},"/home/manu/Documents/Lead Developer Java Angular/projet5/projet5-mdd/front/src/app/shared/validators/password-complexity.validator.ts":{"path":"/home/manu/Documents/Lead Developer Java Angular/projet5/projet5-mdd/front/src/app/shared/validators/password-complexity.validator.ts","statementMap":{"0":{"start":{"line":3,"column":28},"end":{"line":3,"column":null}},"1":{"start":{"line":5,"column":37},"end":{"line":5,"column":null}},"2":{"start":{"line":7,"column":56},"end":{"line":10,"column":null}},"3":{"start":{"line":10,"column":2},"end":{"line":10,"column":null}},"4":{"start":{"line":12,"column":64},"end":{"line":15,"column":null}},"5":{"start":{"line":15,"column":2},"end":{"line":15,"column":null}}},"fnMap":{"0":{"name":"(anonymous_0)","decl":{"start":{"line":7,"column":56},"end":{"line":7,"column":null}},"loc":{"start":{"line":10,"column":2},"end":{"line":10,"column":null}},"line":10},"1":{"name":"(anonymous_1)","decl":{"start":{"line":12,"column":64},"end":{"line":12,"column":null}},"loc":{"start":{"line":15,"column":2},"end":{"line":15,"column":null}},"line":15}},"branchMap":{"0":{"loc":{"start":{"line":10,"column":2},"end":{"line":10,"column":null}},"type":"cond-expr","locations":[{"start":{"line":10,"column":44},"end":{"line":10,"column":51}},{"start":{"line":10,"column":51},"end":{"line":10,"column":null}}],"line":10},"1":{"loc":{"start":{"line":15,"column":2},"end":{"line":15,"column":null}},"type":"cond-expr","locations":[{"start":{"line":15,"column":31},"end":{"line":15,"column":38}},{"start":{"line":15,"column":38},"end":{"line":15,"column":null}}],"line":15}},"s":{"0":6,"1":6,"2":6,"3":16,"4":6,"5":27},"f":{"0":16,"1":27},"b":{"0":[4,12],"1":[26,1]},"meta":{"lastBranch":2,"lastFunction":2,"lastStatement":6,"seen":{"s:3:28:3:Infinity":0,"s:5:37:5:Infinity":1,"s:7:56:10:Infinity":2,"f:7:56:7:Infinity":0,"s:10:2:10:Infinity":3,"b:10:44:10:51:10:51:10:Infinity":0,"s:12:64:15:Infinity":4,"f:12:64:12:Infinity":1,"s:15:2:15:Infinity":5,"b:15:31:15:38:15:38:15:Infinity":1},"fnNames":{}}},"/home/manu/Documents/Lead Developer Java Angular/projet5/projet5-mdd/front/src/app/topic/topic.service.ts":{"path":"/home/manu/Documents/Lead Developer Java Angular/projet5/projet5-mdd/front/src/app/topic/topic.service.ts","statementMap":{"0":{"start":{"line":7,"column":6},"end":{"line":7,"column":null}},"1":{"start":{"line":8,"column":26},"end":{"line":8,"column":null}},"2":{"start":{"line":7,"column":13},"end":{"line":7,"column":null}},"3":{"start":{"line":11,"column":4},"end":{"line":11,"column":null}},"4":{"start":{"line":15,"column":4},"end":{"line":15,"column":null}},"5":{"start":{"line":19,"column":4},"end":{"line":19,"column":null}},"6":{"start":{"line":7,"column":13},"end":{"line":6,"column":null}}},"fnMap":{"0":{"name":"getTopics","decl":{"start":{"line":10,"column":2},"end":{"line":10,"column":34}},"loc":{"start":{"line":10,"column":34},"end":{"line":12,"column":null}},"line":10},"1":{"name":"subscribe","decl":{"start":{"line":14,"column":2},"end":{"line":14,"column":12}},"loc":{"start":{"line":14,"column":46},"end":{"line":16,"column":null}},"line":14},"2":{"name":"unsubscribe","decl":{"start":{"line":18,"column":2},"end":{"line":18,"column":14}},"loc":{"start":{"line":18,"column":48},"end":{"line":20,"column":null}},"line":18}},"branchMap":{"0":{"loc":{"start":{"line":7,"column":13},"end":{"line":7,"column":25}},"type":"binary-expr","locations":[{"start":{"line":7,"column":13},"end":{"line":7,"column":25}},{"start":{"line":7,"column":13},"end":{"line":7,"column":25}}],"line":7},"1":{"loc":{"start":{"line":7,"column":13},"end":{"line":6,"column":null}},"type":"binary-expr","locations":[{"start":{"line":7,"column":13},"end":{"line":7,"column":25}},{"start":{"line":7,"column":13},"end":{"line":7,"column":25}},{"start":{"line":7,"column":13},"end":{"line":6,"column":null}}],"line":7}},"s":{"0":8,"1":22,"2":14,"3":16,"4":1,"5":1,"6":8},"f":{"0":16,"1":1,"2":1},"b":{"0":[14,14],"1":[8,8,8]},"meta":{"lastBranch":2,"lastFunction":3,"lastStatement":7,"seen":{"s:7:6:7:Infinity":0,"s:8:26:8:Infinity":1,"s:7:13:7:Infinity":2,"f:10:2:10:34":0,"s:11:4:11:Infinity":3,"f:14:2:14:12":1,"s:15:4:15:Infinity":4,"f:18:2:18:14":2,"s:19:4:19:Infinity":5,"b:7:13:7:25:7:13:7:25":0,"s:7:13:6:Infinity":6,"b:7:13:7:25:7:13:7:25:7:13:6:Infinity":1},"fnNames":{}}},"/home/manu/Documents/Lead Developer Java Angular/projet5/projet5-mdd/front/src/app/post/post-detail/post-detail.component.ts":{"path":"/home/manu/Documents/Lead Developer Java Angular/projet5/projet5-mdd/front/src/app/post/post-detail/post-detail.component.ts","statementMap":{"0":{"start":{"line":30,"column":6},"end":{"line":21,"column":null}},"1":{"start":{"line":31,"column":27},"end":{"line":31,"column":null}},"2":{"start":{"line":32,"column":33},"end":{"line":32,"column":null}},"3":{"start":{"line":33,"column":30},"end":{"line":33,"column":null}},"4":{"start":{"line":35,"column":24},"end":{"line":53,"column":null}},"5":{"start":{"line":30,"column":13},"end":{"line":21,"column":null}},"6":{"start":{"line":36,"column":20},"end":{"line":36,"column":48}},"7":{"start":{"line":38,"column":6},"end":{"line":51,"column":null}},"8":{"start":{"line":41,"column":10},"end":{"line":49,"column":null}},"9":{"start":{"line":42,"column":27},"end":{"line":42,"column":73}},"10":{"start":{"line":44,"column":14},"end":{"line":47,"column":null}},"11":{"start":{"line":57,"column":4},"end":{"line":57,"column":null}},"12":{"start":{"line":30,"column":13},"end":{"line":30,"column":null}},"13":{"start":{"line":30,"column":32},"end":{"line":48,"column":null}},"14":{"start":{"line":30,"column":13},"end":{"line":28,"column":null}}},"fnMap":{"0":{"name":"(anonymous_0)","decl":{"start":{"line":36,"column":8},"end":{"line":36,"column":9}},"loc":{"start":{"line":36,"column":20},"end":{"line":36,"column":48}},"line":36},"1":{"name":"(anonymous_1)","decl":{"start":{"line":37,"column":14},"end":{"line":37,"column":15}},"loc":{"start":{"line":38,"column":6},"end":{"line":51,"column":null}},"line":38},"2":{"name":"(anonymous_2)","decl":{"start":{"line":40,"column":18},"end":{"line":40,"column":null}},"loc":{"start":{"line":41,"column":10},"end":{"line":49,"column":null}},"line":41},"3":{"name":"(anonymous_3)","decl":{"start":{"line":42,"column":16},"end":{"line":42,"column":17}},"loc":{"start":{"line":42,"column":27},"end":{"line":42,"column":73}},"line":42},"4":{"name":"(anonymous_4)","decl":{"start":{"line":43,"column":23},"end":{"line":43,"column":24}},"loc":{"start":{"line":44,"column":14},"end":{"line":47,"column":null}},"line":44},"5":{"name":"reloadPost","decl":{"start":{"line":56,"column":2},"end":{"line":56,"column":20}},"loc":{"start":{"line":56,"column":20},"end":{"line":58,"column":null}},"line":56},"6":{"name":"template","decl":{"start":{"line":30,"column":32},"end":{"line":30,"column":null}},"loc":{"start":{"line":30,"column":32},"end":{"line":4,"column":null}},"line":30}},"branchMap":{"0":{"loc":{"start":{"line":45,"column":16},"end":{"line":47,"column":39}},"type":"cond-expr","locations":[{"start":{"line":46,"column":20},"end":{"line":46,"column":null}},{"start":{"line":47,"column":20},"end":{"line":47,"column":39}}],"line":45},"1":{"loc":{"start":{"line":45,"column":16},"end":{"line":45,"column":null}},"type":"binary-expr","locations":[{"start":{"line":45,"column":16},"end":{"line":45,"column":54}},{"start":{"line":45,"column":54},"end":{"line":45,"column":null}}],"line":45},"2":{"loc":{"start":{"line":30,"column":13},"end":{"line":30,"column":32}},"type":"binary-expr","locations":[{"start":{"line":30,"column":13},"end":{"line":30,"column":32}},{"start":{"line":30,"column":13},"end":{"line":30,"column":32}}],"line":30},"3":{"loc":{"start":{"line":30,"column":32},"end":{"line":48,"column":null}},"type":"if","locations":[{"start":{"line":30,"column":32},"end":{"line":48,"column":null}},{"start":{},"end":{}}],"line":30},"4":{"loc":{"start":{"line":30,"column":13},"end":{"line":28,"column":null}},"type":"binary-expr","locations":[{"start":{"line":30,"column":13},"end":{"line":30,"column":32}},{"start":{"line":30,"column":13},"end":{"line":30,"column":32}},{"start":{"line":30,"column":13},"end":{"line":28,"column":null}}],"line":30},"5":{"loc":{"start":{"line":30,"column":13},"end":{"line":30,"column":null}},"type":"binary-expr","locations":[{"start":{"line":30,"column":13},"end":{"line":30,"column":32}},{"start":{"line":30,"column":13},"end":{"line":30,"column":32}},{"start":{"line":30,"column":13},"end":{"line":30,"column":null}}],"line":30}},"s":{"0":6,"1":11,"2":11,"3":11,"4":11,"5":11,"6":5,"7":5,"8":6,"9":4,"10":2,"11":1,"12":6,"13":16,"14":6},"f":{"0":5,"1":5,"2":6,"3":4,"4":2,"5":1,"6":11},"b":{"0":[1,1],"1":[2,2],"2":[5,5],"3":[5,11],"4":[6,6,6],"5":[6,6,6]},"meta":{"lastBranch":6,"lastFunction":7,"lastStatement":15,"seen":{"s:30:6:21:Infinity":0,"s:31:27:31:Infinity":1,"s:32:33:32:Infinity":2,"s:33:30:33:Infinity":3,"s:35:24:53:Infinity":4,"s:30:13:21:Infinity":5,"f:36:8:36:9":0,"s:36:20:36:48":6,"f:37:14:37:15":1,"s:38:6:51:Infinity":7,"f:40:18:40:Infinity":2,"s:41:10:49:Infinity":8,"f:42:16:42:17":3,"s:42:27:42:73":9,"f:43:23:43:24":4,"s:44:14:47:Infinity":10,"b:46:20:46:Infinity:47:20:47:39":0,"b:45:16:45:54:45:54:45:Infinity":1,"f:56:2:56:20":5,"s:57:4:57:Infinity":11,"s:30:13:30:Infinity":12,"b:30:13:30:32:30:13:30:32":2,"f:30:32:30:Infinity":6,"b:30:32:48:Infinity:undefined:undefined:undefined:undefined":3,"s:30:32:48:Infinity":13,"s:30:13:28:Infinity":14,"b:30:13:30:32:30:13:30:32:30:13:28:Infinity":4,"b:30:13:30:32:30:13:30:32:30:13:30:Infinity":5},"fnNames":{}}},"/home/manu/Documents/Lead Developer Java Angular/projet5/projet5-mdd/front/src/app/post/post-comments/post-comments.component.ts":{"path":"/home/manu/Documents/Lead Developer Java Angular/projet5/projet5-mdd/front/src/app/post/post-comments/post-comments.component.ts","statementMap":{"0":{"start":{"line":21,"column":6},"end":{"line":16,"column":32}},"1":{"start":{"line":22,"column":32},"end":{"line":22,"column":null}},"2":{"start":{"line":23,"column":33},"end":{"line":23,"column":null}},"3":{"start":{"line":25,"column":22},"end":{"line":25,"column":null}},"4":{"start":{"line":26,"column":20},"end":{"line":26,"column":null}},"5":{"start":{"line":27,"column":28},"end":{"line":27,"column":39}},"6":{"start":{"line":29,"column":25},"end":{"line":31,"column":null}},"7":{"start":{"line":21,"column":13},"end":{"line":16,"column":32}},"8":{"start":{"line":34,"column":4},"end":{"line":37,"column":null}},"9":{"start":{"line":35,"column":6},"end":{"line":35,"column":null}},"10":{"start":{"line":36,"column":6},"end":{"line":36,"column":null}},"11":{"start":{"line":39,"column":4},"end":{"line":45,"column":null}},"12":{"start":{"line":43,"column":8},"end":{"line":43,"column":null}},"13":{"start":{"line":44,"column":8},"end":{"line":44,"column":null}},"14":{"start":{"line":21,"column":13},"end":{"line":21,"column":null}},"15":{"start":{"line":21,"column":34},"end":{"line":53,"column":null}},"16":{"start":{"line":21,"column":13},"end":{"line":19,"column":null}}},"fnMap":{"0":{"name":"send","decl":{"start":{"line":33,"column":2},"end":{"line":33,"column":14}},"loc":{"start":{"line":33,"column":14},"end":{"line":46,"column":null}},"line":33},"1":{"name":"(anonymous_1)","decl":{"
[...]
home/manu/Documents/Lead Developer Java Angular/projet5/projet5-mdd/front/src/app/app.routes.ts":{"path":"/home/manu/Documents/Lead Developer Java Angular/projet5/projet5-mdd/front/src/app/app.routes.ts","statementMap":{"0":{"start":{"line":14,"column":30},"end":{"line":24,"column":null}}},"fnMap":{},"branchMap":{},"s":{"0":5},"f":{},"b":{},"meta":{"lastBranch":0,"lastFunction":0,"lastStatement":1,"seen":{"s:14:30:24:Infinity":0},"fnNames":{}}},"/home/manu/Documents/Lead Developer Java Angular/projet5/projet5-mdd/front/src/app/auth/session-expiration.interceptor.ts":{"path":"/home/manu/Documents/Lead Developer Java Angular/projet5/projet5-mdd/front/src/app/auth/session-expiration.interceptor.ts","statementMap":{"0":{"start":{"line":7,"column":63},"end":{"line":21,"column":null}},"1":{"start":{"line":8,"column":17},"end":{"line":8,"column":null}},"2":{"start":{"line":9,"column":25},"end":{"line":9,"column":null}},"3":{"start":{"line":11,"column":2},"end":{"line":20,"column":null}},"4":{"start":{"line":13,"column":6},"end":{"line":16,"column":null}},"5":{"start":{"line":14,"column":8},"end":{"line":14,"column":null}},"6":{"start":{"line":15,"column":8},"end":{"line":15,"column":null}},"7":{"start":{"line":18,"column":6},"end":{"line":18,"column":null}},"8":{"start":{"line":18,"column":30},"end":{"line":18,"column":35}},"9":{"start":{"line":24,"column":2},"end":{"line":24,"column":null}}},"fnMap":{"0":{"name":"(anonymous_0)","decl":{"start":{"line":7,"column":63},"end":{"line":7,"column":64}},"loc":{"start":{"line":7,"column":82},"end":{"line":21,"column":null}},"line":7},"1":{"name":"(anonymous_1)","decl":{"start":{"line":12,"column":15},"end":{"line":12,"column":16}},"loc":{"start":{"line":12,"column":45},"end":{"line":19,"column":5}},"line":12},"2":{"name":"(anonymous_2)","decl":{"start":{"line":18,"column":24},"end":{"line":18,"column":30}},"loc":{"start":{"line":18,"column":30},"end":{"line":18,"column":35}},"line":18},"3":{"name":"isProtectedApiRequest","decl":{"start":{"line":23,"column":9},"end":{"line":23,"column":31}},"loc":{"start":{"line":23,"column":53},"end":{"line":25,"column":null}},"line":23}},"branchMap":{"0":{"loc":{"start":{"line":13,"column":6},"end":{"line":16,"column":null}},"type":"if","locations":[{"start":{"line":13,"column":6},"end":{"line":16,"column":null}},{"start":{},"end":{}}],"line":13},"1":{"loc":{"start":{"line":13,"column":10},"end":{"line":13,"column":70}},"type":"binary-expr","locations":[{"start":{"line":13,"column":10},"end":{"line":13,"column":34}},{"start":{"line":13,"column":34},"end":{"line":13,"column":70}}],"line":13},"2":{"loc":{"start":{"line":24,"column":9},"end":{"line":24,"column":null}},"type":"binary-expr","locations":[{"start":{"line":24,"column":9},"end":{"line":24,"column":42}},{"start":{"line":24,"column":42},"end":{"line":24,"column":null}}],"line":24}},"s":{"0":1,"1":2,"2":2,"3":2,"4":2,"5":1,"6":1,"7":2,"8":2,"9":2},"f":{"0":2,"1":2,"2":2,"3":2},"b":{"0":[1,1],"1":[2,2],"2":[2,2]},"meta":{"lastBranch":3,"lastFunction":4,"lastStatement":10,"seen":{"s:7:63:21:Infinity":0,"f:7:63:7:64":0,"s:8:17:8:Infinity":1,"s:9:25:9:Infinity":2,"s:11:2:20:Infinity":3,"f:12:15:12:16":1,"b:13:6:16:Infinity:undefined:undefined:undefined:undefined":0,"s:13:6:16:Infinity":4,"b:13:10:13:34:13:34:13:70":1,"s:14:8:14:Infinity":5,"s:15:8:15:Infinity":6,"s:18:6:18:Infinity":7,"f:18:24:18:30":2,"s:18:30:18:35":8,"f:23:9:23:31":3,"s:24:2:24:Infinity":9,"b:24:9:24:42:24:42:24:Infinity":2},"fnNames":{}}},"/home/manu/Documents/Lead Developer Java Angular/projet5/projet5-mdd/front/src/app/shared/mobile-navigation/mobile-navigation.component.ts":{"path":"/home/manu/Documents/Lead Developer Java Angular/projet5/projet5-mdd/front/src/app/shared/mobile-navigation/mobile-navigation.component.ts","statementMap":{"0":{"start":{"line":21,"column":6},"end":{"line":16,"column":85}},"1":{"start":{"line":22,"column":32},"end":{"line":22,"column":85}},"2":{"start":{"line":25,"column":23},"end":{"line":25,"column":null}},"3":{"start":{"line":26,"column":28},"end":{"line":26,"column":null}},"4":{"start":{"line":27,"column":24},"end":{"line":27,"column":null}},"5":{"start":{"line":21,"column":13},"end":{"line":16,"column":85}},"6":{"start":{"line":26,"column":43},"end":{"line":26,"column":null}},"7":{"start":{"line":27,"column":39},"end":{"line":27,"column":null}},"8":{"start":{"line":30,"column":4},"end":{"line":30,"column":null}},"9":{"start":{"line":31,"column":4},"end":{"line":36,"column":null}},"10":{"start":{"line":32,"column":21},"end":{"line":32,"column":null}},"11":{"start":{"line":33,"column":6},"end":{"line":35,"column":null}},"12":{"start":{"line":34,"column":8},"end":{"line":34,"column":null}},"13":{"start":{"line":40,"column":4},"end":{"line":40,"column":null}},"14":{"start":{"line":41,"column":4},"end":{"line":41,"column":null}},"15":{"start":{"line":45,"column":4},"end":{"line":48,"column":null}},"16":{"start":{"line":46,"column":6},"end":{"line":46,"column":null}},"17":{"start":{"line":47,"column":6},"end":{"line":47,"column":null}},"18":{"start":{"line":52,"column":4},"end":{"line":55,"column":null}},"19":{"start":{"line":53,"column":6},"end":{"line":53,"column":null}},"20":{"start":{"line":54,"column":6},"end":{"line":54,"column":null}},"21":{"start":{"line":59,"column":4},"end":{"line":59,"column":null}},"22":{"start":{"line":60,"column":4},"end":{"line":60,"column":null}},"23":{"start":{"line":64,"column":4},"end":{"line":66,"column":null}},"24":{"start":{"line":65,"column":6},"end":{"line":65,"column":null}},"25":{"start":{"line":70,"column":19},"end":{"line":70,"column":null}},"26":{"start":{"line":71,"column":4},"end":{"line":73,"column":null}},"27":{"start":{"line":72,"column":6},"end":{"line":72,"column":null}},"28":{"start":{"line":21,"column":13},"end":{"line":21,"column":59}},"29":{"start":{"line":21,"column":38},"end":{"line":21,"column":59}},"30":{"start":{"line":21,"column":13},"end":{"line":22,"column":null}}},"fnMap":{"0":{"name":"(anonymous_0)","decl":{"start":{"line":26,"column":37},"end":{"line":26,"column":43}},"loc":{"start":{"line":26,"column":43},"end":{"line":26,"column":null}},"line":26},"1":{"name":"(anonymous_1)","decl":{"start":{"line":27,"column":33},"end":{"line":27,"column":39}},"loc":{"start":{"line":27,"column":39},"end":{"line":27,"column":null}},"line":27},"2":{"name":"openMenu","decl":{"start":{"line":29,"column":2},"end":{"line":29,"column":18}},"loc":{"start":{"line":29,"column":18},"end":{"line":37,"column":null}},"line":29},"3":{"name":"(anonymous_3)","decl":{"start":{"line":31,"column":38},"end":{"line":31,"column":43}},"loc":{"start":{"line":31,"column":43},"end":{"line":36,"column":7}},"line":31},"4":{"name":"ngOnDestroy","decl":{"start":{"line":39,"column":2},"end":{"line":39,"column":21}},"loc":{"start":{"line":39,"column":21},"end":{"line":42,"column":null}},"line":39},"5":{"name":"closeMenu","decl":{"start":{"line":44,"column":2},"end":{"line":44,"column":19}},"loc":{"start":{"line":44,"column":19},"end":{"line":49,"column":null}},"line":44},"6":{"name":"onMenuAnimationEnd","decl":{"start":{"line":51,"column":2},"end":{"line":51,"column":28}},"loc":{"start":{"line":51,"column":28},"end":{"line":56,"column":null}},"line":51},"7":{"name":"onDialogCancel","decl":{"start":{"line":58,"column":2},"end":{"line":58,"column":17}},"loc":{"start":{"line":58,"column":36},"end":{"line":61,"column":null}},"line":58},"8":{"name":"onDialogClick","decl":{"start":{"line":63,"column":2},"end":{"line":63,"column":16}},"loc":{"start":{"line":63,"column":40},"end":{"line":67,"column":null}},"line":63},"9":{"name":"closeNativeDialog","decl":{"start":{"line":69,"column":10},"end":{"line":69,"column":35}},"loc":{"start":{"line":69,"column":35},"end":{"line":74,"column":null}},"line":69},"10":{"name":"viewQuery","decl":{"start":{"line":21,"column":38},"end":{"line":21,"column":59}},"loc":{"start":{"line":21,"column":38},"end":{"line":21,"column":59}},"line":21}},"branchMap":{"0":{"loc":{"start":{"line":33,"column":6},"end":{"line":35,"column":null}},"type":"if","locations":[{"start":{"line":33,"column":6},"end":{"line":35,"column":null}},{"start":{},"end":{}}],"line":33},"1":{"loc":{"start":{"line":33,"column":10},"end":{"line":33,"column":34}},"type":"binary-expr","locations":[{"start":{"line":33,"column":10},"end":{"line":33,"column":20}},{"start":{"line":33,"column":20},"end":{"line":33,"column":34}}],"line":33},"2":{"loc":{"start":{"line":45,"column":4},"end":{"line":48,"column":null}},"type":"if","locations":[{"start":{"line":45,"column":4},"end":{"line":48,"column":null}},{"start":{},"end":{}}],"line":45},"3":{"loc":{"start":{"line":52,"column":4},"end":{"line":55,"column":null}},"type":"if","locations":[{"start":{"line":52,"column":4},"end":{"line":55,"column":null}},{"start":{},"end":{}}],"line":52},"4":{"loc":{"start":{"line":64,"column":4},"end":{"line":66,"column":null}},"type":"if","locations":[{"start":{"line":64,"column":4},"end":{"line":66,"column":null}},{"start":{},"end":{}}],"line":64},"5":{"loc":{"start":{"line":71,"column":4},"end":{"line":73,"column":null}},"type":"if","locations":[{"start":{"line":71,"column":4},"end":{"line":73,"column":null}},{"start":{},"end":{}}],"line":71},"6":{"loc":{"start":{"line":21,"column":13},"end":{"line":21,"column":38}},"type":"binary-expr","locations":[{"start":{"line":21,"column":13},"end":{"line":21,"column":38}},{"start":{"line":21,"column":13},"end":{"line":21,"column":38}}],"line":21},"7":{"loc":{"start":{"line":21,"column":38},"end":{"line":21,"column":59}},"type":"if","locations":[{"start":{"line":21,"column":38},"end":{"line":21,"column":59}},{"start":{},"end":{}}],"line":21},"8":{"loc":{"start":{"line":21,"column":13},"end":{"line":22,"column":null}},"type":"binary-expr","locations":[{"start":{"line":21,"column":13},"end":{"line":21,"column":38}},{"start":{"line":21,"column":13},"end":{"line":21,"column":38}},{"start":{"line":21,"column":13},"end":{"line":22,"column":null}}],"line":21},"9":{"loc":{"start":{"line":21,"column":13},"end":{"line":21,"column":59}},"type":"binary-expr","locations":[{"start":{"line":21,"column":13},"end":{"line":21,"column":38}},{"start":{"line":21,"column":13},"end":{"line":21,"column":38}},{"start":{"line":21,"column":13},"end":{"line":21,"column":59}}],"line":21}},"s":{"0":11,"1":44,"2":44,"3":44,"4":44,"5":44,"6":46,"7":46,"8":6,"9":6,"10":6,"11":6,"12":6,"13":33,"14":33,"15":5,"16":5,"17":5,"18":2,"19":2,"20":2,"21":1,"22":1,"23":4,"24":1,"25":35,"26":35,"27":6,"28":11,"29":80,"30":11},"f":{"0":46,"1":46,"2":6,"3":6,"4":33,"5":5,"6":2,"7":1,"8":4,"9":35,"10":44},"b":{"0":[6,0],"1":[6,6],"2":[5,0],"3":[2,0],"4":[1,3],"5":[6,29],"6":[33,33],"7":[33,47],"8":[11,11,11],"9":[11,11,11]},"meta":{"lastBranch":10,"lastFunction":11,"lastStatement":31,"seen":{"s:21:6:16:85":0,"s:22:32:22:85":1,"s:25:23:25:Infinity":2,"s:26:28:26:Infinity":3,"s:27:24:27:Infinity":4,"s:21:13:16:85":5,"f:26:37:26:43":0,"s:26:43:26:Infinity":6,"f:27:33:27:39":1,"s:27:39:27:Infinity":7,"f:29:2:29:18":2,"s:30:4:30:Infinity":8,"s:31:4:36:Infinity":9,"f:31:38:31:43":3,"s:32:21:32:Infinity":10,"b:33:6:35:Infinity:undefined:undefined:undefined:undefined":0,"s:33:6:35:Infinity":11,"b:33:10:33:20:33:20:33:34":1,"s:34:8:34:Infinity":12,"f:39:2:39:21":4,"s:40:4:40:Infinity":13,"s:41:4:41:Infinity":14,"f:44:2:44:19":5,"b:45:4:48:Infinity:undefined:undefined:undefined:undefined":2,"s:45:4:48:Infinity":15,"s:46:6:46:Infinity":16,"s:47:6:47:Infinity":17,"f:51:2:51:28":6,"b:52:4:55:Infinity:undefined:undefined:undefined:undefined":3,"s:52:4:55:Infinity":18,"s:53:6:53:Infinity":19,"s:54:6:54:Infinity":20,"f:58:2:58:17":7,"s:59:4:59:Infinity":21,"s:60:4:60:Infinity":22,"f:63:2:63:16":8,"b:64:4:66:Infinity:undefined:undefined:undefined:undefined":4,"s:64:4:66:Infinity":23,"s:65:6:65:Infinity":24,"f:69:10:69:35":9,"s:70:19:70:Infinity":25,"b:71:4:73:Infinity:undefined:undefined:undefined:undefined":5,"s:71:4:73:Infinity":26,"s:72:6:72:Infinity":27,"s:21:13:21:59":28,"b:21:13:21:38:21:13:21:38":6,"f:21:38:21:59":10,"b:21:38:21:59:undefined:undefined:undefined:undefined":7,"s:21:38:21:59":29,"s:21:13:22:Infinity":30,"b:21:13:21:38:21:13:21:38:21:13:22:Infinity":8,"b:21:13:21:38:21:13:21:38:21:13:21:59":9},"fnNames":{}}},"/home/manu/Documents/Lead Developer Java Angular/projet5/projet5-mdd/front/src/app/shared/icons/burger-menu-icon/burger-menu-icon.component.ts":{"path":"/home/manu/Documents/Lead Developer Java Angular/projet5/projet5-mdd/front/src/app/shared/icons/burger-menu-icon/burger-menu-icon.component.ts","statementMap":{"0":{"start":{"line":9,"column":6},"end":{"line":7,"column":null}},"1":{"start":{"line":9,"column":13},"end":{"line":7,"column":null}},"2":{"start":{"line":9,"column":13},"end":{"line":9,"column":null}},"3":{"start":{"line":9,"column":36},"end":{"line":7,"column":null}}},"fnMap":{"0":{"name":"template","decl":{"start":{"line":9,"column":36},"end":{"line":9,"column":null}},"loc":{"start":{"line":9,"column":36},"end":{"line":7,"column":null}},"line":9}},"branchMap":{"0":{"loc":{"start":{"line":9,"column":13},"end":{"line":9,"column":36}},"type":"binary-expr","locations":[{"start":{"line":9,"column":13},"end":{"line":9,"column":36}},{"start":{"line":9,"column":13},"end":{"line":9,"column":36}}],"line":9},"1":{"loc":{"start":{"line":9,"column":36},"end":{"line":7,"column":null}},"type":"if","locations":[{"start":{"line":9,"column":36},"end":{"line":7,"column":null}},{"start":{},"end":{}}],"line":9},"2":{"loc":{"start":{"line":9,"column":13},"end":{"line":7,"column":null}},"type":"binary-expr","locations":[{"start":{"line":9,"column":13},"end":{"line":9,"column":36}},{"start":{"line":9,"column":13},"end":{"line":9,"column":36}},{"start":{"line":9,"column":13},"end":{"line":7,"column":null}}],"line":9},"3":{"loc":{"start":{"line":9,"column":13},"end":{"line":9,"column":null}},"type":"binary-expr","locations":[{"start":{"line":9,"column":13},"end":{"line":9,"column":36}},{"start":{"line":9,"column":13},"end":{"line":9,"column":36}},{"start":{"line":9,"column":13},"end":{"line":9,"column":null}}],"line":9}},"s":{"0":11,"1":11,"2":11,"3":66},"f":{"0":11},"b":{"0":[33,33],"1":[33,33],"2":[11,11,11],"3":[11,11,11]},"meta":{"lastBranch":4,"lastFunction":1,"lastStatement":4,"seen":{"s:9:6:7:Infinity":0,"s:9:13:7:Infinity":1,"s:9:13:9:Infinity":2,"b:9:13:9:36:9:13:9:36":0,"f:9:36:9:Infinity":0,"b:9:36:7:Infinity:undefined:undefined:undefined:undefined":1,"s:9:36:7:Infinity":3,"b:9:13:9:36:9:13:9:36:9:13:7:Infinity":2,"b:9:13:9:36:9:13:9:36:9:13:9:Infinity":3},"fnNames":{}}},"/home/manu/Documents/Lead Developer Java Angular/projet5/projet5-mdd/front/src/app/shared/navigation-links/navigation-links.component.ts":{"path":"/home/manu/Documents/Lead Developer Java Angular/projet5/projet5-mdd/front/src/app/shared/navigation-links/navigation-links.component.ts","statementMap":{"0":{"start":{"line":12,"column":6},"end":{"line":7,"column":63}},"1":{"start":{"line":13,"column":20},"end":{"line":13,"column":null}},"2":{"start":{"line":14,"column":33},"end":{"line":14,"column":44}},"3":{"start":{"line":12,"column":13},"end":{"line":7,"column":63}},"4":{"start":{"line":17,"column":4},"end":{"line":17,"column":null}},"5":{"start":{"line":12,"column":13},"end":{"line":12,"column":null}},"6":{"start":{"line":12,"column":37},"end":{"line":43,"column":null}},"7":{"start":{"line":12,"column":13},"end":{"line":10,"column":null}}},"fnMap":{"0":{"name":"onNavigationRequested","decl":{"start":{"line":16,"column":2},"end":{"line":16,"column":31}},"loc":{"start":{"line":16,"column":31},"end":{"line":18,"column":null}},"line":16},"1":{"name":"template","decl":{"start":{"line":12,"column":37},"end":{"line":12,"column":null}},"loc":{"start":{"line":12,"column":37},"end":{"line":7,"column":34}},"line":12}},"branchMap":{"0":{"loc":{"start":{"line":12,"column":13},"end":{"line":12,"column":37}},"type":"binary-expr","locations":[{"start":{"line":12,"column":13},"end":{"line":12,"column":37}},{"start":{"line":12,"column":13},"end":{"line":12,"column":37}}],"line":12},"1":{"loc":{"start":{"line":12,"column":37},"end":{"line":43,"column":null}},"type":"if","locations":[{"start":{"line":12,"column":37},"end":{"line":43,"column":null}},{"start":{},"end":{}}],"line":12},"2":{"loc":{"start":{"line":12,"column":13},"end":{"line":10,"column":null}},"type":"binary-expr","locations":[{"start":{"line":12,"column":13},"end":{"line":12,"column":37}},{"start":{"line":12,"column":13},"end":{"line":12,"column":37}},{"start":{"line":12,"column":13},"end":{"line":10,"column":null}}],"line":12},"3":{"loc":{"start":{"line":12,"column":13},"end":{"line":12,"column":null}},"type":"binary-expr","locations":[{"start":{"line":12,"column":13},"end":{"line":12,"column":37}},{"start":{"line":12,"column":13},"end":{"line":12,"column":37}},{"start":{"line":12,"column":13},"end":{"line":12,"column":null}}],"line":12}},"s":{"0":11,"1":43,"2":43,"3":43,"4":2,"5":11,"6":68,"7":11},"f":{"0":2,"1":43},"b":{"0":[32,32],"1":[32,36],"2":[11,11,11],"3":[11,11,11]},"meta":{"lastBranch":4,"lastFunction":2,"lastStatement":8,"seen":{"s:12:6:7:63":0,"s:13:20:13:Infinity":1,"s:14:33:14:44":2,"s:12:13:7:63":3,"f:16:2:16:31":0,"s:17:4:17:Infinity":4,"s:12:13:12:Infinity":5,"b:12:13:12:37:12:13:12:37":0,"f:12:37:12:Infinity":1,"b:12:37:43:Infinity:undefined:undefined:undefined:undefined":1,"s:12:37:43:Infinity":6,"s:12:13:10:Infinity":7,"b:12:13:12:37:12:13:12:37:12:13:10:Infinity":2,"b:12:13:12:37:12:13:12:37:12:13:12:Infinity":3},"fnNames":{}}},"/home/manu/Documents/Lead Developer Java Angular/projet5/projet5-mdd/front/src/app/shared/icons/profile-icon/profile-icon.component.ts":{"path":"/home/manu/Documents/Lead Developer Java Angular/projet5/projet5-mdd/front/src/app/shared/icons/profile-icon/profile-icon.component.ts","statementMap":{"0":{"start":{"line":9,"column":6},"end":{"line":3,"column":null}},"1":{"start":{"line":10,"column":20},"end":{"line":10,"column":null}},"2":{"start":{"line":9,"column":13},"end":{"line":3,"column":null}},"3":{"start":{"line":9,"column":13},"end":{"line":9,"column":null}},"4":{"start":{"line":9,"column":33},"end":{"line":17,"column":null}},"5":{"start":{"line":9,"column":13},"end":{"line":7,"column":null}}},"fnMap":{"0":{"name":"template","decl":{"start":{"line":9,"column":33},"end":{"line":9,"column":null}},"loc":{"start":{"line":9,"column":33},"end":{"line":3,"column":null}},"line":9}},"branchMap":{"0":{"loc":{"start":{"line":9,"column":13},"end":{"line":9,"column":33}},"type":"binary-expr","locations":[{"start":{"line":9,"column":13},"end":{"line":9,"column":33}},{"start":{"line":9,"column":13},"end":{"line":9,"column":33}}],"line":9},"1":{"loc":{"start":{"line":9,"column":33},"end":{"line":17,"column":null}},"type":"if","locations":[{"start":{"line":9,"column":33},"end":{"line":17,"column":null}},{"start":{},"end":{}}],"line":9},"2":{"loc":{"start":{"line":9,"column":13},"end":{"line":7,"column":null}},"type":"binary-expr","locations":[{"start":{"line":9,"column":13},"end":{"line":9,"column":33}},{"start":{"line":9,"column":13},"end":{"line":9,"column":33}},{"start":{"line":9,"column":13},"end":{"line":7,"column":null}}],"line":9},"3":{"loc":{"start":{"line":9,"column":13},"end":{"line":9,"column":null}},"type":"binary-expr","locations":[{"start":{"line":9,"column":13},"end":{"line":9,"column":33}},{"start":{"line":9,"column":13},"end":{"line":9,"column":33}},{"start":{"line":9,"column":13},"end":{"line":9,"column":null}}],"line":9}},"s":{"0":11,"1":43,"2":43,"3":11,"4":64,"5":11},"f":{"0":43},"b":{"0":[32,32],"1":[32,32],"2":[11,11,11],"3":[11,11,11]},"meta":{"lastBranch":4,"lastFunction":1,"lastStatement":6,"seen":{"s:9:6:3:Infinity":0,"s:10:20:10:Infinity":1,"s:9:13:3:Infinity":2,"s:9:13:9:Infinity":3,"b:9:13:9:33:9:13:9:33":0,"f:9:33:9:Infinity":0,"b:9:33:17:Infinity:undefined:undefined:undefined:undefined":1,"s:9:33:17:Infinity":4,"s:9:13:7:Infinity":5,"b:9:13:9:33:9:13:9:33:9:13:7:Infinity":2,"b:9:13:9:33:9:13:9:33:9:13:9:Infinity":3},"fnNames":{}}}}}