{"/home/manu/Documents/Lead Developer Java Angular/projet5/projet5-mdd/front/src/app/app.component.ts": {"path":"/home/manu/Documents/Lead Developer Java Angular/projet5/projet5-mdd/front/src/app/app.component.ts","statementMap":{"0":{"start":{"line":11,"column":6},"end":{"line":6,"column":25}},"1":{"start":{"line":12,"column":19},"end":{"line":12,"column":null}},"2":{"start":{"line":11,"column":13},"end":{"line":6,"column":25}},"3":{"start":{"line":11,"column":13},"end":{"line":11,"column":null}},"4":{"start":{"line":11,"column":25},"end":{"line":1,"column":null}},"5":{"start":{"line":11,"column":13},"end":{"line":9,"column":null}}},"fnMap":{"0":{"name":"template","decl":{"start":{"line":11,"column":25},"end":{"line":11,"column":null}},"loc":{"start":{"line":11,"column":25},"end":{"line":6,"column":24}},"line":11}},"branchMap":{"0":{"loc":{"start":{"line":11,"column":13},"end":{"line":11,"column":25}},"type":"binary-expr","locations":[{"start":{"line":11,"column":13},"end":{"line":11,"column":25}},{"start":{"line":11,"column":13},"end":{"line":11,"column":25}}],"line":11},"1":{"loc":{"start":{"line":11,"column":25},"end":{"line":1,"column":null}},"type":"if","locations":[{"start":{"line":11,"column":25},"end":{"line":1,"column":null}},{"start":{},"end":{}}],"line":11},"2":{"loc":{"start":{"line":11,"column":13},"end":{"line":9,"column":null}},"type":"binary-expr","locations":[{"start":{"line":11,"column":13},"end":{"line":11,"column":25}},{"start":{"line":11,"column":13},"end":{"line":11,"column":25}},{"start":{"line":11,"column":13},"end":{"line":9,"column":null}}],"line":11},"3":{"loc":{"start":{"line":11,"column":13},"end":{"line":11,"column":null}},"type":"binary-expr","locations":[{"start":{"line":11,"column":13},"end":{"line":11,"column":25}},{"start":{"line":11,"column":13},"end":{"line":11,"column":25}},{"start":{"line":11,"column":13},"end":{"line":11,"column":null}}],"line":11}},"s":{"0":1,"1":1,"2":1,"3":1,"4":2,"5":1},"f":{"0":1},"b":{"0":[2,2],"1":[2,0],"2":[1,1,1],"3":[1,1,1]},"meta":{"lastBranch":4,"lastFunction":1,"lastStatement":6,"seen":{"s:11:6:6:25":0,"s:12:19:12:Infinity":1,"s:11:13:6:25":2,"s:11:13:11:Infinity":3,"b:11:13:11:25:11:13:11:25":0,"f:11:25:11:Infinity":0,"b:11:25:1:Infinity:undefined:undefined:undefined:undefined":1,"s:11:25:1:Infinity":4,"s:11:13:9:Infinity":5,"b:11:13:11:25:11:13:11:25:11:13:9:Infinity":2,"b:11:13:11:25:11:13:11:25:11:13:11:Infinity":3},"fnNames":{}}}
,"/home/manu/Documents/Lead Developer Java Angular/projet5/projet5-mdd/front/src/app/app.config.ts": {"path":"/home/manu/Documents/Lead Developer Java Angular/projet5/projet5-mdd/front/src/app/app.config.ts","statementMap":{"0":{"start":{"line":6,"column":44},"end":{"line":11,"column":null}}},"fnMap":{},"branchMap":{},"s":{"0":0},"f":{},"b":{},"meta":{"lastBranch":0,"lastFunction":0,"lastStatement":1,"seen":{"s:6:44:11:Infinity":0},"fnNames":{}}}
,"/home/manu/Documents/Lead Developer Java Angular/projet5/projet5-mdd/front/src/app/app.routes.ts": {"path":"/home/manu/Documents/Lead Developer Java Angular/projet5/projet5-mdd/front/src/app/app.routes.ts","statementMap":{"0":{"start":{"line":4,"column":30},"end":{"line":4,"column":null}}},"fnMap":{},"branchMap":{},"s":{"0":1},"f":{},"b":{},"meta":{"lastBranch":0,"lastFunction":0,"lastStatement":1,"seen":{"s:4:30:4:Infinity":0},"fnNames":{}}}
,"/home/manu/Documents/Lead Developer Java Angular/projet5/projet5-mdd/front/src/app/home/home.component.ts": {"path":"/home/manu/Documents/Lead Developer Java Angular/projet5/projet5-mdd/front/src/app/home/home.component.ts","statementMap":{"0":{"start":{"line":9,"column":6},"end":{"line":4,"column":null}},"1":{"start":{"line":9,"column":13},"end":{"line":4,"column":null}},"2":{"start":{"line":11,"column":4},"end":{"line":11,"column":null}},"3":{"start":{"line":9,"column":13},"end":{"line":9,"column":null}},"4":{"start":{"line":9,"column":26},"end":{"line":4,"column":null}},"5":{"start":{"line":9,"column":13},"end":{"line":7,"column":null}}},"fnMap":{"0":{"name":"start","decl":{"start":{"line":10,"column":2},"end":{"line":10,"column":15}},"loc":{"start":{"line":10,"column":15},"end":{"line":12,"column":null}},"line":10},"1":{"name":"template","decl":{"start":{"line":9,"column":26},"end":{"line":9,"column":null}},"loc":{"start":{"line":9,"column":26},"end":{"line":4,"column":null}},"line":9}},"branchMap":{"0":{"loc":{"start":{"line":9,"column":13},"end":{"line":9,"column":26}},"type":"binary-expr","locations":[{"start":{"line":9,"column":13},"end":{"line":9,"column":26}},{"start":{"line":9,"column":13},"end":{"line":9,"column":26}}],"line":9},"1":{"loc":{"start":{"line":9,"column":26},"end":{"line":4,"column":null}},"type":"if","locations":[{"start":{"line":9,"column":26},"end":{"line":4,"column":null}},{"start":{},"end":{}}],"line":9},"2":{"loc":{"start":{"line":9,"column":13},"end":{"line":7,"column":null}},"type":"binary-expr","locations":[{"start":{"line":9,"column":13},"end":{"line":9,"column":26}},{"start":{"line":9,"column":13},"end":{"line":9,"column":26}},{"start":{"line":9,"column":13},"end":{"line":7,"column":null}}],"line":9},"3":{"loc":{"start":{"line":9,"column":13},"end":{"line":9,"column":null}},"type":"binary-expr","locations":[{"start":{"line":9,"column":13},"end":{"line":9,"column":26}},{"start":{"line":9,"column":13},"end":{"line":9,"column":26}},{"start":{"line":9,"column":13},"end":{"line":9,"column":null}}],"line":9}},"s":{"0":2,"1":2,"2":0,"3":2,"4":1,"5":2},"f":{"0":0,"1":2},"b":{"0":[1,1],"1":[1,0],"2":[2,2,2],"3":[2,2,2]},"meta":{"lastBranch":4,"lastFunction":2,"lastStatement":6,"seen":{"s:9:6:4:Infinity":0,"s:9:13:4:Infinity":1,"f:10:2:10:15":0,"s:11:4:11:Infinity":2,"s:9:13:9:Infinity":3,"b:9:13:9:26:9:13:9:26":0,"f:9:26:9:Infinity":1,"b:9:26:4:Infinity:undefined:undefined:undefined:undefined":1,"s:9:26:4:Infinity":4,"s:9:13:7:Infinity":5,"b:9:13:9:26:9:13:9:26:9:13:7:Infinity":2,"b:9:13:9:26:9:13:9:26:9:13:9:Infinity":3},"fnNames":{}}}
}
