TN:
SF:src/app/app.component.ts
FN:11,template
FNF:1
FNH:1
FNDA:1,template
DA:11,2
DA:12,1
LF:2
LH:2
BRDA:11,0,0,2
BRDA:11,0,1,2
BRDA:11,1,0,2
BRDA:11,1,1,0
BRDA:11,2,0,1
BRDA:11,2,1,1
BRDA:11,2,2,1
BRDA:11,3,0,1
BRDA:11,3,1,1
BRDA:11,3,2,1
BRF:10
BRH:9
end_of_record
TN:
SF:src/app/app.config.ts
FNF:0
FNH:0
DA:6,0
LF:1
LH:0
BRF:0
BRH:0
end_of_record
TN:
SF:src/app/app.routes.ts
FNF:0
FNH:0
DA:4,1
LF:1
LH:1
BRF:0
BRH:0
end_of_record
TN:
SF:src/app/home/home.component.ts
FN:10,start
FN:9,template
FNF:2
FNH:1
FNDA:0,start
FNDA:2,template
DA:9,2
DA:11,0
LF:2
LH:1
BRDA:9,0,0,1
BRDA:9,0,1,1
BRDA:9,1,0,1
BRDA:9,1,1,0
BRDA:9,2,0,2
BRDA:9,2,1,2
BRDA:9,2,2,2
BRDA:9,3,0,2
BRDA:9,3,1,2
BRDA:9,3,2,2
BRF:10
BRH:9
end_of_record
