GROUP,PACKAGE,CLASS,INSTRUCTION_MISSED,INSTRUCTION_COVERED,BRANCH_MISSED,BRANCH_COVERED,LINE_MISSED,LINE_COVERED,COMPLEXITY_MISSED,COMPLEXITY_COVERED,METHOD_MISSED,METHOD_COVERED
mdd-api,com.openclassrooms.mddapi,MddApiApplication,5,3,0,0,2,1,1,1,1,1
mdd-api,com.openclassrooms.mddapi.system.controller,RootController,0,5,0,0,0,2,0,2,0,2
mdd-api,com.openclassrooms.mddapi.system.config,SwaggerUiHomeLinkConfig.new SwaggerIndexTransformer() {...},0,63,0,6,0,11,0,5,0,2
mdd-api,com.openclassrooms.mddapi.system.config,SecurityConfig,0,56,0,0,0,7,0,3,0,3
mdd-api,com.openclassrooms.mddapi.system.config,OpenApiConfig,0,17,0,0,0,6,0,2,0,2
mdd-api,com.openclassrooms.mddapi.system.config,SwaggerUiHomeLinkConfig,0,44,2,10,0,10,2,7,0,3
