GROUP,PACKAGE,CLASS,INSTRUCTION_MISSED,INSTRUCTION_COVERED,BRANCH_MISSED,BRANCH_COVERED,LINE_MISSED,LINE_COVERED,COMPLEXITY_MISSED,COMPLEXITY_COVERED,METHOD_MISSED,METHOD_COVERED
mdd-api,com.openclassrooms.mddapi,MddApiApplication,0,8,0,0,0,3,0,2,0,2
mdd-api,com.openclassrooms.mddapi.system.controller,RootController,0,5,0,0,0,2,0,2,0,2
mdd-api,com.openclassrooms.mddapi.system.config,SwaggerUiHomeLinkConfig.new SwaggerIndexTransformer() {...},0,63,0,6,0,11,0,5,0,2
mdd-api,com.openclassrooms.mddapi.system.config,SecurityConfig,0,56,0,0,0,7,0,3,0,3
mdd-api,com.openclassrooms.mddapi.system.config,OpenApiConfig,17,0,0,0,6,0,2,0,2,0
mdd-api,com.openclassrooms.mddapi.system.config,SwaggerUiHomeLinkConfig,0,44,0,12,0,10,0,9,0,3
