TN:
SF:src/app/app.component.ts
FN:11,AppComponent_Factory
FN:11,AppComponent_Template
FNF:2
FNH:2
FNDA:8,AppComponent_Factory
FNDA:12,AppComponent_Template
DA:11,16
DA:12,4
LF:2
LH:2
BRDA:11,0,0,8
BRDA:11,0,1,8
BRDA:11,1,0,4
BRDA:11,2,0,4
BRDA:11,2,1,4
BRDA:11,2,2,4
BRF:6
BRH:6
end_of_record
TN:
SF:src/app/app.config.ts
FNF:0
FNH:0
DA:6,4
LF:1
LH:1
BRF:0
BRH:0
end_of_record
TN:
SF:src/app/app.routes.ts
FNF:0
FNH:0
DA:4,4
LF:1
LH:1
BRF:0
BRH:0
end_of_record
TN:
SF:src/app/home/home.component.ts
FN:10,(anonymous_0)
FN:9,HomeComponent_Factory
FNF:2
FNH:1
FNDA:0,(anonymous_0)
FNDA:8,HomeComponent_Factory
DA:9,16
DA:11,0
LF:2
LH:1
BRDA:9,0,0,8
BRDA:9,0,1,8
BRDA:9,1,0,4
BRDA:9,1,1,4
BRDA:9,1,2,4
BRF:5
BRH:5
end_of_record
