TN:
SF:src/app/app.component.ts
FN:11,AppComponent_Factory
FN:11,AppComponent_Template
FNF:2
FNH:2
FNDA:10,AppComponent_Factory
FNDA:15,AppComponent_Template
DA:11,20
DA:12,5
LF:2
LH:2
BRDA:11,0,0,10
BRDA:11,0,1,10
BRDA:11,1,0,5
BRDA:11,2,0,5
BRDA:11,2,1,5
BRDA:11,2,2,5
BRF:6
BRH:6
end_of_record
TN:
SF:src/app/app.config.ts
FNF:0
FNH:0
DA:6,4
LF:1
LH:1
BRF:0
BRH:0
end_of_record
TN:
SF:src/app/app.routes.ts
FNF:0
FNH:0
DA:4,4
LF:1
LH:1
BRF:0
BRH:0
end_of_record
TN:
SF:src/app/auth/auth.guard.ts
FN:6,(anonymous_0)
FN:12,(anonymous_1)
FNF:2
FNH:0
FNDA:0,(anonymous_0)
FNDA:0,(anonymous_1)
DA:6,1
DA:7,0
DA:8,0
DA:10,0
DA:12,0
LF:5
LH:1
BRDA:12,0,0,0
BRDA:12,0,1,0
BRF:2
BRH:0
end_of_record
TN:
SF:src/app/auth/authentication.service.ts
FN:20,(anonymous_0)
FN:22,(anonymous_1)
FN:26,(anonymous_2)
FN:28,(anonymous_3)
FN:32,(anonymous_4)
FN:33,(anonymous_5)
FN:36,(anonymous_6)
FN:17,AuthenticationService_Factory
FNF:8
FNH:0
FNDA:0,(anonymous_0)
FNDA:0,(anonymous_1)
FNDA:0,(anonymous_2)
FNDA:0,(anonymous_3)
FNDA:0,(anonymous_4)
FNDA:0,(anonymous_5)
FNDA:0,(anonymous_6)
FNDA:0,AuthenticationService_Factory
DA:17,2
DA:18,0
DA:21,0
DA:22,0
DA:27,0
DA:28,0
DA:33,0
DA:37,0
LF:8
LH:1
BRDA:17,0,0,1
BRDA:17,0,1,1
BRF:2
BRH:2
end_of_record
TN:
SF:src/app/auth/session-expiration.interceptor.ts
FN:7,(anonymous_0)
FN:12,(anonymous_1)
FN:18,(anonymous_2)
FN:23,isProtectedApiRequest
FNF:4
FNH:0
FNDA:0,(anonymous_0)
FNDA:0,(anonymous_1)
FNDA:0,(anonymous_2)
FNDA:0,isProtectedApiRequest
DA:7,1
DA:8,0
DA:9,0
DA:11,0
DA:13,0
DA:14,0
DA:15,0
DA:18,0
DA:24,0
LF:9
LH:1
BRDA:13,0,0,0
BRDA:13,1,0,0
BRDA:13,1,1,0
BRDA:24,2,0,0
BRDA:24,2,1,0
BRF:5
BRH:0
end_of_record
TN:
SF:src/app/auth/session.service.ts
FN:18,(anonymous_0)
FN:20,(anonymous_1)
FN:21,(anonymous_2)
FN:22,(anonymous_3)
FN:28,(anonymous_4)
FN:33,(anonymous_5)
FN:35,(anonymous_6)
FN:49,(anonymous_7)
FN:13,SessionService_Factory
FNF:9
FNH:0
FNDA:0,(anonymous_0)
FNDA:0,(anonymous_1)
FNDA:0,(anonymous_2)
FNDA:0,(anonymous_3)
FNDA:0,(anonymous_4)
FNDA:0,(anonymous_5)
FNDA:0,(anonymous_6)
FNDA:0,(anonymous_7)
FNDA:0,SessionService_Factory
DA:13,2
DA:14,0
DA:16,0
DA:19,0
DA:20,0
DA:21,0
DA:23,0
DA:24,0
DA:25,0
DA:28,0
DA:34,0
DA:36,0
DA:38,0
DA:39,0
DA:50,0
LF:15
LH:1
BRDA:16,0,0,0
BRDA:23,1,0,0
BRDA:38,2,0,0
BRDA:13,3,0,1
BRDA:13,3,1,1
BRF:5
BRH:2
end_of_record
TN:
SF:src/app/auth/unknown-route.guard.ts
FN:6,(anonymous_0)
FN:12,(anonymous_1)
FNF:2
FNH:0
FNDA:0,(anonymous_0)
FNDA:0,(anonymous_1)
DA:6,1
DA:7,0
DA:8,0
DA:10,0
DA:12,0
LF:5
LH:1
BRDA:12,0,0,0
BRDA:12,0,1,0
BRF:2
BRH:0
end_of_record
TN:
SF:src/app/auth/login/login.component.ts
FN:48,(anonymous_1)
FN:60,(anonymous_2)
FN:61,(anonymous_3)
FN:32,LoginComponent_Factory
FN:32,LoginComponent_Template
FNF:5
FNH:1
FNDA:0,(anonymous_1)
FNDA:0,(anonymous_2)
FNDA:0,(anonymous_3)
FNDA:1,LoginComponent_Factory
FNDA:0,LoginComponent_Template
DA:32,3
DA:33,0
DA:34,0
DA:35,0
DA:37,0
DA:38,0
DA:40,0
DA:49,0
DA:50,0
DA:51,0
DA:54,0
DA:55,0
DA:56,0
DA:60,0
DA:62,0
DA:63,0
LF:16
LH:1
BRDA:37,0,0,0
BRDA:38,1,0,0
BRDA:49,2,0,0
BRDA:49,3,0,0
BRDA:49,3,1,0
BRDA:32,4,0,1
BRDA:32,4,1,1
BRDA:32,5,0,1
BRDA:32,5,1,1
BRDA:32,5,2,1
BRF:10
BRH:5
end_of_record
TN:
SF:src/app/auth/register/register.component.ts
FN:39,(anonymous_1)
FN:51,(anonymous_2)
FN:52,(anonymous_3)
FN:29,RegisterComponent_Factory
FN:29,RegisterComponent_Template
FNF:5
FNH:1
FNDA:0,(anonymous_1)
FNDA:0,(anonymous_2)
FNDA:0,(anonymous_3)
FNDA:1,RegisterComponent_Factory
FNDA:0,RegisterComponent_Template
DA:29,3
DA:30,0
DA:31,0
DA:32,0
DA:34,0
DA:35,0
DA:37,0
DA:40,0
DA:41,0
DA:42,0
DA:45,0
DA:46,0
DA:47,0
DA:51,0
DA:53,0
DA:54,0
LF:16
LH:1
BRDA:34,0,0,0
BRDA:35,1,0,0
BRDA:40,2,0,0
BRDA:40,3,0,0
BRDA:40,3,1,0
BRDA:29,4,0,1
BRDA:29,4,1,1
BRDA:29,5,0,1
BRDA:29,5,1,1
BRDA:29,5,2,1
BRF:10
BRH:5
end_of_record
TN:
SF:src/app/config/primeui-license.local.ts
FNF:0
FNH:0
DA:1,1
LF:1
LH:1
BRF:0
BRH:0
end_of_record
TN:
SF:src/app/home/home.component.ts
FN:10,(anonymous_0)
FN:9,HomeComponent_Factory
FN:12,HomeComponent_Factory
FN:4,(anonymous_3)
FNF:4
FNH:3
FNDA:0,(anonymous_0)
FNDA:8,HomeComponent_Factory
FNDA:1,HomeComponent_Factory
FNDA:5,(anonymous_3)
DA:4,10
DA:9,17
DA:11,0
DA:12,2
LF:4
LH:3
BRDA:9,0,0,8
BRDA:9,0,1,8
BRDA:9,1,0,4
BRDA:9,1,1,4
BRDA:9,1,2,4
BRDA:12,2,0,1
BRDA:12,2,1,1
BRDA:4,3,0,5
BRDA:4,3,1,5
BRDA:4,3,2,5
BRF:10
BRH:10
end_of_record
TN:
SF:src/app/not-found/not-found.component.ts
FN:12,NotFoundComponent_Factory
FN:12,NotFoundComponent_Template
FNF:2
FNH:1
FNDA:1,NotFoundComponent_Factory
FNDA:0,NotFoundComponent_Template
DA:12,3
LF:1
LH:1
BRDA:12,0,0,1
BRDA:12,0,1,1
BRDA:12,1,0,0
BRDA:12,2,0,1
BRDA:12,2,1,1
BRDA:12,2,2,1
BRF:6
BRH:5
end_of_record
TN:
SF:src/app/post/post.service.ts
FN:22,(anonymous_0)
FN:26,(anonymous_1)
FN:30,(anonymous_2)
FN:34,(anonymous_3)
FN:19,PostService_Factory
FNF:5
FNH:0
FNDA:0,(anonymous_0)
FNDA:0,(anonymous_1)
FNDA:0,(anonymous_2)
FNDA:0,(anonymous_3)
FNDA:0,PostService_Factory
DA:19,2
DA:20,0
DA:23,0
DA:27,0
DA:31,0
DA:35,0
LF:6
LH:1
BRDA:22,0,0,0
BRDA:19,1,0,1
BRDA:19,1,1,1
BRF:3
BRH:2
end_of_record
TN:
SF:src/app/post/post-comments/post-comments.component.ts
FN:33,(anonymous_3)
FN:42,(anonymous_4)
FN:21,PostCommentsComponent_Factory
FN:21,PostCommentsComponent_Template
FNF:4
FNH:1
FNDA:0,(anonymous_3)
FNDA:0,(anonymous_4)
FNDA:1,PostCommentsComponent_Factory
FNDA:0,PostCommentsComponent_Template
DA:21,3
DA:22,0
DA:23,0
DA:25,0
DA:26,0
DA:27,0
DA:29,0
DA:34,0
DA:35,0
DA:36,0
DA:39,0
DA:43,0
DA:44,0
LF:13
LH:1
BRDA:25,0,0,0
BRDA:26,1,0,0
BRDA:34,2,0,0
BRDA:21,3,0,1
BRDA:21,3,1,1
BRDA:21,4,0,1
BRDA:21,4,1,1
BRDA:21,4,2,1
BRF:8
BRH:5
end_of_record
TN:
SF:src/app/post/post-create/post-create.component.ts
FN:33,(anonymous_3)
FN:49,(anonymous_4)
FN:50,(anonymous_5)
FN:19,PostCreateComponent_Factory
FN:19,PostCreateComponent_Template
FNF:5
FNH:1
FNDA:0,(anonymous_3)
FNDA:0,(anonymous_4)
FNDA:0,(anonymous_5)
FNDA:1,PostCreateComponent_Factory
FNDA:0,PostCreateComponent_Template
DA:19,3
DA:20,0
DA:21,0
DA:22,0
DA:23,0
DA:25,0
DA:26,0
DA:31,0
DA:34,0
DA:35,0
DA:36,0
DA:39,0
DA:40,0
DA:43,0
DA:44,0
DA:45,0
DA:49,0
DA:50,0
LF:18
LH:1
BRDA:31,0,0,0
BRDA:34,1,0,0
BRDA:39,2,0,0
BRDA:19,3,0,1
BRDA:19,3,1,1
BRDA:19,4,0,1
BRDA:19,4,1,1
BRDA:19,4,2,1
BRF:8
BRH:5
end_of_record
TN:
SF:src/app/post/post-detail/post-detail.component.ts
FN:36,(anonymous_5)
FN:37,(anonymous_6)
FN:40,(anonymous_7)
FN:42,(anonymous_8)
FN:43,(anonymous_9)
FN:56,(anonymous_10)
FN:30,PostDetailComponent_Factory
FN:30,PostDetailComponent_Template
FNF:8
FNH:1
FNDA:0,(anonymous_5)
FNDA:0,(anonymous_6)
FNDA:0,(anonymous_7)
FNDA:0,(anonymous_8)
FNDA:0,(anonymous_9)
FNDA:0,(anonymous_10)
FNDA:1,PostDetailComponent_Factory
FNDA:0,PostDetailComponent_Template
DA:30,3
DA:31,0
DA:32,0
DA:33,0
DA:35,0
DA:36,0
DA:38,0
DA:41,0
DA:42,0
DA:44,0
DA:57,0
LF:11
LH:1
BRDA:45,0,0,0
BRDA:45,0,1,0
BRDA:45,1,0,0
BRDA:45,1,1,0
BRDA:30,2,0,1
BRDA:30,2,1,1
BRDA:30,3,0,1
BRDA:30,3,1,1
BRDA:30,3,2,1
BRF:9
BRH:5
end_of_record
TN:
SF:src/app/post/posts-list/posts-list.component.ts
FN:27,(anonymous_5)
FN:29,(anonymous_6)
FN:30,(anonymous_7)
FN:23,PostsListComponent_Factory
FN:23,PostsListComponent_Template
FNF:5
FNH:1
FNDA:0,(anonymous_5)
FNDA:0,(anonymous_6)
FNDA:0,(anonymous_7)
FNDA:1,PostsListComponent_Factory
FNDA:0,PostsListComponent_Template
DA:23,3
DA:24,0
DA:26,0
DA:27,0
DA:30,0
LF:5
LH:1
BRDA:26,0,0,0
BRDA:27,1,0,0
BRDA:30,2,0,0
BRDA:30,2,1,0
BRDA:23,3,0,1
BRDA:23,3,1,1
BRDA:23,4,0,1
BRDA:23,4,1,1
BRDA:23,4,2,1
BRF:9
BRH:5
end_of_record
TN:
SF:src/app/shared/account-fields/account-fields.component.ts
FN:17,AccountFieldsComponent_Factory
FN:17,AccountFieldsComponent_Template
FNF:2
FNH:1
FNDA:1,AccountFieldsComponent_Factory
FNDA:0,AccountFieldsComponent_Template
DA:17,3
DA:18,0
DA:19,0
DA:21,0
LF:4
LH:1
BRDA:18,0,0,0
BRDA:19,1,0,0
BRDA:17,2,0,1
BRDA:17,2,1,1
BRDA:17,3,0,1
BRDA:17,3,1,1
BRDA:17,3,2,1
BRF:7
BRH:5
end_of_record
TN:
SF:src/app/shared/account-fields/account-form.ts
FN:21,createAccountForm
FNF:1
FNH:0
FNDA:0,createAccountForm
DA:26,0
LF:1
LH:0
BRDA:22,0,0,0
BRDA:23,1,0,0
BRDA:38,2,0,0
BRDA:38,2,1,0
BRDA:41,3,0,0
BRDA:41,3,1,0
BRF:6
BRH:0
end_of_record
TN:
SF:src/app/shared/api-error/api-error.component.ts
FN:10,ApiErrorComponent_Factory
FNF:1
FNH:1
FNDA:1,ApiErrorComponent_Factory
DA:10,3
DA:11,0
LF:2
LH:1
BRDA:11,0,0,0
BRDA:10,1,0,1
BRDA:10,1,1,1
BRDA:10,2,0,1
BRDA:10,2,1,1
BRDA:10,2,2,1
BRF:6
BRH:5
end_of_record
TN:
SF:src/app/shared/api-error/api-error.ts
FN:12,toApiError
FN:20,parseApiErrorResponse
FN:29,messageFor
FN:33,isKnownMessageCode
FNF:4
FNH:0
FNDA:0,toApiError
FNDA:0,parseApiErrorResponse
FNDA:0,messageFor
FNDA:0,isKnownMessageCode
DA:13,0
DA:15,0
DA:21,0
DA:22,0
DA:25,0
DA:26,0
DA:30,0
DA:34,0
LF:8
LH:0
BRDA:16,0,0,0
BRDA:16,0,1,0
BRDA:21,1,0,0
BRDA:21,2,0,0
BRDA:21,2,1,0
BRDA:21,2,2,0
BRDA:26,3,0,0
BRDA:26,3,1,0
BRDA:30,4,0,0
BRDA:30,4,1,0
BRDA:34,5,0,0
BRDA:34,5,1,0
BRF:12
BRH:0
end_of_record
TN:
SF:src/app/shared/back-button/back-button.component.ts
FN:12,BackButtonComponent_Factory
FN:12,BackButtonComponent_Template
FNF:2
FNH:1
FNDA:1,BackButtonComponent_Factory
FNDA:0,BackButtonComponent_Template
DA:12,3
DA:13,0
DA:14,0
LF:3
LH:1
BRDA:13,0,0,0
BRDA:14,1,0,0
BRDA:12,2,0,1
BRDA:12,2,1,1
BRDA:12,3,0,1
BRDA:12,3,1,1
BRDA:12,3,2,1
BRF:7
BRH:5
end_of_record
TN:
SF:src/app/shared/down-arrow-icon/down-arrow-icon.component.ts
FN:16,DownArrowIconComponent_Factory
FNF:1
FNH:1
FNDA:1,DownArrowIconComponent_Factory
DA:6,0
DA:7,0
DA:11,0
DA:16,3
LF:4
LH:1
BRDA:16,0,0,1
BRDA:16,0,1,1
BRDA:16,1,0,1
BRDA:16,1,1,1
BRDA:16,1,2,1
BRF:5
BRH:5
end_of_record
TN:
SF:src/app/shared/form-validation-feedback/form-validation-feedback.component.ts
FN:16,(anonymous_0)
FN:18,(anonymous_1)
FN:23,(anonymous_2)
FN:10,FormValidationFeedbackComponent_Factory
FNF:4
FNH:1
FNDA:0,(anonymous_0)
FNDA:0,(anonymous_1)
FNDA:0,(anonymous_2)
FNDA:1,FormValidationFeedbackComponent_Factory
DA:10,3
DA:11,0
DA:12,0
DA:13,0
DA:14,0
DA:16,0
DA:17,0
DA:18,0
DA:19,0
DA:20,0
DA:22,0
DA:23,0
LF:12
LH:1
BRDA:11,0,0,0
BRDA:12,1,0,0
BRDA:13,2,0,0
BRDA:14,3,0,0
BRDA:19,4,0,0
BRDA:19,4,1,0
BRDA:19,4,2,0
BRDA:24,5,0,0
BRDA:10,6,0,1
BRDA:10,6,1,1
BRDA:10,7,0,1
BRDA:10,7,1,1
BRDA:10,7,2,1
BRF:13
BRH:5
end_of_record
TN:
SF:src/app/shared/header/header.component.ts
FN:20,(anonymous_1)
FN:15,HeaderComponent_Factory
FN:15,HeaderComponent_Template
FNF:3
FNH:1
FNDA:0,(anonymous_1)
FNDA:1,HeaderComponent_Factory
FNDA:0,HeaderComponent_Template
DA:15,3
DA:16,0
DA:18,0
DA:19,0
DA:20,0
LF:5
LH:1
BRDA:18,0,0,0
BRDA:20,1,0,0
BRDA:20,1,1,0
BRDA:20,2,0,0
BRDA:15,3,0,1
BRDA:15,3,1,1
BRDA:15,4,0,1
BRDA:15,4,1,1
BRDA:15,4,2,1
BRF:9
BRH:5
end_of_record
TN:
SF:src/app/shared/icons/burger-menu-icon/burger-menu-icon.component.ts
FN:9,BurgerMenuIconComponent_Factory
FNF:1
FNH:1
FNDA:1,BurgerMenuIconComponent_Factory
DA:9,3
LF:1
LH:1
BRDA:9,0,0,1
BRDA:9,0,1,1
BRDA:9,1,0,1
BRDA:9,1,1,1
BRDA:9,1,2,1
BRF:5
BRH:5
end_of_record
TN:
SF:src/app/shared/icons/profile-icon/profile-icon.component.ts
FN:9,ProfileIconComponent_Factory
FNF:1
FNH:1
FNDA:1,ProfileIconComponent_Factory
DA:9,3
DA:10,0
LF:2
LH:1
BRDA:10,0,0,0
BRDA:9,1,0,1
BRDA:9,1,1,1
BRDA:9,2,0,1
BRDA:9,2,1,1
BRDA:9,2,2,1
BRF:6
BRH:5
end_of_record
TN:
SF:src/app/shared/logout-button/logout-button.component.ts
FN:22,(anonymous_2)
FN:32,(anonymous_3)
FN:36,(anonymous_4)
FN:13,LogoutButtonComponent_Factory
FNF:4
FNH:1
FNDA:0,(anonymous_2)
FNDA:0,(anonymous_3)
FNDA:0,(anonymous_4)
FNDA:1,LogoutButtonComponent_Factory
DA:13,3
DA:14,0
DA:15,0
DA:16,0
DA:17,0
DA:19,0
DA:20,0
DA:23,0
DA:24,0
DA:27,0
DA:28,0
DA:33,0
DA:34,0
DA:36,0
LF:14
LH:1
BRDA:20,0,0,0
BRDA:23,1,0,0
BRDA:13,2,0,1
BRDA:13,2,1,1
BRDA:13,3,0,1
BRDA:13,3,1,1
BRDA:13,3,2,1
BRF:7
BRH:5
end_of_record
TN:
SF:src/app/shared/messages/error-messages.ts
FNF:0
FNH:0
DA:1,1
LF:1
LH:1
BRF:0
BRH:0
end_of_record
TN:
SF:src/app/shared/mobile-navigation/mobile-navigation.component.ts
FN:26,(anonymous_6)
FN:27,(anonymous_7)
FN:29,(anonymous_8)
FN:31,(anonymous_9)
FN:39,(anonymous_10)
FN:44,(anonymous_11)
FN:51,(anonymous_12)
FN:58,(anonymous_13)
FN:63,(anonymous_14)
FN:69,(anonymous_15)
FN:21,MobileNavigationComponent_Factory
FNF:11
FNH:1
FNDA:0,(anonymous_6)
FNDA:0,(anonymous_7)
FNDA:0,(anonymous_8)
FNDA:0,(anonymous_9)
FNDA:0,(anonymous_10)
FNDA:0,(anonymous_11)
FNDA:0,(anonymous_12)
FNDA:0,(anonymous_13)
FNDA:0,(anonymous_14)
FNDA:0,(anonymous_15)
FNDA:2,MobileNavigationComponent_Factory
DA:21,3
DA:22,0
DA:25,0
DA:26,0
DA:27,0
DA:30,0
DA:31,0
DA:32,0
DA:33,0
DA:34,0
DA:40,0
DA:41,0
DA:45,0
DA:46,0
DA:47,0
DA:52,0
DA:53,0
DA:54,0
DA:59,0
DA:60,0
DA:64,0
DA:65,0
DA:70,0
DA:71,0
DA:72,0
LF:25
LH:1
BRDA:22,0,0,0
BRDA:25,1,0,0
BRDA:26,2,0,0
BRDA:27,3,0,0
BRDA:33,4,0,0
BRDA:33,5,0,0
BRDA:33,5,1,0
BRDA:45,6,0,0
BRDA:52,7,0,0
BRDA:64,8,0,0
BRDA:71,9,0,0
BRDA:21,10,0,0
BRDA:21,10,1,0
BRDA:21,11,0,1
BRDA:21,11,1,1
BRDA:21,11,2,1
BRDA:21,12,0,1
BRDA:21,12,1,1
BRDA:21,12,2,1
BRF:19
BRH:6
end_of_record
TN:
SF:src/app/shared/navigation-links/navigation-links.component.ts
FN:16,(anonymous_0)
FN:12,NavigationLinksComponent_Factory
FN:12,NavigationLinksComponent_Template
FNF:3
FNH:1
FNDA:0,(anonymous_0)
FNDA:1,NavigationLinksComponent_Factory
FNDA:0,NavigationLinksComponent_Template
DA:12,3
DA:13,0
DA:14,0
DA:17,0
LF:4
LH:1
BRDA:13,0,0,0
BRDA:12,1,0,1
BRDA:12,1,1,1
BRDA:12,2,0,1
BRDA:12,2,1,1
BRDA:12,2,2,1
BRF:6
BRH:5
end_of_record
TN:
SF:src/app/shared/validators/password-complexity.validator.ts
FN:7,(anonymous_0)
FN:12,(anonymous_1)
FNF:2
FNH:0
FNDA:0,(anonymous_0)
FNDA:0,(anonymous_1)
DA:3,1
DA:5,1
DA:7,1
DA:10,0
DA:12,1
DA:15,0
LF:6
LH:4
BRDA:10,0,0,0
BRDA:10,0,1,0
BRDA:15,1,0,0
BRDA:15,1,1,0
BRF:4
BRH:0
end_of_record
TN:
SF:src/app/theme/mdd-preset.ts
FNF:0
FNH:0
DA:4,1
LF:1
LH:1
BRF:0
BRH:0
end_of_record
TN:
SF:src/app/topic/topic.service.ts
FN:10,(anonymous_0)
FN:14,(anonymous_1)
FN:18,(anonymous_2)
FN:7,TopicService_Factory
FNF:4
FNH:0
FNDA:0,(anonymous_0)
FNDA:0,(anonymous_1)
FNDA:0,(anonymous_2)
FNDA:0,TopicService_Factory
DA:7,2
DA:8,0
DA:11,0
DA:15,0
DA:19,0
LF:5
LH:1
BRDA:7,0,0,1
BRDA:7,0,1,1
BRF:2
BRH:2
end_of_record
TN:
SF:src/app/topic/topics-list/topics-list.component.ts
FN:24,(anonymous_5)
FN:27,(anonymous_6)
FN:32,(anonymous_7)
FN:17,TopicsListComponent_Factory
FN:17,TopicsListComponent_Template
FNF:5
FNH:1
FNDA:0,(anonymous_5)
FNDA:0,(anonymous_6)
FNDA:0,(anonymous_7)
FNDA:1,TopicsListComponent_Factory
FNDA:0,TopicsListComponent_Template
DA:17,3
DA:18,0
DA:19,0
DA:20,0
DA:22,0
DA:24,0
DA:28,0
DA:33,0
LF:8
LH:1
BRDA:17,0,0,1
BRDA:17,0,1,1
BRDA:17,1,0,1
BRDA:17,1,1,1
BRDA:17,1,2,1
BRF:5
BRH:5
end_of_record
TN:
SF:src/app/user/profile/profile.component.ts
FN:43,(anonymous_6)
FN:54,(anonymous_7)
FN:59,(anonymous_8)
FN:65,(anonymous_9)
FN:75,(anonymous_10)
FN:92,(anonymous_11)
FN:104,(anonymous_12)
FN:30,ProfileComponent_Factory
FN:30,ProfileComponent_Template
FNF:9
FNH:1
FNDA:0,(anonymous_6)
FNDA:0,(anonymous_7)
FNDA:0,(anonymous_8)
FNDA:0,(anonymous_9)
FNDA:0,(anonymous_10)
FNDA:0,(anonymous_11)
FNDA:0,(anonymous_12)
FNDA:1,ProfileComponent_Factory
FNDA:0,ProfileComponent_Template
DA:30,3
DA:31,0
DA:32,0
DA:33,0
DA:34,0
DA:35,0
DA:36,0
DA:41,0
DA:43,0
DA:46,0
DA:51,0
DA:52,0
DA:55,0
DA:60,0
DA:66,0
DA:68,0
DA:76,0
DA:77,0
DA:78,0
DA:81,0
DA:82,0
DA:85,0
DA:86,0
DA:87,0
DA:88,0
DA:93,0
DA:97,0
DA:102,0
DA:105,0
DA:106,0
LF:30
LH:1
BRDA:37,0,0,0
BRDA:37,0,1,0
BRDA:38,1,0,0
BRDA:38,1,1,0
BRDA:51,2,0,0
BRDA:52,3,0,0
BRDA:69,4,0,0
BRDA:69,4,1,0
BRDA:69,4,2,0
BRDA:76,5,0,0
BRDA:76,6,0,0
BRDA:76,6,1,0
BRDA:81,7,0,0
BRDA:30,8,0,1
BRDA:30,8,1,1
BRDA:30,9,0,1
BRDA:30,9,1,1
BRDA:30,9,2,1
BRF:18
BRH:5
end_of_record
