TN:
SF:src/app/app.component.ts
FN:10,AppComponent_Factory
FN:10,AppComponent_Template
FNF:2
FNH:2
FNDA:44,AppComponent_Factory
FNDA:380,AppComponent_Template
DA:10,380
DA:11,22
LF:2
LH:2
BRDA:10,0,0,44
BRDA:10,0,1,44
BRDA:10,1,0,22
BRDA:10,2,0,22
BRDA:10,2,1,22
BRDA:10,2,2,22
BRF:6
BRH:6
end_of_record
TN:
SF:src/app/app.config.ts
FNF:0
FNH:0
DA:11,22
LF:1
LH:1
BRF:0
BRH:0
end_of_record
TN:
SF:src/app/app.routes.ts
FNF:0
FNH:0
DA:14,22
LF:1
LH:1
BRF:0
BRH:0
end_of_record
TN:
SF:src/app/auth/auth.guard.ts
FN:6,(anonymous_0)
FN:12,(anonymous_1)
FNF:2
FNH:2
FNDA:20,(anonymous_0)
FNDA:20,(anonymous_1)
DA:6,22
DA:7,20
DA:8,20
DA:10,20
DA:12,20
LF:5
LH:5
BRDA:12,0,0,20
BRDA:12,0,1,1
BRF:2
BRH:2
end_of_record
TN:
SF:src/app/auth/authentication.service.ts
FN:20,(anonymous_0)
FN:22,(anonymous_1)
FN:26,(anonymous_2)
FN:28,(anonymous_3)
FN:32,(anonymous_4)
FN:33,(anonymous_5)
FN:36,(anonymous_6)
FN:17,AuthenticationService_Factory
FNF:8
FNH:8
FNDA:2,(anonymous_0)
FNDA:2,(anonymous_1)
FNDA:2,(anonymous_2)
FNDA:2,(anonymous_3)
FNDA:2,(anonymous_4)
FNDA:2,(anonymous_5)
FNDA:6,(anonymous_6)
FNDA:21,AuthenticationService_Factory
DA:17,65
DA:18,21
DA:21,2
DA:22,2
DA:27,2
DA:28,2
DA:33,2
DA:37,6
LF:8
LH:8
BRDA:17,0,0,43
BRDA:17,0,1,43
BRF:2
BRH:2
end_of_record
TN:
SF:src/app/auth/session-expiration.interceptor.ts
FN:7,(anonymous_0)
FN:12,(anonymous_1)
FN:18,(anonymous_2)
FN:23,isProtectedApiRequest
FNF:4
FNH:4
FNDA:63,(anonymous_0)
FNDA:8,(anonymous_1)
FNDA:8,(anonymous_2)
FNDA:3,isProtectedApiRequest
DA:7,22
DA:8,63
DA:9,63
DA:11,63
DA:13,8
DA:14,1
DA:15,1
DA:18,8
DA:24,3
LF:9
LH:9
BRDA:13,0,0,1
BRDA:13,1,0,8
BRDA:13,1,1,3
BRDA:24,2,0,3
BRDA:24,2,1,2
BRF:5
BRH:5
end_of_record
TN:
SF:src/app/auth/session.service.ts
FN:18,(anonymous_0)
FN:20,(anonymous_1)
FN:21,(anonymous_2)
FN:22,(anonymous_3)
FN:28,(anonymous_4)
FN:33,(anonymous_5)
FN:35,(anonymous_6)
FN:49,(anonymous_7)
FN:13,SessionService_Factory
FNF:9
FNH:8
FNDA:21,(anonymous_0)
FNDA:20,(anonymous_1)
FNDA:20,(anonymous_2)
FNDA:1,(anonymous_3)
FNDA:0,(anonymous_4)
FNDA:3,(anonymous_5)
FNDA:1,(anonymous_6)
FNDA:2,(anonymous_7)
FNDA:21,SessionService_Factory
DA:13,65
DA:14,21
DA:16,21
DA:19,21
DA:20,20
DA:21,20
DA:23,1
DA:24,1
DA:25,1
DA:28,0
DA:34,3
DA:36,1
DA:38,1
DA:39,1
DA:50,2
LF:15
LH:14
BRDA:16,0,0,21
BRDA:23,1,0,1
BRDA:38,2,0,1
BRDA:13,3,0,43
BRDA:13,3,1,43
BRF:5
BRH:5
end_of_record
TN:
SF:src/app/auth/unknown-route.guard.ts
FN:6,(anonymous_0)
FN:12,(anonymous_1)
FNF:2
FNH:2
FNDA:1,(anonymous_0)
FNDA:1,(anonymous_1)
DA:6,22
DA:7,1
DA:8,1
DA:10,1
DA:12,1
LF:5
LH:5
BRDA:12,0,0,1
BRDA:12,0,1,0
BRF:2
BRH:1
end_of_record
TN:
SF:src/app/auth/login/login.component.ts
FN:47,(anonymous_1)
FN:59,(anonymous_2)
FN:60,(anonymous_3)
FN:31,LoginComponent_Factory
FN:31,LoginComponent_Template
FNF:5
FNH:5
FNDA:2,(anonymous_1)
FNDA:1,(anonymous_2)
FNDA:1,(anonymous_3)
FNDA:27,LoginComponent_Factory
FNDA:68,LoginComponent_Template
DA:31,71
DA:32,5
DA:33,5
DA:34,5
DA:36,5
DA:37,5
DA:39,5
DA:48,2
DA:49,0
DA:50,0
DA:53,2
DA:54,2
DA:55,2
DA:59,1
DA:61,1
DA:62,1
LF:16
LH:14
BRDA:36,0,0,5
BRDA:37,1,0,5
BRDA:48,2,0,0
BRDA:48,3,0,2
BRDA:48,3,1,2
BRDA:31,4,0,27
BRDA:31,4,1,27
BRDA:31,5,0,22
BRDA:31,5,1,22
BRDA:31,5,2,22
BRF:10
BRH:9
end_of_record
TN:
SF:src/app/auth/register/register.component.ts
FN:38,(anonymous_1)
FN:50,(anonymous_2)
FN:51,(anonymous_3)
FN:28,RegisterComponent_Factory
FN:28,RegisterComponent_Template
FNF:5
FNH:5
FNDA:2,(anonymous_1)
FNDA:1,(anonymous_2)
FNDA:1,(anonymous_3)
FNDA:24,RegisterComponent_Factory
FNDA:73,RegisterComponent_Template
DA:28,68
DA:29,2
DA:30,2
DA:31,2
DA:33,2
DA:34,2
DA:36,2
DA:39,2
DA:40,0
DA:41,0
DA:44,2
DA:45,2
DA:46,2
DA:50,1
DA:52,1
DA:53,1
LF:16
LH:14
BRDA:33,0,0,2
BRDA:34,1,0,2
BRDA:39,2,0,0
BRDA:39,3,0,2
BRDA:39,3,1,2
BRDA:28,4,0,24
BRDA:28,4,1,24
BRDA:28,5,0,22
BRDA:28,5,1,22
BRDA:28,5,2,22
BRF:10
BRH:9
end_of_record
TN:
SF:src/app/config/primeui-license.local.ts
FNF:0
FNH:0
DA:1,22
LF:1
LH:1
BRF:0
BRH:0
end_of_record
TN:
SF:src/app/home/home.component.ts
FN:11,HomeComponent_Factory
FN:11,HomeComponent_Template
FNF:2
FNH:2
FNDA:23,HomeComponent_Factory
FNDA:2,HomeComponent_Template
DA:11,67
LF:1
LH:1
BRDA:11,0,0,23
BRDA:11,0,1,23
BRDA:11,1,0,1
BRDA:11,2,0,22
BRDA:11,2,1,22
BRDA:11,2,2,22
BRF:6
BRH:6
end_of_record
TN:
SF:src/app/not-found/not-found.component.ts
FN:11,NotFoundComponent_Factory
FN:11,NotFoundComponent_Template
FNF:2
FNH:2
FNDA:23,NotFoundComponent_Factory
FNDA:2,NotFoundComponent_Template
DA:11,67
LF:1
LH:1
BRDA:11,0,0,23
BRDA:11,0,1,23
BRDA:11,1,0,1
BRDA:11,2,0,22
BRDA:11,2,1,22
BRDA:11,2,2,22
BRF:6
BRH:6
end_of_record
TN:
SF:src/app/post/post.service.ts
FN:22,(anonymous_0)
FN:26,(anonymous_1)
FN:30,(anonymous_2)
FN:34,(anonymous_3)
FN:19,PostService_Factory
FNF:5
FNH:5
FNDA:10,(anonymous_0)
FNDA:3,(anonymous_1)
FNDA:1,(anonymous_2)
FNDA:1,(anonymous_3)
FNDA:12,PostService_Factory
DA:19,56
DA:20,12
DA:23,10
DA:27,3
DA:31,1
DA:35,1
LF:6
LH:6
BRDA:19,0,0,34
BRDA:19,0,1,34
BRF:2
BRH:2
end_of_record
TN:
SF:src/app/post/post-comments/post-comments.component.ts
FN:32,(anonymous_3)
FN:41,(anonymous_4)
FN:20,PostCommentsComponent_Factory
FN:20,PostCommentsComponent_Template
FNF:4
FNH:4
FNDA:1,(anonymous_3)
FNDA:1,(anonymous_4)
FNDA:23,PostCommentsComponent_Factory
FNDA:27,PostCommentsComponent_Template
DA:20,67
DA:21,1
DA:22,1
DA:24,1
DA:25,1
DA:26,1
DA:28,1
DA:33,1
DA:34,0
DA:35,0
DA:38,1
DA:42,1
DA:43,1
LF:13
LH:11
BRDA:24,0,0,1
BRDA:25,1,0,1
BRDA:33,2,0,0
BRDA:20,3,0,23
BRDA:20,3,1,23
BRDA:20,4,0,22
BRDA:20,4,1,22
BRDA:20,4,2,22
BRF:8
BRH:7
end_of_record
TN:
SF:src/app/post/post-create/post-create.component.ts
FN:32,(anonymous_3)
FN:48,(anonymous_4)
FN:49,(anonymous_5)
FN:18,PostCreateComponent_Factory
FN:18,PostCreateComponent_Template
FNF:5
FNH:4
FNDA:2,(anonymous_3)
FNDA:1,(anonymous_4)
FNDA:0,(anonymous_5)
FNDA:24,PostCreateComponent_Factory
FNDA:72,PostCreateComponent_Template
DA:18,68
DA:19,2
DA:20,2
DA:21,2
DA:22,2
DA:24,2
DA:25,2
DA:30,2
DA:33,2
DA:34,1
DA:35,1
DA:38,1
DA:39,0
DA:42,1
DA:43,1
DA:44,1
DA:48,1
DA:49,0
LF:18
LH:16
BRDA:30,0,0,2
BRDA:33,1,0,1
BRDA:38,2,0,0
BRDA:18,3,0,24
BRDA:18,3,1,24
BRDA:18,4,0,22
BRDA:18,4,1,22
BRDA:18,4,2,22
BRF:8
BRH:7
end_of_record
TN:
SF:src/app/post/post-detail/post-detail.component.ts
FN:35,(anonymous_5)
FN:36,(anonymous_6)
FN:39,(anonymous_7)
FN:41,(anonymous_8)
FN:42,(anonymous_9)
FN:55,(anonymous_10)
FN:29,PostDetailComponent_Factory
FN:29,PostDetailComponent_Template
FNF:8
FNH:8
FNDA:2,(anonymous_5)
FNDA:2,(anonymous_6)
FNDA:3,(anonymous_7)
FNDA:2,(anonymous_8)
FNDA:1,(anonymous_9)
FNDA:1,(anonymous_10)
FNDA:24,PostDetailComponent_Factory
FNDA:33,PostDetailComponent_Template
DA:29,68
DA:30,2
DA:31,2
DA:32,2
DA:34,2
DA:35,2
DA:37,2
DA:40,3
DA:41,2
DA:43,1
DA:56,1
LF:11
LH:11
BRDA:44,0,0,1
BRDA:44,0,1,0
BRDA:44,1,0,1
BRDA:44,1,1,1
BRDA:29,2,0,24
BRDA:29,2,1,24
BRDA:29,3,0,22
BRDA:29,3,1,22
BRDA:29,3,2,22
BRF:9
BRH:8
end_of_record
TN:
SF:src/app/post/posts-list/posts-list.component.ts
FN:27,(anonymous_5)
FN:29,(anonymous_6)
FN:30,(anonymous_7)
FN:23,PostsListComponent_Factory
FN:23,PostsListComponent_Template
FNF:5
FNH:5
FNDA:10,(anonymous_5)
FNDA:1,(anonymous_6)
FNDA:1,(anonymous_7)
FNDA:31,PostsListComponent_Factory
FNDA:52,PostsListComponent_Template
DA:23,75
DA:24,9
DA:26,9
DA:27,10
DA:30,1
LF:5
LH:5
BRDA:26,0,0,9
BRDA:27,1,0,9
BRDA:30,2,0,1
BRDA:30,2,1,0
BRDA:23,3,0,31
BRDA:23,3,1,31
BRDA:23,4,0,22
BRDA:23,4,1,22
BRDA:23,4,2,22
BRF:9
BRH:8
end_of_record
TN:
SF:src/app/shared/account-fields/account-fields.component.ts
FN:16,AccountFieldsComponent_Factory
FN:16,AccountFieldsComponent_Template
FNF:2
FNH:2
FNDA:28,AccountFieldsComponent_Factory
FNDA:131,AccountFieldsComponent_Template
DA:16,72
DA:17,6
DA:18,6
DA:20,6
LF:4
LH:4
BRDA:17,0,0,6
BRDA:18,1,0,6
BRDA:16,2,0,28
BRDA:16,2,1,28
BRDA:16,3,0,22
BRDA:16,3,1,22
BRDA:16,3,2,22
BRF:7
BRH:7
end_of_record
TN:
SF:src/app/shared/account-fields/account-form.ts
FN:21,createAccountForm
FNF:1
FNH:1
FNDA:6,createAccountForm
DA:26,6
LF:1
LH:1
BRDA:22,0,0,2
BRDA:23,1,0,2
BRDA:38,2,0,2
BRDA:38,2,1,4
BRDA:41,3,0,2
BRDA:41,3,1,4
BRF:6
BRH:6
end_of_record
TN:
SF:src/app/shared/api-error/api-error.component.ts
FN:9,ApiErrorComponent_Factory
FNF:1
FNH:1
FNDA:26,ApiErrorComponent_Factory
DA:9,70
DA:10,4
LF:2
LH:2
BRDA:10,0,0,4
BRDA:9,1,0,26
BRDA:9,1,1,26
BRDA:9,2,0,22
BRDA:9,2,1,22
BRDA:9,2,2,22
BRF:6
BRH:6
end_of_record
TN:
SF:src/app/shared/api-error/api-error.ts
FN:12,toApiError
FN:20,parseApiErrorResponse
FN:29,messageFor
FN:33,isKnownMessageCode
FNF:4
FNH:4
FNDA:4,toApiError
FNDA:4,parseApiErrorResponse
FNDA:3,messageFor
FNDA:3,isKnownMessageCode
DA:13,4
DA:15,4
DA:21,4
DA:22,1
DA:25,3
DA:26,3
DA:30,3
DA:34,3
LF:8
LH:8
BRDA:16,0,0,1
BRDA:16,0,1,3
BRDA:21,1,0,1
BRDA:21,2,0,4
BRDA:21,2,1,3
BRDA:21,2,2,3
BRDA:26,3,0,3
BRDA:26,3,1,0
BRDA:30,4,0,3
BRDA:30,4,1,0
BRDA:34,5,0,3
BRDA:34,5,1,3
BRF:12
BRH:10
end_of_record
TN:
SF:src/app/shared/back-button/back-button.component.ts
FN:11,BackButtonComponent_Factory
FN:11,BackButtonComponent_Template
FNF:2
FNH:2
FNDA:33,BackButtonComponent_Factory
FNDA:22,BackButtonComponent_Template
DA:11,77
DA:12,11
DA:13,11
LF:3
LH:3
BRDA:12,0,0,11
BRDA:13,1,0,11
BRDA:11,2,0,33
BRDA:11,2,1,33
BRDA:11,3,0,22
BRDA:11,3,1,22
BRDA:11,3,2,22
BRF:7
BRH:7
end_of_record
TN:
SF:src/app/shared/down-arrow-icon/down-arrow-icon.component.ts
FN:16,DownArrowIconComponent_Factory
FNF:1
FNH:1
FNDA:31,DownArrowIconComponent_Factory
DA:6,9
DA:7,9
DA:11,9
DA:16,75
LF:4
LH:4
BRDA:16,0,0,31
BRDA:16,0,1,31
BRDA:16,1,0,22
BRDA:16,1,1,22
BRDA:16,1,2,22
BRF:5
BRH:5
end_of_record
TN:
SF:src/app/shared/form-validation-feedback/form-validation-feedback.component.ts
FN:15,(anonymous_0)
FN:17,(anonymous_1)
FN:22,(anonymous_2)
FN:9,FormValidationFeedbackComponent_Factory
FNF:4
FNH:4
FNDA:18,(anonymous_0)
FNDA:227,(anonymous_1)
FNDA:3,(anonymous_2)
FNDA:40,FormValidationFeedbackComponent_Factory
DA:9,84
DA:10,18
DA:11,18
DA:12,18
DA:13,18
DA:15,18
DA:16,18
DA:17,18
DA:18,227
DA:19,18
DA:21,18
DA:22,18
LF:12
LH:12
BRDA:10,0,0,18
BRDA:11,1,0,18
BRDA:12,2,0,18
BRDA:13,3,0,18
BRDA:18,4,0,227
BRDA:18,4,1,82
BRDA:18,4,2,6
BRDA:23,5,0,18
BRDA:9,6,0,40
BRDA:9,6,1,40
BRDA:9,7,0,22
BRDA:9,7,1,22
BRDA:9,7,2,22
BRF:13
BRH:13
end_of_record
TN:
SF:src/app/shared/header/header.component.ts
FN:19,(anonymous_1)
FN:14,HeaderComponent_Factory
FN:14,HeaderComponent_Template
FNF:3
FNH:3
FNDA:28,(anonymous_1)
FNDA:49,HeaderComponent_Factory
FNDA:88,HeaderComponent_Template
DA:14,93
DA:15,27
DA:17,27
DA:18,27
DA:19,28
LF:5
LH:5
BRDA:17,0,0,27
BRDA:19,1,0,21
BRDA:19,1,1,7
BRDA:19,2,0,27
BRDA:14,3,0,49
BRDA:14,3,1,49
BRDA:14,4,0,22
BRDA:14,4,1,22
BRDA:14,4,2,22
BRF:9
BRH:9
end_of_record
TN:
SF:src/app/shared/icons/burger-menu-icon/burger-menu-icon.component.ts
FN:9,BurgerMenuIconComponent_Factory
FNF:1
FNH:1
FNDA:42,BurgerMenuIconComponent_Factory
DA:9,86
LF:1
LH:1
BRDA:9,0,0,42
BRDA:9,0,1,42
BRDA:9,1,0,22
BRDA:9,1,1,22
BRDA:9,1,2,22
BRF:5
BRH:5
end_of_record
TN:
SF:src/app/shared/icons/profile-icon/profile-icon.component.ts
FN:9,ProfileIconComponent_Factory
FNF:1
FNH:1
FNDA:45,ProfileIconComponent_Factory
DA:9,89
DA:10,23
LF:2
LH:2
BRDA:10,0,0,23
BRDA:9,1,0,45
BRDA:9,1,1,45
BRDA:9,2,0,22
BRDA:9,2,1,22
BRDA:9,2,2,22
BRF:6
BRH:6
end_of_record
TN:
SF:src/app/shared/logout-button/logout-button.component.ts
FN:21,(anonymous_2)
FN:31,(anonymous_3)
FN:35,(anonymous_4)
FN:12,LogoutButtonComponent_Factory
FNF:4
FNH:4
FNDA:2,(anonymous_2)
FNDA:1,(anonymous_3)
FNDA:1,(anonymous_4)
FNDA:45,LogoutButtonComponent_Factory
DA:12,89
DA:13,23
DA:14,23
DA:15,23
DA:16,23
DA:18,23
DA:19,23
DA:22,2
DA:23,0
DA:26,2
DA:27,2
DA:32,1
DA:33,1
DA:35,1
LF:14
LH:13
BRDA:19,0,0,23
BRDA:22,1,0,0
BRDA:12,2,0,45
BRDA:12,2,1,45
BRDA:12,3,0,22
BRDA:12,3,1,22
BRDA:12,3,2,22
BRF:7
BRH:6
end_of_record
TN:
SF:src/app/shared/messages/error-messages.ts
FNF:0
FNH:0
DA:1,22
LF:1
LH:1
BRF:0
BRH:0
end_of_record
TN:
SF:src/app/shared/mobile-navigation/mobile-navigation.component.ts
FN:26,(anonymous_6)
FN:27,(anonymous_7)
FN:29,(anonymous_8)
FN:31,(anonymous_9)
FN:39,(anonymous_10)
FN:44,(anonymous_11)
FN:51,(anonymous_12)
FN:58,(anonymous_13)
FN:63,(anonymous_14)
FN:69,(anonymous_15)
FN:21,MobileNavigationComponent_Factory
FNF:11
FNH:10
FNDA:28,(anonymous_6)
FNDA:28,(anonymous_7)
FNDA:3,(anonymous_8)
FNDA:3,(anonymous_9)
FNDA:4,(anonymous_10)
FNDA:3,(anonymous_11)
FNDA:4,(anonymous_12)
FNDA:0,(anonymous_13)
FNDA:2,(anonymous_14)
FNDA:6,(anonymous_15)
FNDA:64,MobileNavigationComponent_Factory
DA:21,86
DA:22,20
DA:25,20
DA:26,28
DA:27,28
DA:30,3
DA:31,3
DA:32,3
DA:33,3
DA:34,3
DA:40,4
DA:41,4
DA:45,3
DA:46,3
DA:47,3
DA:52,4
DA:53,2
DA:54,2
DA:59,0
DA:60,0
DA:64,2
DA:65,1
DA:70,6
DA:71,6
DA:72,3
LF:25
LH:23
BRDA:22,0,0,20
BRDA:25,1,0,20
BRDA:26,2,0,20
BRDA:27,3,0,20
BRDA:33,4,0,3
BRDA:33,5,0,3
BRDA:33,5,1,3
BRDA:45,6,0,3
BRDA:52,7,0,2
BRDA:64,8,0,1
BRDA:71,9,0,3
BRDA:21,10,0,20
BRDA:21,10,1,20
BRDA:21,11,0,22
BRDA:21,11,1,22
BRDA:21,11,2,22
BRDA:21,12,0,22
BRDA:21,12,1,22
BRDA:21,12,2,22
BRF:19
BRH:19
end_of_record
TN:
SF:src/app/shared/navigation-links/navigation-links.component.ts
FN:15,(anonymous_0)
FN:11,NavigationLinksComponent_Factory
FN:11,NavigationLinksComponent_Template
FNF:3
FNH:3
FNDA:1,(anonymous_0)
FNDA:45,NavigationLinksComponent_Factory
FNDA:69,NavigationLinksComponent_Template
DA:11,89
DA:12,23
DA:13,23
DA:16,1
LF:4
LH:4
BRDA:12,0,0,23
BRDA:11,1,0,45
BRDA:11,1,1,45
BRDA:11,2,0,22
BRDA:11,2,1,22
BRDA:11,2,2,22
BRF:6
BRH:6
end_of_record
TN:
SF:src/app/shared/validators/password-complexity.validator.ts
FN:7,(anonymous_0)
FN:10,(anonymous_1)
FN:14,(anonymous_2)
FNF:3
FNH:3
FNDA:32,(anonymous_0)
FNDA:68,(anonymous_1)
FNDA:25,(anonymous_2)
DA:3,22
DA:5,22
DA:7,22
DA:10,68
DA:14,22
DA:17,25
LF:6
LH:6
BRDA:10,0,0,9
BRDA:10,0,1,23
BRDA:17,1,0,17
BRDA:17,1,1,8
BRF:4
BRH:4
end_of_record
TN:
SF:src/app/theme/mdd-preset.ts
FNF:0
FNH:0
DA:4,22
LF:1
LH:1
BRF:0
BRH:0
end_of_record
TN:
SF:src/app/topic/topic.service.ts
FN:10,(anonymous_0)
FN:14,(anonymous_1)
FN:18,(anonymous_2)
FN:7,TopicService_Factory
FNF:4
FNH:4
FNDA:10,(anonymous_0)
FNDA:1,(anonymous_1)
FNDA:1,(anonymous_2)
FNDA:8,TopicService_Factory
DA:7,52
DA:8,8
DA:11,10
DA:15,1
DA:19,1
LF:5
LH:5
BRDA:7,0,0,30
BRDA:7,0,1,30
BRF:2
BRH:2
end_of_record
TN:
SF:src/app/topic/topics-list/topics-list.component.ts
FN:23,(anonymous_5)
FN:26,(anonymous_6)
FN:31,(anonymous_7)
FN:16,TopicsListComponent_Factory
FN:16,TopicsListComponent_Template
FNF:5
FNH:5
FNDA:3,(anonymous_5)
FNDA:1,(anonymous_6)
FNDA:1,(anonymous_7)
FNDA:24,TopicsListComponent_Factory
FNDA:10,TopicsListComponent_Template
DA:16,68
DA:17,2
DA:18,2
DA:19,2
DA:21,2
DA:23,3
DA:27,1
DA:32,1
LF:8
LH:8
BRDA:16,0,0,24
BRDA:16,0,1,24
BRDA:16,1,0,22
BRDA:16,1,1,22
BRDA:16,1,2,22
BRF:5
BRH:5
end_of_record
TN:
SF:src/app/user/profile/profile.component.ts
FN:42,(anonymous_6)
FN:53,(anonymous_7)
FN:58,(anonymous_8)
FN:64,(anonymous_9)
FN:74,(anonymous_10)
FN:91,(anonymous_11)
FN:103,(anonymous_12)
FN:29,ProfileComponent_Factory
FN:29,ProfileComponent_Template
FNF:9
FNH:9
FNDA:5,(anonymous_6)
FNDA:1,(anonymous_7)
FNDA:1,(anonymous_8)
FNDA:61,(anonymous_9)
FNDA:3,(anonymous_10)
FNDA:1,(anonymous_11)
FNDA:2,(anonymous_12)
FNDA:26,ProfileComponent_Factory
FNDA:62,ProfileComponent_Template
DA:29,70
DA:30,4
DA:31,4
DA:32,4
DA:33,4
DA:34,4
DA:35,4
DA:40,4
DA:42,5
DA:45,4
DA:50,4
DA:51,4
DA:54,1
DA:59,1
DA:65,61
DA:67,61
DA:75,3
DA:76,0
DA:77,0
DA:80,3
DA:81,0
DA:84,3
DA:85,3
DA:86,3
DA:87,3
DA:92,1
DA:96,1
DA:101,1
DA:104,2
DA:105,2
LF:30
LH:27
BRDA:50,0,0,4
BRDA:51,1,0,4
BRDA:68,2,0,61
BRDA:68,2,1,32
BRDA:68,2,2,32
BRDA:75,3,0,0
BRDA:75,4,0,3
BRDA:75,4,1,3
BRDA:80,5,0,0
BRDA:29,6,0,26
BRDA:29,6,1,26
BRDA:29,7,0,22
BRDA:29,7,1,22
BRDA:29,7,2,22
BRF:14
BRH:12
end_of_record
